<?xml version="1.0" encoding="UTF-8"?>
<testsuite xmlns:xsi="http://www.w3.org/2001/XMLSchema-instance" xsi:noNamespaceSchemaLocation="https://maven.apache.org/surefire/maven-failsafe-plugin/xsd/failsafe-test-report-3.0.xsd" version="3.0" name="CucumberTestSuite" time="42.077" tests="5" errors="0" skipped="0" failures="0">
  <properties>
    <property name="java.specification.version" value="19"/>
    <property name="webdriver.chrome.driver" value="D:\qe_moch_yusuf_efendi\21_Review Web UI Testing with Serenity\praktikum\web-ui\src\test\resources\webdriver\chromedriver.exe"/>
    <property name="sun.cpu.isalist" value="amd64"/>
    <property name="sun.jnu.encoding" value="Cp1252"/>
    <property name="java.class.path" value="D:\qe_moch_yusuf_efendi\21_Review Web UI Testing with Serenity\praktikum\web-ui\target\test-classes;C:\Users\Yusuf Efendi\.m2\repository\net\serenity-bdd\serenity-core\3.2.1\serenity-core-3.2.1.jar;C:\Users\Yusuf Efendi\.m2\repository\net\serenity-bdd\serenity-model\3.2.1\serenity-model-3.2.1.jar;C:\Users\Yusuf Efendi\.m2\repository\org\apache\commons\commons-text\1.9\commons-text-1.9.jar;C:\Users\Yusuf Efendi\.m2\repository\commons-net\commons-net\3.8.0\commons-net-3.8.0.jar;C:\Users\Yusuf Efendi\.m2\repository\com\google\guava\guava\31.1-jre\guava-31.1-jre.jar;C:\Users\Yusuf Efendi\.m2\repository\com\google\guava\failureaccess\1.0.1\failureaccess-1.0.1.jar;C:\Users\Yusuf Efendi\.m2\repository\com\google\guava\listenablefuture\9999.0-empty-to-avoid-conflict-with-guava\listenablefuture-9999.0-empty-to-avoid-conflict-with-guava.jar;C:\Users\Yusuf Efendi\.m2\repository\com\google\code\findbugs\jsr305\3.0.2\jsr305-3.0.2.jar;C:\Users\Yusuf Efendi\.m2\repository\org\checkerframework\checker-qual\3.12.0\checker-qual-3.12.0.jar;C:\Users\Yusuf Efendi\.m2\repository\com\google\errorprone\error_prone_annotations\2.11.0\error_prone_annotations-2.11.0.jar;C:\Users\Yusuf Efendi\.m2\repository\com\google\j2objc\j2objc-annotations\1.3\j2objc-annotations-1.3.jar;C:\Users\Yusuf Efendi\.m2\repository\com\google\inject\guice\5.1.0\guice-5.1.0.jar;C:\Users\Yusuf Efendi\.m2\repository\javax\inject\javax.inject\1\javax.inject-1.jar;C:\Users\Yusuf Efendi\.m2\repository\aopalliance\aopalliance\1.0\aopalliance-1.0.jar;C:\Users\Yusuf Efendi\.m2\repository\org\jsoup\jsoup\1.14.3\jsoup-1.14.3.jar;C:\Users\Yusuf Efendi\.m2\repository\com\thoughtworks\xstream\xstream\1.4.19\xstream-1.4.19.jar;C:\Users\Yusuf Efendi\.m2\repository\io\github\x-stream\mxparser\1.2.2\mxparser-1.2.2.jar;C:\Users\Yusuf Efendi\.m2\repository\xmlpull\xmlpull\1.1.3.1\xmlpull-1.1.3.1.jar;C:\Users\Yusuf Efendi\.m2\repository\io\cucumber\cucumber-java\7.2.3\cucumber-java-7.2.3.jar;C:\Users\Yusuf Efendi\.m2\repository\com\typesafe\config\1.4.2\config-1.4.2.jar;C:\Users\Yusuf Efendi\.m2\repository\org\imgscalr\imgscalr-lib\4.2\imgscalr-lib-4.2.jar;C:\Users\Yusuf Efendi\.m2\repository\org\awaitility\awaitility\4.2.0\awaitility-4.2.0.jar;C:\Users\Yusuf Efendi\.m2\repository\org\freemarker\freemarker\2.3.31\freemarker-2.3.31.jar;C:\Users\Yusuf Efendi\.m2\repository\io\github\classgraph\classgraph\4.8.138\classgraph-4.8.138.jar;C:\Users\Yusuf Efendi\.m2\repository\net\sourceforge\jexcelapi\jxl\2.6.12\jxl-2.6.12.jar;C:\Users\Yusuf Efendi\.m2\repository\net\bytebuddy\byte-buddy\1.12.8\byte-buddy-1.12.8.jar;C:\Users\Yusuf Efendi\.m2\repository\net\bytebuddy\byte-buddy-agent\1.12.8\byte-buddy-agent-1.12.8.jar;C:\Users\Yusuf Efendi\.m2\repository\org\objenesis\objenesis\3.1\objenesis-3.1.jar;C:\Users\Yusuf Efendi\.m2\repository\net\serenity-bdd\serenity-reports\3.2.1\serenity-reports-3.2.1.jar;C:\Users\Yusuf Efendi\.m2\repository\net\serenity-bdd\serenity-stats\3.2.1\serenity-stats-3.2.1.jar;C:\Users\Yusuf Efendi\.m2\repository\net\serenity-bdd\serenity-reports-configuration\3.2.1\serenity-reports-configuration-3.2.1.jar;C:\Users\Yusuf Efendi\.m2\repository\com\vladsch\flexmark\flexmark-all\0.34.30\flexmark-all-0.34.30.jar;C:\Users\Yusuf Efendi\.m2\repository\com\vladsch\flexmark\flexmark\0.34.30\flexmark-0.34.30.jar;C:\Users\Yusuf Efendi\.m2\repository\com\vladsch\flexmark\flexmark-ext-abbreviation\0.34.30\flexmark-ext-abbreviation-0.34.30.jar;C:\Users\Yusuf Efendi\.m2\repository\com\vladsch\flexmark\flexmark-ext-admonition\0.34.30\flexmark-ext-admonition-0.34.30.jar;C:\Users\Yusuf Efendi\.m2\repository\com\vladsch\flexmark\flexmark-ext-anchorlink\0.34.30\flexmark-ext-anchorlink-0.34.30.jar;C:\Users\Yusuf Efendi\.m2\repository\com\vladsch\flexmark\flexmark-ext-aside\0.34.30\flexmark-ext-aside-0.34.30.jar;C:\Users\Yusuf Efendi\.m2\repository\com\vladsch\flexmark\flexmark-ext-attributes\0.34.30\flexmark-ext-attributes-0.34.30.jar;C:\Users\Yusuf Efendi\.m2\repository\com\vladsch\flexmark\flexmark-ext-autolink\0.34.30\flexmark-ext-autolink-0.34.30.jar;C:\Users\Yusuf Efendi\.m2\repository\org\nibor\autolink\autolink\0.6.0\autolink-0.6.0.jar;C:\Users\Yusuf Efendi\.m2\repository\com\vladsch\flexmark\flexmark-ext-definition\0.34.30\flexmark-ext-definition-0.34.30.jar;C:\Users\Yusuf Efendi\.m2\repository\com\vladsch\flexmark\flexmark-ext-emoji\0.34.30\flexmark-ext-emoji-0.34.30.jar;C:\Users\Yusuf Efendi\.m2\repository\com\vladsch\flexmark\flexmark-ext-enumerated-reference\0.34.30\flexmark-ext-enumerated-reference-0.34.30.jar;C:\Users\Yusuf Efendi\.m2\repository\com\vladsch\flexmark\flexmark-ext-escaped-character\0.34.30\flexmark-ext-escaped-character-0.34.30.jar;C:\Users\Yusuf Efendi\.m2\repository\com\vladsch\flexmark\flexmark-ext-footnotes\0.34.30\flexmark-ext-footnotes-0.34.30.jar;C:\Users\Yusuf Efendi\.m2\repository\com\vladsch\flexmark\flexmark-ext-gfm-issues\0.34.30\flexmark-ext-gfm-issues-0.34.30.jar;C:\Users\Yusuf Efendi\.m2\repository\com\vladsch\flexmark\flexmark-ext-gfm-strikethrough\0.34.30\flexmark-ext-gfm-strikethrough-0.34.30.jar;C:\Users\Yusuf Efendi\.m2\repository\com\vladsch\flexmark\flexmark-ext-gfm-tables\0.34.30\flexmark-ext-gfm-tables-0.34.30.jar;C:\Users\Yusuf Efendi\.m2\repository\com\vladsch\flexmark\flexmark-ext-gfm-tasklist\0.34.30\flexmark-ext-gfm-tasklist-0.34.30.jar;C:\Users\Yusuf Efendi\.m2\repository\com\vladsch\flexmark\flexmark-ext-gfm-users\0.34.30\flexmark-ext-gfm-users-0.34.30.jar;C:\Users\Yusuf Efendi\.m2\repository\com\vladsch\flexmark\flexmark-ext-gitlab\0.34.30\flexmark-ext-gitlab-0.34.30.jar;C:\Users\Yusuf Efendi\.m2\repository\com\vladsch\flexmark\flexmark-ext-jekyll-front-matter\0.34.30\flexmark-ext-jekyll-front-matter-0.34.30.jar;C:\Users\Yusuf Efendi\.m2\repository\com\vladsch\flexmark\flexmark-ext-jekyll-tag\0.34.30\flexmark-ext-jekyll-tag-0.34.30.jar;C:\Users\Yusuf Efendi\.m2\repository\com\vladsch\flexmark\flexmark-ext-media-tags\0.34.30\flexmark-ext-media-tags-0.34.30.jar;C:\Users\Yusuf Efendi\.m2\repository\com\vladsch\flexmark\flexmark-test-util\0.34.30\flexmark-test-util-0.34.30.jar;C:\Users\Yusuf Efendi\.m2\repository\com\vladsch\flexmark\flexmark-ext-ins\0.34.30\flexmark-ext-ins-0.34.30.jar;C:\Users\Yusuf Efendi\.m2\repository\com\vladsch\flexmark\flexmark-ext-xwiki-macros\0.34.30\flexmark-ext-xwiki-macros-0.34.30.jar;C:\Users\Yusuf Efendi\.m2\repository\com\vladsch\flexmark\flexmark-ext-superscript\0.34.30\flexmark-ext-superscript-0.34.30.jar;C:\Users\Yusuf Efendi\.m2\repository\com\vladsch\flexmark\flexmark-ext-tables\0.34.30\flexmark-ext-tables-0.34.30.jar;C:\Users\Yusuf Efendi\.m2\repository\com\vladsch\flexmark\flexmark-ext-toc\0.34.30\flexmark-ext-toc-0.34.30.jar;C:\Users\Yusuf Efendi\.m2\repository\com\vladsch\flexmark\flexmark-ext-typographic\0.34.30\flexmark-ext-typographic-0.34.30.jar;C:\Users\Yusuf Efendi\.m2\repository\com\vladsch\flexmark\flexmark-ext-wikilink\0.34.30\flexmark-ext-wikilink-0.34.30.jar;C:\Users\Yusuf Efendi\.m2\repository\com\vladsch\flexmark\flexmark-ext-yaml-front-matter\0.34.30\flexmark-ext-yaml-front-matter-0.34.30.jar;C:\Users\Yusuf Efendi\.m2\repository\com\vladsch\flexmark\flexmark-ext-youtube-embedded\0.34.30\flexmark-ext-youtube-embedded-0.34.30.jar;C:\Users\Yusuf Efendi\.m2\repository\com\vladsch\flexmark\flexmark-formatter\0.34.30\flexmark-formatter-0.34.30.jar;C:\Users\Yusuf Efendi\.m2\repository\com\vladsch\flexmark\flexmark-html-parser\0.34.30\flexmark-html-parser-0.34.30.jar;C:\Users\Yusuf Efendi\.m2\repository\com\vladsch\flexmark\flexmark-jira-converter\0.34.30\flexmark-jira-converter-0.34.30.jar;C:\Users\Yusuf Efendi\.m2\repository\com\vladsch\flexmark\flexmark-pdf-converter\0.34.30\flexmark-pdf-converter-0.34.30.jar;C:\Users\Yusuf Efendi\.m2\repository\com\openhtmltopdf\openhtmltopdf-core\0.0.1-RC13\openhtmltopdf-core-0.0.1-RC13.jar;C:\Users\Yusuf Efendi\.m2\repository\com\openhtmltopdf\openhtmltopdf-pdfbox\0.0.1-RC13\openhtmltopdf-pdfbox-0.0.1-RC13.jar;C:\Users\Yusuf Efendi\.m2\repository\org\apache\pdfbox\pdfbox\2.0.8\pdfbox-2.0.8.jar;C:\Users\Yusuf Efendi\.m2\repository\org\apache\pdfbox\fontbox\2.0.8\fontbox-2.0.8.jar;C:\Users\Yusuf Efendi\.m2\repository\commons-logging\commons-logging\1.2\commons-logging-1.2.jar;C:\Users\Yusuf Efendi\.m2\repository\org\apache\pdfbox\xmpbox\2.0.8\xmpbox-2.0.8.jar;C:\Users\Yusuf Efendi\.m2\repository\de\rototor\pdfbox\graphics2d\0.12\graphics2d-0.12.jar;C:\Users\Yusuf Efendi\.m2\repository\com\openhtmltopdf\openhtmltopdf-rtl-support\0.0.1-RC13\openhtmltopdf-rtl-support-0.0.1-RC13.jar;C:\Users\Yusuf Efendi\.m2\repository\com\ibm\icu\icu4j\59.1\icu4j-59.1.jar;C:\Users\Yusuf Efendi\.m2\repository\com\openhtmltopdf\openhtmltopdf-jsoup-dom-converter\0.0.1-RC13\openhtmltopdf-jsoup-dom-converter-0.0.1-RC13.jar;C:\Users\Yusuf Efendi\.m2\repository\com\vladsch\flexmark\flexmark-profile-pegdown\0.34.30\flexmark-profile-pegdown-0.34.30.jar;C:\Users\Yusuf Efendi\.m2\repository\com\vladsch\flexmark\flexmark-util\0.34.30\flexmark-util-0.34.30.jar;C:\Users\Yusuf Efendi\.m2\repository\com\vladsch\flexmark\flexmark-youtrack-converter\0.34.30\flexmark-youtrack-converter-0.34.30.jar;C:\Users\Yusuf Efendi\.m2\repository\es\nitaur\markdown\txtmark\0.16\txtmark-0.16.jar;C:\Users\Yusuf Efendi\.m2\repository\net\serenity-bdd\serenity-report-resources\3.2.1\serenity-report-resources-3.2.1.jar;C:\Users\Yusuf Efendi\.m2\repository\com\google\code\gson\gson\2.9.0\gson-2.9.0.jar;C:\Users\Yusuf Efendi\.m2\repository\com\fasterxml\jackson\core\jackson-core\2.13.2\jackson-core-2.13.2.jar;C:\Users\Yusuf Efendi\.m2\repository\com\fasterxml\jackson\core\jackson-databind\2.13.2\jackson-databind-2.13.2.jar;C:\Users\Yusuf Efendi\.m2\repository\com\fasterxml\jackson\core\jackson-annotations\2.13.2\jackson-annotations-2.13.2.jar;C:\Users\Yusuf Efendi\.m2\repository\commons-codec\commons-codec\1.15\commons-codec-1.15.jar;C:\Users\Yusuf Efendi\.m2\repository\commons-io\commons-io\2.11.0\commons-io-2.11.0.jar;C:\Users\Yusuf Efendi\.m2\repository\org\seleniumhq\selenium\selenium-java\4.1.2\selenium-java-4.1.2.jar;C:\Users\Yusuf Efendi\.m2\repository\org\seleniumhq\selenium\selenium-devtools-v85\4.1.2\selenium-devtools-v85-4.1.2.jar;C:\Users\Yusuf Efendi\.m2\repository\org\seleniumhq\selenium\selenium-devtools-v95\4.1.2\selenium-devtools-v95-4.1.2.jar;C:\Users\Yusuf Efendi\.m2\repository\org\seleniumhq\selenium\selenium-devtools-v96\4.1.2\selenium-devtools-v96-4.1.2.jar;C:\Users\Yusuf Efendi\.m2\repository\org\seleniumhq\selenium\selenium-devtools-v97\4.1.2\selenium-devtools-v97-4.1.2.jar;C:\Users\Yusuf Efendi\.m2\repository\org\seleniumhq\selenium\selenium-firefox-xpi-driver\4.1.2\selenium-firefox-xpi-driver-4.1.2.jar;C:\Users\Yusuf Efendi\.m2\repository\org\seleniumhq\selenium\selenium-opera-driver\4.1.2\selenium-opera-driver-4.1.2.jar;C:\Users\Yusuf Efendi\.m2\repository\org\seleniumhq\selenium\selenium-remote-driver\4.1.2\selenium-remote-driver-4.1.2.jar;C:\Users\Yusuf Efendi\.m2\repository\com\beust\jcommander\1.82\jcommander-1.82.jar;C:\Users\Yusuf Efendi\.m2\repository\io\netty\netty-buffer\4.1.73.Final\netty-buffer-4.1.73.Final.jar;C:\Users\Yusuf Efendi\.m2\repository\io\netty\netty-codec-http\4.1.73.Final\netty-codec-http-4.1.73.Final.jar;C:\Users\Yusuf Efendi\.m2\repository\io\netty\netty-codec\4.1.73.Final\netty-codec-4.1.73.Final.jar;C:\Users\Yusuf Efendi\.m2\repository\io\netty\netty-handler\4.1.73.Final\netty-handler-4.1.73.Final.jar;C:\Users\Yusuf Efendi\.m2\repository\io\netty\netty-tcnative-classes\2.0.46.Final\netty-tcnative-classes-2.0.46.Final.jar;C:\Users\Yusuf Efendi\.m2\repository\io\netty\netty-common\4.1.73.Final\netty-common-4.1.73.Final.jar;C:\Users\Yusuf Efendi\.m2\repository\io\netty\netty-transport-classes-epoll\4.1.73.Final\netty-transport-classes-epoll-4.1.73.Final.jar;C:\Users\Yusuf Efendi\.m2\repository\io\netty\netty-transport-classes-kqueue\4.1.73.Final\netty-transport-classes-kqueue-4.1.73.Final.jar;C:\Users\Yusuf Efendi\.m2\repository\io\netty\netty-transport-native-epoll\4.1.73.Final\netty-transport-native-epoll-4.1.73.Final.jar;C:\Users\Yusuf Efendi\.m2\repository\io\netty\netty-transport-native-kqueue\4.1.73.Final\netty-transport-native-kqueue-4.1.73.Final.jar;C:\Users\Yusuf Efendi\.m2\repository\io\netty\netty-transport-native-unix-common\4.1.73.Final\netty-transport-native-unix-common-4.1.73.Final.jar;C:\Users\Yusuf Efendi\.m2\repository\io\netty\netty-transport\4.1.73.Final\netty-transport-4.1.73.Final.jar;C:\Users\Yusuf Efendi\.m2\repository\io\netty\netty-resolver\4.1.73.Final\netty-resolver-4.1.73.Final.jar;C:\Users\Yusuf Efendi\.m2\repository\io\opentelemetry\opentelemetry-api\1.10.1\opentelemetry-api-1.10.1.jar;C:\Users\Yusuf Efendi\.m2\repository\io\opentelemetry\opentelemetry-context\1.10.1\opentelemetry-context-1.10.1.jar;C:\Users\Yusuf Efendi\.m2\repository\io\opentelemetry\opentelemetry-exporter-logging\1.10.1\opentelemetry-exporter-logging-1.10.1.jar;C:\Users\Yusuf Efendi\.m2\repository\io\opentelemetry\opentelemetry-sdk-metrics\1.10.1-alpha\opentelemetry-sdk-metrics-1.10.1-alpha.jar;C:\Users\Yusuf Efendi\.m2\repository\io\opentelemetry\opentelemetry-sdk-logs\1.10.1-alpha\opentelemetry-sdk-logs-1.10.1-alpha.jar;C:\Users\Yusuf Efendi\.m2\repository\io\opentelemetry\opentelemetry-sdk-common\1.10.1\opentelemetry-sdk-common-1.10.1.jar;C:\Users\Yusuf Efendi\.m2\repository\io\opentelemetry\opentelemetry-sdk-extension-autoconfigure-spi\1.10.1\opentelemetry-sdk-extension-autoconfigure-spi-1.10.1.jar;C:\Users\Yusuf Efendi\.m2\repository\io\opentelemetry\opentelemetry-sdk-extension-autoconfigure\1.10.1-alpha\opentelemetry-sdk-extension-autoconfigure-1.10.1-alpha.jar;C:\Users\Yusuf Efendi\.m2\repository\io\opentelemetry\opentelemetry-sdk-trace\1.10.1\opentelemetry-sdk-trace-1.10.1.jar;C:\Users\Yusuf Efendi\.m2\repository\io\opentelemetry\opentelemetry-sdk\1.10.1\opentelemetry-sdk-1.10.1.jar;C:\Users\Yusuf Efendi\.m2\repository\io\opentelemetry\opentelemetry-semconv\1.10.1-alpha\opentelemetry-semconv-1.10.1-alpha.jar;C:\Users\Yusuf Efendi\.m2\repository\io\ous\jtoml\2.0.0\jtoml-2.0.0.jar;C:\Users\Yusuf Efendi\.m2\repository\org\apache\commons\commons-exec\1.3\commons-exec-1.3.jar;C:\Users\Yusuf Efendi\.m2\repository\org\asynchttpclient\async-http-client\2.12.3\async-http-client-2.12.3.jar;C:\Users\Yusuf Efendi\.m2\repository\org\asynchttpclient\async-http-client-netty-utils\2.12.3\async-http-client-netty-utils-2.12.3.jar;C:\Users\Yusuf Efendi\.m2\repository\io\netty\netty-codec-socks\4.1.60.Final\netty-codec-socks-4.1.60.Final.jar;C:\Users\Yusuf Efendi\.m2\repository\io\netty\netty-handler-proxy\4.1.60.Final\netty-handler-proxy-4.1.60.Final.jar;C:\Users\Yusuf Efendi\.m2\repository\io\netty\netty-transport-native-epoll\4.1.60.Final\netty-transport-native-epoll-4.1.60.Final-linux-x86_64.jar;C:\Users\Yusuf Efendi\.m2\repository\io\netty\netty-transport-native-kqueue\4.1.60.Final\netty-transport-native-kqueue-4.1.60.Final-osx-x86_64.jar;C:\Users\Yusuf Efendi\.m2\repository\org\reactivestreams\reactive-streams\1.0.3\reactive-streams-1.0.3.jar;C:\Users\Yusuf Efendi\.m2\repository\com\typesafe\netty\netty-reactive-streams\2.0.4\netty-reactive-streams-2.0.4.jar;C:\Users\Yusuf Efendi\.m2\repository\org\seleniumhq\selenium\selenium-http\4.1.2\selenium-http-4.1.2.jar;C:\Users\Yusuf Efendi\.m2\repository\net\jodah\failsafe\2.4.4\failsafe-2.4.4.jar;C:\Users\Yusuf Efendi\.m2\repository\org\seleniumhq\selenium\selenium-safari-driver\4.1.2\selenium-safari-driver-4.1.2.jar;C:\Users\Yusuf Efendi\.m2\repository\org\seleniumhq\selenium\selenium-api\4.1.2\selenium-api-4.1.2.jar;C:\Users\Yusuf Efendi\.m2\repository\org\seleniumhq\selenium\selenium-support\4.1.2\selenium-support-4.1.2.jar;C:\Users\Yusuf Efendi\.m2\repository\com\google\auto\service\auto-service-annotations\1.0.1\auto-service-annotations-1.0.1.jar;C:\Users\Yusuf Efendi\.m2\repository\com\google\auto\service\auto-service\1.0.1\auto-service-1.0.1.jar;C:\Users\Yusuf Efendi\.m2\repository\com\google\auto\auto-common\1.2\auto-common-1.2.jar;C:\Users\Yusuf Efendi\.m2\repository\org\seleniumhq\selenium\selenium-json\4.1.2\selenium-json-4.1.2.jar;C:\Users\Yusuf Efendi\.m2\repository\org\seleniumhq\selenium\selenium-chrome-driver\4.1.2\selenium-chrome-driver-4.1.2.jar;C:\Users\Yusuf Efendi\.m2\repository\org\seleniumhq\selenium\selenium-chromium-driver\4.1.2\selenium-chromium-driver-4.1.2.jar;C:\Users\Yusuf Efendi\.m2\repository\org\seleniumhq\selenium\selenium-firefox-driver\4.1.2\selenium-firefox-driver-4.1.2.jar;C:\Users\Yusuf Efendi\.m2\repository\org\seleniumhq\selenium\selenium-edge-driver\4.1.2\selenium-edge-driver-4.1.2.jar;C:\Users\Yusuf Efendi\.m2\repository\org\seleniumhq\selenium\selenium-ie-driver\4.1.2\selenium-ie-driver-4.1.2.jar;C:\Users\Yusuf Efendi\.m2\repository\org\projectlombok\lombok\1.18.20\lombok-1.18.20.jar;C:\Users\Yusuf Efendi\.m2\repository\io\appium\java-client\8.0.0\java-client-8.0.0.jar;C:\Users\Yusuf Efendi\.m2\repository\commons-validator\commons-validator\1.7\commons-validator-1.7.jar;C:\Users\Yusuf Efendi\.m2\repository\commons-digester\commons-digester\2.1\commons-digester-2.1.jar;C:\Users\Yusuf Efendi\.m2\repository\org\aspectj\aspectjweaver\1.9.8\aspectjweaver-1.9.8.jar;C:\Users\Yusuf Efendi\.m2\repository\org\codehaus\groovy\groovy\3.0.10\groovy-3.0.10.jar;C:\Users\Yusuf Efendi\.m2\repository\net\sf\opencsv\opencsv\2.0\opencsv-2.0.jar;C:\Users\Yusuf Efendi\.m2\repository\commons-beanutils\commons-beanutils\1.9.4\commons-beanutils-1.9.4.jar;C:\Users\Yusuf Efendi\.m2\repository\org\apache\commons\commons-lang3\3.12.0\commons-lang3-3.12.0.jar;C:\Users\Yusuf Efendi\.m2\repository\commons-collections\commons-collections\3.2.2\commons-collections-3.2.2.jar;C:\Users\Yusuf Efendi\.m2\repository\org\fluentlenium\fluentlenium-core\0.10.2\fluentlenium-core-0.10.2.jar;C:\Users\Yusuf Efendi\.m2\repository\io\github\bonigarcia\webdrivermanager\5.1.0\webdrivermanager-5.1.0.jar;C:\Users\Yusuf Efendi\.m2\repository\com\github\docker-java\docker-java\3.2.13\docker-java-3.2.13.jar;C:\Users\Yusuf Efendi\.m2\repository\com\github\docker-java\docker-java-core\3.2.13\docker-java-core-3.2.13.jar;C:\Users\Yusuf Efendi\.m2\repository\com\github\docker-java\docker-java-api\3.2.13\docker-java-api-3.2.13.jar;C:\Users\Yusuf Efendi\.m2\repository\org\apache\commons\commons-compress\1.21\commons-compress-1.21.jar;C:\Users\Yusuf Efendi\.m2\repository\org\bouncycastle\bcpkix-jdk15on\1.64\bcpkix-jdk15on-1.64.jar;C:\Users\Yusuf Efendi\.m2\repository\org\bouncycastle\bcprov-jdk15on\1.64\bcprov-jdk15on-1.64.jar;C:\Users\Yusuf Efendi\.m2\repository\org\slf4j\jcl-over-slf4j\1.7.30\jcl-over-slf4j-1.7.30.jar;C:\Users\Yusuf Efendi\.m2\repository\com\github\docker-java\docker-java-transport-httpclient5\3.2.13\docker-java-transport-httpclient5-3.2.13.jar;C:\Users\Yusuf Efendi\.m2\repository\com\github\docker-java\docker-java-transport\3.2.13\docker-java-transport-3.2.13.jar;C:\Users\Yusuf Efendi\.m2\repository\org\apache\httpcomponents\client5\httpclient5\5.0.3\httpclient5-5.0.3.jar;C:\Users\Yusuf Efendi\.m2\repository\org\apache\httpcomponents\core5\httpcore5\5.0.2\httpcore5-5.0.2.jar;C:\Users\Yusuf Efendi\.m2\repository\net\java\dev\jna\jna\5.8.0\jna-5.8.0.jar;C:\Users\Yusuf Efendi\.m2\repository\org\brotli\dec\0.1.2\dec-0.1.2.jar;C:\Users\Yusuf Efendi\.m2\repository\com\jhlabs\filters\2.0.235\filters-2.0.235.jar;C:\Users\Yusuf Efendi\.m2\repository\com\paulhammant\ngwebdriver\1.1.6\ngwebdriver-1.1.6.jar;C:\Users\Yusuf Efendi\.m2\repository\joda-time\joda-time\2.8.2\joda-time-2.8.2.jar;C:\Users\Yusuf Efendi\.m2\repository\org\hamcrest\hamcrest\2.2\hamcrest-2.2.jar;C:\Users\Yusuf Efendi\.m2\repository\com\google\jimfs\jimfs\1.2\jimfs-1.2.jar;C:\Users\Yusuf Efendi\.m2\repository\org\mockito\mockito-core\3.3.3\mockito-core-3.3.3.jar;C:\Users\Yusuf Efendi\.m2\repository\javax\xml\bind\jaxb-api\2.3.1\jaxb-api-2.3.1.jar;C:\Users\Yusuf Efendi\.m2\repository\javax\activation\javax.activation-api\1.2.0\javax.activation-api-1.2.0.jar;C:\Users\Yusuf Efendi\.m2\repository\com\sun\xml\bind\jaxb-core\2.3.0.1\jaxb-core-2.3.0.1.jar;C:\Users\Yusuf Efendi\.m2\repository\com\sun\xml\bind\jaxb-impl\2.3.3\jaxb-impl-2.3.3.jar;C:\Users\Yusuf Efendi\.m2\repository\jakarta\xml\bind\jakarta.xml.bind-api\2.3.3\jakarta.xml.bind-api-2.3.3.jar;C:\Users\Yusuf Efendi\.m2\repository\com\sun\activation\jakarta.activation\1.2.2\jakarta.activation-1.2.2.jar;C:\Users\Yusuf Efendi\.m2\repository\javax\activation\activation\1.1.1\activation-1.1.1.jar;C:\Users\Yusuf Efendi\.m2\repository\net\serenity-bdd\serenity-cucumber\3.2.1\serenity-cucumber-3.2.1.jar;C:\Users\Yusuf Efendi\.m2\repository\io\cucumber\cucumber-core\7.2.3\cucumber-core-7.2.3.jar;C:\Users\Yusuf Efendi\.m2\repository\io\cucumber\cucumber-gherkin\7.2.3\cucumber-gherkin-7.2.3.jar;C:\Users\Yusuf Efendi\.m2\repository\io\cucumber\cucumber-gherkin-messages\7.2.3\cucumber-gherkin-messages-7.2.3.jar;C:\Users\Yusuf Efendi\.m2\repository\io\cucumber\messages\17.1.1\messages-17.1.1.jar;C:\Users\Yusuf Efendi\.m2\repository\io\cucumber\tag-expressions\4.1.0\tag-expressions-4.1.0.jar;C:\Users\Yusuf Efendi\.m2\repository\io\cucumber\cucumber-expressions\15.0.1\cucumber-expressions-15.0.1.jar;C:\Users\Yusuf Efendi\.m2\repository\io\cucumber\datatable\7.2.3\datatable-7.2.3.jar;C:\Users\Yusuf Efendi\.m2\repository\io\cucumber\cucumber-plugin\7.2.3\cucumber-plugin-7.2.3.jar;C:\Users\Yusuf Efendi\.m2\repository\io\cucumber\docstring\7.2.3\docstring-7.2.3.jar;C:\Users\Yusuf Efendi\.m2\repository\io\cucumber\html-formatter\17.0.0\html-formatter-17.0.0.jar;C:\Users\Yusuf Efendi\.m2\repository\io\cucumber\ci-environment\8.1.0\ci-environment-8.1.0.jar;C:\Users\Yusuf Efendi\.m2\repository\io\cucumber\cucumber-junit\7.2.3\cucumber-junit-7.2.3.jar;C:\Users\Yusuf Efendi\.m2\repository\org\apache\commons\commons-csv\1.5\commons-csv-1.5.jar;C:\Users\Yusuf Efendi\.m2\repository\net\serenity-bdd\serenity-screenplay\3.2.1\serenity-screenplay-3.2.1.jar;C:\Users\Yusuf Efendi\.m2\repository\net\serenity-bdd\serenity-screenplay-webdriver\3.2.1\serenity-screenplay-webdriver-3.2.1.jar;C:\Users\Yusuf Efendi\.m2\repository\net\serenity-bdd\serenity-ensure\3.2.1\serenity-ensure-3.2.1.jar;C:\Users\Yusuf Efendi\.m2\repository\net\serenity-bdd\serenity-junit\3.2.1\serenity-junit-3.2.1.jar;C:\Users\Yusuf Efendi\.m2\repository\org\jetbrains\kotlin\kotlin-stdlib\1.6.0\kotlin-stdlib-1.6.0.jar;C:\Users\Yusuf Efendi\.m2\repository\org\jetbrains\annotations\13.0\annotations-13.0.jar;C:\Users\Yusuf Efendi\.m2\repository\org\jetbrains\kotlin\kotlin-stdlib-common\1.6.0\kotlin-stdlib-common-1.6.0.jar;C:\Users\Yusuf Efendi\.m2\repository\org\junit\platform\junit-platform-launcher\1.8.1\junit-platform-launcher-1.8.1.jar;C:\Users\Yusuf Efendi\.m2\repository\org\junit\platform\junit-platform-engine\1.8.1\junit-platform-engine-1.8.1.jar;C:\Users\Yusuf Efendi\.m2\repository\org\opentest4j\opentest4j\1.2.0\opentest4j-1.2.0.jar;C:\Users\Yusuf Efendi\.m2\repository\org\junit\platform\junit-platform-commons\1.8.1\junit-platform-commons-1.8.1.jar;C:\Users\Yusuf Efendi\.m2\repository\org\apiguardian\apiguardian-api\1.1.2\apiguardian-api-1.1.2.jar;C:\Users\Yusuf Efendi\.m2\repository\org\junit\jupiter\junit-jupiter-engine\5.8.2\junit-jupiter-engine-5.8.2.jar;C:\Users\Yusuf Efendi\.m2\repository\org\junit\jupiter\junit-jupiter-api\5.8.2\junit-jupiter-api-5.8.2.jar;C:\Users\Yusuf Efendi\.m2\repository\org\junit\vintage\junit-vintage-engine\5.8.2\junit-vintage-engine-5.8.2.jar;C:\Users\Yusuf Efendi\.m2\repository\junit\junit\4.13.2\junit-4.13.2.jar;C:\Users\Yusuf Efendi\.m2\repository\org\hamcrest\hamcrest-core\1.3\hamcrest-core-1.3.jar;C:\Users\Yusuf Efendi\.m2\repository\ch\qos\logback\logback-classic\1.2.10\logback-classic-1.2.10.jar;C:\Users\Yusuf Efendi\.m2\repository\ch\qos\logback\logback-core\1.2.10\logback-core-1.2.10.jar;C:\Users\Yusuf Efendi\.m2\repository\org\slf4j\slf4j-api\1.7.32\slf4j-api-1.7.32.jar;C:\Users\Yusuf Efendi\.m2\repository\org\assertj\assertj-core\3.6.2\assertj-core-3.6.2.jar;"/>
    <property name="java.vm.vendor" value="Oracle Corporation"/>
    <property name="sun.arch.data.model" value="64"/>
    <property name="user.variant" value=""/>
    <property name="java.vendor.url" value="https://java.oracle.com/"/>
    <property name="user.timezone" value="Asia/Jakarta"/>
    <property name="log4j2.formatMsgNoLookups" value="true"/>
    <property name="os.name" value="Windows 11"/>
    <property name="java.vm.specification.version" value="19"/>
    <property name="sun.java.launcher" value="SUN_STANDARD"/>
    <property name="user.country" value="ID"/>
    <property name="sun.boot.library.path" value="C:\Program Files\Java\jdk-19\bin"/>
    <property name="sun.java.command" value="org.apache.maven.surefire.booter.ForkedBooter C:\Users\Yusuf Efendi\AppData\Local\Temp\surefire2742160210224083838 2022-10-13T22-31-24_143-jvmRun1 surefire16889345489423690875tmp surefire_016152250215128188084tmp"/>
    <property name="jdk.debug" value="release"/>
    <property name="surefire.test.class.path" value="D:\qe_moch_yusuf_efendi\21_Review Web UI Testing with Serenity\praktikum\web-ui\target\test-classes;C:\Users\Yusuf Efendi\.m2\repository\net\serenity-bdd\serenity-core\3.2.1\serenity-core-3.2.1.jar;C:\Users\Yusuf Efendi\.m2\repository\net\serenity-bdd\serenity-model\3.2.1\serenity-model-3.2.1.jar;C:\Users\Yusuf Efendi\.m2\repository\org\apache\commons\commons-text\1.9\commons-text-1.9.jar;C:\Users\Yusuf Efendi\.m2\repository\commons-net\commons-net\3.8.0\commons-net-3.8.0.jar;C:\Users\Yusuf Efendi\.m2\repository\com\google\guava\guava\31.1-jre\guava-31.1-jre.jar;C:\Users\Yusuf Efendi\.m2\repository\com\google\guava\failureaccess\1.0.1\failureaccess-1.0.1.jar;C:\Users\Yusuf Efendi\.m2\repository\com\google\guava\listenablefuture\9999.0-empty-to-avoid-conflict-with-guava\listenablefuture-9999.0-empty-to-avoid-conflict-with-guava.jar;C:\Users\Yusuf Efendi\.m2\repository\com\google\code\findbugs\jsr305\3.0.2\jsr305-3.0.2.jar;C:\Users\Yusuf Efendi\.m2\repository\org\checkerframework\checker-qual\3.12.0\checker-qual-3.12.0.jar;C:\Users\Yusuf Efendi\.m2\repository\com\google\errorprone\error_prone_annotations\2.11.0\error_prone_annotations-2.11.0.jar;C:\Users\Yusuf Efendi\.m2\repository\com\google\j2objc\j2objc-annotations\1.3\j2objc-annotations-1.3.jar;C:\Users\Yusuf Efendi\.m2\repository\com\google\inject\guice\5.1.0\guice-5.1.0.jar;C:\Users\Yusuf Efendi\.m2\repository\javax\inject\javax.inject\1\javax.inject-1.jar;C:\Users\Yusuf Efendi\.m2\repository\aopalliance\aopalliance\1.0\aopalliance-1.0.jar;C:\Users\Yusuf Efendi\.m2\repository\org\jsoup\jsoup\1.14.3\jsoup-1.14.3.jar;C:\Users\Yusuf Efendi\.m2\repository\com\thoughtworks\xstream\xstream\1.4.19\xstream-1.4.19.jar;C:\Users\Yusuf Efendi\.m2\repository\io\github\x-stream\mxparser\1.2.2\mxparser-1.2.2.jar;C:\Users\Yusuf Efendi\.m2\repository\xmlpull\xmlpull\1.1.3.1\xmlpull-1.1.3.1.jar;C:\Users\Yusuf Efendi\.m2\repository\io\cucumber\cucumber-java\7.2.3\cucumber-java-7.2.3.jar;C:\Users\Yusuf Efendi\.m2\repository\com\typesafe\config\1.4.2\config-1.4.2.jar;C:\Users\Yusuf Efendi\.m2\repository\org\imgscalr\imgscalr-lib\4.2\imgscalr-lib-4.2.jar;C:\Users\Yusuf Efendi\.m2\repository\org\awaitility\awaitility\4.2.0\awaitility-4.2.0.jar;C:\Users\Yusuf Efendi\.m2\repository\org\freemarker\freemarker\2.3.31\freemarker-2.3.31.jar;C:\Users\Yusuf Efendi\.m2\repository\io\github\classgraph\classgraph\4.8.138\classgraph-4.8.138.jar;C:\Users\Yusuf Efendi\.m2\repository\net\sourceforge\jexcelapi\jxl\2.6.12\jxl-2.6.12.jar;C:\Users\Yusuf Efendi\.m2\repository\net\bytebuddy\byte-buddy\1.12.8\byte-buddy-1.12.8.jar;C:\Users\Yusuf Efendi\.m2\repository\net\bytebuddy\byte-buddy-agent\1.12.8\byte-buddy-agent-1.12.8.jar;C:\Users\Yusuf Efendi\.m2\repository\org\objenesis\objenesis\3.1\objenesis-3.1.jar;C:\Users\Yusuf Efendi\.m2\repository\net\serenity-bdd\serenity-reports\3.2.1\serenity-reports-3.2.1.jar;C:\Users\Yusuf Efendi\.m2\repository\net\serenity-bdd\serenity-stats\3.2.1\serenity-stats-3.2.1.jar;C:\Users\Yusuf Efendi\.m2\repository\net\serenity-bdd\serenity-reports-configuration\3.2.1\serenity-reports-configuration-3.2.1.jar;C:\Users\Yusuf Efendi\.m2\repository\com\vladsch\flexmark\flexmark-all\0.34.30\flexmark-all-0.34.30.jar;C:\Users\Yusuf Efendi\.m2\repository\com\vladsch\flexmark\flexmark\0.34.30\flexmark-0.34.30.jar;C:\Users\Yusuf Efendi\.m2\repository\com\vladsch\flexmark\flexmark-ext-abbreviation\0.34.30\flexmark-ext-abbreviation-0.34.30.jar;C:\Users\Yusuf Efendi\.m2\repository\com\vladsch\flexmark\flexmark-ext-admonition\0.34.30\flexmark-ext-admonition-0.34.30.jar;C:\Users\Yusuf Efendi\.m2\repository\com\vladsch\flexmark\flexmark-ext-anchorlink\0.34.30\flexmark-ext-anchorlink-0.34.30.jar;C:\Users\Yusuf Efendi\.m2\repository\com\vladsch\flexmark\flexmark-ext-aside\0.34.30\flexmark-ext-aside-0.34.30.jar;C:\Users\Yusuf Efendi\.m2\repository\com\vladsch\flexmark\flexmark-ext-attributes\0.34.30\flexmark-ext-attributes-0.34.30.jar;C:\Users\Yusuf Efendi\.m2\repository\com\vladsch\flexmark\flexmark-ext-autolink\0.34.30\flexmark-ext-autolink-0.34.30.jar;C:\Users\Yusuf Efendi\.m2\repository\org\nibor\autolink\autolink\0.6.0\autolink-0.6.0.jar;C:\Users\Yusuf Efendi\.m2\repository\com\vladsch\flexmark\flexmark-ext-definition\0.34.30\flexmark-ext-definition-0.34.30.jar;C:\Users\Yusuf Efendi\.m2\repository\com\vladsch\flexmark\flexmark-ext-emoji\0.34.30\flexmark-ext-emoji-0.34.30.jar;C:\Users\Yusuf Efendi\.m2\repository\com\vladsch\flexmark\flexmark-ext-enumerated-reference\0.34.30\flexmark-ext-enumerated-reference-0.34.30.jar;C:\Users\Yusuf Efendi\.m2\repository\com\vladsch\flexmark\flexmark-ext-escaped-character\0.34.30\flexmark-ext-escaped-character-0.34.30.jar;C:\Users\Yusuf Efendi\.m2\repository\com\vladsch\flexmark\flexmark-ext-footnotes\0.34.30\flexmark-ext-footnotes-0.34.30.jar;C:\Users\Yusuf Efendi\.m2\repository\com\vladsch\flexmark\flexmark-ext-gfm-issues\0.34.30\flexmark-ext-gfm-issues-0.34.30.jar;C:\Users\Yusuf Efendi\.m2\repository\com\vladsch\flexmark\flexmark-ext-gfm-strikethrough\0.34.30\flexmark-ext-gfm-strikethrough-0.34.30.jar;C:\Users\Yusuf Efendi\.m2\repository\com\vladsch\flexmark\flexmark-ext-gfm-tables\0.34.30\flexmark-ext-gfm-tables-0.34.30.jar;C:\Users\Yusuf Efendi\.m2\repository\com\vladsch\flexmark\flexmark-ext-gfm-tasklist\0.34.30\flexmark-ext-gfm-tasklist-0.34.30.jar;C:\Users\Yusuf Efendi\.m2\repository\com\vladsch\flexmark\flexmark-ext-gfm-users\0.34.30\flexmark-ext-gfm-users-0.34.30.jar;C:\Users\Yusuf Efendi\.m2\repository\com\vladsch\flexmark\flexmark-ext-gitlab\0.34.30\flexmark-ext-gitlab-0.34.30.jar;C:\Users\Yusuf Efendi\.m2\repository\com\vladsch\flexmark\flexmark-ext-jekyll-front-matter\0.34.30\flexmark-ext-jekyll-front-matter-0.34.30.jar;C:\Users\Yusuf Efendi\.m2\repository\com\vladsch\flexmark\flexmark-ext-jekyll-tag\0.34.30\flexmark-ext-jekyll-tag-0.34.30.jar;C:\Users\Yusuf Efendi\.m2\repository\com\vladsch\flexmark\flexmark-ext-media-tags\0.34.30\flexmark-ext-media-tags-0.34.30.jar;C:\Users\Yusuf Efendi\.m2\repository\com\vladsch\flexmark\flexmark-test-util\0.34.30\flexmark-test-util-0.34.30.jar;C:\Users\Yusuf Efendi\.m2\repository\com\vladsch\flexmark\flexmark-ext-ins\0.34.30\flexmark-ext-ins-0.34.30.jar;C:\Users\Yusuf Efendi\.m2\repository\com\vladsch\flexmark\flexmark-ext-xwiki-macros\0.34.30\flexmark-ext-xwiki-macros-0.34.30.jar;C:\Users\Yusuf Efendi\.m2\repository\com\vladsch\flexmark\flexmark-ext-superscript\0.34.30\flexmark-ext-superscript-0.34.30.jar;C:\Users\Yusuf Efendi\.m2\repository\com\vladsch\flexmark\flexmark-ext-tables\0.34.30\flexmark-ext-tables-0.34.30.jar;C:\Users\Yusuf Efendi\.m2\repository\com\vladsch\flexmark\flexmark-ext-toc\0.34.30\flexmark-ext-toc-0.34.30.jar;C:\Users\Yusuf Efendi\.m2\repository\com\vladsch\flexmark\flexmark-ext-typographic\0.34.30\flexmark-ext-typographic-0.34.30.jar;C:\Users\Yusuf Efendi\.m2\repository\com\vladsch\flexmark\flexmark-ext-wikilink\0.34.30\flexmark-ext-wikilink-0.34.30.jar;C:\Users\Yusuf Efendi\.m2\repository\com\vladsch\flexmark\flexmark-ext-yaml-front-matter\0.34.30\flexmark-ext-yaml-front-matter-0.34.30.jar;C:\Users\Yusuf Efendi\.m2\repository\com\vladsch\flexmark\flexmark-ext-youtube-embedded\0.34.30\flexmark-ext-youtube-embedded-0.34.30.jar;C:\Users\Yusuf Efendi\.m2\repository\com\vladsch\flexmark\flexmark-formatter\0.34.30\flexmark-formatter-0.34.30.jar;C:\Users\Yusuf Efendi\.m2\repository\com\vladsch\flexmark\flexmark-html-parser\0.34.30\flexmark-html-parser-0.34.30.jar;C:\Users\Yusuf Efendi\.m2\repository\com\vladsch\flexmark\flexmark-jira-converter\0.34.30\flexmark-jira-converter-0.34.30.jar;C:\Users\Yusuf Efendi\.m2\repository\com\vladsch\flexmark\flexmark-pdf-converter\0.34.30\flexmark-pdf-converter-0.34.30.jar;C:\Users\Yusuf Efendi\.m2\repository\com\openhtmltopdf\openhtmltopdf-core\0.0.1-RC13\openhtmltopdf-core-0.0.1-RC13.jar;C:\Users\Yusuf Efendi\.m2\repository\com\openhtmltopdf\openhtmltopdf-pdfbox\0.0.1-RC13\openhtmltopdf-pdfbox-0.0.1-RC13.jar;C:\Users\Yusuf Efendi\.m2\repository\org\apache\pdfbox\pdfbox\2.0.8\pdfbox-2.0.8.jar;C:\Users\Yusuf Efendi\.m2\repository\org\apache\pdfbox\fontbox\2.0.8\fontbox-2.0.8.jar;C:\Users\Yusuf Efendi\.m2\repository\commons-logging\commons-logging\1.2\commons-logging-1.2.jar;C:\Users\Yusuf Efendi\.m2\repository\org\apache\pdfbox\xmpbox\2.0.8\xmpbox-2.0.8.jar;C:\Users\Yusuf Efendi\.m2\repository\de\rototor\pdfbox\graphics2d\0.12\graphics2d-0.12.jar;C:\Users\Yusuf Efendi\.m2\repository\com\openhtmltopdf\openhtmltopdf-rtl-support\0.0.1-RC13\openhtmltopdf-rtl-support-0.0.1-RC13.jar;C:\Users\Yusuf Efendi\.m2\repository\com\ibm\icu\icu4j\59.1\icu4j-59.1.jar;C:\Users\Yusuf Efendi\.m2\repository\com\openhtmltopdf\openhtmltopdf-jsoup-dom-converter\0.0.1-RC13\openhtmltopdf-jsoup-dom-converter-0.0.1-RC13.jar;C:\Users\Yusuf Efendi\.m2\repository\com\vladsch\flexmark\flexmark-profile-pegdown\0.34.30\flexmark-profile-pegdown-0.34.30.jar;C:\Users\Yusuf Efendi\.m2\repository\com\vladsch\flexmark\flexmark-util\0.34.30\flexmark-util-0.34.30.jar;C:\Users\Yusuf Efendi\.m2\repository\com\vladsch\flexmark\flexmark-youtrack-converter\0.34.30\flexmark-youtrack-converter-0.34.30.jar;C:\Users\Yusuf Efendi\.m2\repository\es\nitaur\markdown\txtmark\0.16\txtmark-0.16.jar;C:\Users\Yusuf Efendi\.m2\repository\net\serenity-bdd\serenity-report-resources\3.2.1\serenity-report-resources-3.2.1.jar;C:\Users\Yusuf Efendi\.m2\repository\com\google\code\gson\gson\2.9.0\gson-2.9.0.jar;C:\Users\Yusuf Efendi\.m2\repository\com\fasterxml\jackson\core\jackson-core\2.13.2\jackson-core-2.13.2.jar;C:\Users\Yusuf Efendi\.m2\repository\com\fasterxml\jackson\core\jackson-databind\2.13.2\jackson-databind-2.13.2.jar;C:\Users\Yusuf Efendi\.m2\repository\com\fasterxml\jackson\core\jackson-annotations\2.13.2\jackson-annotations-2.13.2.jar;C:\Users\Yusuf Efendi\.m2\repository\commons-codec\commons-codec\1.15\commons-codec-1.15.jar;C:\Users\Yusuf Efendi\.m2\repository\commons-io\commons-io\2.11.0\commons-io-2.11.0.jar;C:\Users\Yusuf Efendi\.m2\repository\org\seleniumhq\selenium\selenium-java\4.1.2\selenium-java-4.1.2.jar;C:\Users\Yusuf Efendi\.m2\repository\org\seleniumhq\selenium\selenium-devtools-v85\4.1.2\selenium-devtools-v85-4.1.2.jar;C:\Users\Yusuf Efendi\.m2\repository\org\seleniumhq\selenium\selenium-devtools-v95\4.1.2\selenium-devtools-v95-4.1.2.jar;C:\Users\Yusuf Efendi\.m2\repository\org\seleniumhq\selenium\selenium-devtools-v96\4.1.2\selenium-devtools-v96-4.1.2.jar;C:\Users\Yusuf Efendi\.m2\repository\org\seleniumhq\selenium\selenium-devtools-v97\4.1.2\selenium-devtools-v97-4.1.2.jar;C:\Users\Yusuf Efendi\.m2\repository\org\seleniumhq\selenium\selenium-firefox-xpi-driver\4.1.2\selenium-firefox-xpi-driver-4.1.2.jar;C:\Users\Yusuf Efendi\.m2\repository\org\seleniumhq\selenium\selenium-opera-driver\4.1.2\selenium-opera-driver-4.1.2.jar;C:\Users\Yusuf Efendi\.m2\repository\org\seleniumhq\selenium\selenium-remote-driver\4.1.2\selenium-remote-driver-4.1.2.jar;C:\Users\Yusuf Efendi\.m2\repository\com\beust\jcommander\1.82\jcommander-1.82.jar;C:\Users\Yusuf Efendi\.m2\repository\io\netty\netty-buffer\4.1.73.Final\netty-buffer-4.1.73.Final.jar;C:\Users\Yusuf Efendi\.m2\repository\io\netty\netty-codec-http\4.1.73.Final\netty-codec-http-4.1.73.Final.jar;C:\Users\Yusuf Efendi\.m2\repository\io\netty\netty-codec\4.1.73.Final\netty-codec-4.1.73.Final.jar;C:\Users\Yusuf Efendi\.m2\repository\io\netty\netty-handler\4.1.73.Final\netty-handler-4.1.73.Final.jar;C:\Users\Yusuf Efendi\.m2\repository\io\netty\netty-tcnative-classes\2.0.46.Final\netty-tcnative-classes-2.0.46.Final.jar;C:\Users\Yusuf Efendi\.m2\repository\io\netty\netty-common\4.1.73.Final\netty-common-4.1.73.Final.jar;C:\Users\Yusuf Efendi\.m2\repository\io\netty\netty-transport-classes-epoll\4.1.73.Final\netty-transport-classes-epoll-4.1.73.Final.jar;C:\Users\Yusuf Efendi\.m2\repository\io\netty\netty-transport-classes-kqueue\4.1.73.Final\netty-transport-classes-kqueue-4.1.73.Final.jar;C:\Users\Yusuf Efendi\.m2\repository\io\netty\netty-transport-native-epoll\4.1.73.Final\netty-transport-native-epoll-4.1.73.Final.jar;C:\Users\Yusuf Efendi\.m2\repository\io\netty\netty-transport-native-kqueue\4.1.73.Final\netty-transport-native-kqueue-4.1.73.Final.jar;C:\Users\Yusuf Efendi\.m2\repository\io\netty\netty-transport-native-unix-common\4.1.73.Final\netty-transport-native-unix-common-4.1.73.Final.jar;C:\Users\Yusuf Efendi\.m2\repository\io\netty\netty-transport\4.1.73.Final\netty-transport-4.1.73.Final.jar;C:\Users\Yusuf Efendi\.m2\repository\io\netty\netty-resolver\4.1.73.Final\netty-resolver-4.1.73.Final.jar;C:\Users\Yusuf Efendi\.m2\repository\io\opentelemetry\opentelemetry-api\1.10.1\opentelemetry-api-1.10.1.jar;C:\Users\Yusuf Efendi\.m2\repository\io\opentelemetry\opentelemetry-context\1.10.1\opentelemetry-context-1.10.1.jar;C:\Users\Yusuf Efendi\.m2\repository\io\opentelemetry\opentelemetry-exporter-logging\1.10.1\opentelemetry-exporter-logging-1.10.1.jar;C:\Users\Yusuf Efendi\.m2\repository\io\opentelemetry\opentelemetry-sdk-metrics\1.10.1-alpha\opentelemetry-sdk-metrics-1.10.1-alpha.jar;C:\Users\Yusuf Efendi\.m2\repository\io\opentelemetry\opentelemetry-sdk-logs\1.10.1-alpha\opentelemetry-sdk-logs-1.10.1-alpha.jar;C:\Users\Yusuf Efendi\.m2\repository\io\opentelemetry\opentelemetry-sdk-common\1.10.1\opentelemetry-sdk-common-1.10.1.jar;C:\Users\Yusuf Efendi\.m2\repository\io\opentelemetry\opentelemetry-sdk-extension-autoconfigure-spi\1.10.1\opentelemetry-sdk-extension-autoconfigure-spi-1.10.1.jar;C:\Users\Yusuf Efendi\.m2\repository\io\opentelemetry\opentelemetry-sdk-extension-autoconfigure\1.10.1-alpha\opentelemetry-sdk-extension-autoconfigure-1.10.1-alpha.jar;C:\Users\Yusuf Efendi\.m2\repository\io\opentelemetry\opentelemetry-sdk-trace\1.10.1\opentelemetry-sdk-trace-1.10.1.jar;C:\Users\Yusuf Efendi\.m2\repository\io\opentelemetry\opentelemetry-sdk\1.10.1\opentelemetry-sdk-1.10.1.jar;C:\Users\Yusuf Efendi\.m2\repository\io\opentelemetry\opentelemetry-semconv\1.10.1-alpha\opentelemetry-semconv-1.10.1-alpha.jar;C:\Users\Yusuf Efendi\.m2\repository\io\ous\jtoml\2.0.0\jtoml-2.0.0.jar;C:\Users\Yusuf Efendi\.m2\repository\org\apache\commons\commons-exec\1.3\commons-exec-1.3.jar;C:\Users\Yusuf Efendi\.m2\repository\org\asynchttpclient\async-http-client\2.12.3\async-http-client-2.12.3.jar;C:\Users\Yusuf Efendi\.m2\repository\org\asynchttpclient\async-http-client-netty-utils\2.12.3\async-http-client-netty-utils-2.12.3.jar;C:\Users\Yusuf Efendi\.m2\repository\io\netty\netty-codec-socks\4.1.60.Final\netty-codec-socks-4.1.60.Final.jar;C:\Users\Yusuf Efendi\.m2\repository\io\netty\netty-handler-proxy\4.1.60.Final\netty-handler-proxy-4.1.60.Final.jar;C:\Users\Yusuf Efendi\.m2\repository\io\netty\netty-transport-native-epoll\4.1.60.Final\netty-transport-native-epoll-4.1.60.Final-linux-x86_64.jar;C:\Users\Yusuf Efendi\.m2\repository\io\netty\netty-transport-native-kqueue\4.1.60.Final\netty-transport-native-kqueue-4.1.60.Final-osx-x86_64.jar;C:\Users\Yusuf Efendi\.m2\repository\org\reactivestreams\reactive-streams\1.0.3\reactive-streams-1.0.3.jar;C:\Users\Yusuf Efendi\.m2\repository\com\typesafe\netty\netty-reactive-streams\2.0.4\netty-reactive-streams-2.0.4.jar;C:\Users\Yusuf Efendi\.m2\repository\org\seleniumhq\selenium\selenium-http\4.1.2\selenium-http-4.1.2.jar;C:\Users\Yusuf Efendi\.m2\repository\net\jodah\failsafe\2.4.4\failsafe-2.4.4.jar;C:\Users\Yusuf Efendi\.m2\repository\org\seleniumhq\selenium\selenium-safari-driver\4.1.2\selenium-safari-driver-4.1.2.jar;C:\Users\Yusuf Efendi\.m2\repository\org\seleniumhq\selenium\selenium-api\4.1.2\selenium-api-4.1.2.jar;C:\Users\Yusuf Efendi\.m2\repository\org\seleniumhq\selenium\selenium-support\4.1.2\selenium-support-4.1.2.jar;C:\Users\Yusuf Efendi\.m2\repository\com\google\auto\service\auto-service-annotations\1.0.1\auto-service-annotations-1.0.1.jar;C:\Users\Yusuf Efendi\.m2\repository\com\google\auto\service\auto-service\1.0.1\auto-service-1.0.1.jar;C:\Users\Yusuf Efendi\.m2\repository\com\google\auto\auto-common\1.2\auto-common-1.2.jar;C:\Users\Yusuf Efendi\.m2\repository\org\seleniumhq\selenium\selenium-json\4.1.2\selenium-json-4.1.2.jar;C:\Users\Yusuf Efendi\.m2\repository\org\seleniumhq\selenium\selenium-chrome-driver\4.1.2\selenium-chrome-driver-4.1.2.jar;C:\Users\Yusuf Efendi\.m2\repository\org\seleniumhq\selenium\selenium-chromium-driver\4.1.2\selenium-chromium-driver-4.1.2.jar;C:\Users\Yusuf Efendi\.m2\repository\org\seleniumhq\selenium\selenium-firefox-driver\4.1.2\selenium-firefox-driver-4.1.2.jar;C:\Users\Yusuf Efendi\.m2\repository\org\seleniumhq\selenium\selenium-edge-driver\4.1.2\selenium-edge-driver-4.1.2.jar;C:\Users\Yusuf Efendi\.m2\repository\org\seleniumhq\selenium\selenium-ie-driver\4.1.2\selenium-ie-driver-4.1.2.jar;C:\Users\Yusuf Efendi\.m2\repository\org\projectlombok\lombok\1.18.20\lombok-1.18.20.jar;C:\Users\Yusuf Efendi\.m2\repository\io\appium\java-client\8.0.0\java-client-8.0.0.jar;C:\Users\Yusuf Efendi\.m2\repository\commons-validator\commons-validator\1.7\commons-validator-1.7.jar;C:\Users\Yusuf Efendi\.m2\repository\commons-digester\commons-digester\2.1\commons-digester-2.1.jar;C:\Users\Yusuf Efendi\.m2\repository\org\aspectj\aspectjweaver\1.9.8\aspectjweaver-1.9.8.jar;C:\Users\Yusuf Efendi\.m2\repository\org\codehaus\groovy\groovy\3.0.10\groovy-3.0.10.jar;C:\Users\Yusuf Efendi\.m2\repository\net\sf\opencsv\opencsv\2.0\opencsv-2.0.jar;C:\Users\Yusuf Efendi\.m2\repository\commons-beanutils\commons-beanutils\1.9.4\commons-beanutils-1.9.4.jar;C:\Users\Yusuf Efendi\.m2\repository\org\apache\commons\commons-lang3\3.12.0\commons-lang3-3.12.0.jar;C:\Users\Yusuf Efendi\.m2\repository\commons-collections\commons-collections\3.2.2\commons-collections-3.2.2.jar;C:\Users\Yusuf Efendi\.m2\repository\org\fluentlenium\fluentlenium-core\0.10.2\fluentlenium-core-0.10.2.jar;C:\Users\Yusuf Efendi\.m2\repository\io\github\bonigarcia\webdrivermanager\5.1.0\webdrivermanager-5.1.0.jar;C:\Users\Yusuf Efendi\.m2\repository\com\github\docker-java\docker-java\3.2.13\docker-java-3.2.13.jar;C:\Users\Yusuf Efendi\.m2\repository\com\github\docker-java\docker-java-core\3.2.13\docker-java-core-3.2.13.jar;C:\Users\Yusuf Efendi\.m2\repository\com\github\docker-java\docker-java-api\3.2.13\docker-java-api-3.2.13.jar;C:\Users\Yusuf Efendi\.m2\repository\org\apache\commons\commons-compress\1.21\commons-compress-1.21.jar;C:\Users\Yusuf Efendi\.m2\repository\org\bouncycastle\bcpkix-jdk15on\1.64\bcpkix-jdk15on-1.64.jar;C:\Users\Yusuf Efendi\.m2\repository\org\bouncycastle\bcprov-jdk15on\1.64\bcprov-jdk15on-1.64.jar;C:\Users\Yusuf Efendi\.m2\repository\org\slf4j\jcl-over-slf4j\1.7.30\jcl-over-slf4j-1.7.30.jar;C:\Users\Yusuf Efendi\.m2\repository\com\github\docker-java\docker-java-transport-httpclient5\3.2.13\docker-java-transport-httpclient5-3.2.13.jar;C:\Users\Yusuf Efendi\.m2\repository\com\github\docker-java\docker-java-transport\3.2.13\docker-java-transport-3.2.13.jar;C:\Users\Yusuf Efendi\.m2\repository\org\apache\httpcomponents\client5\httpclient5\5.0.3\httpclient5-5.0.3.jar;C:\Users\Yusuf Efendi\.m2\repository\org\apache\httpcomponents\core5\httpcore5\5.0.2\httpcore5-5.0.2.jar;C:\Users\Yusuf Efendi\.m2\repository\net\java\dev\jna\jna\5.8.0\jna-5.8.0.jar;C:\Users\Yusuf Efendi\.m2\repository\org\brotli\dec\0.1.2\dec-0.1.2.jar;C:\Users\Yusuf Efendi\.m2\repository\com\jhlabs\filters\2.0.235\filters-2.0.235.jar;C:\Users\Yusuf Efendi\.m2\repository\com\paulhammant\ngwebdriver\1.1.6\ngwebdriver-1.1.6.jar;C:\Users\Yusuf Efendi\.m2\repository\joda-time\joda-time\2.8.2\joda-time-2.8.2.jar;C:\Users\Yusuf Efendi\.m2\repository\org\hamcrest\hamcrest\2.2\hamcrest-2.2.jar;C:\Users\Yusuf Efendi\.m2\repository\com\google\jimfs\jimfs\1.2\jimfs-1.2.jar;C:\Users\Yusuf Efendi\.m2\repository\org\mockito\mockito-core\3.3.3\mockito-core-3.3.3.jar;C:\Users\Yusuf Efendi\.m2\repository\javax\xml\bind\jaxb-api\2.3.1\jaxb-api-2.3.1.jar;C:\Users\Yusuf Efendi\.m2\repository\javax\activation\javax.activation-api\1.2.0\javax.activation-api-1.2.0.jar;C:\Users\Yusuf Efendi\.m2\repository\com\sun\xml\bind\jaxb-core\2.3.0.1\jaxb-core-2.3.0.1.jar;C:\Users\Yusuf Efendi\.m2\repository\com\sun\xml\bind\jaxb-impl\2.3.3\jaxb-impl-2.3.3.jar;C:\Users\Yusuf Efendi\.m2\repository\jakarta\xml\bind\jakarta.xml.bind-api\2.3.3\jakarta.xml.bind-api-2.3.3.jar;C:\Users\Yusuf Efendi\.m2\repository\com\sun\activation\jakarta.activation\1.2.2\jakarta.activation-1.2.2.jar;C:\Users\Yusuf Efendi\.m2\repository\javax\activation\activation\1.1.1\activation-1.1.1.jar;C:\Users\Yusuf Efendi\.m2\repository\net\serenity-bdd\serenity-cucumber\3.2.1\serenity-cucumber-3.2.1.jar;C:\Users\Yusuf Efendi\.m2\repository\io\cucumber\cucumber-core\7.2.3\cucumber-core-7.2.3.jar;C:\Users\Yusuf Efendi\.m2\repository\io\cucumber\cucumber-gherkin\7.2.3\cucumber-gherkin-7.2.3.jar;C:\Users\Yusuf Efendi\.m2\repository\io\cucumber\cucumber-gherkin-messages\7.2.3\cucumber-gherkin-messages-7.2.3.jar;C:\Users\Yusuf Efendi\.m2\repository\io\cucumber\messages\17.1.1\messages-17.1.1.jar;C:\Users\Yusuf Efendi\.m2\repository\io\cucumber\tag-expressions\4.1.0\tag-expressions-4.1.0.jar;C:\Users\Yusuf Efendi\.m2\repository\io\cucumber\cucumber-expressions\15.0.1\cucumber-expressions-15.0.1.jar;C:\Users\Yusuf Efendi\.m2\repository\io\cucumber\datatable\7.2.3\datatable-7.2.3.jar;C:\Users\Yusuf Efendi\.m2\repository\io\cucumber\cucumber-plugin\7.2.3\cucumber-plugin-7.2.3.jar;C:\Users\Yusuf Efendi\.m2\repository\io\cucumber\docstring\7.2.3\docstring-7.2.3.jar;C:\Users\Yusuf Efendi\.m2\repository\io\cucumber\html-formatter\17.0.0\html-formatter-17.0.0.jar;C:\Users\Yusuf Efendi\.m2\repository\io\cucumber\ci-environment\8.1.0\ci-environment-8.1.0.jar;C:\Users\Yusuf Efendi\.m2\repository\io\cucumber\cucumber-junit\7.2.3\cucumber-junit-7.2.3.jar;C:\Users\Yusuf Efendi\.m2\repository\org\apache\commons\commons-csv\1.5\commons-csv-1.5.jar;C:\Users\Yusuf Efendi\.m2\repository\net\serenity-bdd\serenity-screenplay\3.2.1\serenity-screenplay-3.2.1.jar;C:\Users\Yusuf Efendi\.m2\repository\net\serenity-bdd\serenity-screenplay-webdriver\3.2.1\serenity-screenplay-webdriver-3.2.1.jar;C:\Users\Yusuf Efendi\.m2\repository\net\serenity-bdd\serenity-ensure\3.2.1\serenity-ensure-3.2.1.jar;C:\Users\Yusuf Efendi\.m2\repository\net\serenity-bdd\serenity-junit\3.2.1\serenity-junit-3.2.1.jar;C:\Users\Yusuf Efendi\.m2\repository\org\jetbrains\kotlin\kotlin-stdlib\1.6.0\kotlin-stdlib-1.6.0.jar;C:\Users\Yusuf Efendi\.m2\repository\org\jetbrains\annotations\13.0\annotations-13.0.jar;C:\Users\Yusuf Efendi\.m2\repository\org\jetbrains\kotlin\kotlin-stdlib-common\1.6.0\kotlin-stdlib-common-1.6.0.jar;C:\Users\Yusuf Efendi\.m2\repository\org\junit\platform\junit-platform-launcher\1.8.1\junit-platform-launcher-1.8.1.jar;C:\Users\Yusuf Efendi\.m2\repository\org\junit\platform\junit-platform-engine\1.8.1\junit-platform-engine-1.8.1.jar;C:\Users\Yusuf Efendi\.m2\repository\org\opentest4j\opentest4j\1.2.0\opentest4j-1.2.0.jar;C:\Users\Yusuf Efendi\.m2\repository\org\junit\platform\junit-platform-commons\1.8.1\junit-platform-commons-1.8.1.jar;C:\Users\Yusuf Efendi\.m2\repository\org\apiguardian\apiguardian-api\1.1.2\apiguardian-api-1.1.2.jar;C:\Users\Yusuf Efendi\.m2\repository\org\junit\jupiter\junit-jupiter-engine\5.8.2\junit-jupiter-engine-5.8.2.jar;C:\Users\Yusuf Efendi\.m2\repository\org\junit\jupiter\junit-jupiter-api\5.8.2\junit-jupiter-api-5.8.2.jar;C:\Users\Yusuf Efendi\.m2\repository\org\junit\vintage\junit-vintage-engine\5.8.2\junit-vintage-engine-5.8.2.jar;C:\Users\Yusuf Efendi\.m2\repository\junit\junit\4.13.2\junit-4.13.2.jar;C:\Users\Yusuf Efendi\.m2\repository\org\hamcrest\hamcrest-core\1.3\hamcrest-core-1.3.jar;C:\Users\Yusuf Efendi\.m2\repository\ch\qos\logback\logback-classic\1.2.10\logback-classic-1.2.10.jar;C:\Users\Yusuf Efendi\.m2\repository\ch\qos\logback\logback-core\1.2.10\logback-core-1.2.10.jar;C:\Users\Yusuf Efendi\.m2\repository\org\slf4j\slf4j-api\1.7.32\slf4j-api-1.7.32.jar;C:\Users\Yusuf Efendi\.m2\repository\org\assertj\assertj-core\3.6.2\assertj-core-3.6.2.jar;"/>
    <property name="sun.cpu.endian" value="little"/>
    <property name="user.home" value="C:\Users\Yusuf Efendi"/>
    <property name="user.language" value="en"/>
    <property name="java.specification.vendor" value="Oracle Corporation"/>
    <property name="jdk.module.path" value="D:\qe_moch_yusuf_efendi\21_Review Web UI Testing with Serenity\praktikum\web-ui\target\web-ui-1.0-SNAPSHOT.jar"/>
    <property name="java.version.date" value="2022-09-20"/>
    <property name="java.home" value="C:\Program Files\Java\jdk-19"/>
    <property name="file.separator" value="\"/>
    <property name="basedir" value="D:\qe_moch_yusuf_efendi\21_Review Web UI Testing with Serenity\praktikum\web-ui"/>
    <property name="java.vm.compressedOopsMode" value="32-bit"/>
    <property name="line.separator" value="&#10;"/>
    <property name="java.vm.specification.vendor" value="Oracle Corporation"/>
    <property name="java.specification.name" value="Java Platform API Specification"/>
    <property name="surefire.real.class.path" value="C:\Users\Yusuf Efendi\.m2\repository\org\apache\maven\surefire\surefire-booter\3.0.0-M5\surefire-booter-3.0.0-M5.jar;C:\Users\Yusuf Efendi\.m2\repository\org\apache\maven\surefire\surefire-api\3.0.0-M5\surefire-api-3.0.0-M5.jar;C:\Users\Yusuf Efendi\.m2\repository\org\apache\maven\surefire\surefire-logger-api\3.0.0-M5\surefire-logger-api-3.0.0-M5.jar;C:\Users\Yusuf Efendi\.m2\repository\org\apache\maven\surefire\surefire-shared-utils\3.0.0-M4\surefire-shared-utils-3.0.0-M4.jar;C:\Users\Yusuf Efendi\.m2\repository\org\apache\maven\surefire\surefire-extensions-spi\3.0.0-M5\surefire-extensions-spi-3.0.0-M5.jar;D:\qe_moch_yusuf_efendi\21_Review Web UI Testing with Serenity\praktikum\web-ui\target\test-classes;C:\Users\Yusuf Efendi\.m2\repository\net\serenity-bdd\serenity-core\3.2.1\serenity-core-3.2.1.jar;C:\Users\Yusuf Efendi\.m2\repository\net\serenity-bdd\serenity-model\3.2.1\serenity-model-3.2.1.jar;C:\Users\Yusuf Efendi\.m2\repository\org\apache\commons\commons-text\1.9\commons-text-1.9.jar;C:\Users\Yusuf Efendi\.m2\repository\commons-net\commons-net\3.8.0\commons-net-3.8.0.jar;C:\Users\Yusuf Efendi\.m2\repository\com\google\guava\guava\31.1-jre\guava-31.1-jre.jar;C:\Users\Yusuf Efendi\.m2\repository\com\google\guava\failureaccess\1.0.1\failureaccess-1.0.1.jar;C:\Users\Yusuf Efendi\.m2\repository\com\google\guava\listenablefuture\9999.0-empty-to-avoid-conflict-with-guava\listenablefuture-9999.0-empty-to-avoid-conflict-with-guava.jar;C:\Users\Yusuf Efendi\.m2\repository\com\google\code\findbugs\jsr305\3.0.2\jsr305-3.0.2.jar;C:\Users\Yusuf Efendi\.m2\repository\org\checkerframework\checker-qual\3.12.0\checker-qual-3.12.0.jar;C:\Users\Yusuf Efendi\.m2\repository\com\google\errorprone\error_prone_annotations\2.11.0\error_prone_annotations-2.11.0.jar;C:\Users\Yusuf Efendi\.m2\repository\com\google\j2objc\j2objc-annotations\1.3\j2objc-annotations-1.3.jar;C:\Users\Yusuf Efendi\.m2\repository\com\google\inject\guice\5.1.0\guice-5.1.0.jar;C:\Users\Yusuf Efendi\.m2\repository\javax\inject\javax.inject\1\javax.inject-1.jar;C:\Users\Yusuf Efendi\.m2\repository\aopalliance\aopalliance\1.0\aopalliance-1.0.jar;C:\Users\Yusuf Efendi\.m2\repository\org\jsoup\jsoup\1.14.3\jsoup-1.14.3.jar;C:\Users\Yusuf Efendi\.m2\repository\com\thoughtworks\xstream\xstream\1.4.19\xstream-1.4.19.jar;C:\Users\Yusuf Efendi\.m2\repository\io\github\x-stream\mxparser\1.2.2\mxparser-1.2.2.jar;C:\Users\Yusuf Efendi\.m2\repository\xmlpull\xmlpull\1.1.3.1\xmlpull-1.1.3.1.jar;C:\Users\Yusuf Efendi\.m2\repository\io\cucumber\cucumber-java\7.2.3\cucumber-java-7.2.3.jar;C:\Users\Yusuf Efendi\.m2\repository\com\typesafe\config\1.4.2\config-1.4.2.jar;C:\Users\Yusuf Efendi\.m2\repository\org\imgscalr\imgscalr-lib\4.2\imgscalr-lib-4.2.jar;C:\Users\Yusuf Efendi\.m2\repository\org\awaitility\awaitility\4.2.0\awaitility-4.2.0.jar;C:\Users\Yusuf Efendi\.m2\repository\org\freemarker\freemarker\2.3.31\freemarker-2.3.31.jar;C:\Users\Yusuf Efendi\.m2\repository\io\github\classgraph\classgraph\4.8.138\classgraph-4.8.138.jar;C:\Users\Yusuf Efendi\.m2\repository\net\sourceforge\jexcelapi\jxl\2.6.12\jxl-2.6.12.jar;C:\Users\Yusuf Efendi\.m2\repository\net\bytebuddy\byte-buddy\1.12.8\byte-buddy-1.12.8.jar;C:\Users\Yusuf Efendi\.m2\repository\net\bytebuddy\byte-buddy-agent\1.12.8\byte-buddy-agent-1.12.8.jar;C:\Users\Yusuf Efendi\.m2\repository\org\objenesis\objenesis\3.1\objenesis-3.1.jar;C:\Users\Yusuf Efendi\.m2\repository\net\serenity-bdd\serenity-reports\3.2.1\serenity-reports-3.2.1.jar;C:\Users\Yusuf Efendi\.m2\repository\net\serenity-bdd\serenity-stats\3.2.1\serenity-stats-3.2.1.jar;C:\Users\Yusuf Efendi\.m2\repository\net\serenity-bdd\serenity-reports-configuration\3.2.1\serenity-reports-configuration-3.2.1.jar;C:\Users\Yusuf Efendi\.m2\repository\com\vladsch\flexmark\flexmark-all\0.34.30\flexmark-all-0.34.30.jar;C:\Users\Yusuf Efendi\.m2\repository\com\vladsch\flexmark\flexmark\0.34.30\flexmark-0.34.30.jar;C:\Users\Yusuf Efendi\.m2\repository\com\vladsch\flexmark\flexmark-ext-abbreviation\0.34.30\flexmark-ext-abbreviation-0.34.30.jar;C:\Users\Yusuf Efendi\.m2\repository\com\vladsch\flexmark\flexmark-ext-admonition\0.34.30\flexmark-ext-admonition-0.34.30.jar;C:\Users\Yusuf Efendi\.m2\repository\com\vladsch\flexmark\flexmark-ext-anchorlink\0.34.30\flexmark-ext-anchorlink-0.34.30.jar;C:\Users\Yusuf Efendi\.m2\repository\com\vladsch\flexmark\flexmark-ext-aside\0.34.30\flexmark-ext-aside-0.34.30.jar;C:\Users\Yusuf Efendi\.m2\repository\com\vladsch\flexmark\flexmark-ext-attributes\0.34.30\flexmark-ext-attributes-0.34.30.jar;C:\Users\Yusuf Efendi\.m2\repository\com\vladsch\flexmark\flexmark-ext-autolink\0.34.30\flexmark-ext-autolink-0.34.30.jar;C:\Users\Yusuf Efendi\.m2\repository\org\nibor\autolink\autolink\0.6.0\autolink-0.6.0.jar;C:\Users\Yusuf Efendi\.m2\repository\com\vladsch\flexmark\flexmark-ext-definition\0.34.30\flexmark-ext-definition-0.34.30.jar;C:\Users\Yusuf Efendi\.m2\repository\com\vladsch\flexmark\flexmark-ext-emoji\0.34.30\flexmark-ext-emoji-0.34.30.jar;C:\Users\Yusuf Efendi\.m2\repository\com\vladsch\flexmark\flexmark-ext-enumerated-reference\0.34.30\flexmark-ext-enumerated-reference-0.34.30.jar;C:\Users\Yusuf Efendi\.m2\repository\com\vladsch\flexmark\flexmark-ext-escaped-character\0.34.30\flexmark-ext-escaped-character-0.34.30.jar;C:\Users\Yusuf Efendi\.m2\repository\com\vladsch\flexmark\flexmark-ext-footnotes\0.34.30\flexmark-ext-footnotes-0.34.30.jar;C:\Users\Yusuf Efendi\.m2\repository\com\vladsch\flexmark\flexmark-ext-gfm-issues\0.34.30\flexmark-ext-gfm-issues-0.34.30.jar;C:\Users\Yusuf Efendi\.m2\repository\com\vladsch\flexmark\flexmark-ext-gfm-strikethrough\0.34.30\flexmark-ext-gfm-strikethrough-0.34.30.jar;C:\Users\Yusuf Efendi\.m2\repository\com\vladsch\flexmark\flexmark-ext-gfm-tables\0.34.30\flexmark-ext-gfm-tables-0.34.30.jar;C:\Users\Yusuf Efendi\.m2\repository\com\vladsch\flexmark\flexmark-ext-gfm-tasklist\0.34.30\flexmark-ext-gfm-tasklist-0.34.30.jar;C:\Users\Yusuf Efendi\.m2\repository\com\vladsch\flexmark\flexmark-ext-gfm-users\0.34.30\flexmark-ext-gfm-users-0.34.30.jar;C:\Users\Yusuf Efendi\.m2\repository\com\vladsch\flexmark\flexmark-ext-gitlab\0.34.30\flexmark-ext-gitlab-0.34.30.jar;C:\Users\Yusuf Efendi\.m2\repository\com\vladsch\flexmark\flexmark-ext-jekyll-front-matter\0.34.30\flexmark-ext-jekyll-front-matter-0.34.30.jar;C:\Users\Yusuf Efendi\.m2\repository\com\vladsch\flexmark\flexmark-ext-jekyll-tag\0.34.30\flexmark-ext-jekyll-tag-0.34.30.jar;C:\Users\Yusuf Efendi\.m2\repository\com\vladsch\flexmark\flexmark-ext-media-tags\0.34.30\flexmark-ext-media-tags-0.34.30.jar;C:\Users\Yusuf Efendi\.m2\repository\com\vladsch\flexmark\flexmark-test-util\0.34.30\flexmark-test-util-0.34.30.jar;C:\Users\Yusuf Efendi\.m2\repository\com\vladsch\flexmark\flexmark-ext-ins\0.34.30\flexmark-ext-ins-0.34.30.jar;C:\Users\Yusuf Efendi\.m2\repository\com\vladsch\flexmark\flexmark-ext-xwiki-macros\0.34.30\flexmark-ext-xwiki-macros-0.34.30.jar;C:\Users\Yusuf Efendi\.m2\repository\com\vladsch\flexmark\flexmark-ext-superscript\0.34.30\flexmark-ext-superscript-0.34.30.jar;C:\Users\Yusuf Efendi\.m2\repository\com\vladsch\flexmark\flexmark-ext-tables\0.34.30\flexmark-ext-tables-0.34.30.jar;C:\Users\Yusuf Efendi\.m2\repository\com\vladsch\flexmark\flexmark-ext-toc\0.34.30\flexmark-ext-toc-0.34.30.jar;C:\Users\Yusuf Efendi\.m2\repository\com\vladsch\flexmark\flexmark-ext-typographic\0.34.30\flexmark-ext-typographic-0.34.30.jar;C:\Users\Yusuf Efendi\.m2\repository\com\vladsch\flexmark\flexmark-ext-wikilink\0.34.30\flexmark-ext-wikilink-0.34.30.jar;C:\Users\Yusuf Efendi\.m2\repository\com\vladsch\flexmark\flexmark-ext-yaml-front-matter\0.34.30\flexmark-ext-yaml-front-matter-0.34.30.jar;C:\Users\Yusuf Efendi\.m2\repository\com\vladsch\flexmark\flexmark-ext-youtube-embedded\0.34.30\flexmark-ext-youtube-embedded-0.34.30.jar;C:\Users\Yusuf Efendi\.m2\repository\com\vladsch\flexmark\flexmark-formatter\0.34.30\flexmark-formatter-0.34.30.jar;C:\Users\Yusuf Efendi\.m2\repository\com\vladsch\flexmark\flexmark-html-parser\0.34.30\flexmark-html-parser-0.34.30.jar;C:\Users\Yusuf Efendi\.m2\repository\com\vladsch\flexmark\flexmark-jira-converter\0.34.30\flexmark-jira-converter-0.34.30.jar;C:\Users\Yusuf Efendi\.m2\repository\com\vladsch\flexmark\flexmark-pdf-converter\0.34.30\flexmark-pdf-converter-0.34.30.jar;C:\Users\Yusuf Efendi\.m2\repository\com\openhtmltopdf\openhtmltopdf-core\0.0.1-RC13\openhtmltopdf-core-0.0.1-RC13.jar;C:\Users\Yusuf Efendi\.m2\repository\com\openhtmltopdf\openhtmltopdf-pdfbox\0.0.1-RC13\openhtmltopdf-pdfbox-0.0.1-RC13.jar;C:\Users\Yusuf Efendi\.m2\repository\org\apache\pdfbox\pdfbox\2.0.8\pdfbox-2.0.8.jar;C:\Users\Yusuf Efendi\.m2\repository\org\apache\pdfbox\fontbox\2.0.8\fontbox-2.0.8.jar;C:\Users\Yusuf Efendi\.m2\repository\commons-logging\commons-logging\1.2\commons-logging-1.2.jar;C:\Users\Yusuf Efendi\.m2\repository\org\apache\pdfbox\xmpbox\2.0.8\xmpbox-2.0.8.jar;C:\Users\Yusuf Efendi\.m2\repository\de\rototor\pdfbox\graphics2d\0.12\graphics2d-0.12.jar;C:\Users\Yusuf Efendi\.m2\repository\com\openhtmltopdf\openhtmltopdf-rtl-support\0.0.1-RC13\openhtmltopdf-rtl-support-0.0.1-RC13.jar;C:\Users\Yusuf Efendi\.m2\repository\com\ibm\icu\icu4j\59.1\icu4j-59.1.jar;C:\Users\Yusuf Efendi\.m2\repository\com\openhtmltopdf\openhtmltopdf-jsoup-dom-converter\0.0.1-RC13\openhtmltopdf-jsoup-dom-converter-0.0.1-RC13.jar;C:\Users\Yusuf Efendi\.m2\repository\com\vladsch\flexmark\flexmark-profile-pegdown\0.34.30\flexmark-profile-pegdown-0.34.30.jar;C:\Users\Yusuf Efendi\.m2\repository\com\vladsch\flexmark\flexmark-util\0.34.30\flexmark-util-0.34.30.jar;C:\Users\Yusuf Efendi\.m2\repository\com\vladsch\flexmark\flexmark-youtrack-converter\0.34.30\flexmark-youtrack-converter-0.34.30.jar;C:\Users\Yusuf Efendi\.m2\repository\es\nitaur\markdown\txtmark\0.16\txtmark-0.16.jar;C:\Users\Yusuf Efendi\.m2\repository\net\serenity-bdd\serenity-report-resources\3.2.1\serenity-report-resources-3.2.1.jar;C:\Users\Yusuf Efendi\.m2\repository\com\google\code\gson\gson\2.9.0\gson-2.9.0.jar;C:\Users\Yusuf Efendi\.m2\repository\com\fasterxml\jackson\core\jackson-core\2.13.2\jackson-core-2.13.2.jar;C:\Users\Yusuf Efendi\.m2\repository\com\fasterxml\jackson\core\jackson-databind\2.13.2\jackson-databind-2.13.2.jar;C:\Users\Yusuf Efendi\.m2\repository\com\fasterxml\jackson\core\jackson-annotations\2.13.2\jackson-annotations-2.13.2.jar;C:\Users\Yusuf Efendi\.m2\repository\commons-codec\commons-codec\1.15\commons-codec-1.15.jar;C:\Users\Yusuf Efendi\.m2\repository\commons-io\commons-io\2.11.0\commons-io-2.11.0.jar;C:\Users\Yusuf Efendi\.m2\repository\org\seleniumhq\selenium\selenium-java\4.1.2\selenium-java-4.1.2.jar;C:\Users\Yusuf Efendi\.m2\repository\org\seleniumhq\selenium\selenium-devtools-v85\4.1.2\selenium-devtools-v85-4.1.2.jar;C:\Users\Yusuf Efendi\.m2\repository\org\seleniumhq\selenium\selenium-devtools-v95\4.1.2\selenium-devtools-v95-4.1.2.jar;C:\Users\Yusuf Efendi\.m2\repository\org\seleniumhq\selenium\selenium-devtools-v96\4.1.2\selenium-devtools-v96-4.1.2.jar;C:\Users\Yusuf Efendi\.m2\repository\org\seleniumhq\selenium\selenium-devtools-v97\4.1.2\selenium-devtools-v97-4.1.2.jar;C:\Users\Yusuf Efendi\.m2\repository\org\seleniumhq\selenium\selenium-firefox-xpi-driver\4.1.2\selenium-firefox-xpi-driver-4.1.2.jar;C:\Users\Yusuf Efendi\.m2\repository\org\seleniumhq\selenium\selenium-opera-driver\4.1.2\selenium-opera-driver-4.1.2.jar;C:\Users\Yusuf Efendi\.m2\repository\org\seleniumhq\selenium\selenium-remote-driver\4.1.2\selenium-remote-driver-4.1.2.jar;C:\Users\Yusuf Efendi\.m2\repository\com\beust\jcommander\1.82\jcommander-1.82.jar;C:\Users\Yusuf Efendi\.m2\repository\io\netty\netty-buffer\4.1.73.Final\netty-buffer-4.1.73.Final.jar;C:\Users\Yusuf Efendi\.m2\repository\io\netty\netty-codec-http\4.1.73.Final\netty-codec-http-4.1.73.Final.jar;C:\Users\Yusuf Efendi\.m2\repository\io\netty\netty-codec\4.1.73.Final\netty-codec-4.1.73.Final.jar;C:\Users\Yusuf Efendi\.m2\repository\io\netty\netty-handler\4.1.73.Final\netty-handler-4.1.73.Final.jar;C:\Users\Yusuf Efendi\.m2\repository\io\netty\netty-tcnative-classes\2.0.46.Final\netty-tcnative-classes-2.0.46.Final.jar;C:\Users\Yusuf Efendi\.m2\repository\io\netty\netty-common\4.1.73.Final\netty-common-4.1.73.Final.jar;C:\Users\Yusuf Efendi\.m2\repository\io\netty\netty-transport-classes-epoll\4.1.73.Final\netty-transport-classes-epoll-4.1.73.Final.jar;C:\Users\Yusuf Efendi\.m2\repository\io\netty\netty-transport-classes-kqueue\4.1.73.Final\netty-transport-classes-kqueue-4.1.73.Final.jar;C:\Users\Yusuf Efendi\.m2\repository\io\netty\netty-transport-native-epoll\4.1.73.Final\netty-transport-native-epoll-4.1.73.Final.jar;C:\Users\Yusuf Efendi\.m2\repository\io\netty\netty-transport-native-kqueue\4.1.73.Final\netty-transport-native-kqueue-4.1.73.Final.jar;C:\Users\Yusuf Efendi\.m2\repository\io\netty\netty-transport-native-unix-common\4.1.73.Final\netty-transport-native-unix-common-4.1.73.Final.jar;C:\Users\Yusuf Efendi\.m2\repository\io\netty\netty-transport\4.1.73.Final\netty-transport-4.1.73.Final.jar;C:\Users\Yusuf Efendi\.m2\repository\io\netty\netty-resolver\4.1.73.Final\netty-resolver-4.1.73.Final.jar;C:\Users\Yusuf Efendi\.m2\repository\io\opentelemetry\opentelemetry-api\1.10.1\opentelemetry-api-1.10.1.jar;C:\Users\Yusuf Efendi\.m2\repository\io\opentelemetry\opentelemetry-context\1.10.1\opentelemetry-context-1.10.1.jar;C:\Users\Yusuf Efendi\.m2\repository\io\opentelemetry\opentelemetry-exporter-logging\1.10.1\opentelemetry-exporter-logging-1.10.1.jar;C:\Users\Yusuf Efendi\.m2\repository\io\opentelemetry\opentelemetry-sdk-metrics\1.10.1-alpha\opentelemetry-sdk-metrics-1.10.1-alpha.jar;C:\Users\Yusuf Efendi\.m2\repository\io\opentelemetry\opentelemetry-sdk-logs\1.10.1-alpha\opentelemetry-sdk-logs-1.10.1-alpha.jar;C:\Users\Yusuf Efendi\.m2\repository\io\opentelemetry\opentelemetry-sdk-common\1.10.1\opentelemetry-sdk-common-1.10.1.jar;C:\Users\Yusuf Efendi\.m2\repository\io\opentelemetry\opentelemetry-sdk-extension-autoconfigure-spi\1.10.1\opentelemetry-sdk-extension-autoconfigure-spi-1.10.1.jar;C:\Users\Yusuf Efendi\.m2\repository\io\opentelemetry\opentelemetry-sdk-extension-autoconfigure\1.10.1-alpha\opentelemetry-sdk-extension-autoconfigure-1.10.1-alpha.jar;C:\Users\Yusuf Efendi\.m2\repository\io\opentelemetry\opentelemetry-sdk-trace\1.10.1\opentelemetry-sdk-trace-1.10.1.jar;C:\Users\Yusuf Efendi\.m2\repository\io\opentelemetry\opentelemetry-sdk\1.10.1\opentelemetry-sdk-1.10.1.jar;C:\Users\Yusuf Efendi\.m2\repository\io\opentelemetry\opentelemetry-semconv\1.10.1-alpha\opentelemetry-semconv-1.10.1-alpha.jar;C:\Users\Yusuf Efendi\.m2\repository\io\ous\jtoml\2.0.0\jtoml-2.0.0.jar;C:\Users\Yusuf Efendi\.m2\repository\org\apache\commons\commons-exec\1.3\commons-exec-1.3.jar;C:\Users\Yusuf Efendi\.m2\repository\org\asynchttpclient\async-http-client\2.12.3\async-http-client-2.12.3.jar;C:\Users\Yusuf Efendi\.m2\repository\org\asynchttpclient\async-http-client-netty-utils\2.12.3\async-http-client-netty-utils-2.12.3.jar;C:\Users\Yusuf Efendi\.m2\repository\io\netty\netty-codec-socks\4.1.60.Final\netty-codec-socks-4.1.60.Final.jar;C:\Users\Yusuf Efendi\.m2\repository\io\netty\netty-handler-proxy\4.1.60.Final\netty-handler-proxy-4.1.60.Final.jar;C:\Users\Yusuf Efendi\.m2\repository\io\netty\netty-transport-native-epoll\4.1.60.Final\netty-transport-native-epoll-4.1.60.Final-linux-x86_64.jar;C:\Users\Yusuf Efendi\.m2\repository\io\netty\netty-transport-native-kqueue\4.1.60.Final\netty-transport-native-kqueue-4.1.60.Final-osx-x86_64.jar;C:\Users\Yusuf Efendi\.m2\repository\org\reactivestreams\reactive-streams\1.0.3\reactive-streams-1.0.3.jar;C:\Users\Yusuf Efendi\.m2\repository\com\typesafe\netty\netty-reactive-streams\2.0.4\netty-reactive-streams-2.0.4.jar;C:\Users\Yusuf Efendi\.m2\repository\org\seleniumhq\selenium\selenium-http\4.1.2\selenium-http-4.1.2.jar;C:\Users\Yusuf Efendi\.m2\repository\net\jodah\failsafe\2.4.4\failsafe-2.4.4.jar;C:\Users\Yusuf Efendi\.m2\repository\org\seleniumhq\selenium\selenium-safari-driver\4.1.2\selenium-safari-driver-4.1.2.jar;C:\Users\Yusuf Efendi\.m2\repository\org\seleniumhq\selenium\selenium-api\4.1.2\selenium-api-4.1.2.jar;C:\Users\Yusuf Efendi\.m2\repository\org\seleniumhq\selenium\selenium-support\4.1.2\selenium-support-4.1.2.jar;C:\Users\Yusuf Efendi\.m2\repository\com\google\auto\service\auto-service-annotations\1.0.1\auto-service-annotations-1.0.1.jar;C:\Users\Yusuf Efendi\.m2\repository\com\google\auto\service\auto-service\1.0.1\auto-service-1.0.1.jar;C:\Users\Yusuf Efendi\.m2\repository\com\google\auto\auto-common\1.2\auto-common-1.2.jar;C:\Users\Yusuf Efendi\.m2\repository\org\seleniumhq\selenium\selenium-json\4.1.2\selenium-json-4.1.2.jar;C:\Users\Yusuf Efendi\.m2\repository\org\seleniumhq\selenium\selenium-chrome-driver\4.1.2\selenium-chrome-driver-4.1.2.jar;C:\Users\Yusuf Efendi\.m2\repository\org\seleniumhq\selenium\selenium-chromium-driver\4.1.2\selenium-chromium-driver-4.1.2.jar;C:\Users\Yusuf Efendi\.m2\repository\org\seleniumhq\selenium\selenium-firefox-driver\4.1.2\selenium-firefox-driver-4.1.2.jar;C:\Users\Yusuf Efendi\.m2\repository\org\seleniumhq\selenium\selenium-edge-driver\4.1.2\selenium-edge-driver-4.1.2.jar;C:\Users\Yusuf Efendi\.m2\repository\org\seleniumhq\selenium\selenium-ie-driver\4.1.2\selenium-ie-driver-4.1.2.jar;C:\Users\Yusuf Efendi\.m2\repository\org\projectlombok\lombok\1.18.20\lombok-1.18.20.jar;C:\Users\Yusuf Efendi\.m2\repository\io\appium\java-client\8.0.0\java-client-8.0.0.jar;C:\Users\Yusuf Efendi\.m2\repository\commons-validator\commons-validator\1.7\commons-validator-1.7.jar;C:\Users\Yusuf Efendi\.m2\repository\commons-digester\commons-digester\2.1\commons-digester-2.1.jar;C:\Users\Yusuf Efendi\.m2\repository\org\aspectj\aspectjweaver\1.9.8\aspectjweaver-1.9.8.jar;C:\Users\Yusuf Efendi\.m2\repository\org\codehaus\groovy\groovy\3.0.10\groovy-3.0.10.jar;C:\Users\Yusuf Efendi\.m2\repository\net\sf\opencsv\opencsv\2.0\opencsv-2.0.jar;C:\Users\Yusuf Efendi\.m2\repository\commons-beanutils\commons-beanutils\1.9.4\commons-beanutils-1.9.4.jar;C:\Users\Yusuf Efendi\.m2\repository\org\apache\commons\commons-lang3\3.12.0\commons-lang3-3.12.0.jar;C:\Users\Yusuf Efendi\.m2\repository\commons-collections\commons-collections\3.2.2\commons-collections-3.2.2.jar;C:\Users\Yusuf Efendi\.m2\repository\org\fluentlenium\fluentlenium-core\0.10.2\fluentlenium-core-0.10.2.jar;C:\Users\Yusuf Efendi\.m2\repository\io\github\bonigarcia\webdrivermanager\5.1.0\webdrivermanager-5.1.0.jar;C:\Users\Yusuf Efendi\.m2\repository\com\github\docker-java\docker-java\3.2.13\docker-java-3.2.13.jar;C:\Users\Yusuf Efendi\.m2\repository\com\github\docker-java\docker-java-core\3.2.13\docker-java-core-3.2.13.jar;C:\Users\Yusuf Efendi\.m2\repository\com\github\docker-java\docker-java-api\3.2.13\docker-java-api-3.2.13.jar;C:\Users\Yusuf Efendi\.m2\repository\org\apache\commons\commons-compress\1.21\commons-compress-1.21.jar;C:\Users\Yusuf Efendi\.m2\repository\org\bouncycastle\bcpkix-jdk15on\1.64\bcpkix-jdk15on-1.64.jar;C:\Users\Yusuf Efendi\.m2\repository\org\bouncycastle\bcprov-jdk15on\1.64\bcprov-jdk15on-1.64.jar;C:\Users\Yusuf Efendi\.m2\repository\org\slf4j\jcl-over-slf4j\1.7.30\jcl-over-slf4j-1.7.30.jar;C:\Users\Yusuf Efendi\.m2\repository\com\github\docker-java\docker-java-transport-httpclient5\3.2.13\docker-java-transport-httpclient5-3.2.13.jar;C:\Users\Yusuf Efendi\.m2\repository\com\github\docker-java\docker-java-transport\3.2.13\docker-java-transport-3.2.13.jar;C:\Users\Yusuf Efendi\.m2\repository\org\apache\httpcomponents\client5\httpclient5\5.0.3\httpclient5-5.0.3.jar;C:\Users\Yusuf Efendi\.m2\repository\org\apache\httpcomponents\core5\httpcore5\5.0.2\httpcore5-5.0.2.jar;C:\Users\Yusuf Efendi\.m2\repository\net\java\dev\jna\jna\5.8.0\jna-5.8.0.jar;C:\Users\Yusuf Efendi\.m2\repository\org\brotli\dec\0.1.2\dec-0.1.2.jar;C:\Users\Yusuf Efendi\.m2\repository\com\jhlabs\filters\2.0.235\filters-2.0.235.jar;C:\Users\Yusuf Efendi\.m2\repository\com\paulhammant\ngwebdriver\1.1.6\ngwebdriver-1.1.6.jar;C:\Users\Yusuf Efendi\.m2\repository\joda-time\joda-time\2.8.2\joda-time-2.8.2.jar;C:\Users\Yusuf Efendi\.m2\repository\org\hamcrest\hamcrest\2.2\hamcrest-2.2.jar;C:\Users\Yusuf Efendi\.m2\repository\com\google\jimfs\jimfs\1.2\jimfs-1.2.jar;C:\Users\Yusuf Efendi\.m2\repository\org\mockito\mockito-core\3.3.3\mockito-core-3.3.3.jar;C:\Users\Yusuf Efendi\.m2\repository\javax\xml\bind\jaxb-api\2.3.1\jaxb-api-2.3.1.jar;C:\Users\Yusuf Efendi\.m2\repository\javax\activation\javax.activation-api\1.2.0\javax.activation-api-1.2.0.jar;C:\Users\Yusuf Efendi\.m2\repository\com\sun\xml\bind\jaxb-core\2.3.0.1\jaxb-core-2.3.0.1.jar;C:\Users\Yusuf Efendi\.m2\repository\com\sun\xml\bind\jaxb-impl\2.3.3\jaxb-impl-2.3.3.jar;C:\Users\Yusuf Efendi\.m2\repository\jakarta\xml\bind\jakarta.xml.bind-api\2.3.3\jakarta.xml.bind-api-2.3.3.jar;C:\Users\Yusuf Efendi\.m2\repository\com\sun\activation\jakarta.activation\1.2.2\jakarta.activation-1.2.2.jar;C:\Users\Yusuf Efendi\.m2\repository\javax\activation\activation\1.1.1\activation-1.1.1.jar;C:\Users\Yusuf Efendi\.m2\repository\net\serenity-bdd\serenity-cucumber\3.2.1\serenity-cucumber-3.2.1.jar;C:\Users\Yusuf Efendi\.m2\repository\io\cucumber\cucumber-core\7.2.3\cucumber-core-7.2.3.jar;C:\Users\Yusuf Efendi\.m2\repository\io\cucumber\cucumber-gherkin\7.2.3\cucumber-gherkin-7.2.3.jar;C:\Users\Yusuf Efendi\.m2\repository\io\cucumber\cucumber-gherkin-messages\7.2.3\cucumber-gherkin-messages-7.2.3.jar;C:\Users\Yusuf Efendi\.m2\repository\io\cucumber\messages\17.1.1\messages-17.1.1.jar;C:\Users\Yusuf Efendi\.m2\repository\io\cucumber\tag-expressions\4.1.0\tag-expressions-4.1.0.jar;C:\Users\Yusuf Efendi\.m2\repository\io\cucumber\cucumber-expressions\15.0.1\cucumber-expressions-15.0.1.jar;C:\Users\Yusuf Efendi\.m2\repository\io\cucumber\datatable\7.2.3\datatable-7.2.3.jar;C:\Users\Yusuf Efendi\.m2\repository\io\cucumber\cucumber-plugin\7.2.3\cucumber-plugin-7.2.3.jar;C:\Users\Yusuf Efendi\.m2\repository\io\cucumber\docstring\7.2.3\docstring-7.2.3.jar;C:\Users\Yusuf Efendi\.m2\repository\io\cucumber\html-formatter\17.0.0\html-formatter-17.0.0.jar;C:\Users\Yusuf Efendi\.m2\repository\io\cucumber\ci-environment\8.1.0\ci-environment-8.1.0.jar;C:\Users\Yusuf Efendi\.m2\repository\io\cucumber\cucumber-junit\7.2.3\cucumber-junit-7.2.3.jar;C:\Users\Yusuf Efendi\.m2\repository\org\apache\commons\commons-csv\1.5\commons-csv-1.5.jar;C:\Users\Yusuf Efendi\.m2\repository\net\serenity-bdd\serenity-screenplay\3.2.1\serenity-screenplay-3.2.1.jar;C:\Users\Yusuf Efendi\.m2\repository\net\serenity-bdd\serenity-screenplay-webdriver\3.2.1\serenity-screenplay-webdriver-3.2.1.jar;C:\Users\Yusuf Efendi\.m2\repository\net\serenity-bdd\serenity-ensure\3.2.1\serenity-ensure-3.2.1.jar;C:\Users\Yusuf Efendi\.m2\repository\net\serenity-bdd\serenity-junit\3.2.1\serenity-junit-3.2.1.jar;C:\Users\Yusuf Efendi\.m2\repository\org\jetbrains\kotlin\kotlin-stdlib\1.6.0\kotlin-stdlib-1.6.0.jar;C:\Users\Yusuf Efendi\.m2\repository\org\jetbrains\annotations\13.0\annotations-13.0.jar;C:\Users\Yusuf Efendi\.m2\repository\org\jetbrains\kotlin\kotlin-stdlib-common\1.6.0\kotlin-stdlib-common-1.6.0.jar;C:\Users\Yusuf Efendi\.m2\repository\org\junit\platform\junit-platform-launcher\1.8.1\junit-platform-launcher-1.8.1.jar;C:\Users\Yusuf Efendi\.m2\repository\org\junit\platform\junit-platform-engine\1.8.1\junit-platform-engine-1.8.1.jar;C:\Users\Yusuf Efendi\.m2\repository\org\opentest4j\opentest4j\1.2.0\opentest4j-1.2.0.jar;C:\Users\Yusuf Efendi\.m2\repository\org\junit\platform\junit-platform-commons\1.8.1\junit-platform-commons-1.8.1.jar;C:\Users\Yusuf Efendi\.m2\repository\org\apiguardian\apiguardian-api\1.1.2\apiguardian-api-1.1.2.jar;C:\Users\Yusuf Efendi\.m2\repository\org\junit\jupiter\junit-jupiter-engine\5.8.2\junit-jupiter-engine-5.8.2.jar;C:\Users\Yusuf Efendi\.m2\repository\org\junit\jupiter\junit-jupiter-api\5.8.2\junit-jupiter-api-5.8.2.jar;C:\Users\Yusuf Efendi\.m2\repository\org\junit\vintage\junit-vintage-engine\5.8.2\junit-vintage-engine-5.8.2.jar;C:\Users\Yusuf Efendi\.m2\repository\junit\junit\4.13.2\junit-4.13.2.jar;C:\Users\Yusuf Efendi\.m2\repository\org\hamcrest\hamcrest-core\1.3\hamcrest-core-1.3.jar;C:\Users\Yusuf Efendi\.m2\repository\ch\qos\logback\logback-classic\1.2.10\logback-classic-1.2.10.jar;C:\Users\Yusuf Efendi\.m2\repository\ch\qos\logback\logback-core\1.2.10\logback-core-1.2.10.jar;C:\Users\Yusuf Efendi\.m2\repository\org\slf4j\slf4j-api\1.7.32\slf4j-api-1.7.32.jar;C:\Users\Yusuf Efendi\.m2\repository\org\assertj\assertj-core\3.6.2\assertj-core-3.6.2.jar;C:\Users\Yusuf Efendi\.m2\repository\org\apache\maven\surefire\surefire-junit-platform\3.0.0-M5\surefire-junit-platform-3.0.0-M5.jar;C:\Users\Yusuf Efendi\.m2\repository\org\apache\maven\surefire\common-java5\3.0.0-M5\common-java5-3.0.0-M5.jar"/>
    <property name="user.script" value=""/>
    <property name="java.protocol.handler.pkgs" value="com.google.common"/>
    <property name="sun.management.compiler" value="HotSpot 64-Bit Tiered Compilers"/>
    <property name="java.runtime.version" value="19+36-2238"/>
    <property name="user.name" value="Yusuf Efendi"/>
    <property name="stdout.encoding" value="Cp1252"/>
    <property name="path.separator" value=";"/>
    <property name="os.version" value="10.0"/>
    <property name="java.runtime.name" value="Java(TM) SE Runtime Environment"/>
    <property name="file.encoding" value="UTF-8"/>
    <property name="webdriver.base.url" value=""/>
    <property name="java.vm.name" value="Java HotSpot(TM) 64-Bit Server VM"/>
    <property name="localRepository" value="C:\Users\Yusuf Efendi\.m2\repository"/>
    <property name="java.vendor.url.bug" value="https://bugreport.java.com/bugreport/"/>
    <property name="java.io.tmpdir" value="C:\Users\YUSUFE~1\AppData\Local\Temp\"/>
    <property name="java.version" value="19"/>
    <property name="user.dir" value="D:\qe_moch_yusuf_efendi\21_Review Web UI Testing with Serenity\praktikum\web-ui"/>
    <property name="os.arch" value="amd64"/>
    <property name="java.vm.specification.name" value="Java Virtual Machine Specification"/>
    <property name="sun.os.patch.level" value=""/>
    <property name="native.encoding" value="Cp1252"/>
    <property name="java.library.path" value="C:\Program Files\Java\jdk-19\bin;C:\Windows\Sun\Java\bin;C:\Windows\system32;C:\Windows;C:\Program Files\Common Files\Oracle\Java\javapath;C:\Program Files (x86)\Common Files\Oracle\Java\javapath;C:\Program Files\Java\jdk-19;C:\Program Files\apache-maven-3.8.6;C:\Windows\system32;C:\Windows;C:\Windows\System32\Wbem;C:\Windows\System32\WindowsPowerShell\v1.0\;C:\Windows\System32\OpenSSH\;C:\Program Files (x86)\NVIDIA Corporation\PhysX\Common;C:\Program Files\apache-maven-3.8.6\bin;C:\Program Files\Git\cmd;C:\Users\Yusuf Efendi\AppData\Local\Microsoft\WindowsApps;;C:\Users\Yusuf Efendi\AppData\Local\Programs\Microsoft VS Code\bin;."/>
    <property name="java.vm.info" value="mixed mode"/>
    <property name="stderr.encoding" value="Cp1252"/>
    <property name="java.vendor" value="Oracle Corporation"/>
    <property name="java.vm.version" value="19+36-2238"/>
    <property name="sun.io.unicode.encoding" value="UnicodeLittle"/>
    <property name="java.class.version" value="63.0"/>
  </properties>
  <testcase name="Login with locked account" classname="Login" time="9.058">
    <system-out><![CDATA[22:31:27.034 [main] INFO io.cucumber.core.plugin.SerenityReporter - Running feature from file:///D:/qe_moch_yusuf_efendi/21_Review%20Web%20UI%20Testing%20with%20Serenity/praktikum/web-ui/src/test/resources/features/login.feature
22:31:27.164 [main] INFO  - 

-------------------------------------------------------------------------------------
     _______. _______ .______       _______ .__   __.  __  .___________.____    ____ 
    /       ||   ____||   _  \     |   ____||  \ |  | |  | |           |\   \  /   / 
   |   (----`|  |__   |  |_)  |    |  |__   |   \|  | |  | `---|  |----` \   \/   /  
    \   \    |   __|  |      /     |   __|  |  . `  | |  |     |  |       \_    _/   
.----)   |   |  |____ |  |\  \----.|  |____ |  |\   | |  |     |  |         |  |     
|_______/    |_______|| _| `._____||_______||__| \__| |__|     |__|         |__|    
                                                                                     
 News and tutorials at http://www.serenity-bdd.info                                  
 Documentation at https://wakaleo.gitbooks.io/the-serenity-book/content/             
 Join the Serenity Community on Gitter: https://gitter.im/serenity-bdd/serenity-core 
 Serenity BDD Support and Training at http://serenity-bdd.info/#/trainingandsupport  
-------------------------------------------------------------------------------------

22:31:27.166 [main] DEBUG net.thucydides.core.steps.StepEventBus - Test suite started for story net.thucydides.core.model.Story@f388ff28
22:31:27.170 [main] INFO  - Test Suite Started: Login
22:31:27.180 [main] INFO io.cucumber.core.plugin.SerenityReporter - Running feature from file:///D:/qe_moch_yusuf_efendi/21_Review%20Web%20UI%20Testing%20with%20Serenity/praktikum/web-ui/src/test/resources/features/login.feature
22:31:27.183 [main] DEBUG net.thucydides.core.steps.StepEventBus - Test suite started for story net.thucydides.core.model.Story@f388ff28
22:31:27.183 [main] INFO  - Test Suite Started: Login

Scenario: Login with locked account &amp#27;[90m# src/test/resources/features/login.feature:6&amp#27;[0m
22:31:27.264 [main] INFO io.cucumber.core.plugin.SerenityReporter - Running feature from file:///D:/qe_moch_yusuf_efendi/21_Review%20Web%20UI%20Testing%20with%20Serenity/praktikum/web-ui/src/test/resources/features/login.feature
22:31:27.343 [main] INFO  - 
  _____   ___   ___   _____     ___   _____     _     ___   _____   ___   ___  
 |_   _| | __| / __| |_   _|   / __| |_   _|   /_\   | _ \ |_   _| | __| |   \ 
   | |   | _|  \__ \   | |     \__ \   | |    / _ \  |   /   | |   | _|  | |) |
   |_|   |___| |___/   |_|     |___/   |_|   /_/ \_\ |_|_\   |_|   |___| |___/ 

Login with locked account(login;login-with-locked-account)
--------------------------------------------------------------------------------
22:31:27.939 [main] INFO net.serenitybdd.core.webdriver.driverproviders.ChromeDriverProvider - Using automatically driver download
22:31:28.490 [main] DEBUG io.github.bonigarcia.wdm.cache.ResolutionCache - Resolution chrome=106 in cache (valid until 23:11:12 13/10/2022 WIB)
22:31:28.495 [main] DEBUG io.github.bonigarcia.wdm.cache.ResolutionCache - Resolution chrome106=106.0.5249.61 in cache (valid until 19:49:28 14/10/2022 WIB)
22:31:28.498 [main] INFO io.github.bonigarcia.wdm.WebDriverManager - Using chromedriver 106.0.5249.61 (resolved driver for Chrome 106)
22:31:28.515 [main] DEBUG io.github.bonigarcia.wdm.WebDriverManager - Driver chromedriver 106.0.5249.61 found in cache
22:31:28.516 [main] INFO io.github.bonigarcia.wdm.WebDriverManager - Exporting webdriver.chrome.driver as C:\Users\Yusuf Efendi\.cache\selenium\chromedriver\win32\106.0.5249.61\chromedriver.exe
22:31:29.043 [main] DEBUG net.thucydides.core.reflection.ClassFinder - Could not load class .CucumberTestSuite
22:31:29.043 [main] DEBUG net.thucydides.core.reflection.ClassFinder - Could not load class .starter.pages.LoginPage
22:31:29.043 [main] DEBUG net.thucydides.core.reflection.ClassFinder - Could not load class .starter.stepdefinitions.LoginStep
22:31:29.043 [main] DEBUG net.thucydides.core.reflection.ClassFinder - Could not load class META-INF.versions.9.com.sun.istack.logging.StackHelper
22:31:29.044 [main] DEBUG net.thucydides.core.reflection.ClassFinder - Could not load class META-INF.versions.9.com.sun.xml.bind.v2.runtime.reflect.opt.AccessorInjector
22:31:29.044 [main] DEBUG net.thucydides.core.reflection.ClassFinder - Could not load class META-INF.versions.9.com.sun.xml.bind.v2.runtime.reflect.opt.Injector
22:31:29.044 [main] DEBUG net.thucydides.core.reflection.ClassFinder - Could not load class META-INF.versions.9.com.sun.xml.bind.v2.runtime.reflect.opt.OptimizedAccessorFactory
22:31:29.044 [main] DEBUG net.thucydides.core.reflection.ClassFinder - Could not load class META-INF.versions.9.com.sun.xml.bind.v2.runtime.reflect.opt.OptimizedTransducedAccessorFactory
22:31:29.045 [main] DEBUG net.thucydides.core.reflection.ClassFinder - Could not load class META-INF.versions.9.io.opentelemetry.sdk.internal.CurrentJavaVersionSpecific
22:31:29.045 [main] DEBUG net.thucydides.core.reflection.ClassFinder - Could not load class META-INF.versions.9.io.opentelemetry.sdk.internal.Java9VersionSpecific
22:31:29.045 [main] DEBUG net.thucydides.core.reflection.ClassFinder - Could not load class META-INF.versions.9.javax.xml.bind.ModuleUtil
22:31:29.045 [main] DEBUG net.thucydides.core.reflection.ClassFinder - Could not load class META-INF.versions.9.module-info
22:31:29.046 [main] DEBUG net.thucydides.core.reflection.ClassFinder - Could not load class META-INF.versions.9.org.junit.platform.commons.util.ModuleUtils
22:31:29.282 [main] DEBUG net.thucydides.core.reflection.ClassFinder - Could not load class com.google.gson.internal.
22:31:29.390 [main] DEBUG net.thucydides.core.reflection.ClassFinder - Could not load class com.sun.xml.bind.v2.runtime.output.FastInfosetStreamWriterOutput
22:31:29.698 [main] DEBUG net.thucydides.core.reflection.ClassFinder - Could not load class module-info
22:31:31.627 [main] DEBUG io.netty.util.internal.logging.InternalLoggerFactory - Using SLF4J as the default logging framework
22:31:31.629 [main] DEBUG io.netty.util.ResourceLeakDetector - -Dio.netty.leakDetection.level: simple
22:31:31.629 [main] DEBUG io.netty.util.ResourceLeakDetector - -Dio.netty.leakDetection.targetRecords: 4
22:31:31.632 [main] DEBUG io.netty.util.ResourceLeakDetectorFactory - Loaded default ResourceLeakDetector: io.netty.util.ResourceLeakDetector@221ec884
22:31:31.647 [main] DEBUG io.netty.util.internal.PlatformDependent0 - -Dio.netty.noUnsafe: false
22:31:31.647 [main] DEBUG io.netty.util.internal.PlatformDependent0 - Java version: 19
22:31:31.647 [main] DEBUG io.netty.util.internal.PlatformDependent0 - sun.misc.Unsafe.theUnsafe: available
22:31:31.647 [main] DEBUG io.netty.util.internal.PlatformDependent0 - sun.misc.Unsafe.copyMemory: available
22:31:31.649 [main] DEBUG io.netty.util.internal.PlatformDependent0 - java.nio.Buffer.address: available
22:31:31.650 [main] DEBUG io.netty.util.internal.PlatformDependent0 - direct buffer constructor: unavailable: Reflective setAccessible(true) disabled
22:31:31.650 [main] DEBUG io.netty.util.internal.PlatformDependent0 - java.nio.Bits.unaligned: available, true
22:31:31.651 [main] DEBUG io.netty.util.internal.PlatformDependent0 - jdk.internal.misc.Unsafe.allocateUninitializedArray(int): unavailable: class io.netty.util.internal.PlatformDependent0$6 cannot access class jdk.internal.misc.Unsafe (in module java.base) because module java.base does not export jdk.internal.misc to unnamed module @13b13b5d
22:31:31.652 [main] DEBUG io.netty.util.internal.PlatformDependent0 - java.nio.DirectByteBuffer.<init>(long, int): unavailable
22:31:31.652 [main] DEBUG io.netty.util.internal.PlatformDependent - sun.misc.Unsafe: available
22:31:31.654 [main] DEBUG io.netty.util.internal.PlatformDependent - maxDirectMemory: 2095054848 bytes (maybe)
22:31:31.654 [main] DEBUG io.netty.util.internal.PlatformDependent - -Dio.netty.tmpdir: C:\Users\YUSUFE~1\AppData\Local\Temp (java.io.tmpdir)
22:31:31.654 [main] DEBUG io.netty.util.internal.PlatformDependent - -Dio.netty.bitMode: 64 (sun.arch.data.model)
22:31:31.654 [main] DEBUG io.netty.util.internal.PlatformDependent - Platform: Windows
22:31:31.655 [main] DEBUG io.netty.util.internal.PlatformDependent - -Dio.netty.maxDirectMemory: -1 bytes
22:31:31.655 [main] DEBUG io.netty.util.internal.PlatformDependent - -Dio.netty.uninitializedArrayAllocationThreshold: -1
22:31:31.656 [main] DEBUG io.netty.util.internal.CleanerJava9 - java.nio.ByteBuffer.cleaner(): available
22:31:31.656 [main] DEBUG io.netty.util.internal.PlatformDependent - -Dio.netty.noPreferDirect: false
22:31:31.663 [main] DEBUG io.netty.util.internal.PlatformDependent - org.jctools-core.MpscChunkedArrayQueue: available
22:31:31.676 [main] DEBUG io.netty.util.internal.InternalThreadLocalMap - -Dio.netty.threadLocalMap.stringBuilder.initialSize: 1024
22:31:31.676 [main] DEBUG io.netty.util.internal.InternalThreadLocalMap - -Dio.netty.threadLocalMap.stringBuilder.maxSize: 4096
22:31:31.728 [main] DEBUG io.netty.handler.ssl.JdkSslContext - Default protocols (JDK): [TLSv1.3, TLSv1.2] 
22:31:31.728 [main] DEBUG io.netty.handler.ssl.JdkSslContext - Default cipher suites (JDK): [TLS_ECDHE_ECDSA_WITH_AES_256_GCM_SHA384, TLS_ECDHE_ECDSA_WITH_AES_128_GCM_SHA256, TLS_ECDHE_RSA_WITH_AES_128_GCM_SHA256, TLS_ECDHE_RSA_WITH_AES_256_GCM_SHA384, TLS_ECDHE_RSA_WITH_AES_128_CBC_SHA, TLS_ECDHE_RSA_WITH_AES_256_CBC_SHA, TLS_RSA_WITH_AES_128_GCM_SHA256, TLS_RSA_WITH_AES_128_CBC_SHA, TLS_RSA_WITH_AES_256_CBC_SHA, TLS_AES_128_GCM_SHA256, TLS_AES_256_GCM_SHA384]
22:31:31.755 [main] DEBUG io.netty.channel.MultithreadEventLoopGroup - -Dio.netty.eventLoopThreads: 16
22:31:31.764 [main] DEBUG io.netty.channel.nio.NioEventLoop - -Dio.netty.noKeySetOptimization: false
22:31:31.764 [main] DEBUG io.netty.channel.nio.NioEventLoop - -Dio.netty.selectorAutoRebuildThreshold: 512
22:31:31.816 [main] DEBUG io.netty.buffer.PooledByteBufAllocator - -Dio.netty.allocator.numHeapArenas: 16
22:31:31.816 [main] DEBUG io.netty.buffer.PooledByteBufAllocator - -Dio.netty.allocator.numDirectArenas: 16
22:31:31.816 [main] DEBUG io.netty.buffer.PooledByteBufAllocator - -Dio.netty.allocator.pageSize: 8192
22:31:31.816 [main] DEBUG io.netty.buffer.PooledByteBufAllocator - -Dio.netty.allocator.maxOrder: 11
22:31:31.816 [main] DEBUG io.netty.buffer.PooledByteBufAllocator - -Dio.netty.allocator.chunkSize: 16777216
22:31:31.816 [main] DEBUG io.netty.buffer.PooledByteBufAllocator - -Dio.netty.allocator.smallCacheSize: 256
22:31:31.816 [main] DEBUG io.netty.buffer.PooledByteBufAllocator - -Dio.netty.allocator.normalCacheSize: 64
22:31:31.816 [main] DEBUG io.netty.buffer.PooledByteBufAllocator - -Dio.netty.allocator.maxCachedBufferCapacity: 32768
22:31:31.817 [main] DEBUG io.netty.buffer.PooledByteBufAllocator - -Dio.netty.allocator.cacheTrimInterval: 8192
22:31:31.817 [main] DEBUG io.netty.buffer.PooledByteBufAllocator - -Dio.netty.allocator.cacheTrimIntervalMillis: 0
22:31:31.817 [main] DEBUG io.netty.buffer.PooledByteBufAllocator - -Dio.netty.allocator.useCacheForAllThreads: true
22:31:31.817 [main] DEBUG io.netty.buffer.PooledByteBufAllocator - -Dio.netty.allocator.maxCachedByteBuffersPerChunk: 1023
22:31:31.826 [main] DEBUG io.netty.buffer.ByteBufUtil - -Dio.netty.allocator.type: pooled
22:31:31.826 [main] DEBUG io.netty.buffer.ByteBufUtil - -Dio.netty.threadLocalDirectBufferSize: 0
22:31:31.827 [main] DEBUG io.netty.buffer.ByteBufUtil - -Dio.netty.maxThreadLocalCharBufferSize: 16384
22:31:31.983 [main] DEBUG net.serenitybdd.core.webdriver.driverproviders.ProvideNewDriver - Instantiating driver
22:31:31.984 [main] DEBUG net.serenitybdd.core.webdriver.driverproviders.ProvideNewDriver - Driver capabilities: Capabilities {acceptInsecureCerts: false, base.url: https://www.saucedemo.com, browserName: chrome, chrome.driver: src/test/resources/webdrive..., driver: chrome, goog:chromeOptions: {args: [], extensions: []}}
22:31:32.236 [Forwarding newSession on session null to remote] DEBUG io.netty.channel.DefaultChannelId - -Dio.netty.processId: 7164 (auto-detected)
22:31:32.238 [Forwarding newSession on session null to remote] DEBUG io.netty.util.NetUtil - -Djava.net.preferIPv4Stack: false
22:31:32.238 [Forwarding newSession on session null to remote] DEBUG io.netty.util.NetUtil - -Djava.net.preferIPv6Addresses: false
22:31:32.244 [Forwarding newSession on session null to remote] DEBUG io.netty.util.NetUtilInitializations - Loopback interface: lo (Software Loopback Interface 1, 127.0.0.1)
22:31:32.244 [Forwarding newSession on session null to remote] DEBUG io.netty.util.NetUtil - Failed to get SOMAXCONN from sysctl and file \proc\sys\net\core\somaxconn. Default: 200
22:31:32.264 [Forwarding newSession on session null to remote] DEBUG io.netty.channel.DefaultChannelId - -Dio.netty.machineId: 08:71:90:ff:fe:7b:29:b0 (auto-detected)
22:31:32.303 [AsyncHttpClient-1-2] DEBUG io.netty.buffer.AbstractByteBuf - -Dio.netty.buffer.checkAccessible: true
22:31:32.303 [AsyncHttpClient-1-2] DEBUG io.netty.buffer.AbstractByteBuf - -Dio.netty.buffer.checkBounds: true
22:31:32.303 [AsyncHttpClient-1-2] DEBUG io.netty.util.ResourceLeakDetectorFactory - Loaded default ResourceLeakDetector: io.netty.util.ResourceLeakDetector@1684f8
22:31:32.312 [AsyncHttpClient-1-2] DEBUG org.asynchttpclient.netty.channel.NettyConnectListener - Using new Channel '[id: 0x34dc9317, L:/127.0.0.1:64660 - R:localhost/127.0.0.1:61582]' for 'POST' to '/session'
22:31:32.325 [AsyncHttpClient-1-2] DEBUG io.netty.util.Recycler - -Dio.netty.recycler.maxCapacityPerThread: 4096
22:31:32.326 [AsyncHttpClient-1-2] DEBUG io.netty.util.Recycler - -Dio.netty.recycler.ratio: 8
22:31:32.326 [AsyncHttpClient-1-2] DEBUG io.netty.util.Recycler - -Dio.netty.recycler.chunkSize: 32
22:31:32.326 [AsyncHttpClient-1-2] DEBUG io.netty.util.Recycler - -Dio.netty.recycler.blocking: false
22:31:32.895 [AsyncHttpClient-1-2] DEBUG io.netty.handler.codec.compression.Brotli - brotli4j not in the classpath; Brotli support will be unavailable.
22:31:32.896 [AsyncHttpClient-1-2] DEBUG org.asynchttpclient.netty.handler.HttpHandler - 

Request DefaultHttpRequest(decodeResult: success, version: HTTP/1.1)
POST /session HTTP/1.1
User-Agent: selenium/4.1.2 (java windows)
Content-Length: 606
Content-Type: application/json; charset=utf-8
host: localhost:61582
accept: */*

Response DefaultHttpResponse(decodeResult: success, version: HTTP/1.1)
HTTP/1.1 200 OK
Content-Type: application/json; charset=utf-8
cache-control: no-cache
content-length: 794

22:31:32.902 [AsyncHttpClient-1-2] DEBUG org.asynchttpclient.netty.channel.ChannelManager - Adding key: http://localhost:61582 for channel [id: 0x34dc9317, L:/127.0.0.1:64660 - R:localhost/127.0.0.1:61582]
22:31:32.953 [AsyncHttpClient-1-3] DEBUG org.asynchttpclient.netty.channel.NettyConnectListener - Using new Channel '[id: 0x5e59bb7c, L:/127.0.0.1:64667 - R:localhost/127.0.0.1:64661]' for 'GET' to '/json/version'
22:31:32.957 [AsyncHttpClient-1-3] DEBUG org.asynchttpclient.netty.handler.HttpHandler - 

Request DefaultFullHttpRequest(decodeResult: success, version: HTTP/1.1, content: EmptyByteBufBE)
GET /json/version HTTP/1.1
User-Agent: selenium/4.1.2 (java windows)
host: localhost:64661
accept: */*

Response DefaultHttpResponse(decodeResult: success, version: HTTP/1.1)
HTTP/1.1 200 OK
Content-Type: application/json; charset=UTF-8
content-length: 424

22:31:32.959 [AsyncHttpClient-1-3] DEBUG org.asynchttpclient.netty.channel.ChannelManager - Adding key: http://localhost:64661 for channel [id: 0x5e59bb7c, L:/127.0.0.1:64667 - R:localhost/127.0.0.1:64661]
22:31:32.963 [main] DEBUG io.netty.util.internal.ThreadLocalRandom - -Dio.netty.initialSeedUniquifier: 0x4e8291dee8246333
22:31:32.966 [AsyncHttpClient-1-4] DEBUG org.asynchttpclient.netty.channel.NettyConnectListener - Using new Channel '[id: 0x2dbe5992, L:/127.0.0.1:64668 - R:localhost/127.0.0.1:64661]' for 'GET' to '/devtools/browser/d016bb15-8d5e-42cd-8af6-6b360229f088'
22:31:32.972 [AsyncHttpClient-1-4] DEBUG org.asynchttpclient.netty.handler.WebSocketHandler - 

Request DefaultFullHttpRequest(decodeResult: success, version: HTTP/1.1, content: EmptyByteBufBE)
GET /devtools/browser/d016bb15-8d5e-42cd-8af6-6b360229f088 HTTP/1.1
upgrade: websocket
connection: upgrade
sec-websocket-key: 7YCotKT2kFR6rgSO5W8xHg==
sec-websocket-version: 13
origin: http://localhost:64661
host: localhost:64661
accept: */*
user-agent: AHC/2.1

Response DefaultHttpResponse(decodeResult: success, version: HTTP/1.1)
HTTP/1.1 101 WebSocket Protocol Handshake
Upgrade: WebSocket
Connection: Upgrade
Sec-WebSocket-Accept: X2fg9jUQQqOHyY/TgS5yKF0ugbM=

22:31:33.523 [main] DEBUG net.thucydides.core.reflection.ClassFinder - Could not load class .CucumberTestSuite
22:31:33.523 [main] DEBUG net.thucydides.core.reflection.ClassFinder - Could not load class .starter.pages.LoginPage
22:31:33.523 [main] DEBUG net.thucydides.core.reflection.ClassFinder - Could not load class .starter.stepdefinitions.LoginStep
22:31:33.525 [main] DEBUG net.thucydides.core.reflection.ClassFinder - Could not load class META-INF.versions.9.com.sun.istack.logging.StackHelper
22:31:33.525 [main] DEBUG net.thucydides.core.reflection.ClassFinder - Could not load class META-INF.versions.9.com.sun.xml.bind.v2.runtime.reflect.opt.AccessorInjector
22:31:33.525 [main] DEBUG net.thucydides.core.reflection.ClassFinder - Could not load class META-INF.versions.9.com.sun.xml.bind.v2.runtime.reflect.opt.Injector
22:31:33.526 [main] DEBUG net.thucydides.core.reflection.ClassFinder - Could not load class META-INF.versions.9.com.sun.xml.bind.v2.runtime.reflect.opt.OptimizedAccessorFactory
22:31:33.526 [main] DEBUG net.thucydides.core.reflection.ClassFinder - Could not load class META-INF.versions.9.com.sun.xml.bind.v2.runtime.reflect.opt.OptimizedTransducedAccessorFactory
22:31:33.527 [main] DEBUG net.thucydides.core.reflection.ClassFinder - Could not load class META-INF.versions.9.io.opentelemetry.sdk.internal.CurrentJavaVersionSpecific
22:31:33.527 [main] DEBUG net.thucydides.core.reflection.ClassFinder - Could not load class META-INF.versions.9.io.opentelemetry.sdk.internal.Java9VersionSpecific
22:31:33.528 [main] DEBUG net.thucydides.core.reflection.ClassFinder - Could not load class META-INF.versions.9.javax.xml.bind.ModuleUtil
22:31:33.528 [main] DEBUG net.thucydides.core.reflection.ClassFinder - Could not load class META-INF.versions.9.module-info
22:31:33.529 [main] DEBUG net.thucydides.core.reflection.ClassFinder - Could not load class META-INF.versions.9.org.junit.platform.commons.util.ModuleUtils
22:31:33.532 [main] DEBUG net.thucydides.core.reflection.ClassFinder - Could not load class com.google.gson.internal.
22:31:33.534 [main] DEBUG net.thucydides.core.reflection.ClassFinder - Could not load class com.sun.xml.bind.v2.runtime.output.FastInfosetStreamWriterOutput
22:31:33.536 [main] DEBUG net.thucydides.core.reflection.ClassFinder - Could not load class module-info
22:31:33.567 [Forwarding get on session fc336c504dda77c136abeac91a279992 to remote] DEBUG org.asynchttpclient.netty.request.NettyRequestSender - Using pooled Channel '[id: 0x34dc9317, L:/127.0.0.1:64660 - R:localhost/127.0.0.1:61582]' for 'POST' to 'http://localhost:61582/session/fc336c504dda77c136abeac91a279992/url'
22:31:33.568 [Forwarding get on session fc336c504dda77c136abeac91a279992 to remote] DEBUG org.asynchttpclient.netty.request.NettyRequestSender - Using open Channel [id: 0x34dc9317, L:/127.0.0.1:64660 - R:localhost/127.0.0.1:61582] for POST '/session/fc336c504dda77c136abeac91a279992/url'
22:31:33.873 [AsyncHttpClient-1-1] DEBUG org.asynchttpclient.netty.channel.DefaultChannelPool - Entry count for : http://localhost:64661 : 1
22:31:34.975 [AsyncHttpClient-1-1] DEBUG org.asynchttpclient.netty.channel.DefaultChannelPool - Entry count for : http://localhost:64661 : 1
22:31:35.213 [AsyncHttpClient-1-2] DEBUG org.asynchttpclient.netty.handler.HttpHandler - 

Request DefaultHttpRequest(decodeResult: success, version: HTTP/1.1)
POST /session/fc336c504dda77c136abeac91a279992/url HTTP/1.1
User-Agent: selenium/4.1.2 (java windows)
Content-Length: 56
Content-Type: application/json; charset=utf-8
host: localhost:61582
accept: */*

Response DefaultHttpResponse(decodeResult: success, version: HTTP/1.1)
HTTP/1.1 200 OK
Content-Type: application/json; charset=utf-8
cache-control: no-cache
content-length: 14

22:31:35.214 [AsyncHttpClient-1-2] DEBUG org.asynchttpclient.netty.channel.ChannelManager - Adding key: http://localhost:61582 for channel [id: 0x34dc9317, L:/127.0.0.1:64660 - R:localhost/127.0.0.1:61582]
22:31:35.220 [Forwarding setTimeout on session fc336c504dda77c136abeac91a279992 to remote] DEBUG org.asynchttpclient.netty.request.NettyRequestSender - Using pooled Channel '[id: 0x34dc9317, L:/127.0.0.1:64660 - R:localhost/127.0.0.1:61582]' for 'POST' to 'http://localhost:61582/session/fc336c504dda77c136abeac91a279992/timeouts'
22:31:35.220 [Forwarding setTimeout on session fc336c504dda77c136abeac91a279992 to remote] DEBUG org.asynchttpclient.netty.request.NettyRequestSender - Using open Channel [id: 0x34dc9317, L:/127.0.0.1:64660 - R:localhost/127.0.0.1:61582] for POST '/session/fc336c504dda77c136abeac91a279992/timeouts'
22:31:35.222 [AsyncHttpClient-1-2] DEBUG org.asynchttpclient.netty.handler.HttpHandler - 

Request DefaultHttpRequest(decodeResult: success, version: HTTP/1.1)
POST /session/fc336c504dda77c136abeac91a279992/timeouts HTTP/1.1
User-Agent: selenium/4.1.2 (java windows)
Content-Length: 22
Content-Type: application/json; charset=utf-8
host: localhost:61582
accept: */*

Response DefaultHttpResponse(decodeResult: success, version: HTTP/1.1)
HTTP/1.1 200 OK
Content-Type: application/json; charset=utf-8
cache-control: no-cache
content-length: 14

22:31:35.223 [AsyncHttpClient-1-2] DEBUG org.asynchttpclient.netty.channel.ChannelManager - Adding key: http://localhost:61582 for channel [id: 0x34dc9317, L:/127.0.0.1:64660 - R:localhost/127.0.0.1:61582]
22:31:35.230 [Forwarding getCurrentUrl on session fc336c504dda77c136abeac91a279992 to remote] DEBUG org.asynchttpclient.netty.request.NettyRequestSender - Using pooled Channel '[id: 0x34dc9317, L:/127.0.0.1:64660 - R:localhost/127.0.0.1:61582]' for 'GET' to 'http://localhost:61582/session/fc336c504dda77c136abeac91a279992/url'
22:31:35.230 [Forwarding getCurrentUrl on session fc336c504dda77c136abeac91a279992 to remote] DEBUG org.asynchttpclient.netty.request.NettyRequestSender - Using open Channel [id: 0x34dc9317, L:/127.0.0.1:64660 - R:localhost/127.0.0.1:61582] for GET '/session/fc336c504dda77c136abeac91a279992/url'
22:31:35.236 [AsyncHttpClient-1-2] DEBUG org.asynchttpclient.netty.handler.HttpHandler - 

Request DefaultFullHttpRequest(decodeResult: success, version: HTTP/1.1, content: EmptyByteBufBE)
GET /session/fc336c504dda77c136abeac91a279992/url HTTP/1.1
User-Agent: selenium/4.1.2 (java windows)
Cache-Control: no-cache
Content-Type: application/json; charset=utf-8
host: localhost:61582
accept: */*

Response DefaultHttpResponse(decodeResult: success, version: HTTP/1.1)
HTTP/1.1 200 OK
Content-Type: application/json; charset=utf-8
cache-control: no-cache
content-length: 38

22:31:35.236 [AsyncHttpClient-1-2] DEBUG org.asynchttpclient.netty.channel.ChannelManager - Adding key: http://localhost:61582 for channel [id: 0x34dc9317, L:/127.0.0.1:64660 - R:localhost/127.0.0.1:61582]
  &amp#27;[32mGiven &amp#27;[0m&amp#27;[32mI am on the login page&amp#27;[0m      &amp#27;[90m# starter.stepdefinitions.LoginStep.iAmOnTheLoginPage()&amp#27;[0m
22:31:35.255 [main] DEBUG net.serenitybdd.core.photography.Darkroom - Opening darkroom
22:31:35.256 [Darkroom Processing Line] DEBUG net.serenitybdd.core.photography.DarkroomProcessingLine - Darkroom processing line starting up
22:31:35.256 [Forwarding screenshot on session fc336c504dda77c136abeac91a279992 to remote] DEBUG org.asynchttpclient.netty.request.NettyRequestSender - Using pooled Channel '[id: 0x34dc9317, L:/127.0.0.1:64660 - R:localhost/127.0.0.1:61582]' for 'GET' to 'http://localhost:61582/session/fc336c504dda77c136abeac91a279992/screenshot'
22:31:35.256 [Forwarding screenshot on session fc336c504dda77c136abeac91a279992 to remote] DEBUG org.asynchttpclient.netty.request.NettyRequestSender - Using open Channel [id: 0x34dc9317, L:/127.0.0.1:64660 - R:localhost/127.0.0.1:61582] for GET '/session/fc336c504dda77c136abeac91a279992/screenshot'
22:31:35.330 [AsyncHttpClient-1-2] DEBUG org.asynchttpclient.netty.handler.HttpHandler - 

Request DefaultFullHttpRequest(decodeResult: success, version: HTTP/1.1, content: EmptyByteBufBE)
GET /session/fc336c504dda77c136abeac91a279992/screenshot HTTP/1.1
User-Agent: selenium/4.1.2 (java windows)
Cache-Control: no-cache
Content-Type: application/json; charset=utf-8
host: localhost:61582
accept: */*

Response DefaultHttpResponse(decodeResult: success, version: HTTP/1.1)
HTTP/1.1 200 OK
Content-Type: application/json; charset=utf-8
cache-control: no-cache
content-length: 59108

22:31:35.330 [AsyncHttpClient-1-2] DEBUG org.asynchttpclient.netty.channel.ChannelManager - Adding key: http://localhost:61582 for channel [id: 0x34dc9317, L:/127.0.0.1:64660 - R:localhost/127.0.0.1:61582]
22:31:35.369 [main] DEBUG net.serenitybdd.core.photography.Darkroom - Send negative for processing for target\site\serenity\60362de9e780372f1c84cd83ed64add38b67cf4976565ecabf7f97e9ce02f7fb.png
22:31:35.370 [Darkroom Processing Line] DEBUG net.serenitybdd.core.photography.DarkroomProcessingLine - Processing screenshot image in /var/screenshots/screenshot-4177673725331192254
22:31:35.370 [Darkroom Processing Line] DEBUG net.serenitybdd.core.photography.DarkroomProcessingLine - Saving screenshot to target\site\serenity\60362de9e780372f1c84cd83ed64add38b67cf4976565ecabf7f97e9ce02f7fb.png
22:31:35.384 [Forwarding findElement on session fc336c504dda77c136abeac91a279992 to remote] DEBUG org.asynchttpclient.netty.request.NettyRequestSender - Using pooled Channel '[id: 0x34dc9317, L:/127.0.0.1:64660 - R:localhost/127.0.0.1:61582]' for 'POST' to 'http://localhost:61582/session/fc336c504dda77c136abeac91a279992/element'
22:31:35.384 [Forwarding findElement on session fc336c504dda77c136abeac91a279992 to remote] DEBUG org.asynchttpclient.netty.request.NettyRequestSender - Using open Channel [id: 0x34dc9317, L:/127.0.0.1:64660 - R:localhost/127.0.0.1:61582] for POST '/session/fc336c504dda77c136abeac91a279992/element'
22:31:35.394 [AsyncHttpClient-1-2] DEBUG org.asynchttpclient.netty.handler.HttpHandler - 

Request DefaultHttpRequest(decodeResult: success, version: HTTP/1.1)
POST /session/fc336c504dda77c136abeac91a279992/element HTTP/1.1
User-Agent: selenium/4.1.2 (java windows)
Content-Length: 56
Content-Type: application/json; charset=utf-8
host: localhost:61582
accept: */*

Response DefaultHttpResponse(decodeResult: success, version: HTTP/1.1)
HTTP/1.1 200 OK
Content-Type: application/json; charset=utf-8
cache-control: no-cache
content-length: 88

22:31:35.394 [AsyncHttpClient-1-2] DEBUG org.asynchttpclient.netty.channel.ChannelManager - Adding key: http://localhost:61582 for channel [id: 0x34dc9317, L:/127.0.0.1:64660 - R:localhost/127.0.0.1:61582]
22:31:35.396 [Forwarding clearElement on session fc336c504dda77c136abeac91a279992 to remote] DEBUG org.asynchttpclient.netty.request.NettyRequestSender - Using pooled Channel '[id: 0x34dc9317, L:/127.0.0.1:64660 - R:localhost/127.0.0.1:61582]' for 'POST' to 'http://localhost:61582/session/fc336c504dda77c136abeac91a279992/element/d28a8dbd-5318-4abb-bb98-7d1ec75aab1e/clear'
22:31:35.397 [Forwarding clearElement on session fc336c504dda77c136abeac91a279992 to remote] DEBUG org.asynchttpclient.netty.request.NettyRequestSender - Using open Channel [id: 0x34dc9317, L:/127.0.0.1:64660 - R:localhost/127.0.0.1:61582] for POST '/session/fc336c504dda77c136abeac91a279992/element/d28a8dbd-5318-4abb-bb98-7d1ec75aab1e/clear'
22:31:35.425 [AsyncHttpClient-1-2] DEBUG org.asynchttpclient.netty.handler.HttpHandler - 

Request DefaultHttpRequest(decodeResult: success, version: HTTP/1.1)
POST /session/fc336c504dda77c136abeac91a279992/element/d28a8dbd-5318-4abb-bb98-7d1ec75aab1e/clear HTTP/1.1
User-Agent: selenium/4.1.2 (java windows)
Content-Length: 50
Content-Type: application/json; charset=utf-8
host: localhost:61582
accept: */*

Response DefaultHttpResponse(decodeResult: success, version: HTTP/1.1)
HTTP/1.1 200 OK
Content-Type: application/json; charset=utf-8
cache-control: no-cache
content-length: 14

22:31:35.426 [AsyncHttpClient-1-2] DEBUG org.asynchttpclient.netty.channel.ChannelManager - Adding key: http://localhost:61582 for channel [id: 0x34dc9317, L:/127.0.0.1:64660 - R:localhost/127.0.0.1:61582]
22:31:35.431 [Forwarding sendKeysToElement on session fc336c504dda77c136abeac91a279992 to remote] DEBUG org.asynchttpclient.netty.request.NettyRequestSender - Using pooled Channel '[id: 0x34dc9317, L:/127.0.0.1:64660 - R:localhost/127.0.0.1:61582]' for 'POST' to 'http://localhost:61582/session/fc336c504dda77c136abeac91a279992/element/d28a8dbd-5318-4abb-bb98-7d1ec75aab1e/value'
22:31:35.431 [Forwarding sendKeysToElement on session fc336c504dda77c136abeac91a279992 to remote] DEBUG org.asynchttpclient.netty.request.NettyRequestSender - Using open Channel [id: 0x34dc9317, L:/127.0.0.1:64660 - R:localhost/127.0.0.1:61582] for POST '/session/fc336c504dda77c136abeac91a279992/element/d28a8dbd-5318-4abb-bb98-7d1ec75aab1e/value'
22:31:35.495 [AsyncHttpClient-1-2] DEBUG org.asynchttpclient.netty.handler.HttpHandler - 

Request DefaultHttpRequest(decodeResult: success, version: HTTP/1.1)
POST /session/fc336c504dda77c136abeac91a279992/element/d28a8dbd-5318-4abb-bb98-7d1ec75aab1e/value HTTP/1.1
User-Agent: selenium/4.1.2 (java windows)
Content-Length: 231
Content-Type: application/json; charset=utf-8
host: localhost:61582
accept: */*

Response DefaultHttpResponse(decodeResult: success, version: HTTP/1.1)
HTTP/1.1 200 OK
Content-Type: application/json; charset=utf-8
cache-control: no-cache
content-length: 14

22:31:35.496 [AsyncHttpClient-1-2] DEBUG org.asynchttpclient.netty.channel.ChannelManager - Adding key: http://localhost:61582 for channel [id: 0x34dc9317, L:/127.0.0.1:64660 - R:localhost/127.0.0.1:61582]
  &amp#27;[32mWhen &amp#27;[0m&amp#27;[32mI input locked username&amp#27;[0m      &amp#27;[90m# starter.stepdefinitions.LoginStep.iInputLockedUsername()&amp#27;[0m
22:31:35.502 [Forwarding screenshot on session fc336c504dda77c136abeac91a279992 to remote] DEBUG org.asynchttpclient.netty.request.NettyRequestSender - Using pooled Channel '[id: 0x34dc9317, L:/127.0.0.1:64660 - R:localhost/127.0.0.1:61582]' for 'GET' to 'http://localhost:61582/session/fc336c504dda77c136abeac91a279992/screenshot'
22:31:35.502 [Forwarding screenshot on session fc336c504dda77c136abeac91a279992 to remote] DEBUG org.asynchttpclient.netty.request.NettyRequestSender - Using open Channel [id: 0x34dc9317, L:/127.0.0.1:64660 - R:localhost/127.0.0.1:61582] for GET '/session/fc336c504dda77c136abeac91a279992/screenshot'
22:31:35.602 [AsyncHttpClient-1-2] DEBUG org.asynchttpclient.netty.handler.HttpHandler - 

Request DefaultFullHttpRequest(decodeResult: success, version: HTTP/1.1, content: EmptyByteBufBE)
GET /session/fc336c504dda77c136abeac91a279992/screenshot HTTP/1.1
User-Agent: selenium/4.1.2 (java windows)
Cache-Control: no-cache
Content-Type: application/json; charset=utf-8
host: localhost:61582
accept: */*

Response DefaultHttpResponse(decodeResult: success, version: HTTP/1.1)
HTTP/1.1 200 OK
Content-Type: application/json; charset=utf-8
cache-control: no-cache
content-length: 60536

22:31:35.603 [AsyncHttpClient-1-2] DEBUG org.asynchttpclient.netty.channel.ChannelManager - Adding key: http://localhost:61582 for channel [id: 0x34dc9317, L:/127.0.0.1:64660 - R:localhost/127.0.0.1:61582]
22:31:35.605 [main] DEBUG net.serenitybdd.core.photography.Darkroom - Send negative for processing for target\site\serenity\22d1473fedef10e6dd504e26f1013118ffa22b70a632af52b1174d33c3a14e45.png
22:31:35.605 [Darkroom Processing Line] DEBUG net.serenitybdd.core.photography.DarkroomProcessingLine - Processing screenshot image in /var/screenshots/screenshot-3948515132157150627
22:31:35.605 [Darkroom Processing Line] DEBUG net.serenitybdd.core.photography.DarkroomProcessingLine - Saving screenshot to target\site\serenity\22d1473fedef10e6dd504e26f1013118ffa22b70a632af52b1174d33c3a14e45.png
22:31:35.612 [Forwarding findElement on session fc336c504dda77c136abeac91a279992 to remote] DEBUG org.asynchttpclient.netty.request.NettyRequestSender - Using pooled Channel '[id: 0x34dc9317, L:/127.0.0.1:64660 - R:localhost/127.0.0.1:61582]' for 'POST' to 'http://localhost:61582/session/fc336c504dda77c136abeac91a279992/element'
22:31:35.612 [Forwarding findElement on session fc336c504dda77c136abeac91a279992 to remote] DEBUG org.asynchttpclient.netty.request.NettyRequestSender - Using open Channel [id: 0x34dc9317, L:/127.0.0.1:64660 - R:localhost/127.0.0.1:61582] for POST '/session/fc336c504dda77c136abeac91a279992/element'
22:31:35.622 [AsyncHttpClient-1-2] DEBUG org.asynchttpclient.netty.handler.HttpHandler - 

Request DefaultHttpRequest(decodeResult: success, version: HTTP/1.1)
POST /session/fc336c504dda77c136abeac91a279992/element HTTP/1.1
User-Agent: selenium/4.1.2 (java windows)
Content-Length: 53
Content-Type: application/json; charset=utf-8
host: localhost:61582
accept: */*

Response DefaultHttpResponse(decodeResult: success, version: HTTP/1.1)
HTTP/1.1 200 OK
Content-Type: application/json; charset=utf-8
cache-control: no-cache
content-length: 88

22:31:35.622 [AsyncHttpClient-1-2] DEBUG org.asynchttpclient.netty.channel.ChannelManager - Adding key: http://localhost:61582 for channel [id: 0x34dc9317, L:/127.0.0.1:64660 - R:localhost/127.0.0.1:61582]
22:31:35.623 [Forwarding clearElement on session fc336c504dda77c136abeac91a279992 to remote] DEBUG org.asynchttpclient.netty.request.NettyRequestSender - Using pooled Channel '[id: 0x34dc9317, L:/127.0.0.1:64660 - R:localhost/127.0.0.1:61582]' for 'POST' to 'http://localhost:61582/session/fc336c504dda77c136abeac91a279992/element/50c1d934-9476-4afb-826c-f361b19b9940/clear'
22:31:35.623 [Forwarding clearElement on session fc336c504dda77c136abeac91a279992 to remote] DEBUG org.asynchttpclient.netty.request.NettyRequestSender - Using open Channel [id: 0x34dc9317, L:/127.0.0.1:64660 - R:localhost/127.0.0.1:61582] for POST '/session/fc336c504dda77c136abeac91a279992/element/50c1d934-9476-4afb-826c-f361b19b9940/clear'
22:31:35.649 [AsyncHttpClient-1-2] DEBUG org.asynchttpclient.netty.handler.HttpHandler - 

Request DefaultHttpRequest(decodeResult: success, version: HTTP/1.1)
POST /session/fc336c504dda77c136abeac91a279992/element/50c1d934-9476-4afb-826c-f361b19b9940/clear HTTP/1.1
User-Agent: selenium/4.1.2 (java windows)
Content-Length: 50
Content-Type: application/json; charset=utf-8
host: localhost:61582
accept: */*

Response DefaultHttpResponse(decodeResult: success, version: HTTP/1.1)
HTTP/1.1 200 OK
Content-Type: application/json; charset=utf-8
cache-control: no-cache
content-length: 14

22:31:35.649 [AsyncHttpClient-1-2] DEBUG org.asynchttpclient.netty.channel.ChannelManager - Adding key: http://localhost:61582 for channel [id: 0x34dc9317, L:/127.0.0.1:64660 - R:localhost/127.0.0.1:61582]
22:31:35.651 [Forwarding sendKeysToElement on session fc336c504dda77c136abeac91a279992 to remote] DEBUG org.asynchttpclient.netty.request.NettyRequestSender - Using pooled Channel '[id: 0x34dc9317, L:/127.0.0.1:64660 - R:localhost/127.0.0.1:61582]' for 'POST' to 'http://localhost:61582/session/fc336c504dda77c136abeac91a279992/element/50c1d934-9476-4afb-826c-f361b19b9940/value'
22:31:35.651 [Forwarding sendKeysToElement on session fc336c504dda77c136abeac91a279992 to remote] DEBUG org.asynchttpclient.netty.request.NettyRequestSender - Using open Channel [id: 0x34dc9317, L:/127.0.0.1:64660 - R:localhost/127.0.0.1:61582] for POST '/session/fc336c504dda77c136abeac91a279992/element/50c1d934-9476-4afb-826c-f361b19b9940/value'
22:31:35.695 [AsyncHttpClient-1-2] DEBUG org.asynchttpclient.netty.handler.HttpHandler - 

Request DefaultHttpRequest(decodeResult: success, version: HTTP/1.1)
POST /session/fc336c504dda77c136abeac91a279992/element/50c1d934-9476-4afb-826c-f361b19b9940/value HTTP/1.1
User-Agent: selenium/4.1.2 (java windows)
Content-Length: 201
Content-Type: application/json; charset=utf-8
host: localhost:61582
accept: */*

Response DefaultHttpResponse(decodeResult: success, version: HTTP/1.1)
HTTP/1.1 200 OK
Content-Type: application/json; charset=utf-8
cache-control: no-cache
content-length: 14

22:31:35.696 [AsyncHttpClient-1-2] DEBUG org.asynchttpclient.netty.channel.ChannelManager - Adding key: http://localhost:61582 for channel [id: 0x34dc9317, L:/127.0.0.1:64660 - R:localhost/127.0.0.1:61582]
  &amp#27;[32mAnd &amp#27;[0m&amp#27;[32mI input valid password&amp#27;[0m        &amp#27;[90m# starter.stepdefinitions.LoginStep.iInputValidPassword()&amp#27;[0m
22:31:35.701 [Forwarding screenshot on session fc336c504dda77c136abeac91a279992 to remote] DEBUG org.asynchttpclient.netty.request.NettyRequestSender - Using pooled Channel '[id: 0x34dc9317, L:/127.0.0.1:64660 - R:localhost/127.0.0.1:61582]' for 'GET' to 'http://localhost:61582/session/fc336c504dda77c136abeac91a279992/screenshot'
22:31:35.701 [Forwarding screenshot on session fc336c504dda77c136abeac91a279992 to remote] DEBUG org.asynchttpclient.netty.request.NettyRequestSender - Using open Channel [id: 0x34dc9317, L:/127.0.0.1:64660 - R:localhost/127.0.0.1:61582] for GET '/session/fc336c504dda77c136abeac91a279992/screenshot'
22:31:35.804 [AsyncHttpClient-1-2] DEBUG org.asynchttpclient.netty.handler.HttpHandler - 

Request DefaultFullHttpRequest(decodeResult: success, version: HTTP/1.1, content: EmptyByteBufBE)
GET /session/fc336c504dda77c136abeac91a279992/screenshot HTTP/1.1
User-Agent: selenium/4.1.2 (java windows)
Cache-Control: no-cache
Content-Type: application/json; charset=utf-8
host: localhost:61582
accept: */*

Response DefaultHttpResponse(decodeResult: success, version: HTTP/1.1)
HTTP/1.1 200 OK
Content-Type: application/json; charset=utf-8
cache-control: no-cache
content-length: 59012

22:31:35.805 [AsyncHttpClient-1-2] DEBUG org.asynchttpclient.netty.channel.ChannelManager - Adding key: http://localhost:61582 for channel [id: 0x34dc9317, L:/127.0.0.1:64660 - R:localhost/127.0.0.1:61582]
22:31:35.808 [main] DEBUG net.serenitybdd.core.photography.Darkroom - Send negative for processing for target\site\serenity\868dc38538008c966edaea864e89a795b03f77b34f580270ecf0317d0cfcb1ae.png
22:31:35.808 [Darkroom Processing Line] DEBUG net.serenitybdd.core.photography.DarkroomProcessingLine - Processing screenshot image in /var/screenshots/screenshot-15291620872896297930
22:31:35.808 [Darkroom Processing Line] DEBUG net.serenitybdd.core.photography.DarkroomProcessingLine - Saving screenshot to target\site\serenity\868dc38538008c966edaea864e89a795b03f77b34f580270ecf0317d0cfcb1ae.png
22:31:35.816 [Forwarding findElement on session fc336c504dda77c136abeac91a279992 to remote] DEBUG org.asynchttpclient.netty.request.NettyRequestSender - Using pooled Channel '[id: 0x34dc9317, L:/127.0.0.1:64660 - R:localhost/127.0.0.1:61582]' for 'POST' to 'http://localhost:61582/session/fc336c504dda77c136abeac91a279992/element'
22:31:35.816 [Forwarding findElement on session fc336c504dda77c136abeac91a279992 to remote] DEBUG org.asynchttpclient.netty.request.NettyRequestSender - Using open Channel [id: 0x34dc9317, L:/127.0.0.1:64660 - R:localhost/127.0.0.1:61582] for POST '/session/fc336c504dda77c136abeac91a279992/element'
22:31:35.826 [AsyncHttpClient-1-2] DEBUG org.asynchttpclient.netty.handler.HttpHandler - 

Request DefaultHttpRequest(decodeResult: success, version: HTTP/1.1)
POST /session/fc336c504dda77c136abeac91a279992/element HTTP/1.1
User-Agent: selenium/4.1.2 (java windows)
Content-Length: 59
Content-Type: application/json; charset=utf-8
host: localhost:61582
accept: */*

Response DefaultHttpResponse(decodeResult: success, version: HTTP/1.1)
HTTP/1.1 200 OK
Content-Type: application/json; charset=utf-8
cache-control: no-cache
content-length: 88

22:31:35.826 [AsyncHttpClient-1-2] DEBUG org.asynchttpclient.netty.channel.ChannelManager - Adding key: http://localhost:61582 for channel [id: 0x34dc9317, L:/127.0.0.1:64660 - R:localhost/127.0.0.1:61582]
22:31:35.828 [Forwarding getElementTagName on session fc336c504dda77c136abeac91a279992 to remote] DEBUG org.asynchttpclient.netty.request.NettyRequestSender - Using pooled Channel '[id: 0x34dc9317, L:/127.0.0.1:64660 - R:localhost/127.0.0.1:61582]' for 'GET' to 'http://localhost:61582/session/fc336c504dda77c136abeac91a279992/element/39be99c1-f539-4bf2-9b7f-365e59ace666/name'
22:31:35.828 [Forwarding getElementTagName on session fc336c504dda77c136abeac91a279992 to remote] DEBUG org.asynchttpclient.netty.request.NettyRequestSender - Using open Channel [id: 0x34dc9317, L:/127.0.0.1:64660 - R:localhost/127.0.0.1:61582] for GET '/session/fc336c504dda77c136abeac91a279992/element/39be99c1-f539-4bf2-9b7f-365e59ace666/name'
22:31:35.833 [AsyncHttpClient-1-2] DEBUG org.asynchttpclient.netty.handler.HttpHandler - 

Request DefaultFullHttpRequest(decodeResult: success, version: HTTP/1.1, content: EmptyByteBufBE)
GET /session/fc336c504dda77c136abeac91a279992/element/39be99c1-f539-4bf2-9b7f-365e59ace666/name HTTP/1.1
User-Agent: selenium/4.1.2 (java windows)
Cache-Control: no-cache
Content-Type: application/json; charset=utf-8
host: localhost:61582
accept: */*

Response DefaultHttpResponse(decodeResult: success, version: HTTP/1.1)
HTTP/1.1 200 OK
Content-Type: application/json; charset=utf-8
cache-control: no-cache
content-length: 17

22:31:35.833 [AsyncHttpClient-1-2] DEBUG org.asynchttpclient.netty.channel.ChannelManager - Adding key: http://localhost:61582 for channel [id: 0x34dc9317, L:/127.0.0.1:64660 - R:localhost/127.0.0.1:61582]
22:31:35.835 [Forwarding getElementTagName on session fc336c504dda77c136abeac91a279992 to remote] DEBUG org.asynchttpclient.netty.request.NettyRequestSender - Using pooled Channel '[id: 0x34dc9317, L:/127.0.0.1:64660 - R:localhost/127.0.0.1:61582]' for 'GET' to 'http://localhost:61582/session/fc336c504dda77c136abeac91a279992/element/39be99c1-f539-4bf2-9b7f-365e59ace666/name'
22:31:35.835 [Forwarding getElementTagName on session fc336c504dda77c136abeac91a279992 to remote] DEBUG org.asynchttpclient.netty.request.NettyRequestSender - Using open Channel [id: 0x34dc9317, L:/127.0.0.1:64660 - R:localhost/127.0.0.1:61582] for GET '/session/fc336c504dda77c136abeac91a279992/element/39be99c1-f539-4bf2-9b7f-365e59ace666/name'
22:31:35.837 [AsyncHttpClient-1-2] DEBUG org.asynchttpclient.netty.handler.HttpHandler - 

Request DefaultFullHttpRequest(decodeResult: success, version: HTTP/1.1, content: EmptyByteBufBE)
GET /session/fc336c504dda77c136abeac91a279992/element/39be99c1-f539-4bf2-9b7f-365e59ace666/name HTTP/1.1
User-Agent: selenium/4.1.2 (java windows)
Cache-Control: no-cache
Content-Type: application/json; charset=utf-8
host: localhost:61582
accept: */*

Response DefaultHttpResponse(decodeResult: success, version: HTTP/1.1)
HTTP/1.1 200 OK
Content-Type: application/json; charset=utf-8
cache-control: no-cache
content-length: 17

22:31:35.837 [AsyncHttpClient-1-2] DEBUG org.asynchttpclient.netty.channel.ChannelManager - Adding key: http://localhost:61582 for channel [id: 0x34dc9317, L:/127.0.0.1:64660 - R:localhost/127.0.0.1:61582]
22:31:35.842 [Forwarding isElementEnabled on session fc336c504dda77c136abeac91a279992 to remote] DEBUG org.asynchttpclient.netty.request.NettyRequestSender - Using pooled Channel '[id: 0x34dc9317, L:/127.0.0.1:64660 - R:localhost/127.0.0.1:61582]' for 'GET' to 'http://localhost:61582/session/fc336c504dda77c136abeac91a279992/element/39be99c1-f539-4bf2-9b7f-365e59ace666/enabled'
22:31:35.842 [Forwarding isElementEnabled on session fc336c504dda77c136abeac91a279992 to remote] DEBUG org.asynchttpclient.netty.request.NettyRequestSender - Using open Channel [id: 0x34dc9317, L:/127.0.0.1:64660 - R:localhost/127.0.0.1:61582] for GET '/session/fc336c504dda77c136abeac91a279992/element/39be99c1-f539-4bf2-9b7f-365e59ace666/enabled'
22:31:35.849 [AsyncHttpClient-1-2] DEBUG org.asynchttpclient.netty.handler.HttpHandler - 

Request DefaultFullHttpRequest(decodeResult: success, version: HTTP/1.1, content: EmptyByteBufBE)
GET /session/fc336c504dda77c136abeac91a279992/element/39be99c1-f539-4bf2-9b7f-365e59ace666/enabled HTTP/1.1
User-Agent: selenium/4.1.2 (java windows)
Cache-Control: no-cache
Content-Type: application/json; charset=utf-8
host: localhost:61582
accept: */*

Response DefaultHttpResponse(decodeResult: success, version: HTTP/1.1)
HTTP/1.1 200 OK
Content-Type: application/json; charset=utf-8
cache-control: no-cache
content-length: 14

22:31:35.849 [AsyncHttpClient-1-2] DEBUG org.asynchttpclient.netty.channel.ChannelManager - Adding key: http://localhost:61582 for channel [id: 0x34dc9317, L:/127.0.0.1:64660 - R:localhost/127.0.0.1:61582]
22:31:35.851 [Forwarding isElementEnabled on session fc336c504dda77c136abeac91a279992 to remote] DEBUG org.asynchttpclient.netty.request.NettyRequestSender - Using pooled Channel '[id: 0x34dc9317, L:/127.0.0.1:64660 - R:localhost/127.0.0.1:61582]' for 'GET' to 'http://localhost:61582/session/fc336c504dda77c136abeac91a279992/element/39be99c1-f539-4bf2-9b7f-365e59ace666/enabled'
22:31:35.851 [Forwarding isElementEnabled on session fc336c504dda77c136abeac91a279992 to remote] DEBUG org.asynchttpclient.netty.request.NettyRequestSender - Using open Channel [id: 0x34dc9317, L:/127.0.0.1:64660 - R:localhost/127.0.0.1:61582] for GET '/session/fc336c504dda77c136abeac91a279992/element/39be99c1-f539-4bf2-9b7f-365e59ace666/enabled'
22:31:35.857 [AsyncHttpClient-1-2] DEBUG org.asynchttpclient.netty.handler.HttpHandler - 

Request DefaultFullHttpRequest(decodeResult: success, version: HTTP/1.1, content: EmptyByteBufBE)
GET /session/fc336c504dda77c136abeac91a279992/element/39be99c1-f539-4bf2-9b7f-365e59ace666/enabled HTTP/1.1
User-Agent: selenium/4.1.2 (java windows)
Cache-Control: no-cache
Content-Type: application/json; charset=utf-8
host: localhost:61582
accept: */*

Response DefaultHttpResponse(decodeResult: success, version: HTTP/1.1)
HTTP/1.1 200 OK
Content-Type: application/json; charset=utf-8
cache-control: no-cache
content-length: 14

22:31:35.857 [AsyncHttpClient-1-2] DEBUG org.asynchttpclient.netty.channel.ChannelManager - Adding key: http://localhost:61582 for channel [id: 0x34dc9317, L:/127.0.0.1:64660 - R:localhost/127.0.0.1:61582]
22:31:35.859 [Forwarding findElement on session fc336c504dda77c136abeac91a279992 to remote] DEBUG org.asynchttpclient.netty.request.NettyRequestSender - Using pooled Channel '[id: 0x34dc9317, L:/127.0.0.1:64660 - R:localhost/127.0.0.1:61582]' for 'POST' to 'http://localhost:61582/session/fc336c504dda77c136abeac91a279992/element'
22:31:35.859 [Forwarding findElement on session fc336c504dda77c136abeac91a279992 to remote] DEBUG org.asynchttpclient.netty.request.NettyRequestSender - Using open Channel [id: 0x34dc9317, L:/127.0.0.1:64660 - R:localhost/127.0.0.1:61582] for POST '/session/fc336c504dda77c136abeac91a279992/element'
22:31:35.865 [AsyncHttpClient-1-2] DEBUG org.asynchttpclient.netty.handler.HttpHandler - 

Request DefaultHttpRequest(decodeResult: success, version: HTTP/1.1)
POST /session/fc336c504dda77c136abeac91a279992/element HTTP/1.1
User-Agent: selenium/4.1.2 (java windows)
Content-Length: 59
Content-Type: application/json; charset=utf-8
host: localhost:61582
accept: */*

Response DefaultHttpResponse(decodeResult: success, version: HTTP/1.1)
HTTP/1.1 200 OK
Content-Type: application/json; charset=utf-8
cache-control: no-cache
content-length: 88

22:31:35.865 [AsyncHttpClient-1-2] DEBUG org.asynchttpclient.netty.channel.ChannelManager - Adding key: http://localhost:61582 for channel [id: 0x34dc9317, L:/127.0.0.1:64660 - R:localhost/127.0.0.1:61582]
22:31:35.867 [Forwarding clickElement on session fc336c504dda77c136abeac91a279992 to remote] DEBUG org.asynchttpclient.netty.request.NettyRequestSender - Using pooled Channel '[id: 0x34dc9317, L:/127.0.0.1:64660 - R:localhost/127.0.0.1:61582]' for 'POST' to 'http://localhost:61582/session/fc336c504dda77c136abeac91a279992/element/39be99c1-f539-4bf2-9b7f-365e59ace666/click'
22:31:35.867 [Forwarding clickElement on session fc336c504dda77c136abeac91a279992 to remote] DEBUG org.asynchttpclient.netty.request.NettyRequestSender - Using open Channel [id: 0x34dc9317, L:/127.0.0.1:64660 - R:localhost/127.0.0.1:61582] for POST '/session/fc336c504dda77c136abeac91a279992/element/39be99c1-f539-4bf2-9b7f-365e59ace666/click'
22:31:35.906 [AsyncHttpClient-1-2] DEBUG org.asynchttpclient.netty.handler.HttpHandler - 

Request DefaultHttpRequest(decodeResult: success, version: HTTP/1.1)
POST /session/fc336c504dda77c136abeac91a279992/element/39be99c1-f539-4bf2-9b7f-365e59ace666/click HTTP/1.1
User-Agent: selenium/4.1.2 (java windows)
Content-Length: 50
Content-Type: application/json; charset=utf-8
host: localhost:61582
accept: */*

Response DefaultHttpResponse(decodeResult: success, version: HTTP/1.1)
HTTP/1.1 200 OK
Content-Type: application/json; charset=utf-8
cache-control: no-cache
content-length: 14

22:31:35.906 [AsyncHttpClient-1-2] DEBUG org.asynchttpclient.netty.channel.ChannelManager - Adding key: http://localhost:61582 for channel [id: 0x34dc9317, L:/127.0.0.1:64660 - R:localhost/127.0.0.1:61582]
  &amp#27;[32mAnd &amp#27;[0m&amp#27;[32mI click login button&amp#27;[0m          &amp#27;[90m# starter.stepdefinitions.LoginStep.iClickLoginButton()&amp#27;[0m
22:31:35.914 [Forwarding screenshot on session fc336c504dda77c136abeac91a279992 to remote] DEBUG org.asynchttpclient.netty.request.NettyRequestSender - Using pooled Channel '[id: 0x34dc9317, L:/127.0.0.1:64660 - R:localhost/127.0.0.1:61582]' for 'GET' to 'http://localhost:61582/session/fc336c504dda77c136abeac91a279992/screenshot'
22:31:35.914 [Forwarding screenshot on session fc336c504dda77c136abeac91a279992 to remote] DEBUG org.asynchttpclient.netty.request.NettyRequestSender - Using open Channel [id: 0x34dc9317, L:/127.0.0.1:64660 - R:localhost/127.0.0.1:61582] for GET '/session/fc336c504dda77c136abeac91a279992/screenshot'
22:31:35.991 [AsyncHttpClient-1-2] DEBUG org.asynchttpclient.netty.handler.HttpHandler - 

Request DefaultFullHttpRequest(decodeResult: success, version: HTTP/1.1, content: EmptyByteBufBE)
GET /session/fc336c504dda77c136abeac91a279992/screenshot HTTP/1.1
User-Agent: selenium/4.1.2 (java windows)
Cache-Control: no-cache
Content-Type: application/json; charset=utf-8
host: localhost:61582
accept: */*

Response DefaultHttpResponse(decodeResult: success, version: HTTP/1.1)
HTTP/1.1 200 OK
Content-Type: application/json; charset=utf-8
cache-control: no-cache
content-length: 64844

22:31:35.992 [AsyncHttpClient-1-2] DEBUG org.asynchttpclient.netty.channel.ChannelManager - Adding key: http://localhost:61582 for channel [id: 0x34dc9317, L:/127.0.0.1:64660 - R:localhost/127.0.0.1:61582]
22:31:35.997 [main] DEBUG net.serenitybdd.core.photography.Darkroom - Send negative for processing for target\site\serenity\a69d631c59aaf5a7f1758e10750a7507997aea729d094d2b8043cfa3aad1a455.png
22:31:35.998 [Darkroom Processing Line] DEBUG net.serenitybdd.core.photography.DarkroomProcessingLine - Processing screenshot image in /var/screenshots/screenshot-2139003069612495035
22:31:35.998 [Darkroom Processing Line] DEBUG net.serenitybdd.core.photography.DarkroomProcessingLine - Saving screenshot to target\site\serenity\a69d631c59aaf5a7f1758e10750a7507997aea729d094d2b8043cfa3aad1a455.png
22:31:36.005 [Forwarding findElement on session fc336c504dda77c136abeac91a279992 to remote] DEBUG org.asynchttpclient.netty.request.NettyRequestSender - Using pooled Channel '[id: 0x34dc9317, L:/127.0.0.1:64660 - R:localhost/127.0.0.1:61582]' for 'POST' to 'http://localhost:61582/session/fc336c504dda77c136abeac91a279992/element'
22:31:36.005 [Forwarding findElement on session fc336c504dda77c136abeac91a279992 to remote] DEBUG org.asynchttpclient.netty.request.NettyRequestSender - Using open Channel [id: 0x34dc9317, L:/127.0.0.1:64660 - R:localhost/127.0.0.1:61582] for POST '/session/fc336c504dda77c136abeac91a279992/element'
22:31:36.014 [AsyncHttpClient-1-2] DEBUG org.asynchttpclient.netty.handler.HttpHandler - 

Request DefaultHttpRequest(decodeResult: success, version: HTTP/1.1)
POST /session/fc336c504dda77c136abeac91a279992/element HTTP/1.1
User-Agent: selenium/4.1.2 (java windows)
Content-Length: 51
Content-Type: application/json; charset=utf-8
host: localhost:61582
accept: */*

Response DefaultHttpResponse(decodeResult: success, version: HTTP/1.1)
HTTP/1.1 200 OK
Content-Type: application/json; charset=utf-8
cache-control: no-cache
content-length: 88

22:31:36.015 [AsyncHttpClient-1-2] DEBUG org.asynchttpclient.netty.channel.ChannelManager - Adding key: http://localhost:61582 for channel [id: 0x34dc9317, L:/127.0.0.1:64660 - R:localhost/127.0.0.1:61582]
22:31:36.020 [Forwarding isElementDisplayed on session fc336c504dda77c136abeac91a279992 to remote] DEBUG org.asynchttpclient.netty.request.NettyRequestSender - Using pooled Channel '[id: 0x34dc9317, L:/127.0.0.1:64660 - R:localhost/127.0.0.1:61582]' for 'POST' to 'http://localhost:61582/session/fc336c504dda77c136abeac91a279992/execute/sync'
22:31:36.020 [Forwarding isElementDisplayed on session fc336c504dda77c136abeac91a279992 to remote] DEBUG org.asynchttpclient.netty.request.NettyRequestSender - Using open Channel [id: 0x34dc9317, L:/127.0.0.1:64660 - R:localhost/127.0.0.1:61582] for POST '/session/fc336c504dda77c136abeac91a279992/execute/sync'
22:31:36.032 [AsyncHttpClient-1-2] DEBUG org.asynchttpclient.netty.handler.HttpHandler - 

Request DefaultHttpRequest(decodeResult: success, version: HTTP/1.1)
POST /session/fc336c504dda77c136abeac91a279992/execute/sync HTTP/1.1
User-Agent: selenium/4.1.2 (java windows)
Content-Length: 48780
Content-Type: application/json; charset=utf-8
host: localhost:61582
accept: */*

Response DefaultHttpResponse(decodeResult: success, version: HTTP/1.1)
HTTP/1.1 200 OK
Content-Type: application/json; charset=utf-8
cache-control: no-cache
content-length: 14

22:31:36.032 [AsyncHttpClient-1-2] DEBUG org.asynchttpclient.netty.channel.ChannelManager - Adding key: http://localhost:61582 for channel [id: 0x34dc9317, L:/127.0.0.1:64660 - R:localhost/127.0.0.1:61582]
  &amp#27;[32mThen &amp#27;[0m&amp#27;[32mI will get error message&amp#27;[0m     &amp#27;[90m# starter.stepdefinitions.LoginStep.iWillGetErrorMessage()&amp#27;[0m
22:31:36.039 [main] INFO  - 
  _____   ___   ___   _____     ___     _     ___   ___   ___   ___  
 |_   _| | __| / __| |_   _|   | _ \   /_\   / __| / __| | __| |   \ 
   | |   | _|  \__ \   | |     |  _/  / _ \  \__ \ \__ \ | _|  | |) |
   |_|   |___| |___/   |_|     |_|   /_/ \_\ |___/ |___/ |___| |___/ 

Login with locked account
----------------------------------------------------------------------
22:31:36.068 [AsyncHttpClient-1-1] DEBUG org.asynchttpclient.netty.channel.DefaultChannelPool - Entry count for : http://localhost:61582 : 1
22:31:36.068 [AsyncHttpClient-1-1] DEBUG org.asynchttpclient.netty.channel.DefaultChannelPool - Entry count for : http://localhost:64661 : 1
22:31:36.122 [Driver Command Executor] DEBUG org.asynchttpclient.netty.request.NettyRequestSender - Using pooled Channel '[id: 0x34dc9317, L:/127.0.0.1:64660 - R:localhost/127.0.0.1:61582]' for 'DELETE' to 'http://localhost:61582/session/fc336c504dda77c136abeac91a279992'
22:31:36.122 [Driver Command Executor] DEBUG org.asynchttpclient.netty.request.NettyRequestSender - Using open Channel [id: 0x34dc9317, L:/127.0.0.1:64660 - R:localhost/127.0.0.1:61582] for DELETE '/session/fc336c504dda77c136abeac91a279992'
22:31:36.123 [AsyncHttpClient-1-4] DEBUG org.asynchttpclient.netty.handler.WebSocketHandler - Channel Closed: [id: 0x2dbe5992, L:/127.0.0.1:64668 ! R:localhost/127.0.0.1:64661] with attribute NettyResponseFuture{currentRetry=5,
	isDone=1,
	isCancelled=0,
	asyncHandler=org.asynchttpclient.ws.WebSocketUpgradeHandler@54b97763,
	nettyRequest=org.asynchttpclient.netty.request.NettyRequest@7a003dac,
	future=java.util.concurrent.CompletableFuture@19c70334[Completed normally],
	uri=ws://localhost:64661/devtools/browser/d016bb15-8d5e-42cd-8af6-6b360229f088,
	keepAlive=true,
	redirectCount=0,
	timeoutsHolder=null,
	inAuth=0,
	touch=1665675092982}
22:31:36.124 [AsyncHttpClient-1-4] DEBUG org.asynchttpclient.netty.channel.ChannelManager - Closing Channel [id: 0x2dbe5992, L:/127.0.0.1:64668 ! R:localhost/127.0.0.1:64661] 
22:31:36.148 [AsyncHttpClient-1-3] DEBUG org.asynchttpclient.netty.handler.HttpHandler - Unexpected I/O exception on channel [id: 0x5e59bb7c, L:/127.0.0.1:64667 - R:localhost/127.0.0.1:64661]
java.net.SocketException: Connection reset
	at java.base/sun.nio.ch.SocketChannelImpl.throwConnectionReset(SocketChannelImpl.java:401)
	at java.base/sun.nio.ch.SocketChannelImpl.read(SocketChannelImpl.java:434)
	at io.netty.buffer.PooledByteBuf.setBytes(PooledByteBuf.java:258)
	at io.netty.buffer.AbstractByteBuf.writeBytes(AbstractByteBuf.java:1132)
	at io.netty.channel.socket.nio.NioSocketChannel.doReadBytes(NioSocketChannel.java:350)
	at io.netty.channel.nio.AbstractNioByteChannel$NioByteUnsafe.read(AbstractNioByteChannel.java:151)
	at io.netty.channel.nio.NioEventLoop.processSelectedKey(NioEventLoop.java:722)
	at io.netty.channel.nio.NioEventLoop.processSelectedKeysOptimized(NioEventLoop.java:658)
	at io.netty.channel.nio.NioEventLoop.processSelectedKeys(NioEventLoop.java:584)
	at io.netty.channel.nio.NioEventLoop.run(NioEventLoop.java:496)
	at io.netty.util.concurrent.SingleThreadEventExecutor$4.run(SingleThreadEventExecutor.java:986)
	at io.netty.util.internal.ThreadExecutorMap$2.run(ThreadExecutorMap.java:74)
	at io.netty.util.concurrent.FastThreadLocalRunnable.run(FastThreadLocalRunnable.java:30)
	at java.base/java.lang.Thread.run(Thread.java:1589)
22:31:36.148 [AsyncHttpClient-1-3] DEBUG org.asynchttpclient.netty.channel.ChannelManager - Closing Channel [id: 0x5e59bb7c, L:/127.0.0.1:64667 - R:localhost/127.0.0.1:64661] 
22:31:36.151 [AsyncHttpClient-1-3] DEBUG org.asynchttpclient.netty.handler.HttpHandler - Channel Closed: [id: 0x5e59bb7c, L:/127.0.0.1:64667 ! R:localhost/127.0.0.1:64661] with attribute DISCARD
22:31:36.157 [AsyncHttpClient-1-2] DEBUG org.asynchttpclient.netty.handler.HttpHandler - 

Request DefaultFullHttpRequest(decodeResult: success, version: HTTP/1.1, content: EmptyByteBufBE)
DELETE /session/fc336c504dda77c136abeac91a279992 HTTP/1.1
User-Agent: selenium/4.1.2 (java windows)
Content-Type: application/json; charset=utf-8
host: localhost:61582
accept: */*

Response DefaultHttpResponse(decodeResult: success, version: HTTP/1.1)
HTTP/1.1 200 OK
Content-Type: application/json; charset=utf-8
cache-control: no-cache
content-length: 14

22:31:36.158 [AsyncHttpClient-1-2] DEBUG org.asynchttpclient.netty.channel.ChannelManager - Adding key: http://localhost:61582 for channel [id: 0x34dc9317, L:/127.0.0.1:64660 - R:localhost/127.0.0.1:61582]
22:31:36.200 [AsyncHttpClient-1-2] DEBUG org.asynchttpclient.netty.handler.HttpHandler - Channel Closed: [id: 0x34dc9317, L:/127.0.0.1:64660 ! R:localhost/127.0.0.1:61582] with attribute DISCARD
]]></system-out>
    <system-err><![CDATA[Starting ChromeDriver 106.0.5249.61 (511755355844955cd3e264779baf0dd38212a4d0-refs/branch-heads/5249@{#569}) on port 61582
Only local connections are allowed.
Please see https://chromedriver.chromium.org/security-considerations for suggestions on keeping ChromeDriver safe.
ChromeDriver was started successfully.
Oct 13, 2022 10:31:32 PM org.openqa.selenium.remote.ProtocolHandshake createSession
INFO: Detected dialect: W3C
Oct 13, 2022 10:31:32 PM org.openqa.selenium.devtools.CdpVersionFinder findNearestMatch
WARNING: Unable to find an exact match for CDP version 106, so returning the closest version found: a no-op implementation
Oct 13, 2022 10:31:32 PM org.openqa.selenium.devtools.CdpVersionFinder findNearestMatch
INFO: Unable to find CDP implementation matching 106.
Oct 13, 2022 10:31:32 PM org.openqa.selenium.chromium.ChromiumDriver lambda$new$3
WARNING: Unable to find version of CDP to use for . You may need to include a dependency on a specific version of the CDP using something similar to `org.seleniumhq.selenium:selenium-devtools-v86:4.1.2` where the version ("v86") matches the version of the chromium-based browser you're using and the version number of the artifact is the same as Selenium's.
]]></system-err>
  </testcase>
  <testcase name="Login with standard user" classname="Login" time="6.031">
    <system-out><![CDATA[
Scenario: Login with standard user &amp#27;[90m# src/test/resources/features/login.feature:13&amp#27;[0m
22:31:36.266 [main] INFO io.cucumber.core.plugin.SerenityReporter - Running feature from file:///D:/qe_moch_yusuf_efendi/21_Review%20Web%20UI%20Testing%20with%20Serenity/praktikum/web-ui/src/test/resources/features/login.feature
22:31:36.270 [main] INFO  - 
  _____   ___   ___   _____     ___   _____     _     ___   _____   ___   ___  
 |_   _| | __| / __| |_   _|   / __| |_   _|   /_\   | _ \ |_   _| | __| |   \ 
   | |   | _|  \__ \   | |     \__ \   | |    / _ \  |   /   | |   | _|  | |) |
   |_|   |___| |___/   |_|     |___/   |_|   /_/ \_\ |_|_\   |_|   |___| |___/ 

Login with standard user(login;login-with-standard-user)
--------------------------------------------------------------------------------
22:31:36.291 [main] INFO net.serenitybdd.core.webdriver.driverproviders.ChromeDriverProvider - Using automatically driver download
22:31:36.394 [main] DEBUG io.github.bonigarcia.wdm.cache.ResolutionCache - Resolution chrome=106 in cache (valid until 23:11:12 13/10/2022 WIB)
22:31:36.398 [main] DEBUG io.github.bonigarcia.wdm.cache.ResolutionCache - Resolution chrome106=106.0.5249.61 in cache (valid until 19:49:28 14/10/2022 WIB)
22:31:36.400 [main] INFO io.github.bonigarcia.wdm.WebDriverManager - Using chromedriver 106.0.5249.61 (resolved driver for Chrome 106)
22:31:36.409 [main] DEBUG io.github.bonigarcia.wdm.WebDriverManager - Driver chromedriver 106.0.5249.61 found in cache
22:31:36.410 [main] INFO io.github.bonigarcia.wdm.WebDriverManager - Exporting webdriver.chrome.driver as C:\Users\Yusuf Efendi\.cache\selenium\chromedriver\win32\106.0.5249.61\chromedriver.exe
22:31:36.497 [main] DEBUG net.serenitybdd.core.webdriver.driverproviders.ProvideNewDriver - Instantiating driver
22:31:36.497 [main] DEBUG net.serenitybdd.core.webdriver.driverproviders.ProvideNewDriver - Driver capabilities: Capabilities {acceptInsecureCerts: false, base.url: https://www.saucedemo.com, browserName: chrome, chrome.driver: src/test/resources/webdrive..., driver: chrome, goog:chromeOptions: {args: [], extensions: []}}
22:31:36.553 [AsyncHttpClient-1-5] DEBUG org.asynchttpclient.netty.channel.NettyConnectListener - Using new Channel '[id: 0xa50451cc, L:/127.0.0.1:64681 - R:localhost/127.0.0.1:55165]' for 'POST' to '/session'
22:31:37.135 [AsyncHttpClient-1-5] DEBUG org.asynchttpclient.netty.handler.HttpHandler - 

Request DefaultHttpRequest(decodeResult: success, version: HTTP/1.1)
POST /session HTTP/1.1
User-Agent: selenium/4.1.2 (java windows)
Content-Length: 606
Content-Type: application/json; charset=utf-8
host: localhost:55165
accept: */*

Response DefaultHttpResponse(decodeResult: success, version: HTTP/1.1)
HTTP/1.1 200 OK
Content-Type: application/json; charset=utf-8
cache-control: no-cache
content-length: 794

22:31:37.135 [AsyncHttpClient-1-5] DEBUG org.asynchttpclient.netty.channel.ChannelManager - Adding key: http://localhost:55165 for channel [id: 0xa50451cc, L:/127.0.0.1:64681 - R:localhost/127.0.0.1:55165]
22:31:37.145 [AsyncHttpClient-1-6] DEBUG org.asynchttpclient.netty.channel.NettyConnectListener - Using new Channel '[id: 0xa36aac16, L:/127.0.0.1:64688 - R:localhost/127.0.0.1:64682]' for 'GET' to '/json/version'
22:31:37.155 [AsyncHttpClient-1-6] DEBUG org.asynchttpclient.netty.handler.HttpHandler - 

Request DefaultFullHttpRequest(decodeResult: success, version: HTTP/1.1, content: EmptyByteBufBE)
GET /json/version HTTP/1.1
User-Agent: selenium/4.1.2 (java windows)
host: localhost:64682
accept: */*

Response DefaultHttpResponse(decodeResult: success, version: HTTP/1.1)
HTTP/1.1 200 OK
Content-Type: application/json; charset=UTF-8
content-length: 424

22:31:37.155 [AsyncHttpClient-1-6] DEBUG org.asynchttpclient.netty.channel.ChannelManager - Adding key: http://localhost:64682 for channel [id: 0xa36aac16, L:/127.0.0.1:64688 - R:localhost/127.0.0.1:64682]
22:31:37.158 [AsyncHttpClient-1-7] DEBUG org.asynchttpclient.netty.channel.NettyConnectListener - Using new Channel '[id: 0x5fd9aa6e, L:/127.0.0.1:64689 - R:localhost/127.0.0.1:64682]' for 'GET' to '/devtools/browser/ad216a11-0057-4ea3-97cf-0be265208ad4'
22:31:37.164 [AsyncHttpClient-1-7] DEBUG org.asynchttpclient.netty.handler.WebSocketHandler - 

Request DefaultFullHttpRequest(decodeResult: success, version: HTTP/1.1, content: EmptyByteBufBE)
GET /devtools/browser/ad216a11-0057-4ea3-97cf-0be265208ad4 HTTP/1.1
upgrade: websocket
connection: upgrade
sec-websocket-key: 2UKvn2RgWakUlyt2CSymvQ==
sec-websocket-version: 13
origin: http://localhost:64682
host: localhost:64682
accept: */*
user-agent: AHC/2.1

Response DefaultHttpResponse(decodeResult: success, version: HTTP/1.1)
HTTP/1.1 101 WebSocket Protocol Handshake
Upgrade: WebSocket
Connection: Upgrade
Sec-WebSocket-Accept: +Rh/E4ULdsz72qMQ3lu62E4K5tc=

22:31:37.167 [AsyncHttpClient-1-1] DEBUG org.asynchttpclient.netty.channel.DefaultChannelPool - Entry count for : http://localhost:61582 : 1
22:31:37.167 [AsyncHttpClient-1-1] DEBUG org.asynchttpclient.netty.channel.DefaultChannelPool - Entry count for : http://localhost:55165 : 1
22:31:37.167 [AsyncHttpClient-1-1] DEBUG org.asynchttpclient.netty.channel.DefaultChannelPool - Entry count for : http://localhost:64682 : 1
22:31:37.167 [AsyncHttpClient-1-1] DEBUG org.asynchttpclient.netty.channel.DefaultChannelPool - Entry count for : http://localhost:64661 : 1
22:31:37.167 [AsyncHttpClient-1-1] DEBUG org.asynchttpclient.netty.channel.DefaultChannelPool - Adding Candidate expired Channel [id: 0x34dc9317, L:/127.0.0.1:64660 ! R:localhost/127.0.0.1:61582] isIdleTimeoutExpired=false isRemotelyClosed=true isTtlExpired=false
22:31:37.167 [AsyncHttpClient-1-1] DEBUG org.asynchttpclient.netty.channel.DefaultChannelPool - Closing Idle Channel [id: 0x34dc9317, L:/127.0.0.1:64660 ! R:localhost/127.0.0.1:61582]
22:31:37.168 [AsyncHttpClient-1-1] DEBUG org.asynchttpclient.netty.channel.DefaultChannelPool - Adding Candidate expired Channel [id: 0x5e59bb7c, L:/127.0.0.1:64667 ! R:localhost/127.0.0.1:64661] isIdleTimeoutExpired=false isRemotelyClosed=true isTtlExpired=false
22:31:37.168 [AsyncHttpClient-1-1] DEBUG org.asynchttpclient.netty.channel.DefaultChannelPool - Closing Idle Channel [id: 0x5e59bb7c, L:/127.0.0.1:64667 ! R:localhost/127.0.0.1:64661]
22:31:37.169 [AsyncHttpClient-1-1] DEBUG org.asynchttpclient.netty.channel.DefaultChannelPool - Closed 2 connections out of 4 in 2 ms
22:31:37.173 [Forwarding get on session 3aefe83d38bfc0beb0438deb467360d2 to remote] DEBUG org.asynchttpclient.netty.request.NettyRequestSender - Using pooled Channel '[id: 0xa50451cc, L:/127.0.0.1:64681 - R:localhost/127.0.0.1:55165]' for 'POST' to 'http://localhost:55165/session/3aefe83d38bfc0beb0438deb467360d2/url'
22:31:37.173 [Forwarding get on session 3aefe83d38bfc0beb0438deb467360d2 to remote] DEBUG org.asynchttpclient.netty.request.NettyRequestSender - Using open Channel [id: 0xa50451cc, L:/127.0.0.1:64681 - R:localhost/127.0.0.1:55165] for POST '/session/3aefe83d38bfc0beb0438deb467360d2/url'
22:31:38.268 [AsyncHttpClient-1-1] DEBUG org.asynchttpclient.netty.channel.DefaultChannelPool - Entry count for : http://localhost:64682 : 1
22:31:39.370 [AsyncHttpClient-1-1] DEBUG org.asynchttpclient.netty.channel.DefaultChannelPool - Entry count for : http://localhost:64682 : 1
22:31:40.467 [AsyncHttpClient-1-1] DEBUG org.asynchttpclient.netty.channel.DefaultChannelPool - Entry count for : http://localhost:64682 : 1
22:31:41.407 [AsyncHttpClient-1-5] DEBUG org.asynchttpclient.netty.handler.HttpHandler - 

Request DefaultHttpRequest(decodeResult: success, version: HTTP/1.1)
POST /session/3aefe83d38bfc0beb0438deb467360d2/url HTTP/1.1
User-Agent: selenium/4.1.2 (java windows)
Content-Length: 56
Content-Type: application/json; charset=utf-8
host: localhost:55165
accept: */*

Response DefaultHttpResponse(decodeResult: success, version: HTTP/1.1)
HTTP/1.1 200 OK
Content-Type: application/json; charset=utf-8
cache-control: no-cache
content-length: 14

22:31:41.408 [AsyncHttpClient-1-5] DEBUG org.asynchttpclient.netty.channel.ChannelManager - Adding key: http://localhost:55165 for channel [id: 0xa50451cc, L:/127.0.0.1:64681 - R:localhost/127.0.0.1:55165]
22:31:41.411 [Forwarding setTimeout on session 3aefe83d38bfc0beb0438deb467360d2 to remote] DEBUG org.asynchttpclient.netty.request.NettyRequestSender - Using pooled Channel '[id: 0xa50451cc, L:/127.0.0.1:64681 - R:localhost/127.0.0.1:55165]' for 'POST' to 'http://localhost:55165/session/3aefe83d38bfc0beb0438deb467360d2/timeouts'
22:31:41.411 [Forwarding setTimeout on session 3aefe83d38bfc0beb0438deb467360d2 to remote] DEBUG org.asynchttpclient.netty.request.NettyRequestSender - Using open Channel [id: 0xa50451cc, L:/127.0.0.1:64681 - R:localhost/127.0.0.1:55165] for POST '/session/3aefe83d38bfc0beb0438deb467360d2/timeouts'
22:31:41.413 [AsyncHttpClient-1-5] DEBUG org.asynchttpclient.netty.handler.HttpHandler - 

Request DefaultHttpRequest(decodeResult: success, version: HTTP/1.1)
POST /session/3aefe83d38bfc0beb0438deb467360d2/timeouts HTTP/1.1
User-Agent: selenium/4.1.2 (java windows)
Content-Length: 22
Content-Type: application/json; charset=utf-8
host: localhost:55165
accept: */*

Response DefaultHttpResponse(decodeResult: success, version: HTTP/1.1)
HTTP/1.1 200 OK
Content-Type: application/json; charset=utf-8
cache-control: no-cache
content-length: 14

22:31:41.414 [AsyncHttpClient-1-5] DEBUG org.asynchttpclient.netty.channel.ChannelManager - Adding key: http://localhost:55165 for channel [id: 0xa50451cc, L:/127.0.0.1:64681 - R:localhost/127.0.0.1:55165]
22:31:41.417 [Forwarding getCurrentUrl on session 3aefe83d38bfc0beb0438deb467360d2 to remote] DEBUG org.asynchttpclient.netty.request.NettyRequestSender - Using pooled Channel '[id: 0xa50451cc, L:/127.0.0.1:64681 - R:localhost/127.0.0.1:55165]' for 'GET' to 'http://localhost:55165/session/3aefe83d38bfc0beb0438deb467360d2/url'
22:31:41.417 [Forwarding getCurrentUrl on session 3aefe83d38bfc0beb0438deb467360d2 to remote] DEBUG org.asynchttpclient.netty.request.NettyRequestSender - Using open Channel [id: 0xa50451cc, L:/127.0.0.1:64681 - R:localhost/127.0.0.1:55165] for GET '/session/3aefe83d38bfc0beb0438deb467360d2/url'
22:31:41.424 [AsyncHttpClient-1-5] DEBUG org.asynchttpclient.netty.handler.HttpHandler - 

Request DefaultFullHttpRequest(decodeResult: success, version: HTTP/1.1, content: EmptyByteBufBE)
GET /session/3aefe83d38bfc0beb0438deb467360d2/url HTTP/1.1
User-Agent: selenium/4.1.2 (java windows)
Cache-Control: no-cache
Content-Type: application/json; charset=utf-8
host: localhost:55165
accept: */*

Response DefaultHttpResponse(decodeResult: success, version: HTTP/1.1)
HTTP/1.1 200 OK
Content-Type: application/json; charset=utf-8
cache-control: no-cache
content-length: 38

22:31:41.424 [AsyncHttpClient-1-5] DEBUG org.asynchttpclient.netty.channel.ChannelManager - Adding key: http://localhost:55165 for channel [id: 0xa50451cc, L:/127.0.0.1:64681 - R:localhost/127.0.0.1:55165]
  &amp#27;[32mGiven &amp#27;[0m&amp#27;[32mI am on the login page&amp#27;[0m     &amp#27;[90m# starter.stepdefinitions.LoginStep.iAmOnTheLoginPage()&amp#27;[0m
22:31:41.430 [Forwarding screenshot on session 3aefe83d38bfc0beb0438deb467360d2 to remote] DEBUG org.asynchttpclient.netty.request.NettyRequestSender - Using pooled Channel '[id: 0xa50451cc, L:/127.0.0.1:64681 - R:localhost/127.0.0.1:55165]' for 'GET' to 'http://localhost:55165/session/3aefe83d38bfc0beb0438deb467360d2/screenshot'
22:31:41.430 [Forwarding screenshot on session 3aefe83d38bfc0beb0438deb467360d2 to remote] DEBUG org.asynchttpclient.netty.request.NettyRequestSender - Using open Channel [id: 0xa50451cc, L:/127.0.0.1:64681 - R:localhost/127.0.0.1:55165] for GET '/session/3aefe83d38bfc0beb0438deb467360d2/screenshot'
22:31:41.536 [AsyncHttpClient-1-5] DEBUG org.asynchttpclient.netty.handler.HttpHandler - 

Request DefaultFullHttpRequest(decodeResult: success, version: HTTP/1.1, content: EmptyByteBufBE)
GET /session/3aefe83d38bfc0beb0438deb467360d2/screenshot HTTP/1.1
User-Agent: selenium/4.1.2 (java windows)
Cache-Control: no-cache
Content-Type: application/json; charset=utf-8
host: localhost:55165
accept: */*

Response DefaultHttpResponse(decodeResult: success, version: HTTP/1.1)
HTTP/1.1 200 OK
Content-Type: application/json; charset=utf-8
cache-control: no-cache
content-length: 59108

22:31:41.537 [AsyncHttpClient-1-5] DEBUG org.asynchttpclient.netty.channel.ChannelManager - Adding key: http://localhost:55165 for channel [id: 0xa50451cc, L:/127.0.0.1:64681 - R:localhost/127.0.0.1:55165]
22:31:41.540 [main] DEBUG net.serenitybdd.core.photography.Darkroom - Send negative for processing for target\site\serenity\60362de9e780372f1c84cd83ed64add38b67cf4976565ecabf7f97e9ce02f7fb.png
22:31:41.547 [Forwarding findElement on session 3aefe83d38bfc0beb0438deb467360d2 to remote] DEBUG org.asynchttpclient.netty.request.NettyRequestSender - Using pooled Channel '[id: 0xa50451cc, L:/127.0.0.1:64681 - R:localhost/127.0.0.1:55165]' for 'POST' to 'http://localhost:55165/session/3aefe83d38bfc0beb0438deb467360d2/element'
22:31:41.547 [Forwarding findElement on session 3aefe83d38bfc0beb0438deb467360d2 to remote] DEBUG org.asynchttpclient.netty.request.NettyRequestSender - Using open Channel [id: 0xa50451cc, L:/127.0.0.1:64681 - R:localhost/127.0.0.1:55165] for POST '/session/3aefe83d38bfc0beb0438deb467360d2/element'
22:31:41.557 [AsyncHttpClient-1-5] DEBUG org.asynchttpclient.netty.handler.HttpHandler - 

Request DefaultHttpRequest(decodeResult: success, version: HTTP/1.1)
POST /session/3aefe83d38bfc0beb0438deb467360d2/element HTTP/1.1
User-Agent: selenium/4.1.2 (java windows)
Content-Length: 56
Content-Type: application/json; charset=utf-8
host: localhost:55165
accept: */*

Response DefaultHttpResponse(decodeResult: success, version: HTTP/1.1)
HTTP/1.1 200 OK
Content-Type: application/json; charset=utf-8
cache-control: no-cache
content-length: 88

22:31:41.557 [AsyncHttpClient-1-5] DEBUG org.asynchttpclient.netty.channel.ChannelManager - Adding key: http://localhost:55165 for channel [id: 0xa50451cc, L:/127.0.0.1:64681 - R:localhost/127.0.0.1:55165]
22:31:41.559 [Forwarding clearElement on session 3aefe83d38bfc0beb0438deb467360d2 to remote] DEBUG org.asynchttpclient.netty.request.NettyRequestSender - Using pooled Channel '[id: 0xa50451cc, L:/127.0.0.1:64681 - R:localhost/127.0.0.1:55165]' for 'POST' to 'http://localhost:55165/session/3aefe83d38bfc0beb0438deb467360d2/element/2354eed3-09e2-4d8a-8ddc-bfefb751ee1f/clear'
22:31:41.559 [Forwarding clearElement on session 3aefe83d38bfc0beb0438deb467360d2 to remote] DEBUG org.asynchttpclient.netty.request.NettyRequestSender - Using open Channel [id: 0xa50451cc, L:/127.0.0.1:64681 - R:localhost/127.0.0.1:55165] for POST '/session/3aefe83d38bfc0beb0438deb467360d2/element/2354eed3-09e2-4d8a-8ddc-bfefb751ee1f/clear'
22:31:41.567 [AsyncHttpClient-1-1] DEBUG org.asynchttpclient.netty.channel.DefaultChannelPool - Entry count for : http://localhost:64682 : 1
22:31:41.587 [AsyncHttpClient-1-5] DEBUG org.asynchttpclient.netty.handler.HttpHandler - 

Request DefaultHttpRequest(decodeResult: success, version: HTTP/1.1)
POST /session/3aefe83d38bfc0beb0438deb467360d2/element/2354eed3-09e2-4d8a-8ddc-bfefb751ee1f/clear HTTP/1.1
User-Agent: selenium/4.1.2 (java windows)
Content-Length: 50
Content-Type: application/json; charset=utf-8
host: localhost:55165
accept: */*

Response DefaultHttpResponse(decodeResult: success, version: HTTP/1.1)
HTTP/1.1 200 OK
Content-Type: application/json; charset=utf-8
cache-control: no-cache
content-length: 14

22:31:41.587 [AsyncHttpClient-1-5] DEBUG org.asynchttpclient.netty.channel.ChannelManager - Adding key: http://localhost:55165 for channel [id: 0xa50451cc, L:/127.0.0.1:64681 - R:localhost/127.0.0.1:55165]
22:31:41.589 [Forwarding sendKeysToElement on session 3aefe83d38bfc0beb0438deb467360d2 to remote] DEBUG org.asynchttpclient.netty.request.NettyRequestSender - Using pooled Channel '[id: 0xa50451cc, L:/127.0.0.1:64681 - R:localhost/127.0.0.1:55165]' for 'POST' to 'http://localhost:55165/session/3aefe83d38bfc0beb0438deb467360d2/element/2354eed3-09e2-4d8a-8ddc-bfefb751ee1f/value'
22:31:41.589 [Forwarding sendKeysToElement on session 3aefe83d38bfc0beb0438deb467360d2 to remote] DEBUG org.asynchttpclient.netty.request.NettyRequestSender - Using open Channel [id: 0xa50451cc, L:/127.0.0.1:64681 - R:localhost/127.0.0.1:55165] for POST '/session/3aefe83d38bfc0beb0438deb467360d2/element/2354eed3-09e2-4d8a-8ddc-bfefb751ee1f/value'
22:31:41.641 [AsyncHttpClient-1-5] DEBUG org.asynchttpclient.netty.handler.HttpHandler - 

Request DefaultHttpRequest(decodeResult: success, version: HTTP/1.1)
POST /session/3aefe83d38bfc0beb0438deb467360d2/element/2354eed3-09e2-4d8a-8ddc-bfefb751ee1f/value HTTP/1.1
User-Agent: selenium/4.1.2 (java windows)
Content-Length: 211
Content-Type: application/json; charset=utf-8
host: localhost:55165
accept: */*

Response DefaultHttpResponse(decodeResult: success, version: HTTP/1.1)
HTTP/1.1 200 OK
Content-Type: application/json; charset=utf-8
cache-control: no-cache
content-length: 14

22:31:41.641 [AsyncHttpClient-1-5] DEBUG org.asynchttpclient.netty.channel.ChannelManager - Adding key: http://localhost:55165 for channel [id: 0xa50451cc, L:/127.0.0.1:64681 - R:localhost/127.0.0.1:55165]
  &amp#27;[32mWhen &amp#27;[0m&amp#27;[32mI input standard username&amp#27;[0m   &amp#27;[90m# starter.stepdefinitions.LoginStep.iInputStandardUsername()&amp#27;[0m
22:31:41.647 [Forwarding screenshot on session 3aefe83d38bfc0beb0438deb467360d2 to remote] DEBUG org.asynchttpclient.netty.request.NettyRequestSender - Using pooled Channel '[id: 0xa50451cc, L:/127.0.0.1:64681 - R:localhost/127.0.0.1:55165]' for 'GET' to 'http://localhost:55165/session/3aefe83d38bfc0beb0438deb467360d2/screenshot'
22:31:41.647 [Forwarding screenshot on session 3aefe83d38bfc0beb0438deb467360d2 to remote] DEBUG org.asynchttpclient.netty.request.NettyRequestSender - Using open Channel [id: 0xa50451cc, L:/127.0.0.1:64681 - R:localhost/127.0.0.1:55165] for GET '/session/3aefe83d38bfc0beb0438deb467360d2/screenshot'
22:31:41.752 [AsyncHttpClient-1-5] DEBUG org.asynchttpclient.netty.handler.HttpHandler - 

Request DefaultFullHttpRequest(decodeResult: success, version: HTTP/1.1, content: EmptyByteBufBE)
GET /session/3aefe83d38bfc0beb0438deb467360d2/screenshot HTTP/1.1
User-Agent: selenium/4.1.2 (java windows)
Cache-Control: no-cache
Content-Type: application/json; charset=utf-8
host: localhost:55165
accept: */*

Response DefaultHttpResponse(decodeResult: success, version: HTTP/1.1)
HTTP/1.1 200 OK
Content-Type: application/json; charset=utf-8
cache-control: no-cache
content-length: 59688

22:31:41.753 [AsyncHttpClient-1-5] DEBUG org.asynchttpclient.netty.channel.ChannelManager - Adding key: http://localhost:55165 for channel [id: 0xa50451cc, L:/127.0.0.1:64681 - R:localhost/127.0.0.1:55165]
22:31:41.755 [main] DEBUG net.serenitybdd.core.photography.Darkroom - Send negative for processing for target\site\serenity\09ff844e4d297b4ea49a8798e78c8df50c08ced9b00a141c4a3fc3603c42995c.png
22:31:41.756 [Darkroom Processing Line] DEBUG net.serenitybdd.core.photography.DarkroomProcessingLine - Processing screenshot image in /var/screenshots/screenshot-2927756707053852923
22:31:41.756 [Darkroom Processing Line] DEBUG net.serenitybdd.core.photography.DarkroomProcessingLine - Saving screenshot to target\site\serenity\09ff844e4d297b4ea49a8798e78c8df50c08ced9b00a141c4a3fc3603c42995c.png
22:31:41.764 [Forwarding findElement on session 3aefe83d38bfc0beb0438deb467360d2 to remote] DEBUG org.asynchttpclient.netty.request.NettyRequestSender - Using pooled Channel '[id: 0xa50451cc, L:/127.0.0.1:64681 - R:localhost/127.0.0.1:55165]' for 'POST' to 'http://localhost:55165/session/3aefe83d38bfc0beb0438deb467360d2/element'
22:31:41.764 [Forwarding findElement on session 3aefe83d38bfc0beb0438deb467360d2 to remote] DEBUG org.asynchttpclient.netty.request.NettyRequestSender - Using open Channel [id: 0xa50451cc, L:/127.0.0.1:64681 - R:localhost/127.0.0.1:55165] for POST '/session/3aefe83d38bfc0beb0438deb467360d2/element'
22:31:41.776 [AsyncHttpClient-1-5] DEBUG org.asynchttpclient.netty.handler.HttpHandler - 

Request DefaultHttpRequest(decodeResult: success, version: HTTP/1.1)
POST /session/3aefe83d38bfc0beb0438deb467360d2/element HTTP/1.1
User-Agent: selenium/4.1.2 (java windows)
Content-Length: 53
Content-Type: application/json; charset=utf-8
host: localhost:55165
accept: */*

Response DefaultHttpResponse(decodeResult: success, version: HTTP/1.1)
HTTP/1.1 200 OK
Content-Type: application/json; charset=utf-8
cache-control: no-cache
content-length: 88

22:31:41.776 [AsyncHttpClient-1-5] DEBUG org.asynchttpclient.netty.channel.ChannelManager - Adding key: http://localhost:55165 for channel [id: 0xa50451cc, L:/127.0.0.1:64681 - R:localhost/127.0.0.1:55165]
22:31:41.778 [Forwarding clearElement on session 3aefe83d38bfc0beb0438deb467360d2 to remote] DEBUG org.asynchttpclient.netty.request.NettyRequestSender - Using pooled Channel '[id: 0xa50451cc, L:/127.0.0.1:64681 - R:localhost/127.0.0.1:55165]' for 'POST' to 'http://localhost:55165/session/3aefe83d38bfc0beb0438deb467360d2/element/115f972e-6839-4b48-be61-553880cd2c45/clear'
22:31:41.778 [Forwarding clearElement on session 3aefe83d38bfc0beb0438deb467360d2 to remote] DEBUG org.asynchttpclient.netty.request.NettyRequestSender - Using open Channel [id: 0xa50451cc, L:/127.0.0.1:64681 - R:localhost/127.0.0.1:55165] for POST '/session/3aefe83d38bfc0beb0438deb467360d2/element/115f972e-6839-4b48-be61-553880cd2c45/clear'
22:31:41.808 [AsyncHttpClient-1-5] DEBUG org.asynchttpclient.netty.handler.HttpHandler - 

Request DefaultHttpRequest(decodeResult: success, version: HTTP/1.1)
POST /session/3aefe83d38bfc0beb0438deb467360d2/element/115f972e-6839-4b48-be61-553880cd2c45/clear HTTP/1.1
User-Agent: selenium/4.1.2 (java windows)
Content-Length: 50
Content-Type: application/json; charset=utf-8
host: localhost:55165
accept: */*

Response DefaultHttpResponse(decodeResult: success, version: HTTP/1.1)
HTTP/1.1 200 OK
Content-Type: application/json; charset=utf-8
cache-control: no-cache
content-length: 14

22:31:41.808 [AsyncHttpClient-1-5] DEBUG org.asynchttpclient.netty.channel.ChannelManager - Adding key: http://localhost:55165 for channel [id: 0xa50451cc, L:/127.0.0.1:64681 - R:localhost/127.0.0.1:55165]
22:31:41.809 [Forwarding sendKeysToElement on session 3aefe83d38bfc0beb0438deb467360d2 to remote] DEBUG org.asynchttpclient.netty.request.NettyRequestSender - Using pooled Channel '[id: 0xa50451cc, L:/127.0.0.1:64681 - R:localhost/127.0.0.1:55165]' for 'POST' to 'http://localhost:55165/session/3aefe83d38bfc0beb0438deb467360d2/element/115f972e-6839-4b48-be61-553880cd2c45/value'
22:31:41.809 [Forwarding sendKeysToElement on session 3aefe83d38bfc0beb0438deb467360d2 to remote] DEBUG org.asynchttpclient.netty.request.NettyRequestSender - Using open Channel [id: 0xa50451cc, L:/127.0.0.1:64681 - R:localhost/127.0.0.1:55165] for POST '/session/3aefe83d38bfc0beb0438deb467360d2/element/115f972e-6839-4b48-be61-553880cd2c45/value'
22:31:41.857 [AsyncHttpClient-1-5] DEBUG org.asynchttpclient.netty.handler.HttpHandler - 

Request DefaultHttpRequest(decodeResult: success, version: HTTP/1.1)
POST /session/3aefe83d38bfc0beb0438deb467360d2/element/115f972e-6839-4b48-be61-553880cd2c45/value HTTP/1.1
User-Agent: selenium/4.1.2 (java windows)
Content-Length: 201
Content-Type: application/json; charset=utf-8
host: localhost:55165
accept: */*

Response DefaultHttpResponse(decodeResult: success, version: HTTP/1.1)
HTTP/1.1 200 OK
Content-Type: application/json; charset=utf-8
cache-control: no-cache
content-length: 14

22:31:41.857 [AsyncHttpClient-1-5] DEBUG org.asynchttpclient.netty.channel.ChannelManager - Adding key: http://localhost:55165 for channel [id: 0xa50451cc, L:/127.0.0.1:64681 - R:localhost/127.0.0.1:55165]
  &amp#27;[32mAnd &amp#27;[0m&amp#27;[32mI input valid password&amp#27;[0m       &amp#27;[90m# starter.stepdefinitions.LoginStep.iInputValidPassword()&amp#27;[0m
22:31:41.863 [Forwarding screenshot on session 3aefe83d38bfc0beb0438deb467360d2 to remote] DEBUG org.asynchttpclient.netty.request.NettyRequestSender - Using pooled Channel '[id: 0xa50451cc, L:/127.0.0.1:64681 - R:localhost/127.0.0.1:55165]' for 'GET' to 'http://localhost:55165/session/3aefe83d38bfc0beb0438deb467360d2/screenshot'
22:31:41.863 [Forwarding screenshot on session 3aefe83d38bfc0beb0438deb467360d2 to remote] DEBUG org.asynchttpclient.netty.request.NettyRequestSender - Using open Channel [id: 0xa50451cc, L:/127.0.0.1:64681 - R:localhost/127.0.0.1:55165] for GET '/session/3aefe83d38bfc0beb0438deb467360d2/screenshot'
22:31:41.940 [AsyncHttpClient-1-5] DEBUG org.asynchttpclient.netty.handler.HttpHandler - 

Request DefaultFullHttpRequest(decodeResult: success, version: HTTP/1.1, content: EmptyByteBufBE)
GET /session/3aefe83d38bfc0beb0438deb467360d2/screenshot HTTP/1.1
User-Agent: selenium/4.1.2 (java windows)
Cache-Control: no-cache
Content-Type: application/json; charset=utf-8
host: localhost:55165
accept: */*

Response DefaultHttpResponse(decodeResult: success, version: HTTP/1.1)
HTTP/1.1 200 OK
Content-Type: application/json; charset=utf-8
cache-control: no-cache
content-length: 58332

22:31:41.941 [AsyncHttpClient-1-5] DEBUG org.asynchttpclient.netty.channel.ChannelManager - Adding key: http://localhost:55165 for channel [id: 0xa50451cc, L:/127.0.0.1:64681 - R:localhost/127.0.0.1:55165]
22:31:41.943 [main] DEBUG net.serenitybdd.core.photography.Darkroom - Send negative for processing for target\site\serenity\5598bc2b53b0889e4b4787ef820bda9242350858d51edad01f2a1cfe9007c62f.png
22:31:41.943 [Darkroom Processing Line] DEBUG net.serenitybdd.core.photography.DarkroomProcessingLine - Processing screenshot image in /var/screenshots/screenshot-11867624791481620433
22:31:41.947 [Darkroom Processing Line] DEBUG net.serenitybdd.core.photography.DarkroomProcessingLine - Saving screenshot to target\site\serenity\5598bc2b53b0889e4b4787ef820bda9242350858d51edad01f2a1cfe9007c62f.png
22:31:41.953 [Forwarding findElement on session 3aefe83d38bfc0beb0438deb467360d2 to remote] DEBUG org.asynchttpclient.netty.request.NettyRequestSender - Using pooled Channel '[id: 0xa50451cc, L:/127.0.0.1:64681 - R:localhost/127.0.0.1:55165]' for 'POST' to 'http://localhost:55165/session/3aefe83d38bfc0beb0438deb467360d2/element'
22:31:41.953 [Forwarding findElement on session 3aefe83d38bfc0beb0438deb467360d2 to remote] DEBUG org.asynchttpclient.netty.request.NettyRequestSender - Using open Channel [id: 0xa50451cc, L:/127.0.0.1:64681 - R:localhost/127.0.0.1:55165] for POST '/session/3aefe83d38bfc0beb0438deb467360d2/element'
22:31:41.963 [AsyncHttpClient-1-5] DEBUG org.asynchttpclient.netty.handler.HttpHandler - 

Request DefaultHttpRequest(decodeResult: success, version: HTTP/1.1)
POST /session/3aefe83d38bfc0beb0438deb467360d2/element HTTP/1.1
User-Agent: selenium/4.1.2 (java windows)
Content-Length: 59
Content-Type: application/json; charset=utf-8
host: localhost:55165
accept: */*

Response DefaultHttpResponse(decodeResult: success, version: HTTP/1.1)
HTTP/1.1 200 OK
Content-Type: application/json; charset=utf-8
cache-control: no-cache
content-length: 88

22:31:41.963 [AsyncHttpClient-1-5] DEBUG org.asynchttpclient.netty.channel.ChannelManager - Adding key: http://localhost:55165 for channel [id: 0xa50451cc, L:/127.0.0.1:64681 - R:localhost/127.0.0.1:55165]
22:31:41.965 [Forwarding getElementTagName on session 3aefe83d38bfc0beb0438deb467360d2 to remote] DEBUG org.asynchttpclient.netty.request.NettyRequestSender - Using pooled Channel '[id: 0xa50451cc, L:/127.0.0.1:64681 - R:localhost/127.0.0.1:55165]' for 'GET' to 'http://localhost:55165/session/3aefe83d38bfc0beb0438deb467360d2/element/890bee68-e9b5-4807-96fb-3ced57a2c9f4/name'
22:31:41.965 [Forwarding getElementTagName on session 3aefe83d38bfc0beb0438deb467360d2 to remote] DEBUG org.asynchttpclient.netty.request.NettyRequestSender - Using open Channel [id: 0xa50451cc, L:/127.0.0.1:64681 - R:localhost/127.0.0.1:55165] for GET '/session/3aefe83d38bfc0beb0438deb467360d2/element/890bee68-e9b5-4807-96fb-3ced57a2c9f4/name'
22:31:41.969 [AsyncHttpClient-1-5] DEBUG org.asynchttpclient.netty.handler.HttpHandler - 

Request DefaultFullHttpRequest(decodeResult: success, version: HTTP/1.1, content: EmptyByteBufBE)
GET /session/3aefe83d38bfc0beb0438deb467360d2/element/890bee68-e9b5-4807-96fb-3ced57a2c9f4/name HTTP/1.1
User-Agent: selenium/4.1.2 (java windows)
Cache-Control: no-cache
Content-Type: application/json; charset=utf-8
host: localhost:55165
accept: */*

Response DefaultHttpResponse(decodeResult: success, version: HTTP/1.1)
HTTP/1.1 200 OK
Content-Type: application/json; charset=utf-8
cache-control: no-cache
content-length: 17

22:31:41.969 [AsyncHttpClient-1-5] DEBUG org.asynchttpclient.netty.channel.ChannelManager - Adding key: http://localhost:55165 for channel [id: 0xa50451cc, L:/127.0.0.1:64681 - R:localhost/127.0.0.1:55165]
22:31:41.970 [Forwarding getElementTagName on session 3aefe83d38bfc0beb0438deb467360d2 to remote] DEBUG org.asynchttpclient.netty.request.NettyRequestSender - Using pooled Channel '[id: 0xa50451cc, L:/127.0.0.1:64681 - R:localhost/127.0.0.1:55165]' for 'GET' to 'http://localhost:55165/session/3aefe83d38bfc0beb0438deb467360d2/element/890bee68-e9b5-4807-96fb-3ced57a2c9f4/name'
22:31:41.970 [Forwarding getElementTagName on session 3aefe83d38bfc0beb0438deb467360d2 to remote] DEBUG org.asynchttpclient.netty.request.NettyRequestSender - Using open Channel [id: 0xa50451cc, L:/127.0.0.1:64681 - R:localhost/127.0.0.1:55165] for GET '/session/3aefe83d38bfc0beb0438deb467360d2/element/890bee68-e9b5-4807-96fb-3ced57a2c9f4/name'
22:31:41.975 [AsyncHttpClient-1-5] DEBUG org.asynchttpclient.netty.handler.HttpHandler - 

Request DefaultFullHttpRequest(decodeResult: success, version: HTTP/1.1, content: EmptyByteBufBE)
GET /session/3aefe83d38bfc0beb0438deb467360d2/element/890bee68-e9b5-4807-96fb-3ced57a2c9f4/name HTTP/1.1
User-Agent: selenium/4.1.2 (java windows)
Cache-Control: no-cache
Content-Type: application/json; charset=utf-8
host: localhost:55165
accept: */*

Response DefaultHttpResponse(decodeResult: success, version: HTTP/1.1)
HTTP/1.1 200 OK
Content-Type: application/json; charset=utf-8
cache-control: no-cache
content-length: 17

22:31:41.975 [AsyncHttpClient-1-5] DEBUG org.asynchttpclient.netty.channel.ChannelManager - Adding key: http://localhost:55165 for channel [id: 0xa50451cc, L:/127.0.0.1:64681 - R:localhost/127.0.0.1:55165]
22:31:41.977 [Forwarding isElementEnabled on session 3aefe83d38bfc0beb0438deb467360d2 to remote] DEBUG org.asynchttpclient.netty.request.NettyRequestSender - Using pooled Channel '[id: 0xa50451cc, L:/127.0.0.1:64681 - R:localhost/127.0.0.1:55165]' for 'GET' to 'http://localhost:55165/session/3aefe83d38bfc0beb0438deb467360d2/element/890bee68-e9b5-4807-96fb-3ced57a2c9f4/enabled'
22:31:41.977 [Forwarding isElementEnabled on session 3aefe83d38bfc0beb0438deb467360d2 to remote] DEBUG org.asynchttpclient.netty.request.NettyRequestSender - Using open Channel [id: 0xa50451cc, L:/127.0.0.1:64681 - R:localhost/127.0.0.1:55165] for GET '/session/3aefe83d38bfc0beb0438deb467360d2/element/890bee68-e9b5-4807-96fb-3ced57a2c9f4/enabled'
22:31:41.983 [AsyncHttpClient-1-5] DEBUG org.asynchttpclient.netty.handler.HttpHandler - 

Request DefaultFullHttpRequest(decodeResult: success, version: HTTP/1.1, content: EmptyByteBufBE)
GET /session/3aefe83d38bfc0beb0438deb467360d2/element/890bee68-e9b5-4807-96fb-3ced57a2c9f4/enabled HTTP/1.1
User-Agent: selenium/4.1.2 (java windows)
Cache-Control: no-cache
Content-Type: application/json; charset=utf-8
host: localhost:55165
accept: */*

Response DefaultHttpResponse(decodeResult: success, version: HTTP/1.1)
HTTP/1.1 200 OK
Content-Type: application/json; charset=utf-8
cache-control: no-cache
content-length: 14

22:31:41.984 [AsyncHttpClient-1-5] DEBUG org.asynchttpclient.netty.channel.ChannelManager - Adding key: http://localhost:55165 for channel [id: 0xa50451cc, L:/127.0.0.1:64681 - R:localhost/127.0.0.1:55165]
22:31:41.990 [Forwarding isElementEnabled on session 3aefe83d38bfc0beb0438deb467360d2 to remote] DEBUG org.asynchttpclient.netty.request.NettyRequestSender - Using pooled Channel '[id: 0xa50451cc, L:/127.0.0.1:64681 - R:localhost/127.0.0.1:55165]' for 'GET' to 'http://localhost:55165/session/3aefe83d38bfc0beb0438deb467360d2/element/890bee68-e9b5-4807-96fb-3ced57a2c9f4/enabled'
22:31:41.990 [Forwarding isElementEnabled on session 3aefe83d38bfc0beb0438deb467360d2 to remote] DEBUG org.asynchttpclient.netty.request.NettyRequestSender - Using open Channel [id: 0xa50451cc, L:/127.0.0.1:64681 - R:localhost/127.0.0.1:55165] for GET '/session/3aefe83d38bfc0beb0438deb467360d2/element/890bee68-e9b5-4807-96fb-3ced57a2c9f4/enabled'
22:31:41.995 [AsyncHttpClient-1-5] DEBUG org.asynchttpclient.netty.handler.HttpHandler - 

Request DefaultFullHttpRequest(decodeResult: success, version: HTTP/1.1, content: EmptyByteBufBE)
GET /session/3aefe83d38bfc0beb0438deb467360d2/element/890bee68-e9b5-4807-96fb-3ced57a2c9f4/enabled HTTP/1.1
User-Agent: selenium/4.1.2 (java windows)
Cache-Control: no-cache
Content-Type: application/json; charset=utf-8
host: localhost:55165
accept: */*

Response DefaultHttpResponse(decodeResult: success, version: HTTP/1.1)
HTTP/1.1 200 OK
Content-Type: application/json; charset=utf-8
cache-control: no-cache
content-length: 14

22:31:41.995 [AsyncHttpClient-1-5] DEBUG org.asynchttpclient.netty.channel.ChannelManager - Adding key: http://localhost:55165 for channel [id: 0xa50451cc, L:/127.0.0.1:64681 - R:localhost/127.0.0.1:55165]
22:31:41.997 [Forwarding findElement on session 3aefe83d38bfc0beb0438deb467360d2 to remote] DEBUG org.asynchttpclient.netty.request.NettyRequestSender - Using pooled Channel '[id: 0xa50451cc, L:/127.0.0.1:64681 - R:localhost/127.0.0.1:55165]' for 'POST' to 'http://localhost:55165/session/3aefe83d38bfc0beb0438deb467360d2/element'
22:31:41.997 [Forwarding findElement on session 3aefe83d38bfc0beb0438deb467360d2 to remote] DEBUG org.asynchttpclient.netty.request.NettyRequestSender - Using open Channel [id: 0xa50451cc, L:/127.0.0.1:64681 - R:localhost/127.0.0.1:55165] for POST '/session/3aefe83d38bfc0beb0438deb467360d2/element'
22:31:42.003 [AsyncHttpClient-1-5] DEBUG org.asynchttpclient.netty.handler.HttpHandler - 

Request DefaultHttpRequest(decodeResult: success, version: HTTP/1.1)
POST /session/3aefe83d38bfc0beb0438deb467360d2/element HTTP/1.1
User-Agent: selenium/4.1.2 (java windows)
Content-Length: 59
Content-Type: application/json; charset=utf-8
host: localhost:55165
accept: */*

Response DefaultHttpResponse(decodeResult: success, version: HTTP/1.1)
HTTP/1.1 200 OK
Content-Type: application/json; charset=utf-8
cache-control: no-cache
content-length: 88

22:31:42.003 [AsyncHttpClient-1-5] DEBUG org.asynchttpclient.netty.channel.ChannelManager - Adding key: http://localhost:55165 for channel [id: 0xa50451cc, L:/127.0.0.1:64681 - R:localhost/127.0.0.1:55165]
22:31:42.005 [Forwarding clickElement on session 3aefe83d38bfc0beb0438deb467360d2 to remote] DEBUG org.asynchttpclient.netty.request.NettyRequestSender - Using pooled Channel '[id: 0xa50451cc, L:/127.0.0.1:64681 - R:localhost/127.0.0.1:55165]' for 'POST' to 'http://localhost:55165/session/3aefe83d38bfc0beb0438deb467360d2/element/890bee68-e9b5-4807-96fb-3ced57a2c9f4/click'
22:31:42.005 [Forwarding clickElement on session 3aefe83d38bfc0beb0438deb467360d2 to remote] DEBUG org.asynchttpclient.netty.request.NettyRequestSender - Using open Channel [id: 0xa50451cc, L:/127.0.0.1:64681 - R:localhost/127.0.0.1:55165] for POST '/session/3aefe83d38bfc0beb0438deb467360d2/element/890bee68-e9b5-4807-96fb-3ced57a2c9f4/click'
22:31:42.045 [AsyncHttpClient-1-5] DEBUG org.asynchttpclient.netty.handler.HttpHandler - 

Request DefaultHttpRequest(decodeResult: success, version: HTTP/1.1)
POST /session/3aefe83d38bfc0beb0438deb467360d2/element/890bee68-e9b5-4807-96fb-3ced57a2c9f4/click HTTP/1.1
User-Agent: selenium/4.1.2 (java windows)
Content-Length: 50
Content-Type: application/json; charset=utf-8
host: localhost:55165
accept: */*

Response DefaultHttpResponse(decodeResult: success, version: HTTP/1.1)
HTTP/1.1 200 OK
Content-Type: application/json; charset=utf-8
cache-control: no-cache
content-length: 14

22:31:42.045 [AsyncHttpClient-1-5] DEBUG org.asynchttpclient.netty.channel.ChannelManager - Adding key: http://localhost:55165 for channel [id: 0xa50451cc, L:/127.0.0.1:64681 - R:localhost/127.0.0.1:55165]
  &amp#27;[32mAnd &amp#27;[0m&amp#27;[32mI click login button&amp#27;[0m         &amp#27;[90m# starter.stepdefinitions.LoginStep.iClickLoginButton()&amp#27;[0m
22:31:42.052 [Forwarding screenshot on session 3aefe83d38bfc0beb0438deb467360d2 to remote] DEBUG org.asynchttpclient.netty.request.NettyRequestSender - Using pooled Channel '[id: 0xa50451cc, L:/127.0.0.1:64681 - R:localhost/127.0.0.1:55165]' for 'GET' to 'http://localhost:55165/session/3aefe83d38bfc0beb0438deb467360d2/screenshot'
22:31:42.052 [Forwarding screenshot on session 3aefe83d38bfc0beb0438deb467360d2 to remote] DEBUG org.asynchttpclient.netty.request.NettyRequestSender - Using open Channel [id: 0xa50451cc, L:/127.0.0.1:64681 - R:localhost/127.0.0.1:55165] for GET '/session/3aefe83d38bfc0beb0438deb467360d2/screenshot'
22:31:42.124 [AsyncHttpClient-1-5] DEBUG org.asynchttpclient.netty.handler.HttpHandler - 

Request DefaultFullHttpRequest(decodeResult: success, version: HTTP/1.1, content: EmptyByteBufBE)
GET /session/3aefe83d38bfc0beb0438deb467360d2/screenshot HTTP/1.1
User-Agent: selenium/4.1.2 (java windows)
Cache-Control: no-cache
Content-Type: application/json; charset=utf-8
host: localhost:55165
accept: */*

Response DefaultHttpResponse(decodeResult: success, version: HTTP/1.1)
HTTP/1.1 200 OK
Content-Type: application/json; charset=utf-8
cache-control: no-cache
content-length: 65648

22:31:42.124 [AsyncHttpClient-1-5] DEBUG org.asynchttpclient.netty.channel.ChannelManager - Adding key: http://localhost:55165 for channel [id: 0xa50451cc, L:/127.0.0.1:64681 - R:localhost/127.0.0.1:55165]
22:31:42.126 [main] DEBUG net.serenitybdd.core.photography.Darkroom - Send negative for processing for target\site\serenity\dcf48328f20fa11c8991550e965dfffcd969780398b48f425f03487f254fdb80.png
22:31:42.127 [Darkroom Processing Line] DEBUG net.serenitybdd.core.photography.DarkroomProcessingLine - Processing screenshot image in /var/screenshots/screenshot-1210445689282704327
22:31:42.127 [Darkroom Processing Line] DEBUG net.serenitybdd.core.photography.DarkroomProcessingLine - Saving screenshot to target\site\serenity\dcf48328f20fa11c8991550e965dfffcd969780398b48f425f03487f254fdb80.png
  &amp#27;[32mThen &amp#27;[0m&amp#27;[32mI success login&amp#27;[0m             &amp#27;[90m# starter.stepdefinitions.LoginStep.iSuccessLogin()&amp#27;[0m
22:31:42.136 [main] INFO  - 
  _____   ___   ___   _____     ___     _     ___   ___   ___   ___  
 |_   _| | __| / __| |_   _|   | _ \   /_\   / __| / __| | __| |   \ 
   | |   | _|  \__ \   | |     |  _/  / _ \  \__ \ \__ \ | _|  | |) |
   |_|   |___| |___/   |_|     |_|   /_/ \_\ |___/ |___/ |___| |___/ 

Login with standard user
----------------------------------------------------------------------
22:31:42.137 [AsyncHttpClient-1-7] DEBUG org.asynchttpclient.netty.handler.WebSocketHandler - Channel Closed: [id: 0x5fd9aa6e, L:/127.0.0.1:64689 ! R:localhost/127.0.0.1:64682] with attribute NettyResponseFuture{currentRetry=5,
	isDone=1,
	isCancelled=0,
	asyncHandler=org.asynchttpclient.ws.WebSocketUpgradeHandler@70e3de9c,
	nettyRequest=org.asynchttpclient.netty.request.NettyRequest@35e15ee4,
	future=java.util.concurrent.CompletableFuture@12723961[Completed normally],
	uri=ws://localhost:64682/devtools/browser/ad216a11-0057-4ea3-97cf-0be265208ad4,
	keepAlive=true,
	redirectCount=0,
	timeoutsHolder=null,
	inAuth=0,
	touch=1665675097165}
22:31:42.137 [Driver Command Executor] DEBUG org.asynchttpclient.netty.request.NettyRequestSender - Using pooled Channel '[id: 0xa50451cc, L:/127.0.0.1:64681 - R:localhost/127.0.0.1:55165]' for 'DELETE' to 'http://localhost:55165/session/3aefe83d38bfc0beb0438deb467360d2'
22:31:42.137 [AsyncHttpClient-1-7] DEBUG org.asynchttpclient.netty.channel.ChannelManager - Closing Channel [id: 0x5fd9aa6e, L:/127.0.0.1:64689 ! R:localhost/127.0.0.1:64682] 
22:31:42.137 [Driver Command Executor] DEBUG org.asynchttpclient.netty.request.NettyRequestSender - Using open Channel [id: 0xa50451cc, L:/127.0.0.1:64681 - R:localhost/127.0.0.1:55165] for DELETE '/session/3aefe83d38bfc0beb0438deb467360d2'
22:31:42.183 [AsyncHttpClient-1-6] DEBUG org.asynchttpclient.netty.handler.HttpHandler - Unexpected I/O exception on channel [id: 0xa36aac16, L:/127.0.0.1:64688 - R:localhost/127.0.0.1:64682]
java.net.SocketException: Connection reset
	at java.base/sun.nio.ch.SocketChannelImpl.throwConnectionReset(SocketChannelImpl.java:401)
	at java.base/sun.nio.ch.SocketChannelImpl.read(SocketChannelImpl.java:434)
	at io.netty.buffer.PooledByteBuf.setBytes(PooledByteBuf.java:258)
	at io.netty.buffer.AbstractByteBuf.writeBytes(AbstractByteBuf.java:1132)
	at io.netty.channel.socket.nio.NioSocketChannel.doReadBytes(NioSocketChannel.java:350)
	at io.netty.channel.nio.AbstractNioByteChannel$NioByteUnsafe.read(AbstractNioByteChannel.java:151)
	at io.netty.channel.nio.NioEventLoop.processSelectedKey(NioEventLoop.java:722)
	at io.netty.channel.nio.NioEventLoop.processSelectedKeysOptimized(NioEventLoop.java:658)
	at io.netty.channel.nio.NioEventLoop.processSelectedKeys(NioEventLoop.java:584)
	at io.netty.channel.nio.NioEventLoop.run(NioEventLoop.java:496)
	at io.netty.util.concurrent.SingleThreadEventExecutor$4.run(SingleThreadEventExecutor.java:986)
	at io.netty.util.internal.ThreadExecutorMap$2.run(ThreadExecutorMap.java:74)
	at io.netty.util.concurrent.FastThreadLocalRunnable.run(FastThreadLocalRunnable.java:30)
	at java.base/java.lang.Thread.run(Thread.java:1589)
22:31:42.183 [AsyncHttpClient-1-6] DEBUG org.asynchttpclient.netty.channel.ChannelManager - Closing Channel [id: 0xa36aac16, L:/127.0.0.1:64688 - R:localhost/127.0.0.1:64682] 
22:31:42.184 [AsyncHttpClient-1-6] DEBUG org.asynchttpclient.netty.handler.HttpHandler - Channel Closed: [id: 0xa36aac16, L:/127.0.0.1:64688 ! R:localhost/127.0.0.1:64682] with attribute DISCARD
22:31:42.197 [AsyncHttpClient-1-5] DEBUG org.asynchttpclient.netty.handler.HttpHandler - 

Request DefaultFullHttpRequest(decodeResult: success, version: HTTP/1.1, content: EmptyByteBufBE)
DELETE /session/3aefe83d38bfc0beb0438deb467360d2 HTTP/1.1
User-Agent: selenium/4.1.2 (java windows)
Content-Type: application/json; charset=utf-8
host: localhost:55165
accept: */*

Response DefaultHttpResponse(decodeResult: success, version: HTTP/1.1)
HTTP/1.1 200 OK
Content-Type: application/json; charset=utf-8
cache-control: no-cache
content-length: 14

22:31:42.197 [AsyncHttpClient-1-5] DEBUG org.asynchttpclient.netty.channel.ChannelManager - Adding key: http://localhost:55165 for channel [id: 0xa50451cc, L:/127.0.0.1:64681 - R:localhost/127.0.0.1:55165]
22:31:42.233 [AsyncHttpClient-1-5] DEBUG org.asynchttpclient.netty.handler.HttpHandler - Channel Closed: [id: 0xa50451cc, L:/127.0.0.1:64681 ! R:localhost/127.0.0.1:55165] with attribute DISCARD
]]></system-out>
    <system-err><![CDATA[Starting ChromeDriver 106.0.5249.61 (511755355844955cd3e264779baf0dd38212a4d0-refs/branch-heads/5249@{#569}) on port 55165
Only local connections are allowed.
Please see https://chromedriver.chromium.org/security-considerations for suggestions on keeping ChromeDriver safe.
ChromeDriver was started successfully.
Oct 13, 2022 10:31:37 PM org.openqa.selenium.remote.ProtocolHandshake createSession
INFO: Detected dialect: W3C
Oct 13, 2022 10:31:37 PM org.openqa.selenium.devtools.CdpVersionFinder findNearestMatch
WARNING: Unable to find an exact match for CDP version 106, so returning the closest version found: a no-op implementation
Oct 13, 2022 10:31:37 PM org.openqa.selenium.devtools.CdpVersionFinder findNearestMatch
INFO: Unable to find CDP implementation matching 106.
Oct 13, 2022 10:31:37 PM org.openqa.selenium.chromium.ChromiumDriver lambda$new$3
WARNING: Unable to find version of CDP to use for . You may need to include a dependency on a specific version of the CDP using something similar to `org.seleniumhq.selenium:selenium-devtools-v86:4.1.2` where the version ("v86") matches the version of the chromium-based browser you're using and the version number of the artifact is the same as Selenium's.
]]></system-err>
  </testcase>
  <testcase name="Login with problem user" classname="Login" time="3.697">
    <system-out><![CDATA[
Scenario: Login with problem user &amp#27;[90m# src/test/resources/features/login.feature:20&amp#27;[0m
22:31:42.285 [main] INFO io.cucumber.core.plugin.SerenityReporter - Running feature from file:///D:/qe_moch_yusuf_efendi/21_Review%20Web%20UI%20Testing%20with%20Serenity/praktikum/web-ui/src/test/resources/features/login.feature
22:31:42.287 [main] INFO  - 
  _____   ___   ___   _____     ___   _____     _     ___   _____   ___   ___  
 |_   _| | __| / __| |_   _|   / __| |_   _|   /_\   | _ \ |_   _| | __| |   \ 
   | |   | _|  \__ \   | |     \__ \   | |    / _ \  |   /   | |   | _|  | |) |
   |_|   |___| |___/   |_|     |___/   |_|   /_/ \_\ |_|_\   |_|   |___| |___/ 

Login with problem user(login;login-with-problem-user)
--------------------------------------------------------------------------------
22:31:42.297 [main] INFO net.serenitybdd.core.webdriver.driverproviders.ChromeDriverProvider - Using automatically driver download
22:31:42.384 [main] DEBUG io.github.bonigarcia.wdm.cache.ResolutionCache - Resolution chrome=106 in cache (valid until 23:11:12 13/10/2022 WIB)
22:31:42.388 [main] DEBUG io.github.bonigarcia.wdm.cache.ResolutionCache - Resolution chrome106=106.0.5249.61 in cache (valid until 19:49:28 14/10/2022 WIB)
22:31:42.389 [main] INFO io.github.bonigarcia.wdm.WebDriverManager - Using chromedriver 106.0.5249.61 (resolved driver for Chrome 106)
22:31:42.396 [main] DEBUG io.github.bonigarcia.wdm.WebDriverManager - Driver chromedriver 106.0.5249.61 found in cache
22:31:42.397 [main] INFO io.github.bonigarcia.wdm.WebDriverManager - Exporting webdriver.chrome.driver as C:\Users\Yusuf Efendi\.cache\selenium\chromedriver\win32\106.0.5249.61\chromedriver.exe
22:31:42.485 [main] DEBUG net.serenitybdd.core.webdriver.driverproviders.ProvideNewDriver - Instantiating driver
22:31:42.485 [main] DEBUG net.serenitybdd.core.webdriver.driverproviders.ProvideNewDriver - Driver capabilities: Capabilities {acceptInsecureCerts: false, base.url: https://www.saucedemo.com, browserName: chrome, chrome.driver: src/test/resources/webdrive..., driver: chrome, goog:chromeOptions: {args: [], extensions: []}}
22:31:42.583 [AsyncHttpClient-1-8] DEBUG org.asynchttpclient.netty.channel.NettyConnectListener - Using new Channel '[id: 0x13201ab3, L:/127.0.0.1:64702 - R:localhost/127.0.0.1:61073]' for 'POST' to '/session'
22:31:42.667 [AsyncHttpClient-1-1] DEBUG org.asynchttpclient.netty.channel.DefaultChannelPool - Entry count for : http://localhost:55165 : 1
22:31:42.667 [AsyncHttpClient-1-1] DEBUG org.asynchttpclient.netty.channel.DefaultChannelPool - Entry count for : http://localhost:64682 : 1
22:31:42.667 [AsyncHttpClient-1-1] DEBUG org.asynchttpclient.netty.channel.DefaultChannelPool - Adding Candidate expired Channel [id: 0xa50451cc, L:/127.0.0.1:64681 ! R:localhost/127.0.0.1:55165] isIdleTimeoutExpired=false isRemotelyClosed=true isTtlExpired=false
22:31:42.667 [AsyncHttpClient-1-1] DEBUG org.asynchttpclient.netty.channel.DefaultChannelPool - Closing Idle Channel [id: 0xa50451cc, L:/127.0.0.1:64681 ! R:localhost/127.0.0.1:55165]
22:31:42.667 [AsyncHttpClient-1-1] DEBUG org.asynchttpclient.netty.channel.DefaultChannelPool - Adding Candidate expired Channel [id: 0xa36aac16, L:/127.0.0.1:64688 ! R:localhost/127.0.0.1:64682] isIdleTimeoutExpired=false isRemotelyClosed=true isTtlExpired=false
22:31:42.667 [AsyncHttpClient-1-1] DEBUG org.asynchttpclient.netty.channel.DefaultChannelPool - Closing Idle Channel [id: 0xa36aac16, L:/127.0.0.1:64688 ! R:localhost/127.0.0.1:64682]
22:31:42.667 [AsyncHttpClient-1-1] DEBUG org.asynchttpclient.netty.channel.DefaultChannelPool - Closed 2 connections out of 2 in 0 ms
22:31:43.242 [AsyncHttpClient-1-8] DEBUG org.asynchttpclient.netty.handler.HttpHandler - 

Request DefaultHttpRequest(decodeResult: success, version: HTTP/1.1)
POST /session HTTP/1.1
User-Agent: selenium/4.1.2 (java windows)
Content-Length: 606
Content-Type: application/json; charset=utf-8
host: localhost:61073
accept: */*

Response DefaultHttpResponse(decodeResult: success, version: HTTP/1.1)
HTTP/1.1 200 OK
Content-Type: application/json; charset=utf-8
cache-control: no-cache
content-length: 792

22:31:43.242 [AsyncHttpClient-1-8] DEBUG org.asynchttpclient.netty.channel.ChannelManager - Adding key: http://localhost:61073 for channel [id: 0x13201ab3, L:/127.0.0.1:64702 - R:localhost/127.0.0.1:61073]
22:31:43.249 [AsyncHttpClient-1-9] DEBUG org.asynchttpclient.netty.channel.NettyConnectListener - Using new Channel '[id: 0x677f7dde, L:/127.0.0.1:64710 - R:localhost/127.0.0.1:64704]' for 'GET' to '/json/version'
22:31:43.252 [AsyncHttpClient-1-9] DEBUG org.asynchttpclient.netty.handler.HttpHandler - 

Request DefaultFullHttpRequest(decodeResult: success, version: HTTP/1.1, content: EmptyByteBufBE)
GET /json/version HTTP/1.1
User-Agent: selenium/4.1.2 (java windows)
host: localhost:64704
accept: */*

Response DefaultHttpResponse(decodeResult: success, version: HTTP/1.1)
HTTP/1.1 200 OK
Content-Type: application/json; charset=UTF-8
content-length: 424

22:31:43.252 [AsyncHttpClient-1-9] DEBUG org.asynchttpclient.netty.channel.ChannelManager - Adding key: http://localhost:64704 for channel [id: 0x677f7dde, L:/127.0.0.1:64710 - R:localhost/127.0.0.1:64704]
22:31:43.255 [AsyncHttpClient-1-10] DEBUG org.asynchttpclient.netty.channel.NettyConnectListener - Using new Channel '[id: 0xe90bb519, L:/127.0.0.1:64711 - R:localhost/127.0.0.1:64704]' for 'GET' to '/devtools/browser/db4e2389-fe29-423e-9722-1862bfedf3e4'
22:31:43.272 [AsyncHttpClient-1-10] DEBUG org.asynchttpclient.netty.handler.WebSocketHandler - 

Request DefaultFullHttpRequest(decodeResult: success, version: HTTP/1.1, content: EmptyByteBufBE)
GET /devtools/browser/db4e2389-fe29-423e-9722-1862bfedf3e4 HTTP/1.1
upgrade: websocket
connection: upgrade
sec-websocket-key: aUWiquHAudxIGzm4jIdNTA==
sec-websocket-version: 13
origin: http://localhost:64704
host: localhost:64704
accept: */*
user-agent: AHC/2.1

Response DefaultHttpResponse(decodeResult: success, version: HTTP/1.1)
HTTP/1.1 101 WebSocket Protocol Handshake
Upgrade: WebSocket
Connection: Upgrade
Sec-WebSocket-Accept: ECAjgT0p17BW5b2SzalJI7MzQpM=

22:31:43.276 [Forwarding get on session 294352efa2897e3bc2b6794d75764f74 to remote] DEBUG org.asynchttpclient.netty.request.NettyRequestSender - Using pooled Channel '[id: 0x13201ab3, L:/127.0.0.1:64702 - R:localhost/127.0.0.1:61073]' for 'POST' to 'http://localhost:61073/session/294352efa2897e3bc2b6794d75764f74/url'
22:31:43.276 [Forwarding get on session 294352efa2897e3bc2b6794d75764f74 to remote] DEBUG org.asynchttpclient.netty.request.NettyRequestSender - Using open Channel [id: 0x13201ab3, L:/127.0.0.1:64702 - R:localhost/127.0.0.1:61073] for POST '/session/294352efa2897e3bc2b6794d75764f74/url'
22:31:43.773 [AsyncHttpClient-1-1] DEBUG org.asynchttpclient.netty.channel.DefaultChannelPool - Entry count for : http://localhost:64704 : 1
22:31:44.874 [AsyncHttpClient-1-1] DEBUG org.asynchttpclient.netty.channel.DefaultChannelPool - Entry count for : http://localhost:64704 : 1
22:31:45.096 [AsyncHttpClient-1-8] DEBUG org.asynchttpclient.netty.handler.HttpHandler - 

Request DefaultHttpRequest(decodeResult: success, version: HTTP/1.1)
POST /session/294352efa2897e3bc2b6794d75764f74/url HTTP/1.1
User-Agent: selenium/4.1.2 (java windows)
Content-Length: 56
Content-Type: application/json; charset=utf-8
host: localhost:61073
accept: */*

Response DefaultHttpResponse(decodeResult: success, version: HTTP/1.1)
HTTP/1.1 200 OK
Content-Type: application/json; charset=utf-8
cache-control: no-cache
content-length: 14

22:31:45.096 [AsyncHttpClient-1-8] DEBUG org.asynchttpclient.netty.channel.ChannelManager - Adding key: http://localhost:61073 for channel [id: 0x13201ab3, L:/127.0.0.1:64702 - R:localhost/127.0.0.1:61073]
22:31:45.099 [Forwarding setTimeout on session 294352efa2897e3bc2b6794d75764f74 to remote] DEBUG org.asynchttpclient.netty.request.NettyRequestSender - Using pooled Channel '[id: 0x13201ab3, L:/127.0.0.1:64702 - R:localhost/127.0.0.1:61073]' for 'POST' to 'http://localhost:61073/session/294352efa2897e3bc2b6794d75764f74/timeouts'
22:31:45.099 [Forwarding setTimeout on session 294352efa2897e3bc2b6794d75764f74 to remote] DEBUG org.asynchttpclient.netty.request.NettyRequestSender - Using open Channel [id: 0x13201ab3, L:/127.0.0.1:64702 - R:localhost/127.0.0.1:61073] for POST '/session/294352efa2897e3bc2b6794d75764f74/timeouts'
22:31:45.102 [AsyncHttpClient-1-8] DEBUG org.asynchttpclient.netty.handler.HttpHandler - 

Request DefaultHttpRequest(decodeResult: success, version: HTTP/1.1)
POST /session/294352efa2897e3bc2b6794d75764f74/timeouts HTTP/1.1
User-Agent: selenium/4.1.2 (java windows)
Content-Length: 22
Content-Type: application/json; charset=utf-8
host: localhost:61073
accept: */*

Response DefaultHttpResponse(decodeResult: success, version: HTTP/1.1)
HTTP/1.1 200 OK
Content-Type: application/json; charset=utf-8
cache-control: no-cache
content-length: 14

22:31:45.102 [AsyncHttpClient-1-8] DEBUG org.asynchttpclient.netty.channel.ChannelManager - Adding key: http://localhost:61073 for channel [id: 0x13201ab3, L:/127.0.0.1:64702 - R:localhost/127.0.0.1:61073]
22:31:45.105 [Forwarding getCurrentUrl on session 294352efa2897e3bc2b6794d75764f74 to remote] DEBUG org.asynchttpclient.netty.request.NettyRequestSender - Using pooled Channel '[id: 0x13201ab3, L:/127.0.0.1:64702 - R:localhost/127.0.0.1:61073]' for 'GET' to 'http://localhost:61073/session/294352efa2897e3bc2b6794d75764f74/url'
22:31:45.105 [Forwarding getCurrentUrl on session 294352efa2897e3bc2b6794d75764f74 to remote] DEBUG org.asynchttpclient.netty.request.NettyRequestSender - Using open Channel [id: 0x13201ab3, L:/127.0.0.1:64702 - R:localhost/127.0.0.1:61073] for GET '/session/294352efa2897e3bc2b6794d75764f74/url'
22:31:45.112 [AsyncHttpClient-1-8] DEBUG org.asynchttpclient.netty.handler.HttpHandler - 

Request DefaultFullHttpRequest(decodeResult: success, version: HTTP/1.1, content: EmptyByteBufBE)
GET /session/294352efa2897e3bc2b6794d75764f74/url HTTP/1.1
User-Agent: selenium/4.1.2 (java windows)
Cache-Control: no-cache
Content-Type: application/json; charset=utf-8
host: localhost:61073
accept: */*

Response DefaultHttpResponse(decodeResult: success, version: HTTP/1.1)
HTTP/1.1 200 OK
Content-Type: application/json; charset=utf-8
cache-control: no-cache
content-length: 38

22:31:45.112 [AsyncHttpClient-1-8] DEBUG org.asynchttpclient.netty.channel.ChannelManager - Adding key: http://localhost:61073 for channel [id: 0x13201ab3, L:/127.0.0.1:64702 - R:localhost/127.0.0.1:61073]
  &amp#27;[32mGiven &amp#27;[0m&amp#27;[32mI am on the login page&amp#27;[0m    &amp#27;[90m# starter.stepdefinitions.LoginStep.iAmOnTheLoginPage()&amp#27;[0m
22:31:45.119 [Forwarding screenshot on session 294352efa2897e3bc2b6794d75764f74 to remote] DEBUG org.asynchttpclient.netty.request.NettyRequestSender - Using pooled Channel '[id: 0x13201ab3, L:/127.0.0.1:64702 - R:localhost/127.0.0.1:61073]' for 'GET' to 'http://localhost:61073/session/294352efa2897e3bc2b6794d75764f74/screenshot'
22:31:45.119 [Forwarding screenshot on session 294352efa2897e3bc2b6794d75764f74 to remote] DEBUG org.asynchttpclient.netty.request.NettyRequestSender - Using open Channel [id: 0x13201ab3, L:/127.0.0.1:64702 - R:localhost/127.0.0.1:61073] for GET '/session/294352efa2897e3bc2b6794d75764f74/screenshot'
22:31:45.218 [AsyncHttpClient-1-8] DEBUG org.asynchttpclient.netty.handler.HttpHandler - 

Request DefaultFullHttpRequest(decodeResult: success, version: HTTP/1.1, content: EmptyByteBufBE)
GET /session/294352efa2897e3bc2b6794d75764f74/screenshot HTTP/1.1
User-Agent: selenium/4.1.2 (java windows)
Cache-Control: no-cache
Content-Type: application/json; charset=utf-8
host: localhost:61073
accept: */*

Response DefaultHttpResponse(decodeResult: success, version: HTTP/1.1)
HTTP/1.1 200 OK
Content-Type: application/json; charset=utf-8
cache-control: no-cache
content-length: 59108

22:31:45.219 [AsyncHttpClient-1-8] DEBUG org.asynchttpclient.netty.channel.ChannelManager - Adding key: http://localhost:61073 for channel [id: 0x13201ab3, L:/127.0.0.1:64702 - R:localhost/127.0.0.1:61073]
22:31:45.221 [main] DEBUG net.serenitybdd.core.photography.Darkroom - Send negative for processing for target\site\serenity\60362de9e780372f1c84cd83ed64add38b67cf4976565ecabf7f97e9ce02f7fb.png
22:31:45.230 [Forwarding findElement on session 294352efa2897e3bc2b6794d75764f74 to remote] DEBUG org.asynchttpclient.netty.request.NettyRequestSender - Using pooled Channel '[id: 0x13201ab3, L:/127.0.0.1:64702 - R:localhost/127.0.0.1:61073]' for 'POST' to 'http://localhost:61073/session/294352efa2897e3bc2b6794d75764f74/element'
22:31:45.230 [Forwarding findElement on session 294352efa2897e3bc2b6794d75764f74 to remote] DEBUG org.asynchttpclient.netty.request.NettyRequestSender - Using open Channel [id: 0x13201ab3, L:/127.0.0.1:64702 - R:localhost/127.0.0.1:61073] for POST '/session/294352efa2897e3bc2b6794d75764f74/element'
22:31:45.240 [AsyncHttpClient-1-8] DEBUG org.asynchttpclient.netty.handler.HttpHandler - 

Request DefaultHttpRequest(decodeResult: success, version: HTTP/1.1)
POST /session/294352efa2897e3bc2b6794d75764f74/element HTTP/1.1
User-Agent: selenium/4.1.2 (java windows)
Content-Length: 56
Content-Type: application/json; charset=utf-8
host: localhost:61073
accept: */*

Response DefaultHttpResponse(decodeResult: success, version: HTTP/1.1)
HTTP/1.1 200 OK
Content-Type: application/json; charset=utf-8
cache-control: no-cache
content-length: 88

22:31:45.240 [AsyncHttpClient-1-8] DEBUG org.asynchttpclient.netty.channel.ChannelManager - Adding key: http://localhost:61073 for channel [id: 0x13201ab3, L:/127.0.0.1:64702 - R:localhost/127.0.0.1:61073]
22:31:45.241 [Forwarding clearElement on session 294352efa2897e3bc2b6794d75764f74 to remote] DEBUG org.asynchttpclient.netty.request.NettyRequestSender - Using pooled Channel '[id: 0x13201ab3, L:/127.0.0.1:64702 - R:localhost/127.0.0.1:61073]' for 'POST' to 'http://localhost:61073/session/294352efa2897e3bc2b6794d75764f74/element/80c71ff2-d1a5-453f-a63f-217f5fb0a4d6/clear'
22:31:45.241 [Forwarding clearElement on session 294352efa2897e3bc2b6794d75764f74 to remote] DEBUG org.asynchttpclient.netty.request.NettyRequestSender - Using open Channel [id: 0x13201ab3, L:/127.0.0.1:64702 - R:localhost/127.0.0.1:61073] for POST '/session/294352efa2897e3bc2b6794d75764f74/element/80c71ff2-d1a5-453f-a63f-217f5fb0a4d6/clear'
22:31:45.268 [AsyncHttpClient-1-8] DEBUG org.asynchttpclient.netty.handler.HttpHandler - 

Request DefaultHttpRequest(decodeResult: success, version: HTTP/1.1)
POST /session/294352efa2897e3bc2b6794d75764f74/element/80c71ff2-d1a5-453f-a63f-217f5fb0a4d6/clear HTTP/1.1
User-Agent: selenium/4.1.2 (java windows)
Content-Length: 50
Content-Type: application/json; charset=utf-8
host: localhost:61073
accept: */*

Response DefaultHttpResponse(decodeResult: success, version: HTTP/1.1)
HTTP/1.1 200 OK
Content-Type: application/json; charset=utf-8
cache-control: no-cache
content-length: 14

22:31:45.268 [AsyncHttpClient-1-8] DEBUG org.asynchttpclient.netty.channel.ChannelManager - Adding key: http://localhost:61073 for channel [id: 0x13201ab3, L:/127.0.0.1:64702 - R:localhost/127.0.0.1:61073]
22:31:45.270 [Forwarding sendKeysToElement on session 294352efa2897e3bc2b6794d75764f74 to remote] DEBUG org.asynchttpclient.netty.request.NettyRequestSender - Using pooled Channel '[id: 0x13201ab3, L:/127.0.0.1:64702 - R:localhost/127.0.0.1:61073]' for 'POST' to 'http://localhost:61073/session/294352efa2897e3bc2b6794d75764f74/element/80c71ff2-d1a5-453f-a63f-217f5fb0a4d6/value'
22:31:45.270 [Forwarding sendKeysToElement on session 294352efa2897e3bc2b6794d75764f74 to remote] DEBUG org.asynchttpclient.netty.request.NettyRequestSender - Using open Channel [id: 0x13201ab3, L:/127.0.0.1:64702 - R:localhost/127.0.0.1:61073] for POST '/session/294352efa2897e3bc2b6794d75764f74/element/80c71ff2-d1a5-453f-a63f-217f5fb0a4d6/value'
22:31:45.323 [AsyncHttpClient-1-8] DEBUG org.asynchttpclient.netty.handler.HttpHandler - 

Request DefaultHttpRequest(decodeResult: success, version: HTTP/1.1)
POST /session/294352efa2897e3bc2b6794d75764f74/element/80c71ff2-d1a5-453f-a63f-217f5fb0a4d6/value HTTP/1.1
User-Agent: selenium/4.1.2 (java windows)
Content-Length: 201
Content-Type: application/json; charset=utf-8
host: localhost:61073
accept: */*

Response DefaultHttpResponse(decodeResult: success, version: HTTP/1.1)
HTTP/1.1 200 OK
Content-Type: application/json; charset=utf-8
cache-control: no-cache
content-length: 14

22:31:45.323 [AsyncHttpClient-1-8] DEBUG org.asynchttpclient.netty.channel.ChannelManager - Adding key: http://localhost:61073 for channel [id: 0x13201ab3, L:/127.0.0.1:64702 - R:localhost/127.0.0.1:61073]
  &amp#27;[32mWhen &amp#27;[0m&amp#27;[32mI input problem username&amp#27;[0m   &amp#27;[90m# starter.stepdefinitions.LoginStep.iInputProblemUsername()&amp#27;[0m
22:31:45.329 [Forwarding screenshot on session 294352efa2897e3bc2b6794d75764f74 to remote] DEBUG org.asynchttpclient.netty.request.NettyRequestSender - Using pooled Channel '[id: 0x13201ab3, L:/127.0.0.1:64702 - R:localhost/127.0.0.1:61073]' for 'GET' to 'http://localhost:61073/session/294352efa2897e3bc2b6794d75764f74/screenshot'
22:31:45.329 [Forwarding screenshot on session 294352efa2897e3bc2b6794d75764f74 to remote] DEBUG org.asynchttpclient.netty.request.NettyRequestSender - Using open Channel [id: 0x13201ab3, L:/127.0.0.1:64702 - R:localhost/127.0.0.1:61073] for GET '/session/294352efa2897e3bc2b6794d75764f74/screenshot'
22:31:45.426 [AsyncHttpClient-1-8] DEBUG org.asynchttpclient.netty.handler.HttpHandler - 

Request DefaultFullHttpRequest(decodeResult: success, version: HTTP/1.1, content: EmptyByteBufBE)
GET /session/294352efa2897e3bc2b6794d75764f74/screenshot HTTP/1.1
User-Agent: selenium/4.1.2 (java windows)
Cache-Control: no-cache
Content-Type: application/json; charset=utf-8
host: localhost:61073
accept: */*

Response DefaultHttpResponse(decodeResult: success, version: HTTP/1.1)
HTTP/1.1 200 OK
Content-Type: application/json; charset=utf-8
cache-control: no-cache
content-length: 59712

22:31:45.427 [AsyncHttpClient-1-8] DEBUG org.asynchttpclient.netty.channel.ChannelManager - Adding key: http://localhost:61073 for channel [id: 0x13201ab3, L:/127.0.0.1:64702 - R:localhost/127.0.0.1:61073]
22:31:45.429 [main] DEBUG net.serenitybdd.core.photography.Darkroom - Send negative for processing for target\site\serenity\46d5bf1cd8393b4413dd7b0ecbce3aeb84a9aba2a49a5e480773030c6b99faaa.png
22:31:45.429 [Darkroom Processing Line] DEBUG net.serenitybdd.core.photography.DarkroomProcessingLine - Processing screenshot image in /var/screenshots/screenshot-11885049621946150949
22:31:45.429 [Darkroom Processing Line] DEBUG net.serenitybdd.core.photography.DarkroomProcessingLine - Saving screenshot to target\site\serenity\46d5bf1cd8393b4413dd7b0ecbce3aeb84a9aba2a49a5e480773030c6b99faaa.png
22:31:45.439 [Forwarding findElement on session 294352efa2897e3bc2b6794d75764f74 to remote] DEBUG org.asynchttpclient.netty.request.NettyRequestSender - Using pooled Channel '[id: 0x13201ab3, L:/127.0.0.1:64702 - R:localhost/127.0.0.1:61073]' for 'POST' to 'http://localhost:61073/session/294352efa2897e3bc2b6794d75764f74/element'
22:31:45.439 [Forwarding findElement on session 294352efa2897e3bc2b6794d75764f74 to remote] DEBUG org.asynchttpclient.netty.request.NettyRequestSender - Using open Channel [id: 0x13201ab3, L:/127.0.0.1:64702 - R:localhost/127.0.0.1:61073] for POST '/session/294352efa2897e3bc2b6794d75764f74/element'
22:31:45.452 [AsyncHttpClient-1-8] DEBUG org.asynchttpclient.netty.handler.HttpHandler - 

Request DefaultHttpRequest(decodeResult: success, version: HTTP/1.1)
POST /session/294352efa2897e3bc2b6794d75764f74/element HTTP/1.1
User-Agent: selenium/4.1.2 (java windows)
Content-Length: 53
Content-Type: application/json; charset=utf-8
host: localhost:61073
accept: */*

Response DefaultHttpResponse(decodeResult: success, version: HTTP/1.1)
HTTP/1.1 200 OK
Content-Type: application/json; charset=utf-8
cache-control: no-cache
content-length: 88

22:31:45.452 [AsyncHttpClient-1-8] DEBUG org.asynchttpclient.netty.channel.ChannelManager - Adding key: http://localhost:61073 for channel [id: 0x13201ab3, L:/127.0.0.1:64702 - R:localhost/127.0.0.1:61073]
22:31:45.453 [Forwarding clearElement on session 294352efa2897e3bc2b6794d75764f74 to remote] DEBUG org.asynchttpclient.netty.request.NettyRequestSender - Using pooled Channel '[id: 0x13201ab3, L:/127.0.0.1:64702 - R:localhost/127.0.0.1:61073]' for 'POST' to 'http://localhost:61073/session/294352efa2897e3bc2b6794d75764f74/element/d8bf4891-75da-421e-9068-e29b1ffd9a4a/clear'
22:31:45.454 [Forwarding clearElement on session 294352efa2897e3bc2b6794d75764f74 to remote] DEBUG org.asynchttpclient.netty.request.NettyRequestSender - Using open Channel [id: 0x13201ab3, L:/127.0.0.1:64702 - R:localhost/127.0.0.1:61073] for POST '/session/294352efa2897e3bc2b6794d75764f74/element/d8bf4891-75da-421e-9068-e29b1ffd9a4a/clear'
22:31:45.479 [AsyncHttpClient-1-8] DEBUG org.asynchttpclient.netty.handler.HttpHandler - 

Request DefaultHttpRequest(decodeResult: success, version: HTTP/1.1)
POST /session/294352efa2897e3bc2b6794d75764f74/element/d8bf4891-75da-421e-9068-e29b1ffd9a4a/clear HTTP/1.1
User-Agent: selenium/4.1.2 (java windows)
Content-Length: 50
Content-Type: application/json; charset=utf-8
host: localhost:61073
accept: */*

Response DefaultHttpResponse(decodeResult: success, version: HTTP/1.1)
HTTP/1.1 200 OK
Content-Type: application/json; charset=utf-8
cache-control: no-cache
content-length: 14

22:31:45.480 [AsyncHttpClient-1-8] DEBUG org.asynchttpclient.netty.channel.ChannelManager - Adding key: http://localhost:61073 for channel [id: 0x13201ab3, L:/127.0.0.1:64702 - R:localhost/127.0.0.1:61073]
22:31:45.481 [Forwarding sendKeysToElement on session 294352efa2897e3bc2b6794d75764f74 to remote] DEBUG org.asynchttpclient.netty.request.NettyRequestSender - Using pooled Channel '[id: 0x13201ab3, L:/127.0.0.1:64702 - R:localhost/127.0.0.1:61073]' for 'POST' to 'http://localhost:61073/session/294352efa2897e3bc2b6794d75764f74/element/d8bf4891-75da-421e-9068-e29b1ffd9a4a/value'
22:31:45.481 [Forwarding sendKeysToElement on session 294352efa2897e3bc2b6794d75764f74 to remote] DEBUG org.asynchttpclient.netty.request.NettyRequestSender - Using open Channel [id: 0x13201ab3, L:/127.0.0.1:64702 - R:localhost/127.0.0.1:61073] for POST '/session/294352efa2897e3bc2b6794d75764f74/element/d8bf4891-75da-421e-9068-e29b1ffd9a4a/value'
22:31:45.529 [AsyncHttpClient-1-8] DEBUG org.asynchttpclient.netty.handler.HttpHandler - 

Request DefaultHttpRequest(decodeResult: success, version: HTTP/1.1)
POST /session/294352efa2897e3bc2b6794d75764f74/element/d8bf4891-75da-421e-9068-e29b1ffd9a4a/value HTTP/1.1
User-Agent: selenium/4.1.2 (java windows)
Content-Length: 201
Content-Type: application/json; charset=utf-8
host: localhost:61073
accept: */*

Response DefaultHttpResponse(decodeResult: success, version: HTTP/1.1)
HTTP/1.1 200 OK
Content-Type: application/json; charset=utf-8
cache-control: no-cache
content-length: 14

22:31:45.529 [AsyncHttpClient-1-8] DEBUG org.asynchttpclient.netty.channel.ChannelManager - Adding key: http://localhost:61073 for channel [id: 0x13201ab3, L:/127.0.0.1:64702 - R:localhost/127.0.0.1:61073]
  &amp#27;[32mAnd &amp#27;[0m&amp#27;[32mI input valid password&amp#27;[0m      &amp#27;[90m# starter.stepdefinitions.LoginStep.iInputValidPassword()&amp#27;[0m
22:31:45.535 [Forwarding screenshot on session 294352efa2897e3bc2b6794d75764f74 to remote] DEBUG org.asynchttpclient.netty.request.NettyRequestSender - Using pooled Channel '[id: 0x13201ab3, L:/127.0.0.1:64702 - R:localhost/127.0.0.1:61073]' for 'GET' to 'http://localhost:61073/session/294352efa2897e3bc2b6794d75764f74/screenshot'
22:31:45.535 [Forwarding screenshot on session 294352efa2897e3bc2b6794d75764f74 to remote] DEBUG org.asynchttpclient.netty.request.NettyRequestSender - Using open Channel [id: 0x13201ab3, L:/127.0.0.1:64702 - R:localhost/127.0.0.1:61073] for GET '/session/294352efa2897e3bc2b6794d75764f74/screenshot'
22:31:45.606 [AsyncHttpClient-1-8] DEBUG org.asynchttpclient.netty.handler.HttpHandler - 

Request DefaultFullHttpRequest(decodeResult: success, version: HTTP/1.1, content: EmptyByteBufBE)
GET /session/294352efa2897e3bc2b6794d75764f74/screenshot HTTP/1.1
User-Agent: selenium/4.1.2 (java windows)
Cache-Control: no-cache
Content-Type: application/json; charset=utf-8
host: localhost:61073
accept: */*

Response DefaultHttpResponse(decodeResult: success, version: HTTP/1.1)
HTTP/1.1 200 OK
Content-Type: application/json; charset=utf-8
cache-control: no-cache
content-length: 58236

22:31:45.607 [AsyncHttpClient-1-8] DEBUG org.asynchttpclient.netty.channel.ChannelManager - Adding key: http://localhost:61073 for channel [id: 0x13201ab3, L:/127.0.0.1:64702 - R:localhost/127.0.0.1:61073]
22:31:45.609 [main] DEBUG net.serenitybdd.core.photography.Darkroom - Send negative for processing for target\site\serenity\2a6db4e1c6f35c14f503ce77ff22cf8f85d34c216088ea705b545e0e3e86db4e.png
22:31:45.609 [Darkroom Processing Line] DEBUG net.serenitybdd.core.photography.DarkroomProcessingLine - Processing screenshot image in /var/screenshots/screenshot-17684447631487773540
22:31:45.609 [Darkroom Processing Line] DEBUG net.serenitybdd.core.photography.DarkroomProcessingLine - Saving screenshot to target\site\serenity\2a6db4e1c6f35c14f503ce77ff22cf8f85d34c216088ea705b545e0e3e86db4e.png
22:31:45.616 [Forwarding findElement on session 294352efa2897e3bc2b6794d75764f74 to remote] DEBUG org.asynchttpclient.netty.request.NettyRequestSender - Using pooled Channel '[id: 0x13201ab3, L:/127.0.0.1:64702 - R:localhost/127.0.0.1:61073]' for 'POST' to 'http://localhost:61073/session/294352efa2897e3bc2b6794d75764f74/element'
22:31:45.616 [Forwarding findElement on session 294352efa2897e3bc2b6794d75764f74 to remote] DEBUG org.asynchttpclient.netty.request.NettyRequestSender - Using open Channel [id: 0x13201ab3, L:/127.0.0.1:64702 - R:localhost/127.0.0.1:61073] for POST '/session/294352efa2897e3bc2b6794d75764f74/element'
22:31:45.626 [AsyncHttpClient-1-8] DEBUG org.asynchttpclient.netty.handler.HttpHandler - 

Request DefaultHttpRequest(decodeResult: success, version: HTTP/1.1)
POST /session/294352efa2897e3bc2b6794d75764f74/element HTTP/1.1
User-Agent: selenium/4.1.2 (java windows)
Content-Length: 59
Content-Type: application/json; charset=utf-8
host: localhost:61073
accept: */*

Response DefaultHttpResponse(decodeResult: success, version: HTTP/1.1)
HTTP/1.1 200 OK
Content-Type: application/json; charset=utf-8
cache-control: no-cache
content-length: 88

22:31:45.627 [AsyncHttpClient-1-8] DEBUG org.asynchttpclient.netty.channel.ChannelManager - Adding key: http://localhost:61073 for channel [id: 0x13201ab3, L:/127.0.0.1:64702 - R:localhost/127.0.0.1:61073]
22:31:45.627 [Forwarding getElementTagName on session 294352efa2897e3bc2b6794d75764f74 to remote] DEBUG org.asynchttpclient.netty.request.NettyRequestSender - Using pooled Channel '[id: 0x13201ab3, L:/127.0.0.1:64702 - R:localhost/127.0.0.1:61073]' for 'GET' to 'http://localhost:61073/session/294352efa2897e3bc2b6794d75764f74/element/d1dc65e8-1523-4d08-9a4c-d99c64947634/name'
22:31:45.627 [Forwarding getElementTagName on session 294352efa2897e3bc2b6794d75764f74 to remote] DEBUG org.asynchttpclient.netty.request.NettyRequestSender - Using open Channel [id: 0x13201ab3, L:/127.0.0.1:64702 - R:localhost/127.0.0.1:61073] for GET '/session/294352efa2897e3bc2b6794d75764f74/element/d1dc65e8-1523-4d08-9a4c-d99c64947634/name'
22:31:45.632 [AsyncHttpClient-1-8] DEBUG org.asynchttpclient.netty.handler.HttpHandler - 

Request DefaultFullHttpRequest(decodeResult: success, version: HTTP/1.1, content: EmptyByteBufBE)
GET /session/294352efa2897e3bc2b6794d75764f74/element/d1dc65e8-1523-4d08-9a4c-d99c64947634/name HTTP/1.1
User-Agent: selenium/4.1.2 (java windows)
Cache-Control: no-cache
Content-Type: application/json; charset=utf-8
host: localhost:61073
accept: */*

Response DefaultHttpResponse(decodeResult: success, version: HTTP/1.1)
HTTP/1.1 200 OK
Content-Type: application/json; charset=utf-8
cache-control: no-cache
content-length: 17

22:31:45.632 [AsyncHttpClient-1-8] DEBUG org.asynchttpclient.netty.channel.ChannelManager - Adding key: http://localhost:61073 for channel [id: 0x13201ab3, L:/127.0.0.1:64702 - R:localhost/127.0.0.1:61073]
22:31:45.633 [Forwarding getElementTagName on session 294352efa2897e3bc2b6794d75764f74 to remote] DEBUG org.asynchttpclient.netty.request.NettyRequestSender - Using pooled Channel '[id: 0x13201ab3, L:/127.0.0.1:64702 - R:localhost/127.0.0.1:61073]' for 'GET' to 'http://localhost:61073/session/294352efa2897e3bc2b6794d75764f74/element/d1dc65e8-1523-4d08-9a4c-d99c64947634/name'
22:31:45.633 [Forwarding getElementTagName on session 294352efa2897e3bc2b6794d75764f74 to remote] DEBUG org.asynchttpclient.netty.request.NettyRequestSender - Using open Channel [id: 0x13201ab3, L:/127.0.0.1:64702 - R:localhost/127.0.0.1:61073] for GET '/session/294352efa2897e3bc2b6794d75764f74/element/d1dc65e8-1523-4d08-9a4c-d99c64947634/name'
22:31:45.636 [AsyncHttpClient-1-8] DEBUG org.asynchttpclient.netty.handler.HttpHandler - 

Request DefaultFullHttpRequest(decodeResult: success, version: HTTP/1.1, content: EmptyByteBufBE)
GET /session/294352efa2897e3bc2b6794d75764f74/element/d1dc65e8-1523-4d08-9a4c-d99c64947634/name HTTP/1.1
User-Agent: selenium/4.1.2 (java windows)
Cache-Control: no-cache
Content-Type: application/json; charset=utf-8
host: localhost:61073
accept: */*

Response DefaultHttpResponse(decodeResult: success, version: HTTP/1.1)
HTTP/1.1 200 OK
Content-Type: application/json; charset=utf-8
cache-control: no-cache
content-length: 17

22:31:45.636 [AsyncHttpClient-1-8] DEBUG org.asynchttpclient.netty.channel.ChannelManager - Adding key: http://localhost:61073 for channel [id: 0x13201ab3, L:/127.0.0.1:64702 - R:localhost/127.0.0.1:61073]
22:31:45.639 [Forwarding isElementEnabled on session 294352efa2897e3bc2b6794d75764f74 to remote] DEBUG org.asynchttpclient.netty.request.NettyRequestSender - Using pooled Channel '[id: 0x13201ab3, L:/127.0.0.1:64702 - R:localhost/127.0.0.1:61073]' for 'GET' to 'http://localhost:61073/session/294352efa2897e3bc2b6794d75764f74/element/d1dc65e8-1523-4d08-9a4c-d99c64947634/enabled'
22:31:45.639 [Forwarding isElementEnabled on session 294352efa2897e3bc2b6794d75764f74 to remote] DEBUG org.asynchttpclient.netty.request.NettyRequestSender - Using open Channel [id: 0x13201ab3, L:/127.0.0.1:64702 - R:localhost/127.0.0.1:61073] for GET '/session/294352efa2897e3bc2b6794d75764f74/element/d1dc65e8-1523-4d08-9a4c-d99c64947634/enabled'
22:31:45.645 [AsyncHttpClient-1-8] DEBUG org.asynchttpclient.netty.handler.HttpHandler - 

Request DefaultFullHttpRequest(decodeResult: success, version: HTTP/1.1, content: EmptyByteBufBE)
GET /session/294352efa2897e3bc2b6794d75764f74/element/d1dc65e8-1523-4d08-9a4c-d99c64947634/enabled HTTP/1.1
User-Agent: selenium/4.1.2 (java windows)
Cache-Control: no-cache
Content-Type: application/json; charset=utf-8
host: localhost:61073
accept: */*

Response DefaultHttpResponse(decodeResult: success, version: HTTP/1.1)
HTTP/1.1 200 OK
Content-Type: application/json; charset=utf-8
cache-control: no-cache
content-length: 14

22:31:45.645 [AsyncHttpClient-1-8] DEBUG org.asynchttpclient.netty.channel.ChannelManager - Adding key: http://localhost:61073 for channel [id: 0x13201ab3, L:/127.0.0.1:64702 - R:localhost/127.0.0.1:61073]
22:31:45.647 [Forwarding isElementEnabled on session 294352efa2897e3bc2b6794d75764f74 to remote] DEBUG org.asynchttpclient.netty.request.NettyRequestSender - Using pooled Channel '[id: 0x13201ab3, L:/127.0.0.1:64702 - R:localhost/127.0.0.1:61073]' for 'GET' to 'http://localhost:61073/session/294352efa2897e3bc2b6794d75764f74/element/d1dc65e8-1523-4d08-9a4c-d99c64947634/enabled'
22:31:45.647 [Forwarding isElementEnabled on session 294352efa2897e3bc2b6794d75764f74 to remote] DEBUG org.asynchttpclient.netty.request.NettyRequestSender - Using open Channel [id: 0x13201ab3, L:/127.0.0.1:64702 - R:localhost/127.0.0.1:61073] for GET '/session/294352efa2897e3bc2b6794d75764f74/element/d1dc65e8-1523-4d08-9a4c-d99c64947634/enabled'
22:31:45.652 [AsyncHttpClient-1-8] DEBUG org.asynchttpclient.netty.handler.HttpHandler - 

Request DefaultFullHttpRequest(decodeResult: success, version: HTTP/1.1, content: EmptyByteBufBE)
GET /session/294352efa2897e3bc2b6794d75764f74/element/d1dc65e8-1523-4d08-9a4c-d99c64947634/enabled HTTP/1.1
User-Agent: selenium/4.1.2 (java windows)
Cache-Control: no-cache
Content-Type: application/json; charset=utf-8
host: localhost:61073
accept: */*

Response DefaultHttpResponse(decodeResult: success, version: HTTP/1.1)
HTTP/1.1 200 OK
Content-Type: application/json; charset=utf-8
cache-control: no-cache
content-length: 14

22:31:45.653 [AsyncHttpClient-1-8] DEBUG org.asynchttpclient.netty.channel.ChannelManager - Adding key: http://localhost:61073 for channel [id: 0x13201ab3, L:/127.0.0.1:64702 - R:localhost/127.0.0.1:61073]
22:31:45.654 [Forwarding findElement on session 294352efa2897e3bc2b6794d75764f74 to remote] DEBUG org.asynchttpclient.netty.request.NettyRequestSender - Using pooled Channel '[id: 0x13201ab3, L:/127.0.0.1:64702 - R:localhost/127.0.0.1:61073]' for 'POST' to 'http://localhost:61073/session/294352efa2897e3bc2b6794d75764f74/element'
22:31:45.654 [Forwarding findElement on session 294352efa2897e3bc2b6794d75764f74 to remote] DEBUG org.asynchttpclient.netty.request.NettyRequestSender - Using open Channel [id: 0x13201ab3, L:/127.0.0.1:64702 - R:localhost/127.0.0.1:61073] for POST '/session/294352efa2897e3bc2b6794d75764f74/element'
22:31:45.661 [AsyncHttpClient-1-8] DEBUG org.asynchttpclient.netty.handler.HttpHandler - 

Request DefaultHttpRequest(decodeResult: success, version: HTTP/1.1)
POST /session/294352efa2897e3bc2b6794d75764f74/element HTTP/1.1
User-Agent: selenium/4.1.2 (java windows)
Content-Length: 59
Content-Type: application/json; charset=utf-8
host: localhost:61073
accept: */*

Response DefaultHttpResponse(decodeResult: success, version: HTTP/1.1)
HTTP/1.1 200 OK
Content-Type: application/json; charset=utf-8
cache-control: no-cache
content-length: 88

22:31:45.661 [AsyncHttpClient-1-8] DEBUG org.asynchttpclient.netty.channel.ChannelManager - Adding key: http://localhost:61073 for channel [id: 0x13201ab3, L:/127.0.0.1:64702 - R:localhost/127.0.0.1:61073]
22:31:45.662 [Forwarding clickElement on session 294352efa2897e3bc2b6794d75764f74 to remote] DEBUG org.asynchttpclient.netty.request.NettyRequestSender - Using pooled Channel '[id: 0x13201ab3, L:/127.0.0.1:64702 - R:localhost/127.0.0.1:61073]' for 'POST' to 'http://localhost:61073/session/294352efa2897e3bc2b6794d75764f74/element/d1dc65e8-1523-4d08-9a4c-d99c64947634/click'
22:31:45.662 [Forwarding clickElement on session 294352efa2897e3bc2b6794d75764f74 to remote] DEBUG org.asynchttpclient.netty.request.NettyRequestSender - Using open Channel [id: 0x13201ab3, L:/127.0.0.1:64702 - R:localhost/127.0.0.1:61073] for POST '/session/294352efa2897e3bc2b6794d75764f74/element/d1dc65e8-1523-4d08-9a4c-d99c64947634/click'
22:31:45.733 [AsyncHttpClient-1-8] DEBUG org.asynchttpclient.netty.handler.HttpHandler - 

Request DefaultHttpRequest(decodeResult: success, version: HTTP/1.1)
POST /session/294352efa2897e3bc2b6794d75764f74/element/d1dc65e8-1523-4d08-9a4c-d99c64947634/click HTTP/1.1
User-Agent: selenium/4.1.2 (java windows)
Content-Length: 50
Content-Type: application/json; charset=utf-8
host: localhost:61073
accept: */*

Response DefaultHttpResponse(decodeResult: success, version: HTTP/1.1)
HTTP/1.1 200 OK
Content-Type: application/json; charset=utf-8
cache-control: no-cache
content-length: 14

22:31:45.733 [AsyncHttpClient-1-8] DEBUG org.asynchttpclient.netty.channel.ChannelManager - Adding key: http://localhost:61073 for channel [id: 0x13201ab3, L:/127.0.0.1:64702 - R:localhost/127.0.0.1:61073]
  &amp#27;[32mAnd &amp#27;[0m&amp#27;[32mI click login button&amp#27;[0m        &amp#27;[90m# starter.stepdefinitions.LoginStep.iClickLoginButton()&amp#27;[0m
22:31:45.739 [Forwarding screenshot on session 294352efa2897e3bc2b6794d75764f74 to remote] DEBUG org.asynchttpclient.netty.request.NettyRequestSender - Using pooled Channel '[id: 0x13201ab3, L:/127.0.0.1:64702 - R:localhost/127.0.0.1:61073]' for 'GET' to 'http://localhost:61073/session/294352efa2897e3bc2b6794d75764f74/screenshot'
22:31:45.740 [Forwarding screenshot on session 294352efa2897e3bc2b6794d75764f74 to remote] DEBUG org.asynchttpclient.netty.request.NettyRequestSender - Using open Channel [id: 0x13201ab3, L:/127.0.0.1:64702 - R:localhost/127.0.0.1:61073] for GET '/session/294352efa2897e3bc2b6794d75764f74/screenshot'
22:31:45.848 [AsyncHttpClient-1-8] DEBUG org.asynchttpclient.netty.handler.HttpHandler - 

Request DefaultFullHttpRequest(decodeResult: success, version: HTTP/1.1, content: EmptyByteBufBE)
GET /session/294352efa2897e3bc2b6794d75764f74/screenshot HTTP/1.1
User-Agent: selenium/4.1.2 (java windows)
Cache-Control: no-cache
Content-Type: application/json; charset=utf-8
host: localhost:61073
accept: */*

Response DefaultHttpResponse(decodeResult: success, version: HTTP/1.1)
HTTP/1.1 200 OK
Content-Type: application/json; charset=utf-8
cache-control: no-cache
content-length: 66436

22:31:45.848 [AsyncHttpClient-1-8] DEBUG org.asynchttpclient.netty.channel.ChannelManager - Adding key: http://localhost:61073 for channel [id: 0x13201ab3, L:/127.0.0.1:64702 - R:localhost/127.0.0.1:61073]
22:31:45.850 [main] DEBUG net.serenitybdd.core.photography.Darkroom - Send negative for processing for target\site\serenity\1dcf590cfc115b6fe95f75f6181462fe8d40e5c1bfb21e596c701647536afa51.png
22:31:45.851 [Darkroom Processing Line] DEBUG net.serenitybdd.core.photography.DarkroomProcessingLine - Processing screenshot image in /var/screenshots/screenshot-4998590557276093233
22:31:45.851 [Darkroom Processing Line] DEBUG net.serenitybdd.core.photography.DarkroomProcessingLine - Saving screenshot to target\site\serenity\1dcf590cfc115b6fe95f75f6181462fe8d40e5c1bfb21e596c701647536afa51.png
  &amp#27;[32mThen &amp#27;[0m&amp#27;[32mI success login&amp#27;[0m            &amp#27;[90m# starter.stepdefinitions.LoginStep.iSuccessLogin()&amp#27;[0m
22:31:45.858 [main] INFO  - 
  _____   ___   ___   _____     ___     _     ___   ___   ___   ___  
 |_   _| | __| / __| |_   _|   | _ \   /_\   / __| / __| | __| |   \ 
   | |   | _|  \__ \   | |     |  _/  / _ \  \__ \ \__ \ | _|  | |) |
   |_|   |___| |___/   |_|     |_|   /_/ \_\ |___/ |___/ |___| |___/ 

Login with problem user
----------------------------------------------------------------------
22:31:45.859 [AsyncHttpClient-1-10] DEBUG org.asynchttpclient.netty.handler.WebSocketHandler - Channel Closed: [id: 0xe90bb519, L:/127.0.0.1:64711 ! R:localhost/127.0.0.1:64704] with attribute NettyResponseFuture{currentRetry=5,
	isDone=1,
	isCancelled=0,
	asyncHandler=org.asynchttpclient.ws.WebSocketUpgradeHandler@25af6d48,
	nettyRequest=org.asynchttpclient.netty.request.NettyRequest@6fca5561,
	future=java.util.concurrent.CompletableFuture@745e008a[Completed normally],
	uri=ws://localhost:64704/devtools/browser/db4e2389-fe29-423e-9722-1862bfedf3e4,
	keepAlive=true,
	redirectCount=0,
	timeoutsHolder=null,
	inAuth=0,
	touch=1665675103273}
22:31:45.859 [Driver Command Executor] DEBUG org.asynchttpclient.netty.request.NettyRequestSender - Using pooled Channel '[id: 0x13201ab3, L:/127.0.0.1:64702 - R:localhost/127.0.0.1:61073]' for 'DELETE' to 'http://localhost:61073/session/294352efa2897e3bc2b6794d75764f74'
22:31:45.859 [AsyncHttpClient-1-10] DEBUG org.asynchttpclient.netty.channel.ChannelManager - Closing Channel [id: 0xe90bb519, L:/127.0.0.1:64711 ! R:localhost/127.0.0.1:64704] 
22:31:45.859 [Driver Command Executor] DEBUG org.asynchttpclient.netty.request.NettyRequestSender - Using open Channel [id: 0x13201ab3, L:/127.0.0.1:64702 - R:localhost/127.0.0.1:61073] for DELETE '/session/294352efa2897e3bc2b6794d75764f74'
22:31:45.880 [AsyncHttpClient-1-9] DEBUG org.asynchttpclient.netty.handler.HttpHandler - Unexpected I/O exception on channel [id: 0x677f7dde, L:/127.0.0.1:64710 - R:localhost/127.0.0.1:64704]
java.net.SocketException: Connection reset
	at java.base/sun.nio.ch.SocketChannelImpl.throwConnectionReset(SocketChannelImpl.java:401)
	at java.base/sun.nio.ch.SocketChannelImpl.read(SocketChannelImpl.java:434)
	at io.netty.buffer.PooledByteBuf.setBytes(PooledByteBuf.java:258)
	at io.netty.buffer.AbstractByteBuf.writeBytes(AbstractByteBuf.java:1132)
	at io.netty.channel.socket.nio.NioSocketChannel.doReadBytes(NioSocketChannel.java:350)
	at io.netty.channel.nio.AbstractNioByteChannel$NioByteUnsafe.read(AbstractNioByteChannel.java:151)
	at io.netty.channel.nio.NioEventLoop.processSelectedKey(NioEventLoop.java:722)
	at io.netty.channel.nio.NioEventLoop.processSelectedKeysOptimized(NioEventLoop.java:658)
	at io.netty.channel.nio.NioEventLoop.processSelectedKeys(NioEventLoop.java:584)
	at io.netty.channel.nio.NioEventLoop.run(NioEventLoop.java:496)
	at io.netty.util.concurrent.SingleThreadEventExecutor$4.run(SingleThreadEventExecutor.java:986)
	at io.netty.util.internal.ThreadExecutorMap$2.run(ThreadExecutorMap.java:74)
	at io.netty.util.concurrent.FastThreadLocalRunnable.run(FastThreadLocalRunnable.java:30)
	at java.base/java.lang.Thread.run(Thread.java:1589)
22:31:45.880 [AsyncHttpClient-1-9] DEBUG org.asynchttpclient.netty.channel.ChannelManager - Closing Channel [id: 0x677f7dde, L:/127.0.0.1:64710 - R:localhost/127.0.0.1:64704] 
22:31:45.880 [AsyncHttpClient-1-9] DEBUG org.asynchttpclient.netty.handler.HttpHandler - Channel Closed: [id: 0x677f7dde, L:/127.0.0.1:64710 ! R:localhost/127.0.0.1:64704] with attribute DISCARD
22:31:45.893 [AsyncHttpClient-1-8] DEBUG org.asynchttpclient.netty.handler.HttpHandler - 

Request DefaultFullHttpRequest(decodeResult: success, version: HTTP/1.1, content: EmptyByteBufBE)
DELETE /session/294352efa2897e3bc2b6794d75764f74 HTTP/1.1
User-Agent: selenium/4.1.2 (java windows)
Content-Type: application/json; charset=utf-8
host: localhost:61073
accept: */*

Response DefaultHttpResponse(decodeResult: success, version: HTTP/1.1)
HTTP/1.1 200 OK
Content-Type: application/json; charset=utf-8
cache-control: no-cache
content-length: 14

22:31:45.893 [AsyncHttpClient-1-8] DEBUG org.asynchttpclient.netty.channel.ChannelManager - Adding key: http://localhost:61073 for channel [id: 0x13201ab3, L:/127.0.0.1:64702 - R:localhost/127.0.0.1:61073]
22:31:45.932 [AsyncHttpClient-1-8] DEBUG org.asynchttpclient.netty.handler.HttpHandler - Channel Closed: [id: 0x13201ab3, L:/127.0.0.1:64702 ! R:localhost/127.0.0.1:61073] with attribute DISCARD
22:31:45.975 [AsyncHttpClient-1-1] DEBUG org.asynchttpclient.netty.channel.DefaultChannelPool - Entry count for : http://localhost:64704 : 1
22:31:45.975 [AsyncHttpClient-1-1] DEBUG org.asynchttpclient.netty.channel.DefaultChannelPool - Entry count for : http://localhost:61073 : 1
22:31:45.976 [AsyncHttpClient-1-1] DEBUG org.asynchttpclient.netty.channel.DefaultChannelPool - Adding Candidate expired Channel [id: 0x677f7dde, L:/127.0.0.1:64710 ! R:localhost/127.0.0.1:64704] isIdleTimeoutExpired=false isRemotelyClosed=true isTtlExpired=false
22:31:45.976 [AsyncHttpClient-1-1] DEBUG org.asynchttpclient.netty.channel.DefaultChannelPool - Closing Idle Channel [id: 0x677f7dde, L:/127.0.0.1:64710 ! R:localhost/127.0.0.1:64704]
22:31:45.976 [AsyncHttpClient-1-1] DEBUG org.asynchttpclient.netty.channel.DefaultChannelPool - Adding Candidate expired Channel [id: 0x13201ab3, L:/127.0.0.1:64702 ! R:localhost/127.0.0.1:61073] isIdleTimeoutExpired=false isRemotelyClosed=true isTtlExpired=false
22:31:45.976 [AsyncHttpClient-1-1] DEBUG org.asynchttpclient.netty.channel.DefaultChannelPool - Closing Idle Channel [id: 0x13201ab3, L:/127.0.0.1:64702 ! R:localhost/127.0.0.1:61073]
22:31:45.976 [AsyncHttpClient-1-1] DEBUG org.asynchttpclient.netty.channel.DefaultChannelPool - Closed 2 connections out of 2 in 1 ms
]]></system-out>
    <system-err><![CDATA[Starting ChromeDriver 106.0.5249.61 (511755355844955cd3e264779baf0dd38212a4d0-refs/branch-heads/5249@{#569}) on port 61073
Only local connections are allowed.
Please see https://chromedriver.chromium.org/security-considerations for suggestions on keeping ChromeDriver safe.
ChromeDriver was started successfully.
Oct 13, 2022 10:31:43 PM org.openqa.selenium.remote.ProtocolHandshake createSession
INFO: Detected dialect: W3C
Oct 13, 2022 10:31:43 PM org.openqa.selenium.devtools.CdpVersionFinder findNearestMatch
WARNING: Unable to find an exact match for CDP version 106, so returning the closest version found: a no-op implementation
Oct 13, 2022 10:31:43 PM org.openqa.selenium.devtools.CdpVersionFinder findNearestMatch
INFO: Unable to find CDP implementation matching 106.
Oct 13, 2022 10:31:43 PM org.openqa.selenium.chromium.ChromiumDriver lambda$new$3
WARNING: Unable to find version of CDP to use for . You may need to include a dependency on a specific version of the CDP using something similar to `org.seleniumhq.selenium:selenium-devtools-v86:4.1.2` where the version ("v86") matches the version of the chromium-based browser you're using and the version number of the artifact is the same as Selenium's.
]]></system-err>
  </testcase>
  <testcase name="Login with performance glitch user" classname="Login" time="11.551">
    <system-out><![CDATA[
Scenario: Login with performance glitch user &amp#27;[90m# src/test/resources/features/login.feature:27&amp#27;[0m
22:31:45.993 [main] INFO io.cucumber.core.plugin.SerenityReporter - Running feature from file:///D:/qe_moch_yusuf_efendi/21_Review%20Web%20UI%20Testing%20with%20Serenity/praktikum/web-ui/src/test/resources/features/login.feature
22:31:45.996 [main] INFO  - 
  _____   ___   ___   _____     ___   _____     _     ___   _____   ___   ___  
 |_   _| | __| / __| |_   _|   / __| |_   _|   /_\   | _ \ |_   _| | __| |   \ 
   | |   | _|  \__ \   | |     \__ \   | |    / _ \  |   /   | |   | _|  | |) |
   |_|   |___| |___/   |_|     |___/   |_|   /_/ \_\ |_|_\   |_|   |___| |___/ 

Login with performance glitch user(login;login-with-performance-glitch-user)
--------------------------------------------------------------------------------
22:31:46.011 [main] INFO net.serenitybdd.core.webdriver.driverproviders.ChromeDriverProvider - Using automatically driver download
22:31:46.107 [main] DEBUG io.github.bonigarcia.wdm.cache.ResolutionCache - Resolution chrome=106 in cache (valid until 23:11:12 13/10/2022 WIB)
22:31:46.109 [main] DEBUG io.github.bonigarcia.wdm.cache.ResolutionCache - Resolution chrome106=106.0.5249.61 in cache (valid until 19:49:28 14/10/2022 WIB)
22:31:46.111 [main] INFO io.github.bonigarcia.wdm.WebDriverManager - Using chromedriver 106.0.5249.61 (resolved driver for Chrome 106)
22:31:46.118 [main] DEBUG io.github.bonigarcia.wdm.WebDriverManager - Driver chromedriver 106.0.5249.61 found in cache
22:31:46.118 [main] INFO io.github.bonigarcia.wdm.WebDriverManager - Exporting webdriver.chrome.driver as C:\Users\Yusuf Efendi\.cache\selenium\chromedriver\win32\106.0.5249.61\chromedriver.exe
22:31:46.213 [main] DEBUG net.serenitybdd.core.webdriver.driverproviders.ProvideNewDriver - Instantiating driver
22:31:46.213 [main] DEBUG net.serenitybdd.core.webdriver.driverproviders.ProvideNewDriver - Driver capabilities: Capabilities {acceptInsecureCerts: false, base.url: https://www.saucedemo.com, browserName: chrome, chrome.driver: src/test/resources/webdrive..., driver: chrome, goog:chromeOptions: {args: [], extensions: []}}
22:31:46.278 [AsyncHttpClient-1-11] DEBUG org.asynchttpclient.netty.channel.NettyConnectListener - Using new Channel '[id: 0xc0ce0179, L:/127.0.0.1:64723 - R:localhost/127.0.0.1:61137]' for 'POST' to '/session'
22:31:46.881 [AsyncHttpClient-1-11] DEBUG org.asynchttpclient.netty.handler.HttpHandler - 

Request DefaultHttpRequest(decodeResult: success, version: HTTP/1.1)
POST /session HTTP/1.1
User-Agent: selenium/4.1.2 (java windows)
Content-Length: 606
Content-Type: application/json; charset=utf-8
host: localhost:61137
accept: */*

Response DefaultHttpResponse(decodeResult: success, version: HTTP/1.1)
HTTP/1.1 200 OK
Content-Type: application/json; charset=utf-8
cache-control: no-cache
content-length: 792

22:31:46.881 [AsyncHttpClient-1-11] DEBUG org.asynchttpclient.netty.channel.ChannelManager - Adding key: http://localhost:61137 for channel [id: 0xc0ce0179, L:/127.0.0.1:64723 - R:localhost/127.0.0.1:61137]
22:31:46.894 [AsyncHttpClient-1-12] DEBUG org.asynchttpclient.netty.channel.NettyConnectListener - Using new Channel '[id: 0xdc708605, L:/127.0.0.1:64730 - R:localhost/127.0.0.1:64724]' for 'GET' to '/json/version'
22:31:46.905 [AsyncHttpClient-1-12] DEBUG org.asynchttpclient.netty.handler.HttpHandler - 

Request DefaultFullHttpRequest(decodeResult: success, version: HTTP/1.1, content: EmptyByteBufBE)
GET /json/version HTTP/1.1
User-Agent: selenium/4.1.2 (java windows)
host: localhost:64724
accept: */*

Response DefaultHttpResponse(decodeResult: success, version: HTTP/1.1)
HTTP/1.1 200 OK
Content-Type: application/json; charset=UTF-8
content-length: 424

22:31:46.905 [AsyncHttpClient-1-12] DEBUG org.asynchttpclient.netty.channel.ChannelManager - Adding key: http://localhost:64724 for channel [id: 0xdc708605, L:/127.0.0.1:64730 - R:localhost/127.0.0.1:64724]
22:31:46.909 [AsyncHttpClient-1-13] DEBUG org.asynchttpclient.netty.channel.NettyConnectListener - Using new Channel '[id: 0x0bcf5587, L:/127.0.0.1:64732 - R:localhost/127.0.0.1:64724]' for 'GET' to '/devtools/browser/19fc82be-990f-492e-8c0b-4a74866ab636'
22:31:46.924 [AsyncHttpClient-1-13] DEBUG org.asynchttpclient.netty.handler.WebSocketHandler - 

Request DefaultFullHttpRequest(decodeResult: success, version: HTTP/1.1, content: EmptyByteBufBE)
GET /devtools/browser/19fc82be-990f-492e-8c0b-4a74866ab636 HTTP/1.1
upgrade: websocket
connection: upgrade
sec-websocket-key: jUwbTEfSj9qc46qpxXm1Fg==
sec-websocket-version: 13
origin: http://localhost:64724
host: localhost:64724
accept: */*
user-agent: AHC/2.1

Response DefaultHttpResponse(decodeResult: success, version: HTTP/1.1)
HTTP/1.1 101 WebSocket Protocol Handshake
Upgrade: WebSocket
Connection: Upgrade
Sec-WebSocket-Accept: VfHUMlK7RrVDt4Edj7kCrTZU+z0=

22:31:46.938 [Forwarding get on session 8a2affce701087d32e1df91015aa753e to remote] DEBUG org.asynchttpclient.netty.request.NettyRequestSender - Using pooled Channel '[id: 0xc0ce0179, L:/127.0.0.1:64723 - R:localhost/127.0.0.1:61137]' for 'POST' to 'http://localhost:61137/session/8a2affce701087d32e1df91015aa753e/url'
22:31:46.938 [Forwarding get on session 8a2affce701087d32e1df91015aa753e to remote] DEBUG org.asynchttpclient.netty.request.NettyRequestSender - Using open Channel [id: 0xc0ce0179, L:/127.0.0.1:64723 - R:localhost/127.0.0.1:61137] for POST '/session/8a2affce701087d32e1df91015aa753e/url'
22:31:47.067 [AsyncHttpClient-1-1] DEBUG org.asynchttpclient.netty.channel.DefaultChannelPool - Entry count for : http://localhost:64724 : 1
22:31:48.168 [AsyncHttpClient-1-1] DEBUG org.asynchttpclient.netty.channel.DefaultChannelPool - Entry count for : http://localhost:64724 : 1
22:31:49.269 [AsyncHttpClient-1-1] DEBUG org.asynchttpclient.netty.channel.DefaultChannelPool - Entry count for : http://localhost:64724 : 1
22:31:50.367 [AsyncHttpClient-1-1] DEBUG org.asynchttpclient.netty.channel.DefaultChannelPool - Entry count for : http://localhost:64724 : 1
22:31:51.468 [AsyncHttpClient-1-1] DEBUG org.asynchttpclient.netty.channel.DefaultChannelPool - Entry count for : http://localhost:64724 : 1
22:31:51.473 [AsyncHttpClient-1-11] DEBUG org.asynchttpclient.netty.handler.HttpHandler - 

Request DefaultHttpRequest(decodeResult: success, version: HTTP/1.1)
POST /session/8a2affce701087d32e1df91015aa753e/url HTTP/1.1
User-Agent: selenium/4.1.2 (java windows)
Content-Length: 56
Content-Type: application/json; charset=utf-8
host: localhost:61137
accept: */*

Response DefaultHttpResponse(decodeResult: success, version: HTTP/1.1)
HTTP/1.1 200 OK
Content-Type: application/json; charset=utf-8
cache-control: no-cache
content-length: 14

22:31:51.473 [AsyncHttpClient-1-11] DEBUG org.asynchttpclient.netty.channel.ChannelManager - Adding key: http://localhost:61137 for channel [id: 0xc0ce0179, L:/127.0.0.1:64723 - R:localhost/127.0.0.1:61137]
22:31:51.474 [Forwarding setTimeout on session 8a2affce701087d32e1df91015aa753e to remote] DEBUG org.asynchttpclient.netty.request.NettyRequestSender - Using pooled Channel '[id: 0xc0ce0179, L:/127.0.0.1:64723 - R:localhost/127.0.0.1:61137]' for 'POST' to 'http://localhost:61137/session/8a2affce701087d32e1df91015aa753e/timeouts'
22:31:51.474 [Forwarding setTimeout on session 8a2affce701087d32e1df91015aa753e to remote] DEBUG org.asynchttpclient.netty.request.NettyRequestSender - Using open Channel [id: 0xc0ce0179, L:/127.0.0.1:64723 - R:localhost/127.0.0.1:61137] for POST '/session/8a2affce701087d32e1df91015aa753e/timeouts'
22:31:51.475 [AsyncHttpClient-1-11] DEBUG org.asynchttpclient.netty.handler.HttpHandler - 

Request DefaultHttpRequest(decodeResult: success, version: HTTP/1.1)
POST /session/8a2affce701087d32e1df91015aa753e/timeouts HTTP/1.1
User-Agent: selenium/4.1.2 (java windows)
Content-Length: 22
Content-Type: application/json; charset=utf-8
host: localhost:61137
accept: */*

Response DefaultHttpResponse(decodeResult: success, version: HTTP/1.1)
HTTP/1.1 200 OK
Content-Type: application/json; charset=utf-8
cache-control: no-cache
content-length: 14

22:31:51.475 [AsyncHttpClient-1-11] DEBUG org.asynchttpclient.netty.channel.ChannelManager - Adding key: http://localhost:61137 for channel [id: 0xc0ce0179, L:/127.0.0.1:64723 - R:localhost/127.0.0.1:61137]
22:31:51.478 [Forwarding getCurrentUrl on session 8a2affce701087d32e1df91015aa753e to remote] DEBUG org.asynchttpclient.netty.request.NettyRequestSender - Using pooled Channel '[id: 0xc0ce0179, L:/127.0.0.1:64723 - R:localhost/127.0.0.1:61137]' for 'GET' to 'http://localhost:61137/session/8a2affce701087d32e1df91015aa753e/url'
22:31:51.478 [Forwarding getCurrentUrl on session 8a2affce701087d32e1df91015aa753e to remote] DEBUG org.asynchttpclient.netty.request.NettyRequestSender - Using open Channel [id: 0xc0ce0179, L:/127.0.0.1:64723 - R:localhost/127.0.0.1:61137] for GET '/session/8a2affce701087d32e1df91015aa753e/url'
22:31:51.485 [AsyncHttpClient-1-11] DEBUG org.asynchttpclient.netty.handler.HttpHandler - 

Request DefaultFullHttpRequest(decodeResult: success, version: HTTP/1.1, content: EmptyByteBufBE)
GET /session/8a2affce701087d32e1df91015aa753e/url HTTP/1.1
User-Agent: selenium/4.1.2 (java windows)
Cache-Control: no-cache
Content-Type: application/json; charset=utf-8
host: localhost:61137
accept: */*

Response DefaultHttpResponse(decodeResult: success, version: HTTP/1.1)
HTTP/1.1 200 OK
Content-Type: application/json; charset=utf-8
cache-control: no-cache
content-length: 38

22:31:51.485 [AsyncHttpClient-1-11] DEBUG org.asynchttpclient.netty.channel.ChannelManager - Adding key: http://localhost:61137 for channel [id: 0xc0ce0179, L:/127.0.0.1:64723 - R:localhost/127.0.0.1:61137]
  &amp#27;[32mGiven &amp#27;[0m&amp#27;[32mI am on the login page&amp#27;[0m               &amp#27;[90m# starter.stepdefinitions.LoginStep.iAmOnTheLoginPage()&amp#27;[0m
22:31:51.490 [Forwarding screenshot on session 8a2affce701087d32e1df91015aa753e to remote] DEBUG org.asynchttpclient.netty.request.NettyRequestSender - Using pooled Channel '[id: 0xc0ce0179, L:/127.0.0.1:64723 - R:localhost/127.0.0.1:61137]' for 'GET' to 'http://localhost:61137/session/8a2affce701087d32e1df91015aa753e/screenshot'
22:31:51.490 [Forwarding screenshot on session 8a2affce701087d32e1df91015aa753e to remote] DEBUG org.asynchttpclient.netty.request.NettyRequestSender - Using open Channel [id: 0xc0ce0179, L:/127.0.0.1:64723 - R:localhost/127.0.0.1:61137] for GET '/session/8a2affce701087d32e1df91015aa753e/screenshot'
22:31:51.581 [AsyncHttpClient-1-11] DEBUG org.asynchttpclient.netty.handler.HttpHandler - 

Request DefaultFullHttpRequest(decodeResult: success, version: HTTP/1.1, content: EmptyByteBufBE)
GET /session/8a2affce701087d32e1df91015aa753e/screenshot HTTP/1.1
User-Agent: selenium/4.1.2 (java windows)
Cache-Control: no-cache
Content-Type: application/json; charset=utf-8
host: localhost:61137
accept: */*

Response DefaultHttpResponse(decodeResult: success, version: HTTP/1.1)
HTTP/1.1 200 OK
Content-Type: application/json; charset=utf-8
cache-control: no-cache
content-length: 59108

22:31:51.582 [AsyncHttpClient-1-11] DEBUG org.asynchttpclient.netty.channel.ChannelManager - Adding key: http://localhost:61137 for channel [id: 0xc0ce0179, L:/127.0.0.1:64723 - R:localhost/127.0.0.1:61137]
22:31:51.585 [main] DEBUG net.serenitybdd.core.photography.Darkroom - Send negative for processing for target\site\serenity\60362de9e780372f1c84cd83ed64add38b67cf4976565ecabf7f97e9ce02f7fb.png
22:31:51.594 [Forwarding findElement on session 8a2affce701087d32e1df91015aa753e to remote] DEBUG org.asynchttpclient.netty.request.NettyRequestSender - Using pooled Channel '[id: 0xc0ce0179, L:/127.0.0.1:64723 - R:localhost/127.0.0.1:61137]' for 'POST' to 'http://localhost:61137/session/8a2affce701087d32e1df91015aa753e/element'
22:31:51.595 [Forwarding findElement on session 8a2affce701087d32e1df91015aa753e to remote] DEBUG org.asynchttpclient.netty.request.NettyRequestSender - Using open Channel [id: 0xc0ce0179, L:/127.0.0.1:64723 - R:localhost/127.0.0.1:61137] for POST '/session/8a2affce701087d32e1df91015aa753e/element'
22:31:51.606 [AsyncHttpClient-1-11] DEBUG org.asynchttpclient.netty.handler.HttpHandler - 

Request DefaultHttpRequest(decodeResult: success, version: HTTP/1.1)
POST /session/8a2affce701087d32e1df91015aa753e/element HTTP/1.1
User-Agent: selenium/4.1.2 (java windows)
Content-Length: 56
Content-Type: application/json; charset=utf-8
host: localhost:61137
accept: */*

Response DefaultHttpResponse(decodeResult: success, version: HTTP/1.1)
HTTP/1.1 200 OK
Content-Type: application/json; charset=utf-8
cache-control: no-cache
content-length: 88

22:31:51.606 [AsyncHttpClient-1-11] DEBUG org.asynchttpclient.netty.channel.ChannelManager - Adding key: http://localhost:61137 for channel [id: 0xc0ce0179, L:/127.0.0.1:64723 - R:localhost/127.0.0.1:61137]
22:31:51.608 [Forwarding clearElement on session 8a2affce701087d32e1df91015aa753e to remote] DEBUG org.asynchttpclient.netty.request.NettyRequestSender - Using pooled Channel '[id: 0xc0ce0179, L:/127.0.0.1:64723 - R:localhost/127.0.0.1:61137]' for 'POST' to 'http://localhost:61137/session/8a2affce701087d32e1df91015aa753e/element/a08ab9e7-0472-43de-a01a-05d8846956a1/clear'
22:31:51.608 [Forwarding clearElement on session 8a2affce701087d32e1df91015aa753e to remote] DEBUG org.asynchttpclient.netty.request.NettyRequestSender - Using open Channel [id: 0xc0ce0179, L:/127.0.0.1:64723 - R:localhost/127.0.0.1:61137] for POST '/session/8a2affce701087d32e1df91015aa753e/element/a08ab9e7-0472-43de-a01a-05d8846956a1/clear'
22:31:51.634 [AsyncHttpClient-1-11] DEBUG org.asynchttpclient.netty.handler.HttpHandler - 

Request DefaultHttpRequest(decodeResult: success, version: HTTP/1.1)
POST /session/8a2affce701087d32e1df91015aa753e/element/a08ab9e7-0472-43de-a01a-05d8846956a1/clear HTTP/1.1
User-Agent: selenium/4.1.2 (java windows)
Content-Length: 50
Content-Type: application/json; charset=utf-8
host: localhost:61137
accept: */*

Response DefaultHttpResponse(decodeResult: success, version: HTTP/1.1)
HTTP/1.1 200 OK
Content-Type: application/json; charset=utf-8
cache-control: no-cache
content-length: 14

22:31:51.634 [AsyncHttpClient-1-11] DEBUG org.asynchttpclient.netty.channel.ChannelManager - Adding key: http://localhost:61137 for channel [id: 0xc0ce0179, L:/127.0.0.1:64723 - R:localhost/127.0.0.1:61137]
22:31:51.637 [Forwarding sendKeysToElement on session 8a2affce701087d32e1df91015aa753e to remote] DEBUG org.asynchttpclient.netty.request.NettyRequestSender - Using pooled Channel '[id: 0xc0ce0179, L:/127.0.0.1:64723 - R:localhost/127.0.0.1:61137]' for 'POST' to 'http://localhost:61137/session/8a2affce701087d32e1df91015aa753e/element/a08ab9e7-0472-43de-a01a-05d8846956a1/value'
22:31:51.637 [Forwarding sendKeysToElement on session 8a2affce701087d32e1df91015aa753e to remote] DEBUG org.asynchttpclient.netty.request.NettyRequestSender - Using open Channel [id: 0xc0ce0179, L:/127.0.0.1:64723 - R:localhost/127.0.0.1:61137] for POST '/session/8a2affce701087d32e1df91015aa753e/element/a08ab9e7-0472-43de-a01a-05d8846956a1/value'
22:31:51.708 [AsyncHttpClient-1-11] DEBUG org.asynchttpclient.netty.handler.HttpHandler - 

Request DefaultHttpRequest(decodeResult: success, version: HTTP/1.1)
POST /session/8a2affce701087d32e1df91015aa753e/element/a08ab9e7-0472-43de-a01a-05d8846956a1/value HTTP/1.1
User-Agent: selenium/4.1.2 (java windows)
Content-Length: 311
Content-Type: application/json; charset=utf-8
host: localhost:61137
accept: */*

Response DefaultHttpResponse(decodeResult: success, version: HTTP/1.1)
HTTP/1.1 200 OK
Content-Type: application/json; charset=utf-8
cache-control: no-cache
content-length: 14

22:31:51.708 [AsyncHttpClient-1-11] DEBUG org.asynchttpclient.netty.channel.ChannelManager - Adding key: http://localhost:61137 for channel [id: 0xc0ce0179, L:/127.0.0.1:64723 - R:localhost/127.0.0.1:61137]
  &amp#27;[32mWhen &amp#27;[0m&amp#27;[32mI input performance glitch user&amp#27;[0m       &amp#27;[90m# starter.stepdefinitions.LoginStep.iInputPerformanceGlitchUser()&amp#27;[0m
22:31:51.713 [Forwarding screenshot on session 8a2affce701087d32e1df91015aa753e to remote] DEBUG org.asynchttpclient.netty.request.NettyRequestSender - Using pooled Channel '[id: 0xc0ce0179, L:/127.0.0.1:64723 - R:localhost/127.0.0.1:61137]' for 'GET' to 'http://localhost:61137/session/8a2affce701087d32e1df91015aa753e/screenshot'
22:31:51.713 [Forwarding screenshot on session 8a2affce701087d32e1df91015aa753e to remote] DEBUG org.asynchttpclient.netty.request.NettyRequestSender - Using open Channel [id: 0xc0ce0179, L:/127.0.0.1:64723 - R:localhost/127.0.0.1:61137] for GET '/session/8a2affce701087d32e1df91015aa753e/screenshot'
22:31:51.794 [AsyncHttpClient-1-11] DEBUG org.asynchttpclient.netty.handler.HttpHandler - 

Request DefaultFullHttpRequest(decodeResult: success, version: HTTP/1.1, content: EmptyByteBufBE)
GET /session/8a2affce701087d32e1df91015aa753e/screenshot HTTP/1.1
User-Agent: selenium/4.1.2 (java windows)
Cache-Control: no-cache
Content-Type: application/json; charset=utf-8
host: localhost:61137
accept: */*

Response DefaultHttpResponse(decodeResult: success, version: HTTP/1.1)
HTTP/1.1 200 OK
Content-Type: application/json; charset=utf-8
cache-control: no-cache
content-length: 61948

22:31:51.795 [AsyncHttpClient-1-11] DEBUG org.asynchttpclient.netty.channel.ChannelManager - Adding key: http://localhost:61137 for channel [id: 0xc0ce0179, L:/127.0.0.1:64723 - R:localhost/127.0.0.1:61137]
22:31:51.797 [main] DEBUG net.serenitybdd.core.photography.Darkroom - Send negative for processing for target\site\serenity\ac347e57f934c9585a7c928431a5e733514d3b86cdf9c672075154295354caf0.png
22:31:51.797 [Darkroom Processing Line] DEBUG net.serenitybdd.core.photography.DarkroomProcessingLine - Processing screenshot image in /var/screenshots/screenshot-863891921138533295
22:31:51.797 [Darkroom Processing Line] DEBUG net.serenitybdd.core.photography.DarkroomProcessingLine - Saving screenshot to target\site\serenity\ac347e57f934c9585a7c928431a5e733514d3b86cdf9c672075154295354caf0.png
22:31:51.802 [Forwarding findElement on session 8a2affce701087d32e1df91015aa753e to remote] DEBUG org.asynchttpclient.netty.request.NettyRequestSender - Using pooled Channel '[id: 0xc0ce0179, L:/127.0.0.1:64723 - R:localhost/127.0.0.1:61137]' for 'POST' to 'http://localhost:61137/session/8a2affce701087d32e1df91015aa753e/element'
22:31:51.803 [Forwarding findElement on session 8a2affce701087d32e1df91015aa753e to remote] DEBUG org.asynchttpclient.netty.request.NettyRequestSender - Using open Channel [id: 0xc0ce0179, L:/127.0.0.1:64723 - R:localhost/127.0.0.1:61137] for POST '/session/8a2affce701087d32e1df91015aa753e/element'
22:31:51.811 [AsyncHttpClient-1-11] DEBUG org.asynchttpclient.netty.handler.HttpHandler - 

Request DefaultHttpRequest(decodeResult: success, version: HTTP/1.1)
POST /session/8a2affce701087d32e1df91015aa753e/element HTTP/1.1
User-Agent: selenium/4.1.2 (java windows)
Content-Length: 53
Content-Type: application/json; charset=utf-8
host: localhost:61137
accept: */*

Response DefaultHttpResponse(decodeResult: success, version: HTTP/1.1)
HTTP/1.1 200 OK
Content-Type: application/json; charset=utf-8
cache-control: no-cache
content-length: 88

22:31:51.812 [AsyncHttpClient-1-11] DEBUG org.asynchttpclient.netty.channel.ChannelManager - Adding key: http://localhost:61137 for channel [id: 0xc0ce0179, L:/127.0.0.1:64723 - R:localhost/127.0.0.1:61137]
22:31:51.813 [Forwarding clearElement on session 8a2affce701087d32e1df91015aa753e to remote] DEBUG org.asynchttpclient.netty.request.NettyRequestSender - Using pooled Channel '[id: 0xc0ce0179, L:/127.0.0.1:64723 - R:localhost/127.0.0.1:61137]' for 'POST' to 'http://localhost:61137/session/8a2affce701087d32e1df91015aa753e/element/69706973-1dad-4ea4-b937-10a9ead0b3c6/clear'
22:31:51.813 [Forwarding clearElement on session 8a2affce701087d32e1df91015aa753e to remote] DEBUG org.asynchttpclient.netty.request.NettyRequestSender - Using open Channel [id: 0xc0ce0179, L:/127.0.0.1:64723 - R:localhost/127.0.0.1:61137] for POST '/session/8a2affce701087d32e1df91015aa753e/element/69706973-1dad-4ea4-b937-10a9ead0b3c6/clear'
22:31:51.836 [AsyncHttpClient-1-11] DEBUG org.asynchttpclient.netty.handler.HttpHandler - 

Request DefaultHttpRequest(decodeResult: success, version: HTTP/1.1)
POST /session/8a2affce701087d32e1df91015aa753e/element/69706973-1dad-4ea4-b937-10a9ead0b3c6/clear HTTP/1.1
User-Agent: selenium/4.1.2 (java windows)
Content-Length: 50
Content-Type: application/json; charset=utf-8
host: localhost:61137
accept: */*

Response DefaultHttpResponse(decodeResult: success, version: HTTP/1.1)
HTTP/1.1 200 OK
Content-Type: application/json; charset=utf-8
cache-control: no-cache
content-length: 14

22:31:51.837 [AsyncHttpClient-1-11] DEBUG org.asynchttpclient.netty.channel.ChannelManager - Adding key: http://localhost:61137 for channel [id: 0xc0ce0179, L:/127.0.0.1:64723 - R:localhost/127.0.0.1:61137]
22:31:51.838 [Forwarding sendKeysToElement on session 8a2affce701087d32e1df91015aa753e to remote] DEBUG org.asynchttpclient.netty.request.NettyRequestSender - Using pooled Channel '[id: 0xc0ce0179, L:/127.0.0.1:64723 - R:localhost/127.0.0.1:61137]' for 'POST' to 'http://localhost:61137/session/8a2affce701087d32e1df91015aa753e/element/69706973-1dad-4ea4-b937-10a9ead0b3c6/value'
22:31:51.839 [Forwarding sendKeysToElement on session 8a2affce701087d32e1df91015aa753e to remote] DEBUG org.asynchttpclient.netty.request.NettyRequestSender - Using open Channel [id: 0xc0ce0179, L:/127.0.0.1:64723 - R:localhost/127.0.0.1:61137] for POST '/session/8a2affce701087d32e1df91015aa753e/element/69706973-1dad-4ea4-b937-10a9ead0b3c6/value'
22:31:51.883 [AsyncHttpClient-1-11] DEBUG org.asynchttpclient.netty.handler.HttpHandler - 

Request DefaultHttpRequest(decodeResult: success, version: HTTP/1.1)
POST /session/8a2affce701087d32e1df91015aa753e/element/69706973-1dad-4ea4-b937-10a9ead0b3c6/value HTTP/1.1
User-Agent: selenium/4.1.2 (java windows)
Content-Length: 201
Content-Type: application/json; charset=utf-8
host: localhost:61137
accept: */*

Response DefaultHttpResponse(decodeResult: success, version: HTTP/1.1)
HTTP/1.1 200 OK
Content-Type: application/json; charset=utf-8
cache-control: no-cache
content-length: 14

22:31:51.883 [AsyncHttpClient-1-11] DEBUG org.asynchttpclient.netty.channel.ChannelManager - Adding key: http://localhost:61137 for channel [id: 0xc0ce0179, L:/127.0.0.1:64723 - R:localhost/127.0.0.1:61137]
  &amp#27;[32mAnd &amp#27;[0m&amp#27;[32mI input valid password&amp#27;[0m                 &amp#27;[90m# starter.stepdefinitions.LoginStep.iInputValidPassword()&amp#27;[0m
22:31:51.888 [Forwarding screenshot on session 8a2affce701087d32e1df91015aa753e to remote] DEBUG org.asynchttpclient.netty.request.NettyRequestSender - Using pooled Channel '[id: 0xc0ce0179, L:/127.0.0.1:64723 - R:localhost/127.0.0.1:61137]' for 'GET' to 'http://localhost:61137/session/8a2affce701087d32e1df91015aa753e/screenshot'
22:31:51.888 [Forwarding screenshot on session 8a2affce701087d32e1df91015aa753e to remote] DEBUG org.asynchttpclient.netty.request.NettyRequestSender - Using open Channel [id: 0xc0ce0179, L:/127.0.0.1:64723 - R:localhost/127.0.0.1:61137] for GET '/session/8a2affce701087d32e1df91015aa753e/screenshot'
22:31:52.004 [AsyncHttpClient-1-11] DEBUG org.asynchttpclient.netty.handler.HttpHandler - 

Request DefaultFullHttpRequest(decodeResult: success, version: HTTP/1.1, content: EmptyByteBufBE)
GET /session/8a2affce701087d32e1df91015aa753e/screenshot HTTP/1.1
User-Agent: selenium/4.1.2 (java windows)
Cache-Control: no-cache
Content-Type: application/json; charset=utf-8
host: localhost:61137
accept: */*

Response DefaultHttpResponse(decodeResult: success, version: HTTP/1.1)
HTTP/1.1 200 OK
Content-Type: application/json; charset=utf-8
cache-control: no-cache
content-length: 60448

22:31:52.004 [AsyncHttpClient-1-11] DEBUG org.asynchttpclient.netty.channel.ChannelManager - Adding key: http://localhost:61137 for channel [id: 0xc0ce0179, L:/127.0.0.1:64723 - R:localhost/127.0.0.1:61137]
22:31:52.007 [main] DEBUG net.serenitybdd.core.photography.Darkroom - Send negative for processing for target\site\serenity\acfd0558b1156d5b41d7c46926a2ddbfe194e706aa4d5ec5017562fbb240878d.png
22:31:52.007 [Darkroom Processing Line] DEBUG net.serenitybdd.core.photography.DarkroomProcessingLine - Processing screenshot image in /var/screenshots/screenshot-17083477284432552326
22:31:52.007 [Darkroom Processing Line] DEBUG net.serenitybdd.core.photography.DarkroomProcessingLine - Saving screenshot to target\site\serenity\acfd0558b1156d5b41d7c46926a2ddbfe194e706aa4d5ec5017562fbb240878d.png
22:31:52.012 [Forwarding findElement on session 8a2affce701087d32e1df91015aa753e to remote] DEBUG org.asynchttpclient.netty.request.NettyRequestSender - Using pooled Channel '[id: 0xc0ce0179, L:/127.0.0.1:64723 - R:localhost/127.0.0.1:61137]' for 'POST' to 'http://localhost:61137/session/8a2affce701087d32e1df91015aa753e/element'
22:31:52.013 [Forwarding findElement on session 8a2affce701087d32e1df91015aa753e to remote] DEBUG org.asynchttpclient.netty.request.NettyRequestSender - Using open Channel [id: 0xc0ce0179, L:/127.0.0.1:64723 - R:localhost/127.0.0.1:61137] for POST '/session/8a2affce701087d32e1df91015aa753e/element'
22:31:52.022 [AsyncHttpClient-1-11] DEBUG org.asynchttpclient.netty.handler.HttpHandler - 

Request DefaultHttpRequest(decodeResult: success, version: HTTP/1.1)
POST /session/8a2affce701087d32e1df91015aa753e/element HTTP/1.1
User-Agent: selenium/4.1.2 (java windows)
Content-Length: 59
Content-Type: application/json; charset=utf-8
host: localhost:61137
accept: */*

Response DefaultHttpResponse(decodeResult: success, version: HTTP/1.1)
HTTP/1.1 200 OK
Content-Type: application/json; charset=utf-8
cache-control: no-cache
content-length: 88

22:31:52.022 [AsyncHttpClient-1-11] DEBUG org.asynchttpclient.netty.channel.ChannelManager - Adding key: http://localhost:61137 for channel [id: 0xc0ce0179, L:/127.0.0.1:64723 - R:localhost/127.0.0.1:61137]
22:31:52.023 [Forwarding getElementTagName on session 8a2affce701087d32e1df91015aa753e to remote] DEBUG org.asynchttpclient.netty.request.NettyRequestSender - Using pooled Channel '[id: 0xc0ce0179, L:/127.0.0.1:64723 - R:localhost/127.0.0.1:61137]' for 'GET' to 'http://localhost:61137/session/8a2affce701087d32e1df91015aa753e/element/2e29d243-2ca5-4cf4-bc5f-470723161163/name'
22:31:52.023 [Forwarding getElementTagName on session 8a2affce701087d32e1df91015aa753e to remote] DEBUG org.asynchttpclient.netty.request.NettyRequestSender - Using open Channel [id: 0xc0ce0179, L:/127.0.0.1:64723 - R:localhost/127.0.0.1:61137] for GET '/session/8a2affce701087d32e1df91015aa753e/element/2e29d243-2ca5-4cf4-bc5f-470723161163/name'
22:31:52.027 [AsyncHttpClient-1-11] DEBUG org.asynchttpclient.netty.handler.HttpHandler - 

Request DefaultFullHttpRequest(decodeResult: success, version: HTTP/1.1, content: EmptyByteBufBE)
GET /session/8a2affce701087d32e1df91015aa753e/element/2e29d243-2ca5-4cf4-bc5f-470723161163/name HTTP/1.1
User-Agent: selenium/4.1.2 (java windows)
Cache-Control: no-cache
Content-Type: application/json; charset=utf-8
host: localhost:61137
accept: */*

Response DefaultHttpResponse(decodeResult: success, version: HTTP/1.1)
HTTP/1.1 200 OK
Content-Type: application/json; charset=utf-8
cache-control: no-cache
content-length: 17

22:31:52.027 [AsyncHttpClient-1-11] DEBUG org.asynchttpclient.netty.channel.ChannelManager - Adding key: http://localhost:61137 for channel [id: 0xc0ce0179, L:/127.0.0.1:64723 - R:localhost/127.0.0.1:61137]
22:31:52.029 [Forwarding getElementTagName on session 8a2affce701087d32e1df91015aa753e to remote] DEBUG org.asynchttpclient.netty.request.NettyRequestSender - Using pooled Channel '[id: 0xc0ce0179, L:/127.0.0.1:64723 - R:localhost/127.0.0.1:61137]' for 'GET' to 'http://localhost:61137/session/8a2affce701087d32e1df91015aa753e/element/2e29d243-2ca5-4cf4-bc5f-470723161163/name'
22:31:52.029 [Forwarding getElementTagName on session 8a2affce701087d32e1df91015aa753e to remote] DEBUG org.asynchttpclient.netty.request.NettyRequestSender - Using open Channel [id: 0xc0ce0179, L:/127.0.0.1:64723 - R:localhost/127.0.0.1:61137] for GET '/session/8a2affce701087d32e1df91015aa753e/element/2e29d243-2ca5-4cf4-bc5f-470723161163/name'
22:31:52.032 [AsyncHttpClient-1-11] DEBUG org.asynchttpclient.netty.handler.HttpHandler - 

Request DefaultFullHttpRequest(decodeResult: success, version: HTTP/1.1, content: EmptyByteBufBE)
GET /session/8a2affce701087d32e1df91015aa753e/element/2e29d243-2ca5-4cf4-bc5f-470723161163/name HTTP/1.1
User-Agent: selenium/4.1.2 (java windows)
Cache-Control: no-cache
Content-Type: application/json; charset=utf-8
host: localhost:61137
accept: */*

Response DefaultHttpResponse(decodeResult: success, version: HTTP/1.1)
HTTP/1.1 200 OK
Content-Type: application/json; charset=utf-8
cache-control: no-cache
content-length: 17

22:31:52.032 [AsyncHttpClient-1-11] DEBUG org.asynchttpclient.netty.channel.ChannelManager - Adding key: http://localhost:61137 for channel [id: 0xc0ce0179, L:/127.0.0.1:64723 - R:localhost/127.0.0.1:61137]
22:31:52.034 [Forwarding isElementEnabled on session 8a2affce701087d32e1df91015aa753e to remote] DEBUG org.asynchttpclient.netty.request.NettyRequestSender - Using pooled Channel '[id: 0xc0ce0179, L:/127.0.0.1:64723 - R:localhost/127.0.0.1:61137]' for 'GET' to 'http://localhost:61137/session/8a2affce701087d32e1df91015aa753e/element/2e29d243-2ca5-4cf4-bc5f-470723161163/enabled'
22:31:52.034 [Forwarding isElementEnabled on session 8a2affce701087d32e1df91015aa753e to remote] DEBUG org.asynchttpclient.netty.request.NettyRequestSender - Using open Channel [id: 0xc0ce0179, L:/127.0.0.1:64723 - R:localhost/127.0.0.1:61137] for GET '/session/8a2affce701087d32e1df91015aa753e/element/2e29d243-2ca5-4cf4-bc5f-470723161163/enabled'
22:31:52.041 [AsyncHttpClient-1-11] DEBUG org.asynchttpclient.netty.handler.HttpHandler - 

Request DefaultFullHttpRequest(decodeResult: success, version: HTTP/1.1, content: EmptyByteBufBE)
GET /session/8a2affce701087d32e1df91015aa753e/element/2e29d243-2ca5-4cf4-bc5f-470723161163/enabled HTTP/1.1
User-Agent: selenium/4.1.2 (java windows)
Cache-Control: no-cache
Content-Type: application/json; charset=utf-8
host: localhost:61137
accept: */*

Response DefaultHttpResponse(decodeResult: success, version: HTTP/1.1)
HTTP/1.1 200 OK
Content-Type: application/json; charset=utf-8
cache-control: no-cache
content-length: 14

22:31:52.041 [AsyncHttpClient-1-11] DEBUG org.asynchttpclient.netty.channel.ChannelManager - Adding key: http://localhost:61137 for channel [id: 0xc0ce0179, L:/127.0.0.1:64723 - R:localhost/127.0.0.1:61137]
22:31:52.042 [Forwarding isElementEnabled on session 8a2affce701087d32e1df91015aa753e to remote] DEBUG org.asynchttpclient.netty.request.NettyRequestSender - Using pooled Channel '[id: 0xc0ce0179, L:/127.0.0.1:64723 - R:localhost/127.0.0.1:61137]' for 'GET' to 'http://localhost:61137/session/8a2affce701087d32e1df91015aa753e/element/2e29d243-2ca5-4cf4-bc5f-470723161163/enabled'
22:31:52.042 [Forwarding isElementEnabled on session 8a2affce701087d32e1df91015aa753e to remote] DEBUG org.asynchttpclient.netty.request.NettyRequestSender - Using open Channel [id: 0xc0ce0179, L:/127.0.0.1:64723 - R:localhost/127.0.0.1:61137] for GET '/session/8a2affce701087d32e1df91015aa753e/element/2e29d243-2ca5-4cf4-bc5f-470723161163/enabled'
22:31:52.048 [AsyncHttpClient-1-11] DEBUG org.asynchttpclient.netty.handler.HttpHandler - 

Request DefaultFullHttpRequest(decodeResult: success, version: HTTP/1.1, content: EmptyByteBufBE)
GET /session/8a2affce701087d32e1df91015aa753e/element/2e29d243-2ca5-4cf4-bc5f-470723161163/enabled HTTP/1.1
User-Agent: selenium/4.1.2 (java windows)
Cache-Control: no-cache
Content-Type: application/json; charset=utf-8
host: localhost:61137
accept: */*

Response DefaultHttpResponse(decodeResult: success, version: HTTP/1.1)
HTTP/1.1 200 OK
Content-Type: application/json; charset=utf-8
cache-control: no-cache
content-length: 14

22:31:52.049 [AsyncHttpClient-1-11] DEBUG org.asynchttpclient.netty.channel.ChannelManager - Adding key: http://localhost:61137 for channel [id: 0xc0ce0179, L:/127.0.0.1:64723 - R:localhost/127.0.0.1:61137]
22:31:52.050 [Forwarding findElement on session 8a2affce701087d32e1df91015aa753e to remote] DEBUG org.asynchttpclient.netty.request.NettyRequestSender - Using pooled Channel '[id: 0xc0ce0179, L:/127.0.0.1:64723 - R:localhost/127.0.0.1:61137]' for 'POST' to 'http://localhost:61137/session/8a2affce701087d32e1df91015aa753e/element'
22:31:52.050 [Forwarding findElement on session 8a2affce701087d32e1df91015aa753e to remote] DEBUG org.asynchttpclient.netty.request.NettyRequestSender - Using open Channel [id: 0xc0ce0179, L:/127.0.0.1:64723 - R:localhost/127.0.0.1:61137] for POST '/session/8a2affce701087d32e1df91015aa753e/element'
22:31:52.058 [AsyncHttpClient-1-11] DEBUG org.asynchttpclient.netty.handler.HttpHandler - 

Request DefaultHttpRequest(decodeResult: success, version: HTTP/1.1)
POST /session/8a2affce701087d32e1df91015aa753e/element HTTP/1.1
User-Agent: selenium/4.1.2 (java windows)
Content-Length: 59
Content-Type: application/json; charset=utf-8
host: localhost:61137
accept: */*

Response DefaultHttpResponse(decodeResult: success, version: HTTP/1.1)
HTTP/1.1 200 OK
Content-Type: application/json; charset=utf-8
cache-control: no-cache
content-length: 88

22:31:52.058 [AsyncHttpClient-1-11] DEBUG org.asynchttpclient.netty.channel.ChannelManager - Adding key: http://localhost:61137 for channel [id: 0xc0ce0179, L:/127.0.0.1:64723 - R:localhost/127.0.0.1:61137]
22:31:52.059 [Forwarding clickElement on session 8a2affce701087d32e1df91015aa753e to remote] DEBUG org.asynchttpclient.netty.request.NettyRequestSender - Using pooled Channel '[id: 0xc0ce0179, L:/127.0.0.1:64723 - R:localhost/127.0.0.1:61137]' for 'POST' to 'http://localhost:61137/session/8a2affce701087d32e1df91015aa753e/element/2e29d243-2ca5-4cf4-bc5f-470723161163/click'
22:31:52.059 [Forwarding clickElement on session 8a2affce701087d32e1df91015aa753e to remote] DEBUG org.asynchttpclient.netty.request.NettyRequestSender - Using open Channel [id: 0xc0ce0179, L:/127.0.0.1:64723 - R:localhost/127.0.0.1:61137] for POST '/session/8a2affce701087d32e1df91015aa753e/element/2e29d243-2ca5-4cf4-bc5f-470723161163/click'
22:31:52.569 [AsyncHttpClient-1-1] DEBUG org.asynchttpclient.netty.channel.DefaultChannelPool - Entry count for : http://localhost:64724 : 1
22:31:53.667 [AsyncHttpClient-1-1] DEBUG org.asynchttpclient.netty.channel.DefaultChannelPool - Entry count for : http://localhost:64724 : 1
22:31:54.767 [AsyncHttpClient-1-1] DEBUG org.asynchttpclient.netty.channel.DefaultChannelPool - Entry count for : http://localhost:64724 : 1
22:31:55.869 [AsyncHttpClient-1-1] DEBUG org.asynchttpclient.netty.channel.DefaultChannelPool - Entry count for : http://localhost:64724 : 1
22:31:56.969 [AsyncHttpClient-1-1] DEBUG org.asynchttpclient.netty.channel.DefaultChannelPool - Entry count for : http://localhost:64724 : 1
22:31:57.146 [AsyncHttpClient-1-11] DEBUG org.asynchttpclient.netty.handler.HttpHandler - 

Request DefaultHttpRequest(decodeResult: success, version: HTTP/1.1)
POST /session/8a2affce701087d32e1df91015aa753e/element/2e29d243-2ca5-4cf4-bc5f-470723161163/click HTTP/1.1
User-Agent: selenium/4.1.2 (java windows)
Content-Length: 50
Content-Type: application/json; charset=utf-8
host: localhost:61137
accept: */*

Response DefaultHttpResponse(decodeResult: success, version: HTTP/1.1)
HTTP/1.1 200 OK
Content-Type: application/json; charset=utf-8
cache-control: no-cache
content-length: 14

22:31:57.146 [AsyncHttpClient-1-11] DEBUG org.asynchttpclient.netty.channel.ChannelManager - Adding key: http://localhost:61137 for channel [id: 0xc0ce0179, L:/127.0.0.1:64723 - R:localhost/127.0.0.1:61137]
  &amp#27;[32mAnd &amp#27;[0m&amp#27;[32mI click login button&amp#27;[0m                   &amp#27;[90m# starter.stepdefinitions.LoginStep.iClickLoginButton()&amp#27;[0m
22:31:57.158 [Forwarding screenshot on session 8a2affce701087d32e1df91015aa753e to remote] DEBUG org.asynchttpclient.netty.request.NettyRequestSender - Using pooled Channel '[id: 0xc0ce0179, L:/127.0.0.1:64723 - R:localhost/127.0.0.1:61137]' for 'GET' to 'http://localhost:61137/session/8a2affce701087d32e1df91015aa753e/screenshot'
22:31:57.159 [Forwarding screenshot on session 8a2affce701087d32e1df91015aa753e to remote] DEBUG org.asynchttpclient.netty.request.NettyRequestSender - Using open Channel [id: 0xc0ce0179, L:/127.0.0.1:64723 - R:localhost/127.0.0.1:61137] for GET '/session/8a2affce701087d32e1df91015aa753e/screenshot'
22:31:57.396 [AsyncHttpClient-1-11] DEBUG org.asynchttpclient.netty.handler.HttpHandler - 

Request DefaultFullHttpRequest(decodeResult: success, version: HTTP/1.1, content: EmptyByteBufBE)
GET /session/8a2affce701087d32e1df91015aa753e/screenshot HTTP/1.1
User-Agent: selenium/4.1.2 (java windows)
Cache-Control: no-cache
Content-Type: application/json; charset=utf-8
host: localhost:61137
accept: */*

Response DefaultHttpResponse(decodeResult: success, version: HTTP/1.1)
HTTP/1.1 200 OK
Content-Type: application/json; charset=utf-8
cache-control: no-cache
content-length: 324960

22:31:57.397 [AsyncHttpClient-1-11] DEBUG org.asynchttpclient.netty.channel.ChannelManager - Adding key: http://localhost:61137 for channel [id: 0xc0ce0179, L:/127.0.0.1:64723 - R:localhost/127.0.0.1:61137]
22:31:57.405 [main] DEBUG net.serenitybdd.core.photography.Darkroom - Send negative for processing for target\site\serenity\01d71fe61699460c68d37594cfa14b107bb3da45aba6c051169fff54fe4d0725.png
22:31:57.406 [Darkroom Processing Line] DEBUG net.serenitybdd.core.photography.DarkroomProcessingLine - Processing screenshot image in /var/screenshots/screenshot-17972251761046795911
22:31:57.406 [Darkroom Processing Line] DEBUG net.serenitybdd.core.photography.DarkroomProcessingLine - Saving screenshot to target\site\serenity\01d71fe61699460c68d37594cfa14b107bb3da45aba6c051169fff54fe4d0725.png
  &amp#27;[32mThen &amp#27;[0m&amp#27;[32mI success login&amp#27;[0m                       &amp#27;[90m# starter.stepdefinitions.LoginStep.iSuccessLogin()&amp#27;[0m
22:31:57.413 [main] INFO  - 
  _____   ___   ___   _____     ___     _     ___   ___   ___   ___  
 |_   _| | __| / __| |_   _|   | _ \   /_\   / __| / __| | __| |   \ 
   | |   | _|  \__ \   | |     |  _/  / _ \  \__ \ \__ \ | _|  | |) |
   |_|   |___| |___/   |_|     |_|   /_/ \_\ |___/ |___/ |___| |___/ 

Login with performance glitch user
----------------------------------------------------------------------
22:31:57.415 [Driver Command Executor] DEBUG org.asynchttpclient.netty.request.NettyRequestSender - Using pooled Channel '[id: 0xc0ce0179, L:/127.0.0.1:64723 - R:localhost/127.0.0.1:61137]' for 'DELETE' to 'http://localhost:61137/session/8a2affce701087d32e1df91015aa753e'
22:31:57.415 [Driver Command Executor] DEBUG org.asynchttpclient.netty.request.NettyRequestSender - Using open Channel [id: 0xc0ce0179, L:/127.0.0.1:64723 - R:localhost/127.0.0.1:61137] for DELETE '/session/8a2affce701087d32e1df91015aa753e'
22:31:57.415 [AsyncHttpClient-1-13] DEBUG org.asynchttpclient.netty.handler.WebSocketHandler - Channel Closed: [id: 0x0bcf5587, L:/127.0.0.1:64732 ! R:localhost/127.0.0.1:64724] with attribute NettyResponseFuture{currentRetry=5,
	isDone=1,
	isCancelled=0,
	asyncHandler=org.asynchttpclient.ws.WebSocketUpgradeHandler@42b58700,
	nettyRequest=org.asynchttpclient.netty.request.NettyRequest@7b70132,
	future=java.util.concurrent.CompletableFuture@203e43d8[Completed normally],
	uri=ws://localhost:64724/devtools/browser/19fc82be-990f-492e-8c0b-4a74866ab636,
	keepAlive=true,
	redirectCount=0,
	timeoutsHolder=null,
	inAuth=0,
	touch=1665675106925}
22:31:57.415 [AsyncHttpClient-1-13] DEBUG org.asynchttpclient.netty.channel.ChannelManager - Closing Channel [id: 0x0bcf5587, L:/127.0.0.1:64732 ! R:localhost/127.0.0.1:64724] 
22:31:57.456 [AsyncHttpClient-1-12] DEBUG org.asynchttpclient.netty.handler.HttpHandler - Unexpected I/O exception on channel [id: 0xdc708605, L:/127.0.0.1:64730 - R:localhost/127.0.0.1:64724]
java.net.SocketException: Connection reset
	at java.base/sun.nio.ch.SocketChannelImpl.throwConnectionReset(SocketChannelImpl.java:401)
	at java.base/sun.nio.ch.SocketChannelImpl.read(SocketChannelImpl.java:434)
	at io.netty.buffer.PooledByteBuf.setBytes(PooledByteBuf.java:258)
	at io.netty.buffer.AbstractByteBuf.writeBytes(AbstractByteBuf.java:1132)
	at io.netty.channel.socket.nio.NioSocketChannel.doReadBytes(NioSocketChannel.java:350)
	at io.netty.channel.nio.AbstractNioByteChannel$NioByteUnsafe.read(AbstractNioByteChannel.java:151)
	at io.netty.channel.nio.NioEventLoop.processSelectedKey(NioEventLoop.java:722)
	at io.netty.channel.nio.NioEventLoop.processSelectedKeysOptimized(NioEventLoop.java:658)
	at io.netty.channel.nio.NioEventLoop.processSelectedKeys(NioEventLoop.java:584)
	at io.netty.channel.nio.NioEventLoop.run(NioEventLoop.java:496)
	at io.netty.util.concurrent.SingleThreadEventExecutor$4.run(SingleThreadEventExecutor.java:986)
	at io.netty.util.internal.ThreadExecutorMap$2.run(ThreadExecutorMap.java:74)
	at io.netty.util.concurrent.FastThreadLocalRunnable.run(FastThreadLocalRunnable.java:30)
	at java.base/java.lang.Thread.run(Thread.java:1589)
22:31:57.456 [AsyncHttpClient-1-12] DEBUG org.asynchttpclient.netty.channel.ChannelManager - Closing Channel [id: 0xdc708605, L:/127.0.0.1:64730 - R:localhost/127.0.0.1:64724] 
22:31:57.456 [AsyncHttpClient-1-12] DEBUG org.asynchttpclient.netty.handler.HttpHandler - Channel Closed: [id: 0xdc708605, L:/127.0.0.1:64730 ! R:localhost/127.0.0.1:64724] with attribute DISCARD
22:31:57.474 [AsyncHttpClient-1-11] DEBUG org.asynchttpclient.netty.handler.HttpHandler - 

Request DefaultFullHttpRequest(decodeResult: success, version: HTTP/1.1, content: EmptyByteBufBE)
DELETE /session/8a2affce701087d32e1df91015aa753e HTTP/1.1
User-Agent: selenium/4.1.2 (java windows)
Content-Type: application/json; charset=utf-8
host: localhost:61137
accept: */*

Response DefaultHttpResponse(decodeResult: success, version: HTTP/1.1)
HTTP/1.1 200 OK
Content-Type: application/json; charset=utf-8
cache-control: no-cache
content-length: 14

22:31:57.474 [AsyncHttpClient-1-11] DEBUG org.asynchttpclient.netty.channel.ChannelManager - Adding key: http://localhost:61137 for channel [id: 0xc0ce0179, L:/127.0.0.1:64723 - R:localhost/127.0.0.1:61137]
22:31:57.519 [AsyncHttpClient-1-11] DEBUG org.asynchttpclient.netty.handler.HttpHandler - Channel Closed: [id: 0xc0ce0179, L:/127.0.0.1:64723 ! R:localhost/127.0.0.1:61137] with attribute DISCARD
]]></system-out>
    <system-err><![CDATA[Starting ChromeDriver 106.0.5249.61 (511755355844955cd3e264779baf0dd38212a4d0-refs/branch-heads/5249@{#569}) on port 61137
Only local connections are allowed.
Please see https://chromedriver.chromium.org/security-considerations for suggestions on keeping ChromeDriver safe.
ChromeDriver was started successfully.
Oct 13, 2022 10:31:46 PM org.openqa.selenium.remote.ProtocolHandshake createSession
INFO: Detected dialect: W3C
Oct 13, 2022 10:31:46 PM org.openqa.selenium.devtools.CdpVersionFinder findNearestMatch
WARNING: Unable to find an exact match for CDP version 106, so returning the closest version found: a no-op implementation
Oct 13, 2022 10:31:46 PM org.openqa.selenium.devtools.CdpVersionFinder findNearestMatch
INFO: Unable to find CDP implementation matching 106.
Oct 13, 2022 10:31:46 PM org.openqa.selenium.chromium.ChromiumDriver lambda$new$3
WARNING: Unable to find version of CDP to use for . You may need to include a dependency on a specific version of the CDP using something similar to `org.seleniumhq.selenium:selenium-devtools-v86:4.1.2` where the version ("v86") matches the version of the chromium-based browser you're using and the version number of the artifact is the same as Selenium's.
]]></system-err>
  </testcase>
  <testcase name="Login with null username and password" classname="Login" time="6.249">
    <system-out><![CDATA[
Scenario: Login with null username and password &amp#27;[90m# src/test/resources/features/login.feature:34&amp#27;[0m
22:31:57.538 [main] INFO io.cucumber.core.plugin.SerenityReporter - Running feature from file:///D:/qe_moch_yusuf_efendi/21_Review%20Web%20UI%20Testing%20with%20Serenity/praktikum/web-ui/src/test/resources/features/login.feature
22:31:57.539 [main] INFO  - 
  _____   ___   ___   _____     ___   _____     _     ___   _____   ___   ___  
 |_   _| | __| / __| |_   _|   / __| |_   _|   /_\   | _ \ |_   _| | __| |   \ 
   | |   | _|  \__ \   | |     \__ \   | |    / _ \  |   /   | |   | _|  | |) |
   |_|   |___| |___/   |_|     |___/   |_|   /_/ \_\ |_|_\   |_|   |___| |___/ 

Login with null username and password(login;login-with-null-username-and-password)
--------------------------------------------------------------------------------
22:31:57.549 [main] INFO net.serenitybdd.core.webdriver.driverproviders.ChromeDriverProvider - Using automatically driver download
22:31:57.643 [main] DEBUG io.github.bonigarcia.wdm.cache.ResolutionCache - Resolution chrome=106 in cache (valid until 23:11:12 13/10/2022 WIB)
22:31:57.645 [main] DEBUG io.github.bonigarcia.wdm.cache.ResolutionCache - Resolution chrome106=106.0.5249.61 in cache (valid until 19:49:28 14/10/2022 WIB)
22:31:57.646 [main] INFO io.github.bonigarcia.wdm.WebDriverManager - Using chromedriver 106.0.5249.61 (resolved driver for Chrome 106)
22:31:57.652 [main] DEBUG io.github.bonigarcia.wdm.WebDriverManager - Driver chromedriver 106.0.5249.61 found in cache
22:31:57.652 [main] INFO io.github.bonigarcia.wdm.WebDriverManager - Exporting webdriver.chrome.driver as C:\Users\Yusuf Efendi\.cache\selenium\chromedriver\win32\106.0.5249.61\chromedriver.exe
22:31:57.735 [main] DEBUG net.serenitybdd.core.webdriver.driverproviders.ProvideNewDriver - Instantiating driver
22:31:57.735 [main] DEBUG net.serenitybdd.core.webdriver.driverproviders.ProvideNewDriver - Driver capabilities: Capabilities {acceptInsecureCerts: false, base.url: https://www.saucedemo.com, browserName: chrome, chrome.driver: src/test/resources/webdrive..., driver: chrome, goog:chromeOptions: {args: [], extensions: []}}
22:31:57.795 [AsyncHttpClient-1-14] DEBUG org.asynchttpclient.netty.channel.NettyConnectListener - Using new Channel '[id: 0x05a2ba2b, L:/127.0.0.1:64748 - R:localhost/127.0.0.1:63512]' for 'POST' to '/session'
22:31:58.099 [AsyncHttpClient-1-1] DEBUG org.asynchttpclient.netty.channel.DefaultChannelPool - Entry count for : http://localhost:64724 : 1
22:31:58.100 [AsyncHttpClient-1-1] DEBUG org.asynchttpclient.netty.channel.DefaultChannelPool - Entry count for : http://localhost:61137 : 1
22:31:58.100 [AsyncHttpClient-1-1] DEBUG org.asynchttpclient.netty.channel.DefaultChannelPool - Adding Candidate expired Channel [id: 0xdc708605, L:/127.0.0.1:64730 ! R:localhost/127.0.0.1:64724] isIdleTimeoutExpired=false isRemotelyClosed=true isTtlExpired=false
22:31:58.100 [AsyncHttpClient-1-1] DEBUG org.asynchttpclient.netty.channel.DefaultChannelPool - Closing Idle Channel [id: 0xdc708605, L:/127.0.0.1:64730 ! R:localhost/127.0.0.1:64724]
22:31:58.100 [AsyncHttpClient-1-1] DEBUG org.asynchttpclient.netty.channel.DefaultChannelPool - Adding Candidate expired Channel [id: 0xc0ce0179, L:/127.0.0.1:64723 ! R:localhost/127.0.0.1:61137] isIdleTimeoutExpired=false isRemotelyClosed=true isTtlExpired=false
22:31:58.100 [AsyncHttpClient-1-1] DEBUG org.asynchttpclient.netty.channel.DefaultChannelPool - Closing Idle Channel [id: 0xc0ce0179, L:/127.0.0.1:64723 ! R:localhost/127.0.0.1:61137]
22:31:58.100 [AsyncHttpClient-1-1] DEBUG org.asynchttpclient.netty.channel.DefaultChannelPool - Closed 2 connections out of 2 in 0 ms
22:31:58.433 [AsyncHttpClient-1-14] DEBUG org.asynchttpclient.netty.handler.HttpHandler - 

Request DefaultHttpRequest(decodeResult: success, version: HTTP/1.1)
POST /session HTTP/1.1
User-Agent: selenium/4.1.2 (java windows)
Content-Length: 606
Content-Type: application/json; charset=utf-8
host: localhost:63512
accept: */*

Response DefaultHttpResponse(decodeResult: success, version: HTTP/1.1)
HTTP/1.1 200 OK
Content-Type: application/json; charset=utf-8
cache-control: no-cache
content-length: 792

22:31:58.433 [AsyncHttpClient-1-14] DEBUG org.asynchttpclient.netty.channel.ChannelManager - Adding key: http://localhost:63512 for channel [id: 0x05a2ba2b, L:/127.0.0.1:64748 - R:localhost/127.0.0.1:63512]
22:31:58.443 [AsyncHttpClient-1-15] DEBUG org.asynchttpclient.netty.channel.NettyConnectListener - Using new Channel '[id: 0x5decac74, L:/127.0.0.1:64755 - R:localhost/127.0.0.1:64749]' for 'GET' to '/json/version'
22:31:58.467 [AsyncHttpClient-1-15] DEBUG org.asynchttpclient.netty.handler.HttpHandler - 

Request DefaultFullHttpRequest(decodeResult: success, version: HTTP/1.1, content: EmptyByteBufBE)
GET /json/version HTTP/1.1
User-Agent: selenium/4.1.2 (java windows)
host: localhost:64749
accept: */*

Response DefaultHttpResponse(decodeResult: success, version: HTTP/1.1)
HTTP/1.1 200 OK
Content-Type: application/json; charset=UTF-8
content-length: 424

22:31:58.468 [AsyncHttpClient-1-15] DEBUG org.asynchttpclient.netty.channel.ChannelManager - Adding key: http://localhost:64749 for channel [id: 0x5decac74, L:/127.0.0.1:64755 - R:localhost/127.0.0.1:64749]
22:31:58.474 [AsyncHttpClient-1-16] DEBUG org.asynchttpclient.netty.channel.NettyConnectListener - Using new Channel '[id: 0x86ad93b9, L:/127.0.0.1:64756 - R:localhost/127.0.0.1:64749]' for 'GET' to '/devtools/browser/c7208740-1904-49f3-9b4d-2ba87d41c696'
22:31:58.483 [AsyncHttpClient-1-16] DEBUG org.asynchttpclient.netty.handler.WebSocketHandler - 

Request DefaultFullHttpRequest(decodeResult: success, version: HTTP/1.1, content: EmptyByteBufBE)
GET /devtools/browser/c7208740-1904-49f3-9b4d-2ba87d41c696 HTTP/1.1
upgrade: websocket
connection: upgrade
sec-websocket-key: SywZI3SQzJMNYOKQTlMfPA==
sec-websocket-version: 13
origin: http://localhost:64749
host: localhost:64749
accept: */*
user-agent: AHC/2.1

Response DefaultHttpResponse(decodeResult: success, version: HTTP/1.1)
HTTP/1.1 101 WebSocket Protocol Handshake
Upgrade: WebSocket
Connection: Upgrade
Sec-WebSocket-Accept: 3dP+IPaOJ89F9cQgsl+dVjNgElk=

22:31:58.489 [Forwarding get on session c8bd8390acd2330d88d0675408ac46e7 to remote] DEBUG org.asynchttpclient.netty.request.NettyRequestSender - Using pooled Channel '[id: 0x05a2ba2b, L:/127.0.0.1:64748 - R:localhost/127.0.0.1:63512]' for 'POST' to 'http://localhost:63512/session/c8bd8390acd2330d88d0675408ac46e7/url'
22:31:58.489 [Forwarding get on session c8bd8390acd2330d88d0675408ac46e7 to remote] DEBUG org.asynchttpclient.netty.request.NettyRequestSender - Using open Channel [id: 0x05a2ba2b, L:/127.0.0.1:64748 - R:localhost/127.0.0.1:63512] for POST '/session/c8bd8390acd2330d88d0675408ac46e7/url'
22:31:59.177 [AsyncHttpClient-1-1] DEBUG org.asynchttpclient.netty.channel.DefaultChannelPool - Entry count for : http://localhost:64749 : 1
22:32:00.267 [AsyncHttpClient-1-1] DEBUG org.asynchttpclient.netty.channel.DefaultChannelPool - Entry count for : http://localhost:64749 : 1
22:32:01.367 [AsyncHttpClient-1-1] DEBUG org.asynchttpclient.netty.channel.DefaultChannelPool - Entry count for : http://localhost:64749 : 1
22:32:02.474 [AsyncHttpClient-1-1] DEBUG org.asynchttpclient.netty.channel.DefaultChannelPool - Entry count for : http://localhost:64749 : 1
22:32:02.921 [AsyncHttpClient-1-14] DEBUG org.asynchttpclient.netty.handler.HttpHandler - 

Request DefaultHttpRequest(decodeResult: success, version: HTTP/1.1)
POST /session/c8bd8390acd2330d88d0675408ac46e7/url HTTP/1.1
User-Agent: selenium/4.1.2 (java windows)
Content-Length: 56
Content-Type: application/json; charset=utf-8
host: localhost:63512
accept: */*

Response DefaultHttpResponse(decodeResult: success, version: HTTP/1.1)
HTTP/1.1 200 OK
Content-Type: application/json; charset=utf-8
cache-control: no-cache
content-length: 14

22:32:02.921 [AsyncHttpClient-1-14] DEBUG org.asynchttpclient.netty.channel.ChannelManager - Adding key: http://localhost:63512 for channel [id: 0x05a2ba2b, L:/127.0.0.1:64748 - R:localhost/127.0.0.1:63512]
22:32:02.924 [Forwarding setTimeout on session c8bd8390acd2330d88d0675408ac46e7 to remote] DEBUG org.asynchttpclient.netty.request.NettyRequestSender - Using pooled Channel '[id: 0x05a2ba2b, L:/127.0.0.1:64748 - R:localhost/127.0.0.1:63512]' for 'POST' to 'http://localhost:63512/session/c8bd8390acd2330d88d0675408ac46e7/timeouts'
22:32:02.924 [Forwarding setTimeout on session c8bd8390acd2330d88d0675408ac46e7 to remote] DEBUG org.asynchttpclient.netty.request.NettyRequestSender - Using open Channel [id: 0x05a2ba2b, L:/127.0.0.1:64748 - R:localhost/127.0.0.1:63512] for POST '/session/c8bd8390acd2330d88d0675408ac46e7/timeouts'
22:32:02.926 [AsyncHttpClient-1-14] DEBUG org.asynchttpclient.netty.handler.HttpHandler - 

Request DefaultHttpRequest(decodeResult: success, version: HTTP/1.1)
POST /session/c8bd8390acd2330d88d0675408ac46e7/timeouts HTTP/1.1
User-Agent: selenium/4.1.2 (java windows)
Content-Length: 22
Content-Type: application/json; charset=utf-8
host: localhost:63512
accept: */*

Response DefaultHttpResponse(decodeResult: success, version: HTTP/1.1)
HTTP/1.1 200 OK
Content-Type: application/json; charset=utf-8
cache-control: no-cache
content-length: 14

22:32:02.927 [AsyncHttpClient-1-14] DEBUG org.asynchttpclient.netty.channel.ChannelManager - Adding key: http://localhost:63512 for channel [id: 0x05a2ba2b, L:/127.0.0.1:64748 - R:localhost/127.0.0.1:63512]
22:32:02.930 [Forwarding getCurrentUrl on session c8bd8390acd2330d88d0675408ac46e7 to remote] DEBUG org.asynchttpclient.netty.request.NettyRequestSender - Using pooled Channel '[id: 0x05a2ba2b, L:/127.0.0.1:64748 - R:localhost/127.0.0.1:63512]' for 'GET' to 'http://localhost:63512/session/c8bd8390acd2330d88d0675408ac46e7/url'
22:32:02.930 [Forwarding getCurrentUrl on session c8bd8390acd2330d88d0675408ac46e7 to remote] DEBUG org.asynchttpclient.netty.request.NettyRequestSender - Using open Channel [id: 0x05a2ba2b, L:/127.0.0.1:64748 - R:localhost/127.0.0.1:63512] for GET '/session/c8bd8390acd2330d88d0675408ac46e7/url'
22:32:02.937 [AsyncHttpClient-1-14] DEBUG org.asynchttpclient.netty.handler.HttpHandler - 

Request DefaultFullHttpRequest(decodeResult: success, version: HTTP/1.1, content: EmptyByteBufBE)
GET /session/c8bd8390acd2330d88d0675408ac46e7/url HTTP/1.1
User-Agent: selenium/4.1.2 (java windows)
Cache-Control: no-cache
Content-Type: application/json; charset=utf-8
host: localhost:63512
accept: */*

Response DefaultHttpResponse(decodeResult: success, version: HTTP/1.1)
HTTP/1.1 200 OK
Content-Type: application/json; charset=utf-8
cache-control: no-cache
content-length: 38

22:32:02.937 [AsyncHttpClient-1-14] DEBUG org.asynchttpclient.netty.channel.ChannelManager - Adding key: http://localhost:63512 for channel [id: 0x05a2ba2b, L:/127.0.0.1:64748 - R:localhost/127.0.0.1:63512]
  &amp#27;[32mGiven &amp#27;[0m&amp#27;[32mI am on the login page&amp#27;[0m                  &amp#27;[90m# starter.stepdefinitions.LoginStep.iAmOnTheLoginPage()&amp#27;[0m
22:32:02.943 [Forwarding screenshot on session c8bd8390acd2330d88d0675408ac46e7 to remote] DEBUG org.asynchttpclient.netty.request.NettyRequestSender - Using pooled Channel '[id: 0x05a2ba2b, L:/127.0.0.1:64748 - R:localhost/127.0.0.1:63512]' for 'GET' to 'http://localhost:63512/session/c8bd8390acd2330d88d0675408ac46e7/screenshot'
22:32:02.943 [Forwarding screenshot on session c8bd8390acd2330d88d0675408ac46e7 to remote] DEBUG org.asynchttpclient.netty.request.NettyRequestSender - Using open Channel [id: 0x05a2ba2b, L:/127.0.0.1:64748 - R:localhost/127.0.0.1:63512] for GET '/session/c8bd8390acd2330d88d0675408ac46e7/screenshot'
22:32:03.050 [AsyncHttpClient-1-14] DEBUG org.asynchttpclient.netty.handler.HttpHandler - 

Request DefaultFullHttpRequest(decodeResult: success, version: HTTP/1.1, content: EmptyByteBufBE)
GET /session/c8bd8390acd2330d88d0675408ac46e7/screenshot HTTP/1.1
User-Agent: selenium/4.1.2 (java windows)
Cache-Control: no-cache
Content-Type: application/json; charset=utf-8
host: localhost:63512
accept: */*

Response DefaultHttpResponse(decodeResult: success, version: HTTP/1.1)
HTTP/1.1 200 OK
Content-Type: application/json; charset=utf-8
cache-control: no-cache
content-length: 59108

22:32:03.050 [AsyncHttpClient-1-14] DEBUG org.asynchttpclient.netty.channel.ChannelManager - Adding key: http://localhost:63512 for channel [id: 0x05a2ba2b, L:/127.0.0.1:64748 - R:localhost/127.0.0.1:63512]
22:32:03.052 [main] DEBUG net.serenitybdd.core.photography.Darkroom - Send negative for processing for target\site\serenity\60362de9e780372f1c84cd83ed64add38b67cf4976565ecabf7f97e9ce02f7fb.png
22:32:03.058 [Forwarding findElement on session c8bd8390acd2330d88d0675408ac46e7 to remote] DEBUG org.asynchttpclient.netty.request.NettyRequestSender - Using pooled Channel '[id: 0x05a2ba2b, L:/127.0.0.1:64748 - R:localhost/127.0.0.1:63512]' for 'POST' to 'http://localhost:63512/session/c8bd8390acd2330d88d0675408ac46e7/element'
22:32:03.058 [Forwarding findElement on session c8bd8390acd2330d88d0675408ac46e7 to remote] DEBUG org.asynchttpclient.netty.request.NettyRequestSender - Using open Channel [id: 0x05a2ba2b, L:/127.0.0.1:64748 - R:localhost/127.0.0.1:63512] for POST '/session/c8bd8390acd2330d88d0675408ac46e7/element'
22:32:03.068 [AsyncHttpClient-1-14] DEBUG org.asynchttpclient.netty.handler.HttpHandler - 

Request DefaultHttpRequest(decodeResult: success, version: HTTP/1.1)
POST /session/c8bd8390acd2330d88d0675408ac46e7/element HTTP/1.1
User-Agent: selenium/4.1.2 (java windows)
Content-Length: 56
Content-Type: application/json; charset=utf-8
host: localhost:63512
accept: */*

Response DefaultHttpResponse(decodeResult: success, version: HTTP/1.1)
HTTP/1.1 200 OK
Content-Type: application/json; charset=utf-8
cache-control: no-cache
content-length: 88

22:32:03.068 [AsyncHttpClient-1-14] DEBUG org.asynchttpclient.netty.channel.ChannelManager - Adding key: http://localhost:63512 for channel [id: 0x05a2ba2b, L:/127.0.0.1:64748 - R:localhost/127.0.0.1:63512]
22:32:03.069 [Forwarding clearElement on session c8bd8390acd2330d88d0675408ac46e7 to remote] DEBUG org.asynchttpclient.netty.request.NettyRequestSender - Using pooled Channel '[id: 0x05a2ba2b, L:/127.0.0.1:64748 - R:localhost/127.0.0.1:63512]' for 'POST' to 'http://localhost:63512/session/c8bd8390acd2330d88d0675408ac46e7/element/d0f35c78-a224-4091-bf1f-4bfc37ea0f27/clear'
22:32:03.069 [Forwarding clearElement on session c8bd8390acd2330d88d0675408ac46e7 to remote] DEBUG org.asynchttpclient.netty.request.NettyRequestSender - Using open Channel [id: 0x05a2ba2b, L:/127.0.0.1:64748 - R:localhost/127.0.0.1:63512] for POST '/session/c8bd8390acd2330d88d0675408ac46e7/element/d0f35c78-a224-4091-bf1f-4bfc37ea0f27/clear'
22:32:03.097 [AsyncHttpClient-1-14] DEBUG org.asynchttpclient.netty.handler.HttpHandler - 

Request DefaultHttpRequest(decodeResult: success, version: HTTP/1.1)
POST /session/c8bd8390acd2330d88d0675408ac46e7/element/d0f35c78-a224-4091-bf1f-4bfc37ea0f27/clear HTTP/1.1
User-Agent: selenium/4.1.2 (java windows)
Content-Length: 50
Content-Type: application/json; charset=utf-8
host: localhost:63512
accept: */*

Response DefaultHttpResponse(decodeResult: success, version: HTTP/1.1)
HTTP/1.1 200 OK
Content-Type: application/json; charset=utf-8
cache-control: no-cache
content-length: 14

22:32:03.097 [AsyncHttpClient-1-14] DEBUG org.asynchttpclient.netty.channel.ChannelManager - Adding key: http://localhost:63512 for channel [id: 0x05a2ba2b, L:/127.0.0.1:64748 - R:localhost/127.0.0.1:63512]
22:32:03.098 [Forwarding sendKeysToElement on session c8bd8390acd2330d88d0675408ac46e7 to remote] DEBUG org.asynchttpclient.netty.request.NettyRequestSender - Using pooled Channel '[id: 0x05a2ba2b, L:/127.0.0.1:64748 - R:localhost/127.0.0.1:63512]' for 'POST' to 'http://localhost:63512/session/c8bd8390acd2330d88d0675408ac46e7/element/d0f35c78-a224-4091-bf1f-4bfc37ea0f27/value'
22:32:03.098 [Forwarding sendKeysToElement on session c8bd8390acd2330d88d0675408ac46e7 to remote] DEBUG org.asynchttpclient.netty.request.NettyRequestSender - Using open Channel [id: 0x05a2ba2b, L:/127.0.0.1:64748 - R:localhost/127.0.0.1:63512] for POST '/session/c8bd8390acd2330d88d0675408ac46e7/element/d0f35c78-a224-4091-bf1f-4bfc37ea0f27/value'
22:32:03.131 [AsyncHttpClient-1-14] DEBUG org.asynchttpclient.netty.handler.HttpHandler - 

Request DefaultHttpRequest(decodeResult: success, version: HTTP/1.1)
POST /session/c8bd8390acd2330d88d0675408ac46e7/element/d0f35c78-a224-4091-bf1f-4bfc37ea0f27/value HTTP/1.1
User-Agent: selenium/4.1.2 (java windows)
Content-Length: 82
Content-Type: application/json; charset=utf-8
host: localhost:63512
accept: */*

Response DefaultHttpResponse(decodeResult: success, version: HTTP/1.1)
HTTP/1.1 200 OK
Content-Type: application/json; charset=utf-8
cache-control: no-cache
content-length: 14

22:32:03.131 [AsyncHttpClient-1-14] DEBUG org.asynchttpclient.netty.channel.ChannelManager - Adding key: http://localhost:63512 for channel [id: 0x05a2ba2b, L:/127.0.0.1:64748 - R:localhost/127.0.0.1:63512]
  &amp#27;[32mWhen &amp#27;[0m&amp#27;[32mI input null username&amp#27;[0m                    &amp#27;[90m# starter.stepdefinitions.LoginStep.iInputNullUsername()&amp#27;[0m
22:32:03.135 [Forwarding screenshot on session c8bd8390acd2330d88d0675408ac46e7 to remote] DEBUG org.asynchttpclient.netty.request.NettyRequestSender - Using pooled Channel '[id: 0x05a2ba2b, L:/127.0.0.1:64748 - R:localhost/127.0.0.1:63512]' for 'GET' to 'http://localhost:63512/session/c8bd8390acd2330d88d0675408ac46e7/screenshot'
22:32:03.135 [Forwarding screenshot on session c8bd8390acd2330d88d0675408ac46e7 to remote] DEBUG org.asynchttpclient.netty.request.NettyRequestSender - Using open Channel [id: 0x05a2ba2b, L:/127.0.0.1:64748 - R:localhost/127.0.0.1:63512] for GET '/session/c8bd8390acd2330d88d0675408ac46e7/screenshot'
22:32:03.213 [AsyncHttpClient-1-14] DEBUG org.asynchttpclient.netty.handler.HttpHandler - 

Request DefaultFullHttpRequest(decodeResult: success, version: HTTP/1.1, content: EmptyByteBufBE)
GET /session/c8bd8390acd2330d88d0675408ac46e7/screenshot HTTP/1.1
User-Agent: selenium/4.1.2 (java windows)
Cache-Control: no-cache
Content-Type: application/json; charset=utf-8
host: localhost:63512
accept: */*

Response DefaultHttpResponse(decodeResult: success, version: HTTP/1.1)
HTTP/1.1 200 OK
Content-Type: application/json; charset=utf-8
cache-control: no-cache
content-length: 59132

22:32:03.213 [AsyncHttpClient-1-14] DEBUG org.asynchttpclient.netty.channel.ChannelManager - Adding key: http://localhost:63512 for channel [id: 0x05a2ba2b, L:/127.0.0.1:64748 - R:localhost/127.0.0.1:63512]
22:32:03.214 [main] DEBUG net.serenitybdd.core.photography.Darkroom - Send negative for processing for target\site\serenity\69d308a68bd867806ff275fd01f52b26e5157a93248cdb6aa8c5dfe6d6dd0bbb.png
22:32:03.216 [Darkroom Processing Line] DEBUG net.serenitybdd.core.photography.DarkroomProcessingLine - Processing screenshot image in /var/screenshots/screenshot-13459637784107002145
22:32:03.216 [Darkroom Processing Line] DEBUG net.serenitybdd.core.photography.DarkroomProcessingLine - Saving screenshot to target\site\serenity\69d308a68bd867806ff275fd01f52b26e5157a93248cdb6aa8c5dfe6d6dd0bbb.png
22:32:03.221 [Forwarding findElement on session c8bd8390acd2330d88d0675408ac46e7 to remote] DEBUG org.asynchttpclient.netty.request.NettyRequestSender - Using pooled Channel '[id: 0x05a2ba2b, L:/127.0.0.1:64748 - R:localhost/127.0.0.1:63512]' for 'POST' to 'http://localhost:63512/session/c8bd8390acd2330d88d0675408ac46e7/element'
22:32:03.221 [Forwarding findElement on session c8bd8390acd2330d88d0675408ac46e7 to remote] DEBUG org.asynchttpclient.netty.request.NettyRequestSender - Using open Channel [id: 0x05a2ba2b, L:/127.0.0.1:64748 - R:localhost/127.0.0.1:63512] for POST '/session/c8bd8390acd2330d88d0675408ac46e7/element'
22:32:03.230 [AsyncHttpClient-1-14] DEBUG org.asynchttpclient.netty.handler.HttpHandler - 

Request DefaultHttpRequest(decodeResult: success, version: HTTP/1.1)
POST /session/c8bd8390acd2330d88d0675408ac46e7/element HTTP/1.1
User-Agent: selenium/4.1.2 (java windows)
Content-Length: 53
Content-Type: application/json; charset=utf-8
host: localhost:63512
accept: */*

Response DefaultHttpResponse(decodeResult: success, version: HTTP/1.1)
HTTP/1.1 200 OK
Content-Type: application/json; charset=utf-8
cache-control: no-cache
content-length: 88

22:32:03.230 [AsyncHttpClient-1-14] DEBUG org.asynchttpclient.netty.channel.ChannelManager - Adding key: http://localhost:63512 for channel [id: 0x05a2ba2b, L:/127.0.0.1:64748 - R:localhost/127.0.0.1:63512]
22:32:03.231 [Forwarding clearElement on session c8bd8390acd2330d88d0675408ac46e7 to remote] DEBUG org.asynchttpclient.netty.request.NettyRequestSender - Using pooled Channel '[id: 0x05a2ba2b, L:/127.0.0.1:64748 - R:localhost/127.0.0.1:63512]' for 'POST' to 'http://localhost:63512/session/c8bd8390acd2330d88d0675408ac46e7/element/6397c020-80eb-4d03-95eb-255a8fc8a063/clear'
22:32:03.231 [Forwarding clearElement on session c8bd8390acd2330d88d0675408ac46e7 to remote] DEBUG org.asynchttpclient.netty.request.NettyRequestSender - Using open Channel [id: 0x05a2ba2b, L:/127.0.0.1:64748 - R:localhost/127.0.0.1:63512] for POST '/session/c8bd8390acd2330d88d0675408ac46e7/element/6397c020-80eb-4d03-95eb-255a8fc8a063/clear'
22:32:03.258 [AsyncHttpClient-1-14] DEBUG org.asynchttpclient.netty.handler.HttpHandler - 

Request DefaultHttpRequest(decodeResult: success, version: HTTP/1.1)
POST /session/c8bd8390acd2330d88d0675408ac46e7/element/6397c020-80eb-4d03-95eb-255a8fc8a063/clear HTTP/1.1
User-Agent: selenium/4.1.2 (java windows)
Content-Length: 50
Content-Type: application/json; charset=utf-8
host: localhost:63512
accept: */*

Response DefaultHttpResponse(decodeResult: success, version: HTTP/1.1)
HTTP/1.1 200 OK
Content-Type: application/json; charset=utf-8
cache-control: no-cache
content-length: 14

22:32:03.258 [AsyncHttpClient-1-14] DEBUG org.asynchttpclient.netty.channel.ChannelManager - Adding key: http://localhost:63512 for channel [id: 0x05a2ba2b, L:/127.0.0.1:64748 - R:localhost/127.0.0.1:63512]
22:32:03.260 [Forwarding sendKeysToElement on session c8bd8390acd2330d88d0675408ac46e7 to remote] DEBUG org.asynchttpclient.netty.request.NettyRequestSender - Using pooled Channel '[id: 0x05a2ba2b, L:/127.0.0.1:64748 - R:localhost/127.0.0.1:63512]' for 'POST' to 'http://localhost:63512/session/c8bd8390acd2330d88d0675408ac46e7/element/6397c020-80eb-4d03-95eb-255a8fc8a063/value'
22:32:03.260 [Forwarding sendKeysToElement on session c8bd8390acd2330d88d0675408ac46e7 to remote] DEBUG org.asynchttpclient.netty.request.NettyRequestSender - Using open Channel [id: 0x05a2ba2b, L:/127.0.0.1:64748 - R:localhost/127.0.0.1:63512] for POST '/session/c8bd8390acd2330d88d0675408ac46e7/element/6397c020-80eb-4d03-95eb-255a8fc8a063/value'
22:32:03.290 [AsyncHttpClient-1-14] DEBUG org.asynchttpclient.netty.handler.HttpHandler - 

Request DefaultHttpRequest(decodeResult: success, version: HTTP/1.1)
POST /session/c8bd8390acd2330d88d0675408ac46e7/element/6397c020-80eb-4d03-95eb-255a8fc8a063/value HTTP/1.1
User-Agent: selenium/4.1.2 (java windows)
Content-Length: 82
Content-Type: application/json; charset=utf-8
host: localhost:63512
accept: */*

Response DefaultHttpResponse(decodeResult: success, version: HTTP/1.1)
HTTP/1.1 200 OK
Content-Type: application/json; charset=utf-8
cache-control: no-cache
content-length: 14

22:32:03.290 [AsyncHttpClient-1-14] DEBUG org.asynchttpclient.netty.channel.ChannelManager - Adding key: http://localhost:63512 for channel [id: 0x05a2ba2b, L:/127.0.0.1:64748 - R:localhost/127.0.0.1:63512]
  &amp#27;[32mAnd &amp#27;[0m&amp#27;[32mI input null password&amp#27;[0m                     &amp#27;[90m# starter.stepdefinitions.LoginStep.iInputNullPassword()&amp#27;[0m
22:32:03.296 [Forwarding screenshot on session c8bd8390acd2330d88d0675408ac46e7 to remote] DEBUG org.asynchttpclient.netty.request.NettyRequestSender - Using pooled Channel '[id: 0x05a2ba2b, L:/127.0.0.1:64748 - R:localhost/127.0.0.1:63512]' for 'GET' to 'http://localhost:63512/session/c8bd8390acd2330d88d0675408ac46e7/screenshot'
22:32:03.296 [Forwarding screenshot on session c8bd8390acd2330d88d0675408ac46e7 to remote] DEBUG org.asynchttpclient.netty.request.NettyRequestSender - Using open Channel [id: 0x05a2ba2b, L:/127.0.0.1:64748 - R:localhost/127.0.0.1:63512] for GET '/session/c8bd8390acd2330d88d0675408ac46e7/screenshot'
22:32:03.393 [AsyncHttpClient-1-14] DEBUG org.asynchttpclient.netty.handler.HttpHandler - 

Request DefaultFullHttpRequest(decodeResult: success, version: HTTP/1.1, content: EmptyByteBufBE)
GET /session/c8bd8390acd2330d88d0675408ac46e7/screenshot HTTP/1.1
User-Agent: selenium/4.1.2 (java windows)
Cache-Control: no-cache
Content-Type: application/json; charset=utf-8
host: localhost:63512
accept: */*

Response DefaultHttpResponse(decodeResult: success, version: HTTP/1.1)
HTTP/1.1 200 OK
Content-Type: application/json; charset=utf-8
cache-control: no-cache
content-length: 59140

22:32:03.394 [AsyncHttpClient-1-14] DEBUG org.asynchttpclient.netty.channel.ChannelManager - Adding key: http://localhost:63512 for channel [id: 0x05a2ba2b, L:/127.0.0.1:64748 - R:localhost/127.0.0.1:63512]
22:32:03.396 [main] DEBUG net.serenitybdd.core.photography.Darkroom - Send negative for processing for target\site\serenity\d745029cc6032c97a0a3d22be805a8656222f08da8de378b5a80c816eed27923.png
22:32:03.396 [Darkroom Processing Line] DEBUG net.serenitybdd.core.photography.DarkroomProcessingLine - Processing screenshot image in /var/screenshots/screenshot-5290978177476660672
22:32:03.396 [Darkroom Processing Line] DEBUG net.serenitybdd.core.photography.DarkroomProcessingLine - Saving screenshot to target\site\serenity\d745029cc6032c97a0a3d22be805a8656222f08da8de378b5a80c816eed27923.png
22:32:03.402 [Forwarding findElement on session c8bd8390acd2330d88d0675408ac46e7 to remote] DEBUG org.asynchttpclient.netty.request.NettyRequestSender - Using pooled Channel '[id: 0x05a2ba2b, L:/127.0.0.1:64748 - R:localhost/127.0.0.1:63512]' for 'POST' to 'http://localhost:63512/session/c8bd8390acd2330d88d0675408ac46e7/element'
22:32:03.402 [Forwarding findElement on session c8bd8390acd2330d88d0675408ac46e7 to remote] DEBUG org.asynchttpclient.netty.request.NettyRequestSender - Using open Channel [id: 0x05a2ba2b, L:/127.0.0.1:64748 - R:localhost/127.0.0.1:63512] for POST '/session/c8bd8390acd2330d88d0675408ac46e7/element'
22:32:03.416 [AsyncHttpClient-1-14] DEBUG org.asynchttpclient.netty.handler.HttpHandler - 

Request DefaultHttpRequest(decodeResult: success, version: HTTP/1.1)
POST /session/c8bd8390acd2330d88d0675408ac46e7/element HTTP/1.1
User-Agent: selenium/4.1.2 (java windows)
Content-Length: 59
Content-Type: application/json; charset=utf-8
host: localhost:63512
accept: */*

Response DefaultHttpResponse(decodeResult: success, version: HTTP/1.1)
HTTP/1.1 200 OK
Content-Type: application/json; charset=utf-8
cache-control: no-cache
content-length: 88

22:32:03.416 [AsyncHttpClient-1-14] DEBUG org.asynchttpclient.netty.channel.ChannelManager - Adding key: http://localhost:63512 for channel [id: 0x05a2ba2b, L:/127.0.0.1:64748 - R:localhost/127.0.0.1:63512]
22:32:03.417 [Forwarding getElementTagName on session c8bd8390acd2330d88d0675408ac46e7 to remote] DEBUG org.asynchttpclient.netty.request.NettyRequestSender - Using pooled Channel '[id: 0x05a2ba2b, L:/127.0.0.1:64748 - R:localhost/127.0.0.1:63512]' for 'GET' to 'http://localhost:63512/session/c8bd8390acd2330d88d0675408ac46e7/element/e8485139-97d2-4589-a2af-2354692ae8da/name'
22:32:03.417 [Forwarding getElementTagName on session c8bd8390acd2330d88d0675408ac46e7 to remote] DEBUG org.asynchttpclient.netty.request.NettyRequestSender - Using open Channel [id: 0x05a2ba2b, L:/127.0.0.1:64748 - R:localhost/127.0.0.1:63512] for GET '/session/c8bd8390acd2330d88d0675408ac46e7/element/e8485139-97d2-4589-a2af-2354692ae8da/name'
22:32:03.422 [AsyncHttpClient-1-14] DEBUG org.asynchttpclient.netty.handler.HttpHandler - 

Request DefaultFullHttpRequest(decodeResult: success, version: HTTP/1.1, content: EmptyByteBufBE)
GET /session/c8bd8390acd2330d88d0675408ac46e7/element/e8485139-97d2-4589-a2af-2354692ae8da/name HTTP/1.1
User-Agent: selenium/4.1.2 (java windows)
Cache-Control: no-cache
Content-Type: application/json; charset=utf-8
host: localhost:63512
accept: */*

Response DefaultHttpResponse(decodeResult: success, version: HTTP/1.1)
HTTP/1.1 200 OK
Content-Type: application/json; charset=utf-8
cache-control: no-cache
content-length: 17

22:32:03.422 [AsyncHttpClient-1-14] DEBUG org.asynchttpclient.netty.channel.ChannelManager - Adding key: http://localhost:63512 for channel [id: 0x05a2ba2b, L:/127.0.0.1:64748 - R:localhost/127.0.0.1:63512]
22:32:03.423 [Forwarding getElementTagName on session c8bd8390acd2330d88d0675408ac46e7 to remote] DEBUG org.asynchttpclient.netty.request.NettyRequestSender - Using pooled Channel '[id: 0x05a2ba2b, L:/127.0.0.1:64748 - R:localhost/127.0.0.1:63512]' for 'GET' to 'http://localhost:63512/session/c8bd8390acd2330d88d0675408ac46e7/element/e8485139-97d2-4589-a2af-2354692ae8da/name'
22:32:03.423 [Forwarding getElementTagName on session c8bd8390acd2330d88d0675408ac46e7 to remote] DEBUG org.asynchttpclient.netty.request.NettyRequestSender - Using open Channel [id: 0x05a2ba2b, L:/127.0.0.1:64748 - R:localhost/127.0.0.1:63512] for GET '/session/c8bd8390acd2330d88d0675408ac46e7/element/e8485139-97d2-4589-a2af-2354692ae8da/name'
22:32:03.427 [AsyncHttpClient-1-14] DEBUG org.asynchttpclient.netty.handler.HttpHandler - 

Request DefaultFullHttpRequest(decodeResult: success, version: HTTP/1.1, content: EmptyByteBufBE)
GET /session/c8bd8390acd2330d88d0675408ac46e7/element/e8485139-97d2-4589-a2af-2354692ae8da/name HTTP/1.1
User-Agent: selenium/4.1.2 (java windows)
Cache-Control: no-cache
Content-Type: application/json; charset=utf-8
host: localhost:63512
accept: */*

Response DefaultHttpResponse(decodeResult: success, version: HTTP/1.1)
HTTP/1.1 200 OK
Content-Type: application/json; charset=utf-8
cache-control: no-cache
content-length: 17

22:32:03.427 [AsyncHttpClient-1-14] DEBUG org.asynchttpclient.netty.channel.ChannelManager - Adding key: http://localhost:63512 for channel [id: 0x05a2ba2b, L:/127.0.0.1:64748 - R:localhost/127.0.0.1:63512]
22:32:03.429 [Forwarding isElementEnabled on session c8bd8390acd2330d88d0675408ac46e7 to remote] DEBUG org.asynchttpclient.netty.request.NettyRequestSender - Using pooled Channel '[id: 0x05a2ba2b, L:/127.0.0.1:64748 - R:localhost/127.0.0.1:63512]' for 'GET' to 'http://localhost:63512/session/c8bd8390acd2330d88d0675408ac46e7/element/e8485139-97d2-4589-a2af-2354692ae8da/enabled'
22:32:03.429 [Forwarding isElementEnabled on session c8bd8390acd2330d88d0675408ac46e7 to remote] DEBUG org.asynchttpclient.netty.request.NettyRequestSender - Using open Channel [id: 0x05a2ba2b, L:/127.0.0.1:64748 - R:localhost/127.0.0.1:63512] for GET '/session/c8bd8390acd2330d88d0675408ac46e7/element/e8485139-97d2-4589-a2af-2354692ae8da/enabled'
22:32:03.437 [AsyncHttpClient-1-14] DEBUG org.asynchttpclient.netty.handler.HttpHandler - 

Request DefaultFullHttpRequest(decodeResult: success, version: HTTP/1.1, content: EmptyByteBufBE)
GET /session/c8bd8390acd2330d88d0675408ac46e7/element/e8485139-97d2-4589-a2af-2354692ae8da/enabled HTTP/1.1
User-Agent: selenium/4.1.2 (java windows)
Cache-Control: no-cache
Content-Type: application/json; charset=utf-8
host: localhost:63512
accept: */*

Response DefaultHttpResponse(decodeResult: success, version: HTTP/1.1)
HTTP/1.1 200 OK
Content-Type: application/json; charset=utf-8
cache-control: no-cache
content-length: 14

22:32:03.438 [AsyncHttpClient-1-14] DEBUG org.asynchttpclient.netty.channel.ChannelManager - Adding key: http://localhost:63512 for channel [id: 0x05a2ba2b, L:/127.0.0.1:64748 - R:localhost/127.0.0.1:63512]
22:32:03.439 [Forwarding isElementEnabled on session c8bd8390acd2330d88d0675408ac46e7 to remote] DEBUG org.asynchttpclient.netty.request.NettyRequestSender - Using pooled Channel '[id: 0x05a2ba2b, L:/127.0.0.1:64748 - R:localhost/127.0.0.1:63512]' for 'GET' to 'http://localhost:63512/session/c8bd8390acd2330d88d0675408ac46e7/element/e8485139-97d2-4589-a2af-2354692ae8da/enabled'
22:32:03.439 [Forwarding isElementEnabled on session c8bd8390acd2330d88d0675408ac46e7 to remote] DEBUG org.asynchttpclient.netty.request.NettyRequestSender - Using open Channel [id: 0x05a2ba2b, L:/127.0.0.1:64748 - R:localhost/127.0.0.1:63512] for GET '/session/c8bd8390acd2330d88d0675408ac46e7/element/e8485139-97d2-4589-a2af-2354692ae8da/enabled'
22:32:03.445 [AsyncHttpClient-1-14] DEBUG org.asynchttpclient.netty.handler.HttpHandler - 

Request DefaultFullHttpRequest(decodeResult: success, version: HTTP/1.1, content: EmptyByteBufBE)
GET /session/c8bd8390acd2330d88d0675408ac46e7/element/e8485139-97d2-4589-a2af-2354692ae8da/enabled HTTP/1.1
User-Agent: selenium/4.1.2 (java windows)
Cache-Control: no-cache
Content-Type: application/json; charset=utf-8
host: localhost:63512
accept: */*

Response DefaultHttpResponse(decodeResult: success, version: HTTP/1.1)
HTTP/1.1 200 OK
Content-Type: application/json; charset=utf-8
cache-control: no-cache
content-length: 14

22:32:03.445 [AsyncHttpClient-1-14] DEBUG org.asynchttpclient.netty.channel.ChannelManager - Adding key: http://localhost:63512 for channel [id: 0x05a2ba2b, L:/127.0.0.1:64748 - R:localhost/127.0.0.1:63512]
22:32:03.447 [Forwarding findElement on session c8bd8390acd2330d88d0675408ac46e7 to remote] DEBUG org.asynchttpclient.netty.request.NettyRequestSender - Using pooled Channel '[id: 0x05a2ba2b, L:/127.0.0.1:64748 - R:localhost/127.0.0.1:63512]' for 'POST' to 'http://localhost:63512/session/c8bd8390acd2330d88d0675408ac46e7/element'
22:32:03.447 [Forwarding findElement on session c8bd8390acd2330d88d0675408ac46e7 to remote] DEBUG org.asynchttpclient.netty.request.NettyRequestSender - Using open Channel [id: 0x05a2ba2b, L:/127.0.0.1:64748 - R:localhost/127.0.0.1:63512] for POST '/session/c8bd8390acd2330d88d0675408ac46e7/element'
22:32:03.452 [AsyncHttpClient-1-14] DEBUG org.asynchttpclient.netty.handler.HttpHandler - 

Request DefaultHttpRequest(decodeResult: success, version: HTTP/1.1)
POST /session/c8bd8390acd2330d88d0675408ac46e7/element HTTP/1.1
User-Agent: selenium/4.1.2 (java windows)
Content-Length: 59
Content-Type: application/json; charset=utf-8
host: localhost:63512
accept: */*

Response DefaultHttpResponse(decodeResult: success, version: HTTP/1.1)
HTTP/1.1 200 OK
Content-Type: application/json; charset=utf-8
cache-control: no-cache
content-length: 88

22:32:03.452 [AsyncHttpClient-1-14] DEBUG org.asynchttpclient.netty.channel.ChannelManager - Adding key: http://localhost:63512 for channel [id: 0x05a2ba2b, L:/127.0.0.1:64748 - R:localhost/127.0.0.1:63512]
22:32:03.453 [Forwarding clickElement on session c8bd8390acd2330d88d0675408ac46e7 to remote] DEBUG org.asynchttpclient.netty.request.NettyRequestSender - Using pooled Channel '[id: 0x05a2ba2b, L:/127.0.0.1:64748 - R:localhost/127.0.0.1:63512]' for 'POST' to 'http://localhost:63512/session/c8bd8390acd2330d88d0675408ac46e7/element/e8485139-97d2-4589-a2af-2354692ae8da/click'
22:32:03.453 [Forwarding clickElement on session c8bd8390acd2330d88d0675408ac46e7 to remote] DEBUG org.asynchttpclient.netty.request.NettyRequestSender - Using open Channel [id: 0x05a2ba2b, L:/127.0.0.1:64748 - R:localhost/127.0.0.1:63512] for POST '/session/c8bd8390acd2330d88d0675408ac46e7/element/e8485139-97d2-4589-a2af-2354692ae8da/click'
22:32:03.499 [AsyncHttpClient-1-14] DEBUG org.asynchttpclient.netty.handler.HttpHandler - 

Request DefaultHttpRequest(decodeResult: success, version: HTTP/1.1)
POST /session/c8bd8390acd2330d88d0675408ac46e7/element/e8485139-97d2-4589-a2af-2354692ae8da/click HTTP/1.1
User-Agent: selenium/4.1.2 (java windows)
Content-Length: 50
Content-Type: application/json; charset=utf-8
host: localhost:63512
accept: */*

Response DefaultHttpResponse(decodeResult: success, version: HTTP/1.1)
HTTP/1.1 200 OK
Content-Type: application/json; charset=utf-8
cache-control: no-cache
content-length: 14

22:32:03.499 [AsyncHttpClient-1-14] DEBUG org.asynchttpclient.netty.channel.ChannelManager - Adding key: http://localhost:63512 for channel [id: 0x05a2ba2b, L:/127.0.0.1:64748 - R:localhost/127.0.0.1:63512]
  &amp#27;[32mAnd &amp#27;[0m&amp#27;[32mI click login button&amp#27;[0m                      &amp#27;[90m# starter.stepdefinitions.LoginStep.iClickLoginButton()&amp#27;[0m
22:32:03.505 [Forwarding screenshot on session c8bd8390acd2330d88d0675408ac46e7 to remote] DEBUG org.asynchttpclient.netty.request.NettyRequestSender - Using pooled Channel '[id: 0x05a2ba2b, L:/127.0.0.1:64748 - R:localhost/127.0.0.1:63512]' for 'GET' to 'http://localhost:63512/session/c8bd8390acd2330d88d0675408ac46e7/screenshot'
22:32:03.505 [Forwarding screenshot on session c8bd8390acd2330d88d0675408ac46e7 to remote] DEBUG org.asynchttpclient.netty.request.NettyRequestSender - Using open Channel [id: 0x05a2ba2b, L:/127.0.0.1:64748 - R:localhost/127.0.0.1:63512] for GET '/session/c8bd8390acd2330d88d0675408ac46e7/screenshot'
22:32:03.567 [AsyncHttpClient-1-1] DEBUG org.asynchttpclient.netty.channel.DefaultChannelPool - Entry count for : http://localhost:64749 : 1
22:32:03.609 [AsyncHttpClient-1-14] DEBUG org.asynchttpclient.netty.handler.HttpHandler - 

Request DefaultFullHttpRequest(decodeResult: success, version: HTTP/1.1, content: EmptyByteBufBE)
GET /session/c8bd8390acd2330d88d0675408ac46e7/screenshot HTTP/1.1
User-Agent: selenium/4.1.2 (java windows)
Cache-Control: no-cache
Content-Type: application/json; charset=utf-8
host: localhost:63512
accept: */*

Response DefaultHttpResponse(decodeResult: success, version: HTTP/1.1)
HTTP/1.1 200 OK
Content-Type: application/json; charset=utf-8
cache-control: no-cache
content-length: 63760

22:32:03.610 [AsyncHttpClient-1-14] DEBUG org.asynchttpclient.netty.channel.ChannelManager - Adding key: http://localhost:63512 for channel [id: 0x05a2ba2b, L:/127.0.0.1:64748 - R:localhost/127.0.0.1:63512]
22:32:03.612 [main] DEBUG net.serenitybdd.core.photography.Darkroom - Send negative for processing for target\site\serenity\1b762270da2dcea255e7dd74b6c293d17e4e38596127bc546996dc41308f0586.png
22:32:03.612 [Darkroom Processing Line] DEBUG net.serenitybdd.core.photography.DarkroomProcessingLine - Processing screenshot image in /var/screenshots/screenshot-495996732408958023
22:32:03.612 [Darkroom Processing Line] DEBUG net.serenitybdd.core.photography.DarkroomProcessingLine - Saving screenshot to target\site\serenity\1b762270da2dcea255e7dd74b6c293d17e4e38596127bc546996dc41308f0586.png
22:32:03.616 [Forwarding findElement on session c8bd8390acd2330d88d0675408ac46e7 to remote] DEBUG org.asynchttpclient.netty.request.NettyRequestSender - Using pooled Channel '[id: 0x05a2ba2b, L:/127.0.0.1:64748 - R:localhost/127.0.0.1:63512]' for 'POST' to 'http://localhost:63512/session/c8bd8390acd2330d88d0675408ac46e7/element'
22:32:03.616 [Forwarding findElement on session c8bd8390acd2330d88d0675408ac46e7 to remote] DEBUG org.asynchttpclient.netty.request.NettyRequestSender - Using open Channel [id: 0x05a2ba2b, L:/127.0.0.1:64748 - R:localhost/127.0.0.1:63512] for POST '/session/c8bd8390acd2330d88d0675408ac46e7/element'
22:32:03.626 [AsyncHttpClient-1-14] DEBUG org.asynchttpclient.netty.handler.HttpHandler - 

Request DefaultHttpRequest(decodeResult: success, version: HTTP/1.1)
POST /session/c8bd8390acd2330d88d0675408ac46e7/element HTTP/1.1
User-Agent: selenium/4.1.2 (java windows)
Content-Length: 51
Content-Type: application/json; charset=utf-8
host: localhost:63512
accept: */*

Response DefaultHttpResponse(decodeResult: success, version: HTTP/1.1)
HTTP/1.1 200 OK
Content-Type: application/json; charset=utf-8
cache-control: no-cache
content-length: 88

22:32:03.626 [AsyncHttpClient-1-14] DEBUG org.asynchttpclient.netty.channel.ChannelManager - Adding key: http://localhost:63512 for channel [id: 0x05a2ba2b, L:/127.0.0.1:64748 - R:localhost/127.0.0.1:63512]
22:32:03.628 [Forwarding isElementDisplayed on session c8bd8390acd2330d88d0675408ac46e7 to remote] DEBUG org.asynchttpclient.netty.request.NettyRequestSender - Using pooled Channel '[id: 0x05a2ba2b, L:/127.0.0.1:64748 - R:localhost/127.0.0.1:63512]' for 'POST' to 'http://localhost:63512/session/c8bd8390acd2330d88d0675408ac46e7/execute/sync'
22:32:03.629 [Forwarding isElementDisplayed on session c8bd8390acd2330d88d0675408ac46e7 to remote] DEBUG org.asynchttpclient.netty.request.NettyRequestSender - Using open Channel [id: 0x05a2ba2b, L:/127.0.0.1:64748 - R:localhost/127.0.0.1:63512] for POST '/session/c8bd8390acd2330d88d0675408ac46e7/execute/sync'
22:32:03.641 [AsyncHttpClient-1-14] DEBUG org.asynchttpclient.netty.handler.HttpHandler - 

Request DefaultHttpRequest(decodeResult: success, version: HTTP/1.1)
POST /session/c8bd8390acd2330d88d0675408ac46e7/execute/sync HTTP/1.1
User-Agent: selenium/4.1.2 (java windows)
Content-Length: 48780
Content-Type: application/json; charset=utf-8
host: localhost:63512
accept: */*

Response DefaultHttpResponse(decodeResult: success, version: HTTP/1.1)
HTTP/1.1 200 OK
Content-Type: application/json; charset=utf-8
cache-control: no-cache
content-length: 14

22:32:03.641 [AsyncHttpClient-1-14] DEBUG org.asynchttpclient.netty.channel.ChannelManager - Adding key: http://localhost:63512 for channel [id: 0x05a2ba2b, L:/127.0.0.1:64748 - R:localhost/127.0.0.1:63512]
  &amp#27;[32mThen &amp#27;[0m&amp#27;[32mI will get error message&amp#27;[0m                 &amp#27;[90m# starter.stepdefinitions.LoginStep.iWillGetErrorMessage()&amp#27;[0m
22:32:03.646 [main] INFO  - 
  _____   ___   ___   _____     ___     _     ___   ___   ___   ___  
 |_   _| | __| / __| |_   _|   | _ \   /_\   / __| / __| | __| |   \ 
   | |   | _|  \__ \   | |     |  _/  / _ \  \__ \ \__ \ | _|  | |) |
   |_|   |___| |___/   |_|     |_|   /_/ \_\ |___/ |___/ |___| |___/ 

Login with null username and password
----------------------------------------------------------------------
22:32:03.647 [AsyncHttpClient-1-16] DEBUG org.asynchttpclient.netty.handler.WebSocketHandler - Channel Closed: [id: 0x86ad93b9, L:/127.0.0.1:64756 ! R:localhost/127.0.0.1:64749] with attribute NettyResponseFuture{currentRetry=5,
	isDone=1,
	isCancelled=0,
	asyncHandler=org.asynchttpclient.ws.WebSocketUpgradeHandler@3484c92c,
	nettyRequest=org.asynchttpclient.netty.request.NettyRequest@718641d8,
	future=java.util.concurrent.CompletableFuture@2ab363f6[Completed normally],
	uri=ws://localhost:64749/devtools/browser/c7208740-1904-49f3-9b4d-2ba87d41c696,
	keepAlive=true,
	redirectCount=0,
	timeoutsHolder=null,
	inAuth=0,
	touch=1665675118484}
22:32:03.647 [AsyncHttpClient-1-16] DEBUG org.asynchttpclient.netty.channel.ChannelManager - Closing Channel [id: 0x86ad93b9, L:/127.0.0.1:64756 ! R:localhost/127.0.0.1:64749] 
22:32:03.647 [Driver Command Executor] DEBUG org.asynchttpclient.netty.request.NettyRequestSender - Using pooled Channel '[id: 0x05a2ba2b, L:/127.0.0.1:64748 - R:localhost/127.0.0.1:63512]' for 'DELETE' to 'http://localhost:63512/session/c8bd8390acd2330d88d0675408ac46e7'
22:32:03.648 [Driver Command Executor] DEBUG org.asynchttpclient.netty.request.NettyRequestSender - Using open Channel [id: 0x05a2ba2b, L:/127.0.0.1:64748 - R:localhost/127.0.0.1:63512] for DELETE '/session/c8bd8390acd2330d88d0675408ac46e7'
22:32:03.667 [AsyncHttpClient-1-15] DEBUG org.asynchttpclient.netty.handler.HttpHandler - Unexpected I/O exception on channel [id: 0x5decac74, L:/127.0.0.1:64755 - R:localhost/127.0.0.1:64749]
java.net.SocketException: Connection reset
	at java.base/sun.nio.ch.SocketChannelImpl.throwConnectionReset(SocketChannelImpl.java:401)
	at java.base/sun.nio.ch.SocketChannelImpl.read(SocketChannelImpl.java:434)
	at io.netty.buffer.PooledByteBuf.setBytes(PooledByteBuf.java:258)
	at io.netty.buffer.AbstractByteBuf.writeBytes(AbstractByteBuf.java:1132)
	at io.netty.channel.socket.nio.NioSocketChannel.doReadBytes(NioSocketChannel.java:350)
	at io.netty.channel.nio.AbstractNioByteChannel$NioByteUnsafe.read(AbstractNioByteChannel.java:151)
	at io.netty.channel.nio.NioEventLoop.processSelectedKey(NioEventLoop.java:722)
	at io.netty.channel.nio.NioEventLoop.processSelectedKeysOptimized(NioEventLoop.java:658)
	at io.netty.channel.nio.NioEventLoop.processSelectedKeys(NioEventLoop.java:584)
	at io.netty.channel.nio.NioEventLoop.run(NioEventLoop.java:496)
	at io.netty.util.concurrent.SingleThreadEventExecutor$4.run(SingleThreadEventExecutor.java:986)
	at io.netty.util.internal.ThreadExecutorMap$2.run(ThreadExecutorMap.java:74)
	at io.netty.util.concurrent.FastThreadLocalRunnable.run(FastThreadLocalRunnable.java:30)
	at java.base/java.lang.Thread.run(Thread.java:1589)
22:32:03.668 [AsyncHttpClient-1-15] DEBUG org.asynchttpclient.netty.channel.ChannelManager - Closing Channel [id: 0x5decac74, L:/127.0.0.1:64755 - R:localhost/127.0.0.1:64749] 
22:32:03.668 [AsyncHttpClient-1-15] DEBUG org.asynchttpclient.netty.handler.HttpHandler - Channel Closed: [id: 0x5decac74, L:/127.0.0.1:64755 ! R:localhost/127.0.0.1:64749] with attribute DISCARD
22:32:03.678 [AsyncHttpClient-1-14] DEBUG org.asynchttpclient.netty.handler.HttpHandler - 

Request DefaultFullHttpRequest(decodeResult: success, version: HTTP/1.1, content: EmptyByteBufBE)
DELETE /session/c8bd8390acd2330d88d0675408ac46e7 HTTP/1.1
User-Agent: selenium/4.1.2 (java windows)
Content-Type: application/json; charset=utf-8
host: localhost:63512
accept: */*

Response DefaultHttpResponse(decodeResult: success, version: HTTP/1.1)
HTTP/1.1 200 OK
Content-Type: application/json; charset=utf-8
cache-control: no-cache
content-length: 14

22:32:03.679 [AsyncHttpClient-1-14] DEBUG org.asynchttpclient.netty.channel.ChannelManager - Adding key: http://localhost:63512 for channel [id: 0x05a2ba2b, L:/127.0.0.1:64748 - R:localhost/127.0.0.1:63512]
22:32:03.722 [AsyncHttpClient-1-14] DEBUG org.asynchttpclient.netty.handler.HttpHandler - Channel Closed: [id: 0x05a2ba2b, L:/127.0.0.1:64748 ! R:localhost/127.0.0.1:63512] with attribute DISCARD
]]></system-out>
    <system-err><![CDATA[Starting ChromeDriver 106.0.5249.61 (511755355844955cd3e264779baf0dd38212a4d0-refs/branch-heads/5249@{#569}) on port 63512
Only local connections are allowed.
Please see https://chromedriver.chromium.org/security-considerations for suggestions on keeping ChromeDriver safe.
ChromeDriver was started successfully.
Oct 13, 2022 10:31:58 PM org.openqa.selenium.remote.ProtocolHandshake createSession
INFO: Detected dialect: W3C
Oct 13, 2022 10:31:58 PM org.openqa.selenium.devtools.CdpVersionFinder findNearestMatch
WARNING: Unable to find an exact match for CDP version 106, so returning the closest version found: a no-op implementation
Oct 13, 2022 10:31:58 PM org.openqa.selenium.devtools.CdpVersionFinder findNearestMatch
INFO: Unable to find CDP implementation matching 106.
Oct 13, 2022 10:31:58 PM org.openqa.selenium.chromium.ChromiumDriver lambda$new$3
WARNING: Unable to find version of CDP to use for . You may need to include a dependency on a specific version of the CDP using something similar to `org.seleniumhq.selenium:selenium-devtools-v86:4.1.2` where the version ("v86") matches the version of the chromium-based browser you're using and the version number of the artifact is the same as Selenium's.
]]></system-err>
  </testcase>
</testsuite>